File created: RuleName: - UtcTime: 2025-11-27 17:46:40.095 ProcessGuid: {3a35410f-8e7f-6928-0b08-000000000b00} ProcessId: 14924 Image: C:\Windows\System32\WindowsPowerShell\v1.0\powershell.exe TargetFilename: C:\Users\Emil Jinu\AppData\Local\Temp\__PSScriptPolicyTest_4rn2us0g.hhu.ps1 CreationUtcTime: 2025-11-27 17:46:40.095 User: DESKTOP-EJG8QJC\Emil Jinu,1
File created: RuleName: - UtcTime: 2025-11-27 18:10:52.327 ProcessGuid: {3a35410f-942a-6928-2217-000000000b00} ProcessId: 16596 Image: C:\Windows\System32\WindowsPowerShell\v1.0\powershell.exe TargetFilename: C:\Users\Emil Jinu\AppData\Local\Temp\__PSScriptPolicyTest_g20r1x13.a0s.ps1 CreationUtcTime: 2025-11-27 18:10:52.327 User: DESKTOP-EJG8QJC\Emil Jinu,1
Registry value set: RuleName: T1122 EventType: SetValue UtcTime: 2025-11-27 17:30:18.887 ProcessGuid: {3a35410f-8aaa-6928-6407-000000000b00} ProcessId: 9176 Image: C:\Users\Emil Jinu\AppData\Local\Microsoft\OneDrive\OneDrive.exe TargetObject: HKU\S-1-5-21-3351607045-2108423416-1727308141-1001_Classes\CLSID\{F241C880-6982-4CE5-8CF7-7085BA96DA5A}\InprocServer32\(Default) Details: C:\Users\Emil Jinu\AppData\Local\Microsoft\OneDrive\25.209.1026.0002\FileSyncShell64.dll User: DESKTOP-EJG8QJC\Emil Jinu,0
File created: RuleName: - UtcTime: 2025-11-27 18:10:20.755 ProcessGuid: {3a35410f-940b-6928-2c16-000000000b00} ProcessId: 13168 Image: C:\Windows\System32\WindowsPowerShell\v1.0\powershell.exe TargetFilename: C:\Users\Emil Jinu\AppData\Local\Temp\__PSScriptPolicyTest_o5zifspo.1hp.ps1 CreationUtcTime: 2025-11-27 18:10:20.755 User: DESKTOP-EJG8QJC\Emil Jinu,1
Registry value set: RuleName: - EventType: SetValue UtcTime: 2025-11-27 17:27:58.417 ProcessGuid: {3a35410f-8a1d-6928-3007-000000000b00} ProcessId: 1048 Image: C:\Users\Emil Jinu\AppData\Local\Microsoft\OneDrive\OneDrive.exe TargetObject: HKU\S-1-5-21-3351607045-2108423416-1727308141-1001_Classes\lnkfile\shellex\ContextMenuHandlers\ FileSyncEx\(Default) Details: {CB3D0F55-BC2C-4C1A-85ED-23ED75B5106B} User: DESKTOP-EJG8QJC\Emil Jinu,0
"Process Create: RuleName: - UtcTime: 2025-11-27 15:10:23.927 ProcessGuid: {3a35410f-69df-6928-b602-000000000b00} ProcessId: 3252 Image: C:\Windows\servicing\TrustedInstaller.exe FileVersion: 10.0.19041.6033 (WinBuild.160101.0800) Description: Windows Modules Installer Product: Microsoft? Windows? Operating System Company: Microsoft Corporation OriginalFileName: TrustedInstaller.exe CommandLine: C:\Windows\servicing\TrustedInstaller.exe CurrentDirectory: C:\Windows\system32\ User: NT AUTHORITY\SYSTEM LogonGuid: {3a35410f-6567-6928-e703-000000000000} LogonId: 0x3E7 TerminalSessionId: 0 IntegrityLevel: System Hashes: MD5=7AD303939D1A9FECD6ECADD773B4ADEF,SHA256=4A91D438B383AFAAB9015C6A4C5BDAD04EF4A3FDF010FCC2433EED7AA471F311,IMPHASH=0573E2F86BB45402DB86E0CB5DC66EDC ParentProcessGuid: {3a35410f-6567-6928-0b00-000000000b00} ParentProcessId: 708 ParentImage: C:\Windows\System32\services.exe ParentCommandLine: C:\Windows\system32\services.exe ParentUser: NT AUTHORITY\SYSTEM",0
Registry value set: RuleName: - EventType: SetValue UtcTime: 2025-11-27 17:30:18.887 ProcessGuid: {3a35410f-8aaa-6928-6407-000000000b00} ProcessId: 9176 Image: C:\Users\Emil Jinu\AppData\Local\Microsoft\OneDrive\OneDrive.exe TargetObject: HKU\S-1-5-21-3351607045-2108423416-1727308141-1001_Classes\Directory\Background\shellex\ContextMenuHandlers\ FileSyncEx\(Default) Details: {CB3D0F55-BC2C-4C1A-85ED-23ED75B5106B} User: DESKTOP-EJG8QJC\Emil Jinu,0
"Process Create: RuleName: - UtcTime: 2025-11-27 18:05:07.425 ProcessGuid: {3a35410f-92d3-6928-6313-000000000b00} ProcessId: 15648 Image: C:\Windows\System32\mshta.exe FileVersion: 11.00.19041.5794 (WinBuild.160101.0800) Description: Microsoft (R) HTML Application host Product: Internet Explorer Company: Microsoft Corporation OriginalFileName: MSHTA.EXE CommandLine: ""C:\Windows\system32\mshta.exe"" javascript:alert('test32') CurrentDirectory: C:\Windows\system32\ User: DESKTOP-EJG8QJC\Emil Jinu LogonGuid: {3a35410f-6604-6928-9de6-200000000000} LogonId: 0x20E69D TerminalSessionId: 1 IntegrityLevel: High Hashes: MD5=B8ED3F707000C22AEE6BBF961879EA99,SHA256=F8A2FD36FDC35AA8E7E678576A2ECC5D7B3FE6383E73101508E5D7B49443D153,IMPHASH=482D661ACB78B36340AF7BEB797951EE ParentProcessGuid: {3a35410f-8dd3-6928-e507-000000000b00} ParentProcessId: 4396 ParentImage: C:\Windows\System32\WindowsPowerShell\v1.0\powershell.exe ParentCommandLine: ""C:\Windows\System32\WindowsPowerShell\v1.0\powershell.exe"" ParentUser: DESKTOP-EJG8QJC\Emil Jinu",1
Dns query: RuleName: - UtcTime: 2025-11-27 18:06:37.534 ProcessGuid: {3a35410f-932b-6928-0915-000000000b00} ProcessId: 16952 QueryName: malicious.test QueryStatus: 9003 QueryResults: - Image: C:\Program Files\BraveSoftware\Brave-Browser\Application\brave.exe User: DESKTOP-EJG8QJC\Emil Jinu,1
"Process Create: RuleName: - UtcTime: 2025-11-27 16:59:14.921 ProcessGuid: {3a35410f-8362-6928-1206-000000000b00} ProcessId: 8452 Image: C:\Windows\System32\AtBroker.exe FileVersion: 10.0.19041.4355 (WinBuild.160101.0800) Description: Windows Assistive Technology Manager Product: Microsoft? Windows? Operating System Company: Microsoft Corporation OriginalFileName: ATBroker.exe CommandLine: atbroker.exe CurrentDirectory: C:\Windows\system32\ User: NT AUTHORITY\SYSTEM LogonGuid: {3a35410f-6567-6928-e703-000000000000} LogonId: 0x3E7 TerminalSessionId: 1 IntegrityLevel: System Hashes: MD5=D0671A805A2E76925DE3154741289B08,SHA256=D3EB72A2E4BC302D15D1B6DCA9B4E0EFE550D40351D5C90700D8B3D7314C2830,IMPHASH=468490D98938AAE93ECC62C54A775DC2 ParentProcessGuid: {3a35410f-6567-6928-0a00-000000000b00} ParentProcessId: 652 ParentImage: C:\Windows\System32\winlogon.exe ParentCommandLine: winlogon.exe ParentUser: NT AUTHORITY\SYSTEM",0
Registry value set: RuleName: T1122 EventType: SetValue UtcTime: 2025-11-27 17:19:50.672 ProcessGuid: {3a35410f-8836-6928-b106-000000000b00} ProcessId: 6504 Image: C:\Users\Emil Jinu\AppData\Local\Microsoft\OneDrive\OneDrive.exe TargetObject: HKU\S-1-5-21-3351607045-2108423416-1727308141-1001_Classes\WOW6432Node\CLSID\{7AFDFDDB-F914-11E4-8377-6C3BE50D980C}\InprocServer32\(Default) Details: C:\Users\Emil Jinu\AppData\Local\Microsoft\OneDrive\25.209.1026.0002\i386\FileSyncShell.dll User: DESKTOP-EJG8QJC\Emil Jinu,0
"Process Create: RuleName: - UtcTime: 2025-11-27 18:10:50.374 ProcessGuid: {3a35410f-942a-6928-2217-000000000b00} ProcessId: 16596 Image: C:\Windows\System32\WindowsPowerShell\v1.0\powershell.exe FileVersion: 10.0.19041.3996 (WinBuild.160101.0800) Description: Windows PowerShell Product: Microsoft? Windows? Operating System Company: Microsoft Corporation OriginalFileName: PowerShell.EXE CommandLine: ""C:\Windows\System32\WindowsPowerShell\v1.0\powershell.exe"" -NoProfile -ExecutionPolicy Bypass -Command Write-Output 'PS 41'; Start-Sleep -Seconds 1 CurrentDirectory: C:\Users\Emil Jinu\ User: DESKTOP-EJG8QJC\Emil Jinu LogonGuid: {3a35410f-6604-6928-c9e6-200000000000} LogonId: 0x20E6C9 TerminalSessionId: 1 IntegrityLevel: Medium Hashes: MD5=2E5A8590CF6848968FC23DE3FA1E25F1,SHA256=9785001B0DCF755EDDB8AF294A373C0B87B2498660F724E76C4D53F9C217C7A3,IMPHASH=3D08F4848535206D772DE145804FF4B6 ParentProcessGuid: {3a35410f-93eb-6928-6715-000000000b00} ParentProcessId: 6344 ParentImage: C:\Windows\System32\WindowsPowerShell\v1.0\powershell.exe ParentCommandLine: ""C:\Windows\System32\WindowsPowerShell\v1.0\powershell.exe"" ParentUser: DESKTOP-EJG8QJC\Emil Jinu",1
"Process Create: RuleName: - UtcTime: 2025-11-27 18:01:18.030 ProcessGuid: {3a35410f-91ee-6928-4b0e-000000000b00} ProcessId: 13856 Image: C:\Windows\System32\WindowsPowerShell\v1.0\powershell.exe FileVersion: 10.0.19041.3996 (WinBuild.160101.0800) Description: Windows PowerShell Product: Microsoft? Windows? Operating System Company: Microsoft Corporation OriginalFileName: PowerShell.EXE CommandLine: ""C:\Windows\System32\WindowsPowerShell\v1.0\powershell.exe"" -NoProfile -ExecutionPolicy Bypass -Command Write-Output 'PS 130'; Start-Sleep -Seconds 1 CurrentDirectory: C:\Windows\system32\ User: DESKTOP-EJG8QJC\Emil Jinu LogonGuid: {3a35410f-6604-6928-9de6-200000000000} LogonId: 0x20E69D TerminalSessionId: 1 IntegrityLevel: High Hashes: MD5=2E5A8590CF6848968FC23DE3FA1E25F1,SHA256=9785001B0DCF755EDDB8AF294A373C0B87B2498660F724E76C4D53F9C217C7A3,IMPHASH=3D08F4848535206D772DE145804FF4B6 ParentProcessGuid: {3a35410f-8dd3-6928-e507-000000000b00} ParentProcessId: 4396 ParentImage: C:\Windows\System32\WindowsPowerShell\v1.0\powershell.exe ParentCommandLine: ""C:\Windows\System32\WindowsPowerShell\v1.0\powershell.exe"" ParentUser: DESKTOP-EJG8QJC\Emil Jinu",1
File created: RuleName: - UtcTime: 2025-11-27 18:04:25.327 ProcessGuid: {3a35410f-92a7-6928-5012-000000000b00} ProcessId: 6236 Image: C:\Windows\System32\WindowsPowerShell\v1.0\powershell.exe TargetFilename: C:\Users\Emil Jinu\AppData\Local\Temp\__PSScriptPolicyTest_no1vo05x.vig.ps1 CreationUtcTime: 2025-11-27 18:04:25.327 User: DESKTOP-EJG8QJC\Emil Jinu,1
"Process Create: RuleName: - UtcTime: 2025-11-27 18:02:09.067 ProcessGuid: {3a35410f-9221-6928-440f-000000000b00} ProcessId: 13084 Image: C:\Windows\System32\certutil.exe FileVersion: 10.0.19041.5794 (WinBuild.160101.0800) Description: CertUtil.exe Product: Microsoft? Windows? Operating System Company: Microsoft Corporation OriginalFileName: CertUtil.exe CommandLine: ""C:\Windows\system32\certutil.exe"" -hashfile C:\Windows\win.ini SHA256 CurrentDirectory: C:\Windows\system32\ User: DESKTOP-EJG8QJC\Emil Jinu LogonGuid: {3a35410f-6604-6928-9de6-200000000000} LogonId: 0x20E69D TerminalSessionId: 1 IntegrityLevel: High Hashes: MD5=E6384AD54B07F9783135586C71F82D1C,SHA256=FD1670B43E2D9188B12B233780BF043C5A90A67A2C6E3FCDC564A5C246531BC2,IMPHASH=5AFC8346D5AFF4A4862E8A7C91042465 ParentProcessGuid: {3a35410f-8dd3-6928-e507-000000000b00} ParentProcessId: 4396 ParentImage: C:\Windows\System32\WindowsPowerShell\v1.0\powershell.exe ParentCommandLine: ""C:\Windows\System32\WindowsPowerShell\v1.0\powershell.exe"" ParentUser: DESKTOP-EJG8QJC\Emil Jinu",1
"Process Create: RuleName: - UtcTime: 2025-11-27 15:04:36.551 ProcessGuid: {3a35410f-6884-6928-5d02-000000000b00} ProcessId: 9212 Image: C:\Windows\ImmersiveControlPanel\SystemSettings.exe FileVersion: 10.0.19041.6456 (WinBuild.160101.0800) Description: Settings Product: Microsoft? Windows? Operating System Company: Microsoft Corporation OriginalFileName: SystemSettings.exe CommandLine: ""C:\Windows\ImmersiveControlPanel\SystemSettings.exe"" -ServerName:microsoft.windows.immersivecontrolpanel CurrentDirectory: C:\Windows\ImmersiveControlPanel\ User: DESKTOP-EJG8QJC\Emil Jinu LogonGuid: {3a35410f-6604-6928-c9e6-200000000000} LogonId: 0x20E6C9 TerminalSessionId: 1 IntegrityLevel: Medium Hashes: MD5=BF344C30EEB707BC671E3D1427C58FD7,SHA256=D3A50D173AF5B0FDD44CBFD7BF7C7471A3B8998EB45C9B49AA2F1C98C9D54CA9,IMPHASH=EC87C68A546FB4BDECF11BCB83E7D0E5 ParentProcessGuid: {3a35410f-6567-6928-0d00-000000000b00} ParentProcessId: 848 ParentImage: C:\Windows\System32\svchost.exe ParentCommandLine: C:\Windows\system32\svchost.exe -k DcomLaunch -p ParentUser: NT AUTHORITY\SYSTEM",0
"Process Create: RuleName: - UtcTime: 2025-11-27 18:02:43.413 ProcessGuid: {3a35410f-9243-6928-d30f-000000000b00} ProcessId: 2020 Image: C:\Windows\System32\wbem\WMIC.exe FileVersion: 10.0.19041.5794 (WinBuild.160101.0800) Description: WMI Commandline Utility Product: Microsoft? Windows? Operating System Company: Microsoft Corporation OriginalFileName: wmic.exe CommandLine: ""C:\Windows\System32\Wbem\WMIC.exe"" process list brief CurrentDirectory: C:\Windows\system32\ User: DESKTOP-EJG8QJC\Emil Jinu LogonGuid: {3a35410f-6604-6928-9de6-200000000000} LogonId: 0x20E69D TerminalSessionId: 1 IntegrityLevel: High Hashes: MD5=EBE8CE528A79B5CC0782E8DFDA250600,SHA256=DA603FA720AB43AA6D4D36AA9FDB828DAB9645523EABAAC209AF6451D5B4D757,IMPHASH=527C7C66CDD13D72D793BCA3A417BCBE ParentProcessGuid: {3a35410f-8dd3-6928-e507-000000000b00} ParentProcessId: 4396 ParentImage: C:\Windows\System32\WindowsPowerShell\v1.0\powershell.exe ParentCommandLine: ""C:\Windows\System32\WindowsPowerShell\v1.0\powershell.exe"" ParentUser: DESKTOP-EJG8QJC\Emil Jinu",1
File created: RuleName: - UtcTime: 2025-11-27 18:06:52.773 ProcessGuid: {3a35410f-933a-6928-5d15-000000000b00} ProcessId: 15936 Image: C:\Windows\System32\WindowsPowerShell\v1.0\powershell.exe TargetFilename: C:\Users\Emil Jinu\AppData\Local\Temp\__PSScriptPolicyTest_mvzvzmud.hdg.ps1 CreationUtcTime: 2025-11-27 18:06:52.773 User: DESKTOP-EJG8QJC\Emil Jinu,1
"Process Create: RuleName: - UtcTime: 2025-11-27 18:06:43.499 ProcessGuid: {3a35410f-9333-6928-3a15-000000000b00} ProcessId: 10244 Image: C:\Windows\System32\whoami.exe FileVersion: 10.0.19041.1 (WinBuild.160101.0800) Description: whoami - displays logged on user information Product: Microsoft? Windows? Operating System Company: Microsoft Corporation OriginalFileName: whoami.exe CommandLine: ""C:\Windows\system32\whoami.exe"" /all CurrentDirectory: C:\Windows\system32\ User: DESKTOP-EJG8QJC\Emil Jinu LogonGuid: {3a35410f-6604-6928-9de6-200000000000} LogonId: 0x20E69D TerminalSessionId: 1 IntegrityLevel: High Hashes: MD5=A4A6924F3EAF97981323703D38FD99C4,SHA256=1D4902A04D99E8CCBFE7085E63155955FEE397449D386453F6C452AE407B8743,IMPHASH=7FF0758B766F747CE57DFAC70743FB88 ParentProcessGuid: {3a35410f-8dd3-6928-e507-000000000b00} ParentProcessId: 4396 ParentImage: C:\Windows\System32\WindowsPowerShell\v1.0\powershell.exe ParentCommandLine: ""C:\Windows\System32\WindowsPowerShell\v1.0\powershell.exe"" ParentUser: DESKTOP-EJG8QJC\Emil Jinu",1
Registry value set: RuleName: T1122 EventType: SetValue UtcTime: 2025-11-27 17:30:20.362 ProcessGuid: {3a35410f-8aab-6928-6707-000000000b00} ProcessId: 1236 Image: C:\Users\Emil Jinu\AppData\Local\Microsoft\OneDrive\OneDrive.exe TargetObject: HKU\S-1-5-21-3351607045-2108423416-1727308141-1001_Classes\CLSID\{1BF42E4C-4AF4-4CFD-A1A0-CF2960B8F63E}\InprocServer32\(Default) Details: C:\Users\Emil Jinu\AppData\Local\Microsoft\OneDrive\25.209.1026.0002\FileSyncShell64.dll User: DESKTOP-EJG8QJC\Emil Jinu,0
Registry value set: RuleName: - EventType: SetValue UtcTime: 2025-11-27 17:27:54.136 ProcessGuid: {3a35410f-8a19-6928-2907-000000000b00} ProcessId: 3984 Image: C:\Users\Emil Jinu\AppData\Local\Microsoft\OneDrive\OneDrive.exe TargetObject: HKU\S-1-5-21-3351607045-2108423416-1727308141-1001_Classes\Directory\shellex\ContextMenuHandlers\ FileSyncEx\(Default) Details: {CB3D0F55-BC2C-4C1A-85ED-23ED75B5106B} User: DESKTOP-EJG8QJC\Emil Jinu,0
"Process Create: RuleName: - UtcTime: 2025-11-27 18:03:47.081 ProcessGuid: {3a35410f-9283-6928-fe10-000000000b00} ProcessId: 13408 Image: C:\Windows\System32\WindowsPowerShell\v1.0\powershell.exe FileVersion: 10.0.19041.3996 (WinBuild.160101.0800) Description: Windows PowerShell Product: Microsoft? Windows? Operating System Company: Microsoft Corporation OriginalFileName: PowerShell.EXE CommandLine: ""C:\Windows\System32\WindowsPowerShell\v1.0\powershell.exe"" -EncodedCommand VwByAGkAdABlAC0ATwB1AHQAcAB1AHQAIAAnAHMAdQBzAHAAaQBjAGkAbwB1AHMAXwBlAHYAZQBuAHQAXwA0ACcA CurrentDirectory: C:\Windows\system32\ User: DESKTOP-EJG8QJC\Emil Jinu LogonGuid: {3a35410f-6604-6928-9de6-200000000000} LogonId: 0x20E69D TerminalSessionId: 1 IntegrityLevel: High Hashes: MD5=2E5A8590CF6848968FC23DE3FA1E25F1,SHA256=9785001B0DCF755EDDB8AF294A373C0B87B2498660F724E76C4D53F9C217C7A3,IMPHASH=3D08F4848535206D772DE145804FF4B6 ParentProcessGuid: {3a35410f-8dd3-6928-e507-000000000b00} ParentProcessId: 4396 ParentImage: C:\Windows\System32\WindowsPowerShell\v1.0\powershell.exe ParentCommandLine: ""C:\Windows\System32\WindowsPowerShell\v1.0\powershell.exe"" ParentUser: DESKTOP-EJG8QJC\Emil Jinu",1
"Process Create: RuleName: - UtcTime: 2025-11-27 18:04:06.122 ProcessGuid: {3a35410f-9296-6928-cc11-000000000b00} ProcessId: 13608 Image: C:\Program Files\BraveSoftware\Brave-Browser\Application\brave.exe FileVersion: 142.1.84.141 Description: Brave Browser Product: Brave Browser Company: Brave Software, Inc. OriginalFileName: brave.exe CommandLine: ""C:\Program Files\BraveSoftware\Brave-Browser\Application\brave.exe"" --single-argument http://malicious.test/13 CurrentDirectory: C:\Windows\system32\ User: DESKTOP-EJG8QJC\Emil Jinu LogonGuid: {3a35410f-6604-6928-9de6-200000000000} LogonId: 0x20E69D TerminalSessionId: 1 IntegrityLevel: High Hashes: MD5=D4E095946579C449803E47CFA028475E,SHA256=234A39FA17CC44BD8F5610B61997B7C69B289BC664A4D6B0AD8141ECC6685D2D,IMPHASH=3E82AE93B8102462DDA81604AF164E8E ParentProcessGuid: {3a35410f-9294-6928-b911-000000000b00} ParentProcessId: 14812 ParentImage: C:\Windows\System32\rundll32.exe ParentCommandLine: ""C:\Windows\system32\rundll32.exe"" url.dll,FileProtocolHandler http://malicious.test/13 ParentUser: DESKTOP-EJG8QJC\Emil Jinu",1
Dns query: RuleName: - UtcTime: 2025-11-27 17:17:21.710 ProcessGuid: {3a35410f-87ba-6928-7c06-000000000b00} ProcessId: 4248 QueryName: wpad QueryStatus: 123 QueryResults: - Image: C:\Program Files\BraveSoftware\Brave-Browser\Application\brave.exe User: DESKTOP-EJG8QJC\Emil Jinu,0
Registry value set: RuleName: T1122 EventType: SetValue UtcTime: 2025-11-27 17:20:03.972 ProcessGuid: {3a35410f-8842-6928-c606-000000000b00} ProcessId: 11160 Image: C:\Users\Emil Jinu\AppData\Local\Microsoft\OneDrive\OneDrive.exe TargetObject: HKU\S-1-5-21-3351607045-2108423416-1727308141-1001_Classes\WOW6432Node\CLSID\{82CA8DE3-01AD-4CEA-9D75-BE4C51810A9E}\InprocServer32\(Default) Details: C:\Users\Emil Jinu\AppData\Local\Microsoft\OneDrive\25.209.1026.0002\i386\FileSyncShell.dll User: DESKTOP-EJG8QJC\Emil Jinu,0
"Process Create: RuleName: - UtcTime: 2025-11-27 17:59:23.592 ProcessGuid: {3a35410f-917b-6928-2d0c-000000000b00} ProcessId: 2976 Image: C:\Windows\System32\cmd.exe FileVersion: 10.0.19041.4355 (WinBuild.160101.0800) Description: Windows Command Processor Product: Microsoft? Windows? Operating System Company: Microsoft Corporation OriginalFileName: Cmd.Exe CommandLine: ""C:\Windows\system32\cmd.exe"" /c echo proc 81 & timeout /t 1 >nul CurrentDirectory: C:\Windows\system32\ User: DESKTOP-EJG8QJC\Emil Jinu LogonGuid: {3a35410f-6604-6928-9de6-200000000000} LogonId: 0x20E69D TerminalSessionId: 1 IntegrityLevel: High Hashes: MD5=2B40C98ED0F7A1D3B091A3E8353132DC,SHA256=BADF4752413CB0CBDC03FB95820CA167F0CDC63B597CCDB5EF43111180E088B0,IMPHASH=272245E2988E1E430500B852C4FB5E18 ParentProcessGuid: {3a35410f-8dd3-6928-e507-000000000b00} ParentProcessId: 4396 ParentImage: C:\Windows\System32\WindowsPowerShell\v1.0\powershell.exe ParentCommandLine: ""C:\Windows\System32\WindowsPowerShell\v1.0\powershell.exe"" ParentUser: DESKTOP-EJG8QJC\Emil Jinu",1
"Process Create: RuleName: - UtcTime: 2025-11-27 18:05:17.709 ProcessGuid: {3a35410f-92dd-6928-b013-000000000b00} ProcessId: 15732 Image: C:\Program Files\BraveSoftware\Brave-Browser\Application\brave.exe FileVersion: 142.1.84.141 Description: Brave Browser Product: Brave Browser Company: Brave Software, Inc. OriginalFileName: brave.exe CommandLine: ""C:\Program Files\BraveSoftware\Brave-Browser\Application\brave.exe"" --single-argument http://malicious.test/35 CurrentDirectory: C:\Windows\system32\ User: DESKTOP-EJG8QJC\Emil Jinu LogonGuid: {3a35410f-6604-6928-9de6-200000000000} LogonId: 0x20E69D TerminalSessionId: 1 IntegrityLevel: High Hashes: MD5=D4E095946579C449803E47CFA028475E,SHA256=234A39FA17CC44BD8F5610B61997B7C69B289BC664A4D6B0AD8141ECC6685D2D,IMPHASH=3E82AE93B8102462DDA81604AF164E8E ParentProcessGuid: {3a35410f-92dc-6928-a813-000000000b00} ParentProcessId: 16284 ParentImage: C:\Windows\System32\rundll32.exe ParentCommandLine: ""C:\Windows\system32\rundll32.exe"" url.dll,FileProtocolHandler http://malicious.test/35 ParentUser: DESKTOP-EJG8QJC\Emil Jinu",1
"Process Create: RuleName: - UtcTime: 2025-11-27 17:59:39.338 ProcessGuid: {3a35410f-918b-6928-740c-000000000b00} ProcessId: 11276 Image: C:\Windows\System32\wbem\WMIC.exe FileVersion: 10.0.19041.5794 (WinBuild.160101.0800) Description: WMI Commandline Utility Product: Microsoft? Windows? Operating System Company: Microsoft Corporation OriginalFileName: wmic.exe CommandLine: ""C:\Windows\System32\Wbem\WMIC.exe"" process list brief CurrentDirectory: C:\Windows\system32\ User: DESKTOP-EJG8QJC\Emil Jinu LogonGuid: {3a35410f-6604-6928-9de6-200000000000} LogonId: 0x20E69D TerminalSessionId: 1 IntegrityLevel: High Hashes: MD5=EBE8CE528A79B5CC0782E8DFDA250600,SHA256=DA603FA720AB43AA6D4D36AA9FDB828DAB9645523EABAAC209AF6451D5B4D757,IMPHASH=527C7C66CDD13D72D793BCA3A417BCBE ParentProcessGuid: {3a35410f-8dd3-6928-e507-000000000b00} ParentProcessId: 4396 ParentImage: C:\Windows\System32\WindowsPowerShell\v1.0\powershell.exe ParentCommandLine: ""C:\Windows\System32\WindowsPowerShell\v1.0\powershell.exe"" ParentUser: DESKTOP-EJG8QJC\Emil Jinu",1
"Process Create: RuleName: - UtcTime: 2025-11-27 18:02:34.863 ProcessGuid: {3a35410f-923a-6928-b80f-000000000b00} ProcessId: 10504 Image: C:\Windows\System32\cmd.exe FileVersion: 10.0.19041.4355 (WinBuild.160101.0800) Description: Windows Command Processor Product: Microsoft? Windows? Operating System Company: Microsoft Corporation OriginalFileName: Cmd.Exe CommandLine: ""C:\Windows\system32\cmd.exe"" /c echo proc 163 & timeout /t 1 >nul CurrentDirectory: C:\Windows\system32\ User: DESKTOP-EJG8QJC\Emil Jinu LogonGuid: {3a35410f-6604-6928-9de6-200000000000} LogonId: 0x20E69D TerminalSessionId: 1 IntegrityLevel: High Hashes: MD5=2B40C98ED0F7A1D3B091A3E8353132DC,SHA256=BADF4752413CB0CBDC03FB95820CA167F0CDC63B597CCDB5EF43111180E088B0,IMPHASH=272245E2988E1E430500B852C4FB5E18 ParentProcessGuid: {3a35410f-8dd3-6928-e507-000000000b00} ParentProcessId: 4396 ParentImage: C:\Windows\System32\WindowsPowerShell\v1.0\powershell.exe ParentCommandLine: ""C:\Windows\System32\WindowsPowerShell\v1.0\powershell.exe"" ParentUser: DESKTOP-EJG8QJC\Emil Jinu",1
Registry value set: RuleName: T1122 EventType: SetValue UtcTime: 2025-11-27 17:27:54.136 ProcessGuid: {3a35410f-8a19-6928-2907-000000000b00} ProcessId: 3984 Image: C:\Users\Emil Jinu\AppData\Local\Microsoft\OneDrive\OneDrive.exe TargetObject: HKU\S-1-5-21-3351607045-2108423416-1727308141-1001_Classes\WOW6432Node\CLSID\{A0396A93-DC06-4AEF-BEE9-95FFCCAEF20E}\InprocServer32\(Default) Details: C:\Users\Emil Jinu\AppData\Local\Microsoft\OneDrive\25.209.1026.0002\i386\FileSyncShell.dll User: DESKTOP-EJG8QJC\Emil Jinu,0
File created: RuleName: - UtcTime: 2025-11-27 18:06:25.990 ProcessGuid: {3a35410f-9320-6928-bc14-000000000b00} ProcessId: 12428 Image: C:\Windows\System32\WindowsPowerShell\v1.0\powershell.exe TargetFilename: C:\Users\Emil Jinu\AppData\Local\Temp\__PSScriptPolicyTest_4gka1dqq.4iz.ps1 CreationUtcTime: 2025-11-27 18:06:25.990 User: DESKTOP-EJG8QJC\Emil Jinu,1
Network connection detected: RuleName: - UtcTime: 2025-11-27 18:03:14.358 ProcessGuid: {3a35410f-923f-6928-c80f-000000000b00} ProcessId: 15028 Image: C:\Windows\System32\wbem\WMIC.exe User: DESKTOP-EJG8QJC\Emil Jinu Protocol: udp Initiated: true SourceIsIpv6: false SourceIp: 10.0.2.15 SourceHostname: DESKTOP-EJG8QJC SourcePort: 57627 SourcePortName: - DestinationIsIpv6: false DestinationIp: 1.1.1.1 DestinationHostname: one.one.one.one DestinationPort: 53 DestinationPortName: domain,1
"Process Create: RuleName: - UtcTime: 2025-11-27 15:31:12.500 ProcessGuid: {3a35410f-6ec0-6928-dd03-000000000b00} ProcessId: 12944 Image: C:\Program Files (x86)\Microsoft\EdgeWebView\Application\142.0.3595.94\msedgewebview2.exe FileVersion: 142.0.3595.94 Description: Microsoft Edge WebView2 Product: Microsoft Edge WebView2 Company: Microsoft Corporation OriginalFileName: msedgewebview2.exe CommandLine: ""C:\Program Files (x86)\Microsoft\EdgeWebView\Application\142.0.3595.94\msedgewebview2.exe"" --type=gpu-process --disable-gpu-sandbox --use-gl=disabled --gpu-vendor-id=5140 --gpu-device-id=140 --gpu-sub-system-id=0 --gpu-revision=0 --gpu-driver-version=10.0.19041.5794 --noerrdialogs --user-data-dir=""C:\Users\Emil Jinu\AppData\Local\Packages\Microsoft.MicrosoftOfficeHub_8wekyb3d8bbwe\LocalState\EBWebView"" --webview-exe-name=M365Copilot.exe --webview-exe-version=19.2511.50071.1 --embedded-browser-webview=1 --embedded-browser-webview-dpi-awareness=2 --gpu-preferences=SAAAAAAAAADoAAAEAAAAAAAAAAAAAGAAAQAAAAAAAAAAAAAAAAAAAEIAAAAAAAAAAAAAAAAAAAAQAAAAAAAAABAAAAAAAAAACAAAAAAAAAAIAAAAAAAAAA== --skip-read-main-dll --metrics-shmem-handle=4236,i,6381652304881715011,15019491065612045001,262144 --field-trial-handle=1932,i,5036903079278106186,17467359991365537851,262144 --enable-features=ForceSWDCompWhenDCompFallbackRequired,LocalNetworkAccessForFencedFrameNavigationsWarningOnly,LocalNetworkAccessForNavigationsWarningOnly,LocalNetworkAccessForSubframeNavigationsWarningOnly,LocalNetworkAccessForWorkersWarningOnly,msAggressiveCacheTrimming,msCustomDataPartition,msSingleSignOnOSForPrimaryAccountIsShared,msWebView2NoTabForScreenShare,msWindowsTaskManager --disable-features=BackForwardCache,BackgroundTabLoadingFromPerformanceManager,CloseOmniboxPopupOnInactiveAreaClick,CollectAVProductsInfo,CollectCodeIntegrityInfo,DeferSpeculativeRFHCreation,EnableHangWatcher,FilterAdsOnAbusiveSites,GetWifiProtocol,LoginDetection,MediaFoundationCameraUsageMonitoring,PreconnectToSearch,PreloadingEagerHeuristics,SafetyHub,SegmentationPlatform,ServiceWorkerAutoPreload,SpareRendererForSitePerProcess,Ukm,WebPayments,msAITrackerClassification,msAbydosForWindowlessWV2,msAffirmVirtualCard,msAllowChromeWebstore,msAllowMSAPrtSSOForNonMSAProfile,msApplicationGuard,msAskBeforeClosingMultipleTabs,msAutoToggleAADPrtSSOForNonAADProfile,msAutofillEdgeServiceRequest,msAutofillEnableEdgeSuggestions,msAutomaticTabFreeze,msBrowserSettingsSupported,msCoarseGeolocationService,msDataProtection,msDesktopMode,msDesktopRewards,msDisableVariationsSeedFetchThrottling,msEEProactiveHistory,msETFOffstoreExtensionFileDataCollection,msETFPasswordTheftDNRActionSignals,msEdgeAdPlatformUI,msEdgeAddWebCapturetoCollections,msEdgeAutofillShowDeployedPassword,msEdgeCaptureSelectionInPDF,msEdgeCloudConfigService,msEdgeCloudConfigServiceV2,msEdgeCohorts,msEdgeCollectionsPrismExperiment1,msEdgeCollectionsPrismOverallMigration,msEdgeComposeNext,msEdgeEnableNurturingFramework,msEdgeEnclavePrefsBasic,msEdgeEnclavePrefsNotification,msEdgeFaviconService,msEdgeHJTelemetry,msEdgeHubAppSkype,msEdgeImageEditorUI,msEdgeLinkDoctor,msEdgeMouseGestureDefaultEnabled,msEdgeMouseGestureSupported,msEdgeNewDeviceFre,msEdgeOnRampFRE,msEdgeOnRampImport,msEdgePDFCMHighlightUX,msEdgePasswordIris,msEdgePasswordIrisSaveBubble,msEdgePasswordStrengthCheck,msEdgePinpointFramework,msEdgeProngPersonalization,msEdgeReadingView,msEdgeRose,msEdgeScreenshotUI,msEdgeSendTabToSelf,msEdgeSettingsImport,msEdgeSettingsImportV2,msEdgeShoppingPersistentStorage,msEdgeShoppingUI,msEdgeSmartFind,msEdgeSuperDragDefaultEnabled,msEdgeSuperDragDropSupported,msEdgeTranslate,msEdgeUpdatesMoreMenuPill,msEdgeWebCapture,msEdgeWebCaptureUniformExperience,msEdgeWebContentFilteringFeedback,msEdgeWorkSearchBanner,msEnableCustomJobMemoryLimitsOnXbox,msEnableMIPForPDF,msEnablePdfUpsell,msEnableThirdPartyScanning,msEnableWebSignInCta,msEnableWebToBrowserSignIn,msEndpointDlp,msEnhancedTrackingPreventionEnabled,msEntityExtraction,msExtensionTelemetryFramework,msExternalTaskManager,msFileSystemAccessDirectoryIterationBlocklistCheck,msForceBrowserSignIn,msForeignSessionsPage,msGeolocationAccessService,msGeolocationOSLocationPermissionFallback,msGeolocationSQMService,msGeolocationService,msGrowthInfraLaunchSourceLogging,msGuidedSwitchAllowed,msHubPinPersist,msImplicitSignin,msIrm,msIrmv2,msKlarnaVirtualCard,msLlmConsumerDlpPurview,msLoadStatistics,msLogIsEdgePinnedToTaskbarOnLaunch,msMIPCrossTenantPdfViewSupport,msMdatpWebSiteDlp,msNotificationPermissionForPWA,msNumberOfSitesToPin,msNurturingGlobalSitePinningOnCloseModal,msNurturingSitePinningCITopSites,msNurturingSitePinningWithWindowsConsent,msOnHoverSearchInSidebar,msOpenOfficeDocumentsInWebViewer,msPageInteractionRestrictionRevoke,msPasswordBreachDetection,msPdfAnnotationsVisibility,msPdfDataRecovery,msPdfDigitalSignatureRead,msPdfFreeText,msPdfFreeTextForCJK,msPdfHighlightMode,msPdfInking,msPdfKeyphraseSupport,msPdfOOUI,msPdfPopupMarkerRenderer,msPdfShare,msPdfSharedLibrary,msPdfTextNote,msPdfTextNoteMoreMenu,msPdfThumbnailCache,msPdfUnderside,msPdfViewRestore,msPersonalizationUMA,msPriceComparison,msPromptDefaultHandlerForPDF,msReactiveSearch,msReadAloud,msReadAloudPdf,msRedirectToShoreline,msRevokeExtensions,msSaasDlp,msShoppingTrigger,msShorelineSearch,msShorelineSearchFindOnPageWebUI,msShowOfflineGameEntrance,msShowReadAloudIconInAddressBar,msShowUXForAADPrtSSOForNonAADProfile,msSitePinningWithoutUi,msSuspendMessageForNewSessionWhenHavingPendingNavigation,msSyncEdgeCollections,msTabResourceStats,msTokenizationAutofillInlineEnabled,msTouchMode,msTriggeringSignalGenerator,msUserUnderstanding,msVideoSuperResolutionUI,msWalletBuyNow,msWalletCheckout,msWalletDiagnosticDataLogger,msWalletHubEntry,msWalletHubIntlP3,msWalletPartialCard,msWalletPasswordCategorization,msWalletPasswordCategorizationPlatformExpansion,msWalletTokenizationCardMetadata,msWalletTokenizedAutofill,msWebAssist,msWebAssistHistorySearchService,msWebOOUI,msWindowsUserActivities,msZipPayVirtualCard --variations-seed-version --trace-process-track-uuid=3190708992871164437 --mojo-platform-channel-handle=4924 /prefetch:8 CurrentDirectory: C:\Program Files (x86)\Microsoft\EdgeWebView\Application\142.0.3595.94\ User: DESKTOP-EJG8QJC\Emil Jinu LogonGuid: {3a35410f-6604-6928-c9e6-200000000000} LogonId: 0x20E6C9 TerminalSessionId: 1 IntegrityLevel: Medium Hashes: MD5=AB9D05DB45C4F5ACB48984012D529A8C,SHA256=A8DC2D7B26405E4B5173B3516C4E2758699212C2BF29D10F494767ACE06689A9,IMPHASH=4C2A67DEB457B8BF9F317820EE11E05D ParentProcessGuid: {3a35410f-6e0c-6928-a703-000000000b00} ParentProcessId: 1836 ParentImage: C:\Program Files (x86)\Microsoft\EdgeWebView\Application\142.0.3595.94\msedgewebview2.exe ParentCommandLine: ""C:\Program Files (x86)\Microsoft\EdgeWebView\Application\142.0.3595.94\msedgewebview2.exe"" --embedded-browser-webview=1 --webview-exe-name=M365Copilot.exe --webview-exe-version=19.2511.50071.1 --user-data-dir=""C:\Users\Emil Jinu\AppData\Local\Packages\Microsoft.MicrosoftOfficeHub_8wekyb3d8bbwe\LocalState\EBWebView"" --noerrdialogs --embedded-browser-webview-dpi-awareness=2 --disable-features=msEnhancedTrackingPreventionEnabled --enable-features=msSingleSignOnOSForPrimaryAccountIsShared --mojo-named-platform-channel-pipe=6512.3356.18050614789529686567 ParentUser: DESKTOP-EJG8QJC\Emil Jinu",0
Registry value set: RuleName: T1122 EventType: SetValue UtcTime: 2025-11-27 17:30:20.362 ProcessGuid: {3a35410f-8aab-6928-6707-000000000b00} ProcessId: 1236 Image: C:\Users\Emil Jinu\AppData\Local\Microsoft\OneDrive\OneDrive.exe TargetObject: HKU\S-1-5-21-3351607045-2108423416-1727308141-1001_Classes\CLSID\{A0396A93-DC06-4AEF-BEE9-95FFCCAEF20E}\InprocServer32\(Default) Details: C:\Users\Emil Jinu\AppData\Local\Microsoft\OneDrive\25.209.1026.0002\FileSyncShell64.dll User: DESKTOP-EJG8QJC\Emil Jinu,0
Registry value set: RuleName: InvDB-Ver EventType: SetValue UtcTime: 2025-11-27 15:52:07.723 ProcessGuid: {3a35410f-656a-6928-3e00-000000000b00} ProcessId: 2740 Image: C:\Windows\System32\svchost.exe TargetObject: \REGISTRY\A\{9309e89c-9321-cf1a-3889-0090faa6586f}\Root\InventoryApplicationFile\printfilterpipel|8a2213ec9f6fc667\BinProductVersion Details: 10.0.19041.5794 User: NT AUTHORITY\SYSTEM,0
"Process Create: RuleName: - UtcTime: 2025-11-27 15:52:52.031 ProcessGuid: {3a35410f-73d4-6928-d704-000000000b00} ProcessId: 15088 Image: C:\Windows\SysWOW64\dllhost.exe FileVersion: 10.0.19041.3636 (WinBuild.160101.0800) Description: COM Surrogate Product: Microsoft? Windows? Operating System Company: Microsoft Corporation OriginalFileName: dllhost.exe CommandLine: C:\Windows\SysWOW64\DllHost.exe /Processid:{06622D85-6856-4460-8DE1-A81921B41C4B} CurrentDirectory: C:\Windows\system32\ User: DESKTOP-EJG8QJC\Emil Jinu LogonGuid: {3a35410f-6604-6928-c9e6-200000000000} LogonId: 0x20E6C9 TerminalSessionId: 1 IntegrityLevel: Medium Hashes: MD5=61DF0FA6EF720DDB2C284349D848599F,SHA256=6947EC4CADE9C3F410AAFB1D30D9664F6CBDA797C983A1BC7A682006BB08A466,IMPHASH=B6A6C5247EFBD2610E3DEA44649D7041 ParentProcessGuid: {3a35410f-6567-6928-0d00-000000000b00} ParentProcessId: 848 ParentImage: C:\Windows\System32\svchost.exe ParentCommandLine: C:\Windows\system32\svchost.exe -k DcomLaunch -p ParentUser: NT AUTHORITY\SYSTEM",0
"Process Create: RuleName: - UtcTime: 2025-11-27 18:00:22.655 ProcessGuid: {3a35410f-91b6-6928-2c0d-000000000b00} ProcessId: 6548 Image: C:\Windows\System32\timeout.exe FileVersion: 10.0.19041.1 (WinBuild.160101.0800) Description: timeout - pauses command processing Product: Microsoft? Windows? Operating System Company: Microsoft Corporation OriginalFileName: timeout.exe CommandLine: timeout /t 1 CurrentDirectory: C:\Windows\system32\ User: DESKTOP-EJG8QJC\Emil Jinu LogonGuid: {3a35410f-6604-6928-9de6-200000000000} LogonId: 0x20E69D TerminalSessionId: 1 IntegrityLevel: High Hashes: MD5=100065E21CFBBDE57CBA2838921F84D6,SHA256=C8C350FAB1130644536DB6A84F605791367308B995079AD494D46A8C617C21D6,IMPHASH=0C91A5CE0FB26F4C5CE39E340F43873B ParentProcessGuid: {3a35410f-91b4-6928-200d-000000000b00} ParentProcessId: 14864 ParentImage: C:\Windows\System32\cmd.exe ParentCommandLine: ""C:\Windows\system32\cmd.exe"" /c echo proc 103 & timeout /t 1 >nul ParentUser: DESKTOP-EJG8QJC\Emil Jinu",1
"Process Create: RuleName: - UtcTime: 2025-11-27 14:59:33.087 ProcessGuid: {3a35410f-6755-6928-e301-000000000b00} ProcessId: 7160 Image: C:\Program Files (x86)\Microsoft\Edge\Application\msedge.exe FileVersion: 142.0.3595.94 Description: Microsoft Edge Product: Microsoft Edge Company: Microsoft Corporation OriginalFileName: msedge.exe CommandLine: ""C:\Program Files (x86)\Microsoft\Edge\Application\msedge.exe"" --type=utility --utility-sub-type=PooledProcess2 --lang=en-US --service-sandbox-type=utility --skip-read-main-dll --metrics-shmem-handle=6292,i,7260283640789608510,9039043231287265362,524288 --field-trial-handle=2260,i,1547719188676437899,16852525804210529371,262144 --variations-seed-version --trace-process-track-uuid=3190709004115666625 --mojo-platform-channel-handle=6260 /prefetch:8 CurrentDirectory: C:\Program Files (x86)\Microsoft\Edge\Application\142.0.3595.94\ User: DESKTOP-EJG8QJC\Emil Jinu LogonGuid: {3a35410f-6604-6928-c9e6-200000000000} LogonId: 0x20E6C9 TerminalSessionId: 1 IntegrityLevel: Low Hashes: MD5=CC88E8CBC96E0183F15A240EC2E6D7BB,SHA256=C089768E72071ACA205E6B77C0538F58A3896CE5B0F65BA9BD38CDAE263D8A03,IMPHASH=4C2A67DEB457B8BF9F317820EE11E05D ParentProcessGuid: {3a35410f-6617-6928-5301-000000000b00} ParentProcessId: 8340 ParentImage: C:\Program Files (x86)\Microsoft\Edge\Application\msedge.exe ParentCommandLine: ""C:\Program Files (x86)\Microsoft\Edge\Application\msedge.exe"" --no-startup-window --win-session-start ParentUser: DESKTOP-EJG8QJC\Emil Jinu",0
Registry value set: RuleName: T1122 EventType: SetValue UtcTime: 2025-11-27 15:30:00.041 ProcessGuid: {3a35410f-6e77-6928-be03-000000000b00} ProcessId: 7188 Image: C:\Users\Emil Jinu\AppData\Local\Microsoft\OneDrive\OneDrive.exe TargetObject: HKU\S-1-5-21-3351607045-2108423416-1727308141-1001_Classes\WOW6432Node\CLSID\{82CA8DE3-01AD-4CEA-9D75-BE4C51810A9E}\InprocServer32\(Default) Details: C:\Users\Emil Jinu\AppData\Local\Microsoft\OneDrive\25.209.1026.0002\i386\FileSyncShell.dll User: DESKTOP-EJG8QJC\Emil Jinu,0
Dns query: RuleName: - UtcTime: 2025-11-27 15:36:15.630 ProcessGuid: {3a35410f-700f-6928-4404-000000000b00} ProcessId: 13688 QueryName: wpad QueryStatus: 123 QueryResults: - Image: C:\Program Files (x86)\Microsoft\Edge\Application\msedge.exe User: DESKTOP-EJG8QJC\Emil Jinu,0
File created: RuleName: - UtcTime: 2025-11-27 18:10:49.396 ProcessGuid: {3a35410f-9427-6928-0717-000000000b00} ProcessId: 14636 Image: C:\Windows\System32\WindowsPowerShell\v1.0\powershell.exe TargetFilename: C:\Users\Emil Jinu\AppData\Local\Temp\__PSScriptPolicyTest_jh1qh5ta.gdg.ps1 CreationUtcTime: 2025-11-27 18:10:49.396 User: DESKTOP-EJG8QJC\Emil Jinu,1
File created: RuleName: DLL UtcTime: 2025-11-27 15:17:53.086 ProcessGuid: {3a35410f-656d-6928-5500-000000000b00} ProcessId: 720 Image: C:\Windows\system32\svchost.exe TargetFilename: C:\Program Files\WindowsApps\Microsoft.WindowsAppRuntime.1.2_2000.802.31.0_x86__8wekyb3d8bbwe\Microsoft.Web.WebView2.Core.dll CreationUtcTime: 2025-11-27 15:17:53.086 User: NT AUTHORITY\SYSTEM,0
Registry value set: RuleName: T1122 EventType: SetValue UtcTime: 2025-11-27 17:27:54.136 ProcessGuid: {3a35410f-8a19-6928-2907-000000000b00} ProcessId: 3984 Image: C:\Users\Emil Jinu\AppData\Local\Microsoft\OneDrive\OneDrive.exe TargetObject: HKU\S-1-5-21-3351607045-2108423416-1727308141-1001_Classes\WOW6432Node\CLSID\{5AB7172C-9C11-405C-8DD5-AF20F3606282}\InprocServer32\(Default) Details: C:\Users\Emil Jinu\AppData\Local\Microsoft\OneDrive\25.209.1026.0002\i386\FileSyncShell.dll User: DESKTOP-EJG8QJC\Emil Jinu,0
File created: RuleName: DLL UtcTime: 2025-11-27 15:28:42.347 ProcessGuid: {3a35410f-656d-6928-5500-000000000b00} ProcessId: 720 Image: C:\Windows\system32\svchost.exe TargetFilename: C:\Program Files\WindowsApps\Microsoft.OutlookForWindows_1.2025.1111.100_x64__8wekyb3d8bbwe\Microsoft.Internal.EmailMessage.dll CreationUtcTime: 2025-11-27 15:28:42.347 User: NT AUTHORITY\SYSTEM,0
Dns query: RuleName: - UtcTime: 2025-11-27 17:28:16.412 ProcessGuid: {3a35410f-8a3c-6928-4f07-000000000b00} ProcessId: 8828 QueryName: prod-live-chat.sprinklr.com QueryStatus: 0 QueryResults: type: 5 prod-lc-apps-core-eks-waf.sprinklr.com;type: 5 ac224aa66a041d11c.awsglobalaccelerator.com;15.197.90.169;15.197.69.1; Image: C:\Program Files\BraveSoftware\Brave-Browser\Application\brave.exe User: DESKTOP-EJG8QJC\Emil Jinu,0
Registry value set: RuleName: T1122 EventType: SetValue UtcTime: 2025-11-27 17:30:21.695 ProcessGuid: {3a35410f-8aad-6928-6d07-000000000b00} ProcessId: 668 Image: C:\Users\Emil Jinu\AppData\Local\Microsoft\OneDrive\OneDrive.exe TargetObject: HKU\S-1-5-21-3351607045-2108423416-1727308141-1001_Classes\CLSID\{9AA2F32D-362A-42D9-9328-24A483E2CCC3}\InprocServer32\(Default) Details: C:\Users\Emil Jinu\AppData\Local\Microsoft\OneDrive\25.209.1026.0002\FileSyncShell64.dll User: DESKTOP-EJG8QJC\Emil Jinu,0
"Process Create: RuleName: - UtcTime: 2025-11-27 17:46:34.759 ProcessGuid: {3a35410f-8e7a-6928-0908-000000000b00} ProcessId: 11424 Image: C:\Windows\System32\WindowsPowerShell\v1.0\powershell.exe FileVersion: 10.0.19041.3996 (WinBuild.160101.0800) Description: Windows PowerShell Product: Microsoft? Windows? Operating System Company: Microsoft Corporation OriginalFileName: PowerShell.EXE CommandLine: ""C:\Windows\System32\WindowsPowerShell\v1.0\powershell.exe"" -Command ""Write-Output 'Test 34'"" CurrentDirectory: C:\Windows\system32\ User: DESKTOP-EJG8QJC\Emil Jinu LogonGuid: {3a35410f-6604-6928-9de6-200000000000} LogonId: 0x20E69D TerminalSessionId: 1 IntegrityLevel: High Hashes: MD5=2E5A8590CF6848968FC23DE3FA1E25F1,SHA256=9785001B0DCF755EDDB8AF294A373C0B87B2498660F724E76C4D53F9C217C7A3,IMPHASH=3D08F4848535206D772DE145804FF4B6 ParentProcessGuid: {3a35410f-8dd3-6928-e507-000000000b00} ParentProcessId: 4396 ParentImage: C:\Windows\System32\WindowsPowerShell\v1.0\powershell.exe ParentCommandLine: ""C:\Windows\System32\WindowsPowerShell\v1.0\powershell.exe"" ParentUser: DESKTOP-EJG8QJC\Emil Jinu",1
"Process Create: RuleName: - UtcTime: 2025-11-27 17:57:33.762 ProcessGuid: {3a35410f-910d-6928-8e09-000000000b00} ProcessId: 10140 Image: C:\Windows\System32\cmd.exe FileVersion: 10.0.19041.4355 (WinBuild.160101.0800) Description: Windows Command Processor Product: Microsoft? Windows? Operating System Company: Microsoft Corporation OriginalFileName: Cmd.Exe CommandLine: ""C:\Windows\system32\cmd.exe"" /c echo proc 20 & timeout /t 1 >nul CurrentDirectory: C:\Windows\system32\ User: DESKTOP-EJG8QJC\Emil Jinu LogonGuid: {3a35410f-6604-6928-9de6-200000000000} LogonId: 0x20E69D TerminalSessionId: 1 IntegrityLevel: High Hashes: MD5=2B40C98ED0F7A1D3B091A3E8353132DC,SHA256=BADF4752413CB0CBDC03FB95820CA167F0CDC63B597CCDB5EF43111180E088B0,IMPHASH=272245E2988E1E430500B852C4FB5E18 ParentProcessGuid: {3a35410f-8dd3-6928-e507-000000000b00} ParentProcessId: 4396 ParentImage: C:\Windows\System32\WindowsPowerShell\v1.0\powershell.exe ParentCommandLine: ""C:\Windows\System32\WindowsPowerShell\v1.0\powershell.exe"" ParentUser: DESKTOP-EJG8QJC\Emil Jinu",1
"Process Create: RuleName: - UtcTime: 2025-11-27 18:00:34.668 ProcessGuid: {3a35410f-91c2-6928-6e0d-000000000b00} ProcessId: 10544 Image: C:\Windows\System32\WindowsPowerShell\v1.0\powershell.exe FileVersion: 10.0.19041.3996 (WinBuild.160101.0800) Description: Windows PowerShell Product: Microsoft? Windows? Operating System Company: Microsoft Corporation OriginalFileName: PowerShell.EXE CommandLine: ""C:\Windows\System32\WindowsPowerShell\v1.0\powershell.exe"" -NoProfile -ExecutionPolicy Bypass -Command Write-Output 'PS 110'; Start-Sleep -Seconds 1 CurrentDirectory: C:\Windows\system32\ User: DESKTOP-EJG8QJC\Emil Jinu LogonGuid: {3a35410f-6604-6928-9de6-200000000000} LogonId: 0x20E69D TerminalSessionId: 1 IntegrityLevel: High Hashes: MD5=2E5A8590CF6848968FC23DE3FA1E25F1,SHA256=9785001B0DCF755EDDB8AF294A373C0B87B2498660F724E76C4D53F9C217C7A3,IMPHASH=3D08F4848535206D772DE145804FF4B6 ParentProcessGuid: {3a35410f-8dd3-6928-e507-000000000b00} ParentProcessId: 4396 ParentImage: C:\Windows\System32\WindowsPowerShell\v1.0\powershell.exe ParentCommandLine: ""C:\Windows\System32\WindowsPowerShell\v1.0\powershell.exe"" ParentUser: DESKTOP-EJG8QJC\Emil Jinu",1
"Process Create: RuleName: - UtcTime: 2025-11-27 14:59:01.773 ProcessGuid: {3a35410f-6735-6928-d101-000000000b00} ProcessId: 5352 Image: C:\Program Files\BraveSoftware\Brave-Browser\Application\brave.exe FileVersion: 142.1.84.141 Description: Brave Browser Product: Brave Browser Company: Brave Software, Inc. OriginalFileName: brave.exe CommandLine: ""C:\Program Files\BraveSoftware\Brave-Browser\Application\brave.exe"" --type=utility --utility-sub-type=unzip.mojom.Unzipper --lang=en-US --service-sandbox-type=service --metrics-shmem-handle=5948,i,9288568167944351693,7639051823699757614,524288 --field-trial-handle=2128,i,11476394663108485414,5192878855234350376,262144 --variations-seed-version=main@69c2005032bb14f803911c3458ab063c42bfa450 --trace-process-track-uuid=3190709000367499229 --mojo-platform-channel-handle=6124 /prefetch:8 CurrentDirectory: C:\Program Files\BraveSoftware\Brave-Browser\Application\142.1.84.141\ User: DESKTOP-EJG8QJC\Emil Jinu LogonGuid: {3a35410f-6604-6928-c9e6-200000000000} LogonId: 0x20E6C9 TerminalSessionId: 1 IntegrityLevel: Low Hashes: MD5=D4E095946579C449803E47CFA028475E,SHA256=234A39FA17CC44BD8F5610B61997B7C69B289BC664A4D6B0AD8141ECC6685D2D,IMPHASH=3E82AE93B8102462DDA81604AF164E8E ParentProcessGuid: {3a35410f-672f-6928-bf01-000000000b00} ParentProcessId: 9908 ParentImage: C:\Program Files\BraveSoftware\Brave-Browser\Application\brave.exe ParentCommandLine: ""C:\Program Files\BraveSoftware\Brave-Browser\Application\brave.exe"" ParentUser: DESKTOP-EJG8QJC\Emil Jinu",0
"Process Create: RuleName: - UtcTime: 2025-11-27 17:59:14.587 ProcessGuid: {3a35410f-9172-6928-010c-000000000b00} ProcessId: 15000 Image: C:\Windows\System32\cmd.exe FileVersion: 10.0.19041.4355 (WinBuild.160101.0800) Description: Windows Command Processor Product: Microsoft? Windows? Operating System Company: Microsoft Corporation OriginalFileName: Cmd.Exe CommandLine: ""C:\Windows\system32\cmd.exe"" /c echo proc 77 & timeout /t 1 >nul CurrentDirectory: C:\Windows\system32\ User: DESKTOP-EJG8QJC\Emil Jinu LogonGuid: {3a35410f-6604-6928-9de6-200000000000} LogonId: 0x20E69D TerminalSessionId: 1 IntegrityLevel: High Hashes: MD5=2B40C98ED0F7A1D3B091A3E8353132DC,SHA256=BADF4752413CB0CBDC03FB95820CA167F0CDC63B597CCDB5EF43111180E088B0,IMPHASH=272245E2988E1E430500B852C4FB5E18 ParentProcessGuid: {3a35410f-8dd3-6928-e507-000000000b00} ParentProcessId: 4396 ParentImage: C:\Windows\System32\WindowsPowerShell\v1.0\powershell.exe ParentCommandLine: ""C:\Windows\System32\WindowsPowerShell\v1.0\powershell.exe"" ParentUser: DESKTOP-EJG8QJC\Emil Jinu",1
"Process Create: RuleName: - UtcTime: 2025-11-27 18:05:14.251 ProcessGuid: {3a35410f-92da-6928-a013-000000000b00} ProcessId: 13856 Image: C:\Windows\System32\wbem\WMIC.exe FileVersion: 10.0.19041.5794 (WinBuild.160101.0800) Description: WMI Commandline Utility Product: Microsoft? Windows? Operating System Company: Microsoft Corporation OriginalFileName: wmic.exe CommandLine: ""C:\Windows\System32\Wbem\WMIC.exe"" os get Caption CurrentDirectory: C:\Windows\system32\ User: DESKTOP-EJG8QJC\Emil Jinu LogonGuid: {3a35410f-6604-6928-9de6-200000000000} LogonId: 0x20E69D TerminalSessionId: 1 IntegrityLevel: High Hashes: MD5=EBE8CE528A79B5CC0782E8DFDA250600,SHA256=DA603FA720AB43AA6D4D36AA9FDB828DAB9645523EABAAC209AF6451D5B4D757,IMPHASH=527C7C66CDD13D72D793BCA3A417BCBE ParentProcessGuid: {3a35410f-8dd3-6928-e507-000000000b00} ParentProcessId: 4396 ParentImage: C:\Windows\System32\WindowsPowerShell\v1.0\powershell.exe ParentCommandLine: ""C:\Windows\System32\WindowsPowerShell\v1.0\powershell.exe"" ParentUser: DESKTOP-EJG8QJC\Emil Jinu",1
Network connection detected: RuleName: - UtcTime: 2025-11-27 16:51:25.067 ProcessGuid: {3a35410f-717b-6928-7704-000000000b00} ProcessId: 9908 Image: C:\Windows\System32\WindowsPowerShell\v1.0\powershell.exe User: DESKTOP-EJG8QJC\Emil Jinu Protocol: tcp Initiated: true SourceIsIpv6: false SourceIp: 10.0.2.15 SourceHostname: DESKTOP-EJG8QJC SourcePort: 54059 SourcePortName: - DestinationIsIpv6: false DestinationIp: 20.207.73.82 DestinationHostname: - DestinationPort: 443 DestinationPortName: https,0
Process terminated: RuleName: - UtcTime: 2025-11-27 16:09:34.830 ProcessGuid: {3a35410f-77b9-6928-3205-000000000b00} ProcessId: 2796 Image: C:\Users\Emil Jinu\AppData\Local\Microsoft\OneDrive\25.209.1026.0002\FileCoAuth.exe User: DESKTOP-EJG8QJC\Emil Jinu,0
File created: RuleName: EXE UtcTime: 2025-11-27 15:16:02.189 ProcessGuid: {3a35410f-656d-6928-5500-000000000b00} ProcessId: 720 Image: C:\Windows\system32\svchost.exe TargetFilename: C:\Program Files\WindowsApps\SpotifyAB.SpotifyMusic_1.277.358.0_x64__zpdnekdrzrea0\SpotifyStartupTask.exe CreationUtcTime: 2025-11-27 15:16:02.189 User: NT AUTHORITY\SYSTEM,0
Registry value set: RuleName: T1122 EventType: SetValue UtcTime: 2025-11-27 15:30:00.041 ProcessGuid: {3a35410f-6e76-6928-bd03-000000000b00} ProcessId: 8168 Image: C:\Users\Emil Jinu\AppData\Local\Microsoft\OneDrive\OneDrive.exe TargetObject: HKU\S-1-5-21-3351607045-2108423416-1727308141-1001_Classes\CLSID\{82CA8DE3-01AD-4CEA-9D75-BE4C51810A9E}\InprocServer32\(Default) Details: C:\Users\Emil Jinu\AppData\Local\Microsoft\OneDrive\25.209.1026.0002\FileSyncShell64.dll User: DESKTOP-EJG8QJC\Emil Jinu,0
"Process Create: RuleName: - UtcTime: 2025-11-27 18:00:52.407 ProcessGuid: {3a35410f-91d4-6928-d50d-000000000b00} ProcessId: 6372 Image: C:\Windows\System32\certutil.exe FileVersion: 10.0.19041.5794 (WinBuild.160101.0800) Description: CertUtil.exe Product: Microsoft? Windows? Operating System Company: Microsoft Corporation OriginalFileName: CertUtil.exe CommandLine: ""C:\Windows\system32\certutil.exe"" -hashfile C:\Windows\win.ini SHA256 CurrentDirectory: C:\Windows\system32\ User: DESKTOP-EJG8QJC\Emil Jinu LogonGuid: {3a35410f-6604-6928-9de6-200000000000} LogonId: 0x20E69D TerminalSessionId: 1 IntegrityLevel: High Hashes: MD5=E6384AD54B07F9783135586C71F82D1C,SHA256=FD1670B43E2D9188B12B233780BF043C5A90A67A2C6E3FCDC564A5C246531BC2,IMPHASH=5AFC8346D5AFF4A4862E8A7C91042465 ParentProcessGuid: {3a35410f-8dd3-6928-e507-000000000b00} ParentProcessId: 4396 ParentImage: C:\Windows\System32\WindowsPowerShell\v1.0\powershell.exe ParentCommandLine: ""C:\Windows\System32\WindowsPowerShell\v1.0\powershell.exe"" ParentUser: DESKTOP-EJG8QJC\Emil Jinu",1
"Process Create: RuleName: - UtcTime: 2025-11-27 16:09:29.397 ProcessGuid: {3a35410f-77b9-6928-2f05-000000000b00} ProcessId: 13724 Image: C:\Windows\ImmersiveControlPanel\SystemSettings.exe FileVersion: 10.0.19041.6456 (WinBuild.160101.0800) Description: Settings Product: Microsoft? Windows? Operating System Company: Microsoft Corporation OriginalFileName: SystemSettings.exe CommandLine: ""C:\Windows\ImmersiveControlPanel\SystemSettings.exe"" -ServerName:microsoft.windows.immersivecontrolpanel CurrentDirectory: C:\Windows\ImmersiveControlPanel\ User: DESKTOP-EJG8QJC\Emil Jinu LogonGuid: {3a35410f-6604-6928-c9e6-200000000000} LogonId: 0x20E6C9 TerminalSessionId: 1 IntegrityLevel: Medium Hashes: MD5=BF344C30EEB707BC671E3D1427C58FD7,SHA256=D3A50D173AF5B0FDD44CBFD7BF7C7471A3B8998EB45C9B49AA2F1C98C9D54CA9,IMPHASH=EC87C68A546FB4BDECF11BCB83E7D0E5 ParentProcessGuid: {3a35410f-6567-6928-0d00-000000000b00} ParentProcessId: 848 ParentImage: C:\Windows\System32\svchost.exe ParentCommandLine: C:\Windows\system32\svchost.exe -k DcomLaunch -p ParentUser: NT AUTHORITY\SYSTEM",0
Registry value set: RuleName: - EventType: SetValue UtcTime: 2025-11-27 17:19:54.008 ProcessGuid: {3a35410f-8839-6928-b806-000000000b00} ProcessId: 10576 Image: C:\Users\Emil Jinu\AppData\Local\Microsoft\OneDrive\OneDrive.exe TargetObject: HKU\S-1-5-21-3351607045-2108423416-1727308141-1001_Classes\*\shellex\ContextMenuHandlers\ FileSyncEx\(Default) Details: {CB3D0F55-BC2C-4C1A-85ED-23ED75B5106B} User: DESKTOP-EJG8QJC\Emil Jinu,0
