"Process Create: RuleName: - UtcTime: 2025-11-27 17:31:40.498 ProcessGuid: {3a35410f-8afc-6928-9807-000000000b00} ProcessId: 6116 Image: C:\Program Files (x86)\Microsoft\EdgeWebView\Application\142.0.3595.94\msedgewebview2.exe FileVersion: 142.0.3595.94 Description: Microsoft Edge WebView2 Product: Microsoft Edge WebView2 Company: Microsoft Corporation OriginalFileName: msedgewebview2.exe CommandLine: ""C:\Program Files (x86)\Microsoft\EdgeWebView\Application\142.0.3595.94\msedgewebview2.exe"" --type=utility --utility-sub-type=network.mojom.NetworkService --lang=en-US --service-sandbox-type=none --noerrdialogs --user-data-dir=""C:\Users\Emil Jinu\AppData\Local\Microsoft\Olk\EBWebView"" --webview-exe-name=olk.exe --webview-exe-version=1.2025.1007.400 --embedded-browser-webview=1 --embedded-browser-webview-dpi-awareness=2 --startup-read-main-dll --metrics-shmem-handle=1928,i,9139413856239754956,11103122551681178951,524288 --field-trial-handle=1900,i,7430788883308083174,7048687212937134743,262144 --enable-features=ForceSWDCompWhenDCompFallbackRequired,LocalNetworkAccessForFencedFrameNavigationsWarningOnly,LocalNetworkAccessForNavigationsWarningOnly,LocalNetworkAccessForSubframeNavigationsWarningOnly,LocalNetworkAccessForWorkersWarningOnly,msAbydos,msAbydosGestureSupport,msAbydosHandwritingAttr,msAggressiveCacheTrimming,msCustomDataPartition,msEnhancedTextContrast,msSingleSignOnOSForPrimaryAccountIsShared,msWebView2NoTabForScreenShare,msWindowsTaskManager --disable-features=BackForwardCache,BackgroundTabLoadingFromPerformanceManager,CloseOmniboxPopupOnInactiveAreaClick,CollectAVProductsInfo,CollectCodeIntegrityInfo,DeferSpeculativeRFHCreation,EnableHangWatcher,FilterAdsOnAbusiveSites,GetWifiProtocol,LoginDetection,MediaFoundationCameraUsageMonitoring,PreconnectToSearch,PreloadingEagerHeuristics,SafetyHub,SegmentationPlatform,ServiceWorkerAutoPreload,SpareRendererForSitePerProcess,Ukm,WebPayments,msAITrackerClassification,msAbydosForWindowlessWV2,msAffirmVirtualCard,msAllowChromeWebstore,msAllowMSAPrtSSOForNonMSAProfile,msApplicationGuard,msAskBeforeClosingMultipleTabs,msAutoToggleAADPrtSSOForNonAADProfile,msAutofillEdgeServiceRequest,msAutofillEnableEdgeSuggestions,msAutomaticTabFreeze,msBrowserSettingsSupported,msCoarseGeolocationService,msDataProtection,msDesktopMode,msDesktopRewards,msDisableVariationsSeedFetchThrottling,msEEProactiveHistory,msETFOffstoreExtensionFileDataCollection,msETFPasswordTheftDNRActionSignals,msEdgeAdPlatformUI,msEdgeAddWebCapturetoCollections,msEdgeAutofillShowDeployedPassword,msEdgeCaptureSelectionInPDF,msEdgeCloudConfigService,msEdgeCloudConfigServiceV2,msEdgeCohorts,msEdgeCollectionsPrismExperiment1,msEdgeCollectionsPrismOverallMigration,msEdgeComposeNext,msEdgeEnableNurturingFramework,msEdgeEnclavePrefsBasic,msEdgeEnclavePrefsNotification,msEdgeFaviconService,msEdgeHJTelemetry,msEdgeHubAppSkype,msEdgeImageEditorUI,msEdgeLinkDoctor,msEdgeMouseGestureDefaultEnabled,msEdgeMouseGestureSupported,msEdgeNewDeviceFre,msEdgeOnRampFRE,msEdgeOnRampImport,msEdgePDFCMHighlightUX,msEdgePasswordIris,msEdgePasswordIrisSaveBubble,msEdgePasswordStrengthCheck,msEdgePinpointFramework,msEdgeProngPersonalization,msEdgeReadingView,msEdgeRose,msEdgeScreenshotUI,msEdgeSendTabToSelf,msEdgeSettingsImport,msEdgeSettingsImportV2,msEdgeShoppingPersistentStorage,msEdgeShoppingUI,msEdgeSmartFind,msEdgeSuperDragDefaultEnabled,msEdgeSuperDragDropSupported,msEdgeTranslate,msEdgeUpdatesMoreMenuPill,msEdgeWebCapture,msEdgeWebCaptureUniformExperience,msEdgeWebContentFilteringFeedback,msEdgeWorkSearchBanner,msEnableCustomJobMemoryLimitsOnXbox,msEnableMIPForPDF,msEnablePdfUpsell,msEnableThirdPartyScanning,msEnableWebSignInCta,msEnableWebToBrowserSignIn,msEndpointDlp,msEnhancedTrackingPreventionEnabled,msEntityExtraction,msExtensionTelemetryFramework,msExternalTaskManager,msFileSystemAccessDirectoryIterationBlocklistCheck,msForceBrowserSignIn,msForeignSessionsPage,msGeolocationAccessService,msGeolocationOSLocationPermissionFallback,msGeolocationSQMService,msGeolocationService,msGrowthInfraLaunchSourceLogging,msGuidedSwitchAllowed,msHubPinPersist,msImplicitSignin,msIrm,msIrmv2,msKlarnaVirtualCard,msLlmConsumerDlpPurview,msLoadStatistics,msLogIsEdgePinnedToTaskbarOnLaunch,msMIPCrossTenantPdfViewSupport,msMdatpWebSiteDlp,msNotificationPermissionForPWA,msNumberOfSitesToPin,msNurturingGlobalSitePinningOnCloseModal,msNurturingSitePinningCITopSites,msNurturingSitePinningWithWindowsConsent,msOnHoverSearchInSidebar,msOpenOfficeDocumentsInWebViewer,msPageInteractionRestrictionRevoke,msPasswordBreachDetection,msPdfAnnotationsVisibility,msPdfDataRecovery,msPdfDigitalSignatureRead,msPdfFreeText,msPdfFreeTextForCJK,msPdfHighlightMode,msPdfInking,msPdfKeyphraseSupport,msPdfOOUI,msPdfPopupMarkerRenderer,msPdfShare,msPdfSharedLibrary,msPdfTextNote,msPdfTextNoteMoreMenu,msPdfThumbnailCache,msPdfUnderside,msPdfViewRestore,msPersonalizationUMA,msPriceComparison,msPromptDefaultHandlerForPDF,msReactiveSearch,msReadAloud,msReadAloudPdf,msRedirectToShoreline,msRevokeExtensions,msSaasDlp,msShoppingTrigger,msShorelineSearch,msShorelineSearchFindOnPageWebUI,msShowOfflineGameEntrance,msShowReadAloudIconInAddressBar,msShowUXForAADPrtSSOForNonAADProfile,msSitePinningWithoutUi,msSuspendMessageForNewSessionWhenHavingPendingNavigation,msSyncEdgeCollections,msTabResourceStats,msTokenizationAutofillInlineEnabled,msTouchMode,msTriggeringSignalGenerator,msUserUnderstanding,msVideoSuperResolutionUI,msWalletBuyNow,msWalletCheckout,msWalletDiagnosticDataLogger,msWalletHubEntry,msWalletHubIntlP3,msWalletPartialCard,msWalletPasswordCategorization,msWalletPasswordCategorizationPlatformExpansion,msWalletTokenizationCardMetadata,msWalletTokenizedAutofill,msWebAssist,msWebAssistHistorySearchService,msWebOOUI,msWindowsUserActivities,msZipPayVirtualCard --variations-seed-version --trace-process-track-uuid=3190708989122997041 --mojo-platform-channel-handle=2032 /prefetch:3 CurrentDirectory: C:\Program Files (x86)\Microsoft\EdgeWebView\Application\142.0.3595.94\ User: DESKTOP-EJG8QJC\Emil Jinu LogonGuid: {3a35410f-6604-6928-c9e6-200000000000} LogonId: 0x20E6C9 TerminalSessionId: 1 IntegrityLevel: Medium Hashes: MD5=AB9D05DB45C4F5ACB48984012D529A8C,SHA256=A8DC2D7B26405E4B5173B3516C4E2758699212C2BF29D10F494767ACE06689A9,IMPHASH=4C2A67DEB457B8BF9F317820EE11E05D ParentProcessGuid: {3a35410f-8afc-6928-9407-000000000b00} ParentProcessId: 8036 ParentImage: C:\Program Files (x86)\Microsoft\EdgeWebView\Application\142.0.3595.94\msedgewebview2.exe ParentCommandLine: ""C:\Program Files (x86)\Microsoft\EdgeWebView\Application\142.0.3595.94\msedgewebview2.exe"" --embedded-browser-webview=1 --webview-exe-name=olk.exe --webview-exe-version=1.2025.1007.400 --user-data-dir=""C:\Users\Emil Jinu\AppData\Local\Microsoft\Olk\EBWebView"" --noerrdialogs --embedded-browser-webview-dpi-awareness=2 --disable-features=msEnhancedTrackingPreventionEnabled --enable-features=msSingleSignOnOSForPrimaryAccountIsShared,msAbydos,msAbydosHandwritingAttr,msAbydosGestureSupport,msEnhancedTextContrast --mojo-named-platform-channel-pipe=7484.10328.8502788322495446165 ParentUser: DESKTOP-EJG8QJC\Emil Jinu",0
"Process Create: RuleName: - UtcTime: 2025-11-27 15:08:41.108 ProcessGuid: {3a35410f-6979-6928-9902-000000000b00} ProcessId: 9404 Image: C:\Windows\System32\PickerHost.exe FileVersion: 10.0.19041.5794 (WinBuild.160101.0800) Description: File Picker UI Host Product: Microsoft? Windows? Operating System Company: Microsoft Corporation OriginalFileName: PickerHost.exe CommandLine: C:\Windows\System32\PickerHost.exe -Embedding CurrentDirectory: C:\Windows\system32\ User: DESKTOP-EJG8QJC\Emil Jinu LogonGuid: {3a35410f-6604-6928-c9e6-200000000000} LogonId: 0x20E6C9 TerminalSessionId: 1 IntegrityLevel: Medium Hashes: MD5=483F568321447808CCD21B20DEE445B2,SHA256=B53B885D6E6AACA012BA1052014A82E8E6CF9CBDA6FBC2A015DC3A72B71CDE9A,IMPHASH=ED155660515E9AEB39F2CCEF91E261D6 ParentProcessGuid: {3a35410f-6567-6928-0d00-000000000b00} ParentProcessId: 848 ParentImage: C:\Windows\System32\svchost.exe ParentCommandLine: C:\Windows\system32\svchost.exe -k DcomLaunch -p ParentUser: NT AUTHORITY\SYSTEM",0
Registry value set: RuleName: T1122 EventType: SetValue UtcTime: 2025-11-27 17:27:49.323 ProcessGuid: {3a35410f-8a14-6928-2207-000000000b00} ProcessId: 6220 Image: C:\Users\Emil Jinu\AppData\Local\Microsoft\OneDrive\OneDrive.exe TargetObject: HKU\S-1-5-21-3351607045-2108423416-1727308141-1001_Classes\CLSID\{82CA8DE3-01AD-4CEA-9D75-BE4C51810A9E}\InprocServer32\(Default) Details: C:\Users\Emil Jinu\AppData\Local\Microsoft\OneDrive\25.209.1026.0002\FileSyncShell64.dll User: DESKTOP-EJG8QJC\Emil Jinu,0
File created: RuleName: - UtcTime: 2025-11-27 17:58:37.067 ProcessGuid: {3a35410f-914b-6928-380b-000000000b00} ProcessId: 3688 Image: C:\Windows\System32\WindowsPowerShell\v1.0\powershell.exe TargetFilename: C:\Users\Emil Jinu\AppData\Local\Temp\__PSScriptPolicyTest_hcmftux5.qrn.ps1 CreationUtcTime: 2025-11-27 17:58:37.067 User: DESKTOP-EJG8QJC\Emil Jinu,1
Registry value set: RuleName: T1122 EventType: SetValue UtcTime: 2025-11-27 17:27:54.136 ProcessGuid: {3a35410f-8a19-6928-2907-000000000b00} ProcessId: 3984 Image: C:\Users\Emil Jinu\AppData\Local\Microsoft\OneDrive\OneDrive.exe TargetObject: HKU\S-1-5-21-3351607045-2108423416-1727308141-1001_Classes\WOW6432Node\CLSID\{20894375-46AE-46E2-BAFD-CB38975CDCE6}\InprocServer32\(Default) Details: C:\Users\Emil Jinu\AppData\Local\Microsoft\OneDrive\25.209.1026.0002\i386\FileSyncShell.dll User: DESKTOP-EJG8QJC\Emil Jinu,0
"Process Create: RuleName: - UtcTime: 2025-11-27 18:06:13.801 ProcessGuid: {3a35410f-9315-6928-3614-000000000b00} ProcessId: 15932 Image: C:\Windows\System32\wbem\WMIC.exe FileVersion: 10.0.19041.5794 (WinBuild.160101.0800) Description: WMI Commandline Utility Product: Microsoft? Windows? Operating System Company: Microsoft Corporation OriginalFileName: wmic.exe CommandLine: ""C:\Windows\System32\Wbem\WMIC.exe"" service list brief CurrentDirectory: C:\Windows\system32\ User: DESKTOP-EJG8QJC\Emil Jinu LogonGuid: {3a35410f-6604-6928-9de6-200000000000} LogonId: 0x20E69D TerminalSessionId: 1 IntegrityLevel: High Hashes: MD5=EBE8CE528A79B5CC0782E8DFDA250600,SHA256=DA603FA720AB43AA6D4D36AA9FDB828DAB9645523EABAAC209AF6451D5B4D757,IMPHASH=527C7C66CDD13D72D793BCA3A417BCBE ParentProcessGuid: {3a35410f-8dd3-6928-e507-000000000b00} ParentProcessId: 4396 ParentImage: C:\Windows\System32\WindowsPowerShell\v1.0\powershell.exe ParentCommandLine: ""C:\Windows\System32\WindowsPowerShell\v1.0\powershell.exe"" ParentUser: DESKTOP-EJG8QJC\Emil Jinu",1
"Process Create: RuleName: - UtcTime: 2025-11-27 17:59:38.495 ProcessGuid: {3a35410f-918a-6928-6f0c-000000000b00} ProcessId: 12840 Image: C:\Windows\System32\timeout.exe FileVersion: 10.0.19041.1 (WinBuild.160101.0800) Description: timeout - pauses command processing Product: Microsoft? Windows? Operating System Company: Microsoft Corporation OriginalFileName: timeout.exe CommandLine: timeout /t 1 CurrentDirectory: C:\Windows\system32\ User: DESKTOP-EJG8QJC\Emil Jinu LogonGuid: {3a35410f-6604-6928-9de6-200000000000} LogonId: 0x20E69D TerminalSessionId: 1 IntegrityLevel: High Hashes: MD5=100065E21CFBBDE57CBA2838921F84D6,SHA256=C8C350FAB1130644536DB6A84F605791367308B995079AD494D46A8C617C21D6,IMPHASH=0C91A5CE0FB26F4C5CE39E340F43873B ParentProcessGuid: {3a35410f-9188-6928-640c-000000000b00} ParentProcessId: 14236 ParentImage: C:\Windows\System32\cmd.exe ParentCommandLine: ""C:\Windows\system32\cmd.exe"" /c echo proc 86 & timeout /t 1 >nul ParentUser: DESKTOP-EJG8QJC\Emil Jinu",1
Registry value set: RuleName: InvDB-Pub EventType: SetValue UtcTime: 2025-11-27 15:49:11.831 ProcessGuid: {3a35410f-656a-6928-3e00-000000000b00} ProcessId: 2740 Image: C:\Windows\System32\svchost.exe TargetObject: \REGISTRY\A\{9309e89c-9321-cf1a-3889-0090faa6586f}\Root\InventoryApplicationFile\atbroker.exe|4a2d9d7bd1dc130a\Publisher Details: microsoft corporation User: NT AUTHORITY\SYSTEM,0
"Process Create: RuleName: - UtcTime: 2025-11-27 18:10:43.382 ProcessGuid: {3a35410f-9423-6928-d516-000000000b00} ProcessId: 12364 Image: C:\Windows\System32\WindowsPowerShell\v1.0\powershell.exe FileVersion: 10.0.19041.3996 (WinBuild.160101.0800) Description: Windows PowerShell Product: Microsoft? Windows? Operating System Company: Microsoft Corporation OriginalFileName: PowerShell.EXE CommandLine: ""C:\Windows\System32\WindowsPowerShell\v1.0\powershell.exe"" -NoProfile -ExecutionPolicy Bypass -Command Write-Output 'PS 34'; Start-Sleep -Seconds 1 CurrentDirectory: C:\Users\Emil Jinu\ User: DESKTOP-EJG8QJC\Emil Jinu LogonGuid: {3a35410f-6604-6928-c9e6-200000000000} LogonId: 0x20E6C9 TerminalSessionId: 1 IntegrityLevel: Medium Hashes: MD5=2E5A8590CF6848968FC23DE3FA1E25F1,SHA256=9785001B0DCF755EDDB8AF294A373C0B87B2498660F724E76C4D53F9C217C7A3,IMPHASH=3D08F4848535206D772DE145804FF4B6 ParentProcessGuid: {3a35410f-93eb-6928-6715-000000000b00} ParentProcessId: 6344 ParentImage: C:\Windows\System32\WindowsPowerShell\v1.0\powershell.exe ParentCommandLine: ""C:\Windows\System32\WindowsPowerShell\v1.0\powershell.exe"" ParentUser: DESKTOP-EJG8QJC\Emil Jinu",1
File created: RuleName: - UtcTime: 2025-11-27 18:03:49.660 ProcessGuid: {3a35410f-9285-6928-1411-000000000b00} ProcessId: 9188 Image: C:\Windows\System32\WindowsPowerShell\v1.0\powershell.exe TargetFilename: C:\Users\Emil Jinu\AppData\Local\Temp\__PSScriptPolicyTest_oc5f13fm.tqs.ps1 CreationUtcTime: 2025-11-27 18:03:49.660 User: DESKTOP-EJG8QJC\Emil Jinu,1
"Process Create: RuleName: - UtcTime: 2025-11-27 15:18:35.076 ProcessGuid: {3a35410f-6bcb-6928-1803-000000000b00} ProcessId: 2372 Image: C:\Windows\System32\svchost.exe FileVersion: 10.0.19041.5794 (WinBuild.160101.0800) Description: Host Process for Windows Services Product: Microsoft? Windows? Operating System Company: Microsoft Corporation OriginalFileName: svchost.exe CommandLine: C:\Windows\System32\svchost.exe -k netsvcs -p -s NetSetupSvc CurrentDirectory: C:\Windows\system32\ User: NT AUTHORITY\SYSTEM LogonGuid: {3a35410f-6567-6928-e703-000000000000} LogonId: 0x3E7 TerminalSessionId: 0 IntegrityLevel: System Hashes: MD5=3D1034D6ED3DAED60816A25C561E8C83,SHA256=B0B36BFF7AE4057F687D839CD4B3D81159AB646F1EE1B22106A927E93DECBB61,IMPHASH=F9BBD96FAE53B7A31264A703CAFA0666 ParentProcessGuid: {3a35410f-6567-6928-0b00-000000000b00} ParentProcessId: 708 ParentImage: C:\Windows\System32\services.exe ParentCommandLine: C:\Windows\system32\services.exe ParentUser: NT AUTHORITY\SYSTEM",0
Registry value set: RuleName: - EventType: SetValue UtcTime: 2025-11-27 16:00:07.019 ProcessGuid: {3a35410f-7586-6928-0205-000000000b00} ProcessId: 6532 Image: C:\Windows\system32\mspaint.exe TargetObject: HKU\S-1-5-21-3351607045-2108423416-1727308141-1001\SOFTWARE\Microsoft\Windows\CurrentVersion\Shell Extensions\Cached\{A38B883C-1682-497E-97B0-0A3A9E801682} {886D8EEB-8CF2-4446-8D02-CDBA1DBDCF99} 0xFFFF Details: Binary Data User: DESKTOP-EJG8QJC\Emil Jinu,0
"Process Create: RuleName: - UtcTime: 2025-11-27 15:04:21.074 ProcessGuid: {3a35410f-6875-6928-5302-000000000b00} ProcessId: 3632 Image: C:\Windows\System32\ClipESUConsumer.exe FileVersion: 10.0.19041.6456 (WinBuild.160101.0800) Description: Clip ESU Consumer executable Product: Microsoft? Windows? Operating System Company: Microsoft Corporation OriginalFileName: ClipESUConsumer.exe CommandLine: ""C:\Windows\system32\ClipESUConsumer.exe"" -evaluateEligibility CurrentDirectory: C:\Windows\system32\ User: DESKTOP-EJG8QJC\Emil Jinu LogonGuid: {3a35410f-6604-6928-9de6-200000000000} LogonId: 0x20E69D TerminalSessionId: 1 IntegrityLevel: High Hashes: MD5=7CD2191FCC003922730AC0E39DBEF88B,SHA256=72171BDC2850E9A981F56050CBCEDA304365FBFBD3F226B97712CB2F4D539D01,IMPHASH=A90A21A72AD940901FFC561A201F9D10 ParentProcessGuid: {3a35410f-6568-6928-2400-000000000b00} ParentProcessId: 1532 ParentImage: C:\Windows\System32\svchost.exe ParentCommandLine: C:\Windows\system32\svchost.exe -k netsvcs -p -s Schedule ParentUser: NT AUTHORITY\SYSTEM",0
Registry value set: RuleName: T1122 EventType: SetValue UtcTime: 2025-11-27 17:27:49.323 ProcessGuid: {3a35410f-8a14-6928-2207-000000000b00} ProcessId: 6220 Image: C:\Users\Emil Jinu\AppData\Local\Microsoft\OneDrive\OneDrive.exe TargetObject: HKU\S-1-5-21-3351607045-2108423416-1727308141-1001_Classes\WOW6432Node\CLSID\{82CA8DE3-01AD-4CEA-9D75-BE4C51810A9E}\InprocServer32\(Default) Details: C:\Users\Emil Jinu\AppData\Local\Microsoft\OneDrive\25.209.1026.0002\i386\FileSyncShell.dll User: DESKTOP-EJG8QJC\Emil Jinu,0
"Process Create: RuleName: - UtcTime: 2025-11-27 16:53:16.252 ProcessGuid: {3a35410f-81fc-6928-b805-000000000b00} ProcessId: 15052 Image: C:\Program Files (x86)\Microsoft\Edge\Application\msedge.exe FileVersion: 142.0.3595.94 Description: Microsoft Edge Product: Microsoft Edge Company: Microsoft Corporation OriginalFileName: msedge.exe CommandLine: ""C:\Program Files (x86)\Microsoft\Edge\Application\msedge.exe"" --type=utility --utility-sub-type=network.mojom.NetworkService --lang=en-US --service-sandbox-type=none --no-pre-read-main-dll --startup-read-main-dll --metrics-shmem-handle=2228,i,10944925104201683666,16443032626393706928,524288 --field-trial-handle=2548,i,5910522543971592898,721922561922209772,262144 --variations-seed-version --trace-process-track-uuid=3190708989122997041 --mojo-platform-channel-handle=2600 /prefetch:3 CurrentDirectory: C:\Program Files (x86)\Microsoft\Edge\Application\142.0.3595.94\ User: DESKTOP-EJG8QJC\Emil Jinu LogonGuid: {3a35410f-6604-6928-c9e6-200000000000} LogonId: 0x20E6C9 TerminalSessionId: 1 IntegrityLevel: Medium Hashes: MD5=CC88E8CBC96E0183F15A240EC2E6D7BB,SHA256=C089768E72071ACA205E6B77C0538F58A3896CE5B0F65BA9BD38CDAE263D8A03,IMPHASH=4C2A67DEB457B8BF9F317820EE11E05D ParentProcessGuid: {3a35410f-81fb-6928-b505-000000000b00} ParentProcessId: 9764 ParentImage: C:\Program Files (x86)\Microsoft\Edge\Application\msedge.exe ParentCommandLine: ""C:\Program Files (x86)\Microsoft\Edge\Application\msedge.exe"" --no-startup-window ParentUser: DESKTOP-EJG8QJC\Emil Jinu",0
"Process Create: RuleName: - UtcTime: 2025-11-27 16:57:19.672 ProcessGuid: {3a35410f-82ef-6928-fb05-000000000b00} ProcessId: 11208 Image: C:\Windows\System32\calc.exe FileVersion: 10.0.19041.1 (WinBuild.160101.0800) Description: Windows Calculator Product: Microsoft? Windows? Operating System Company: Microsoft Corporation OriginalFileName: CALC.EXE CommandLine: ""C:\Windows\system32\calc.exe"" CurrentDirectory: C:\Windows\system32\ User: DESKTOP-EJG8QJC\Emil Jinu LogonGuid: {3a35410f-6604-6928-9de6-200000000000} LogonId: 0x20E69D TerminalSessionId: 1 IntegrityLevel: High Hashes: MD5=5DA8C98136D98DFEC4716EDD79C7145F,SHA256=58189CBD4E6DC0C7D8E66B6A6F75652FC9F4AFC7CE0EBA7D67D8C3FEB0D5381F,IMPHASH=8EEAA9499666119D13B3F44ECD77A729 ParentProcessGuid: {3a35410f-82ec-6928-f805-000000000b00} ParentProcessId: 10452 ParentImage: C:\Windows\System32\WindowsPowerShell\v1.0\powershell.exe ParentCommandLine: ""C:\Windows\System32\WindowsPowerShell\v1.0\powershell.exe"" ParentUser: DESKTOP-EJG8QJC\Emil Jinu",0
"Process Create: RuleName: - UtcTime: 2025-11-27 18:03:29.201 ProcessGuid: {3a35410f-9271-6928-8b10-000000000b00} ProcessId: 11096 Image: C:\Windows\System32\WindowsPowerShell\v1.0\powershell.exe FileVersion: 10.0.19041.3996 (WinBuild.160101.0800) Description: Windows PowerShell Product: Microsoft? Windows? Operating System Company: Microsoft Corporation OriginalFileName: PowerShell.EXE CommandLine: ""C:\Windows\System32\WindowsPowerShell\v1.0\powershell.exe"" -NoProfile -ExecutionPolicy Bypass -Command Write-Output 'PS 182'; Start-Sleep -Seconds 1 CurrentDirectory: C:\Windows\system32\ User: DESKTOP-EJG8QJC\Emil Jinu LogonGuid: {3a35410f-6604-6928-9de6-200000000000} LogonId: 0x20E69D TerminalSessionId: 1 IntegrityLevel: High Hashes: MD5=2E5A8590CF6848968FC23DE3FA1E25F1,SHA256=9785001B0DCF755EDDB8AF294A373C0B87B2498660F724E76C4D53F9C217C7A3,IMPHASH=3D08F4848535206D772DE145804FF4B6 ParentProcessGuid: {3a35410f-8dd3-6928-e507-000000000b00} ParentProcessId: 4396 ParentImage: C:\Windows\System32\WindowsPowerShell\v1.0\powershell.exe ParentCommandLine: ""C:\Windows\System32\WindowsPowerShell\v1.0\powershell.exe"" ParentUser: DESKTOP-EJG8QJC\Emil Jinu",1
Registry value set: RuleName: T1122 EventType: SetValue UtcTime: 2025-11-27 17:30:33.915 ProcessGuid: {3a35410f-8ab9-6928-7907-000000000b00} ProcessId: 10732 Image: C:\Users\Emil Jinu\AppData\Local\Microsoft\OneDrive\OneDrive.exe TargetObject: HKU\S-1-5-21-3351607045-2108423416-1727308141-1001_Classes\WOW6432Node\CLSID\{9AA2F32D-362A-42D9-9328-24A483E2CCC3}\InprocServer32\(Default) Details: C:\Users\Emil Jinu\AppData\Local\Microsoft\OneDrive\25.209.1026.0002\i386\FileSyncShell.dll User: DESKTOP-EJG8QJC\Emil Jinu,0
File created: RuleName: - UtcTime: 2025-11-27 17:46:13.048 ProcessGuid: {3a35410f-8e64-6928-0108-000000000b00} ProcessId: 9456 Image: C:\Windows\System32\WindowsPowerShell\v1.0\powershell.exe TargetFilename: C:\Users\Emil Jinu\AppData\Local\Temp\__PSScriptPolicyTest_wgsg4t2v.djq.ps1 CreationUtcTime: 2025-11-27 17:46:13.048 User: DESKTOP-EJG8QJC\Emil Jinu,1
"Process Create: RuleName: - UtcTime: 2025-11-27 18:03:27.922 ProcessGuid: {3a35410f-926f-6928-8210-000000000b00} ProcessId: 1376 Image: C:\Windows\System32\wbem\WMIC.exe FileVersion: 10.0.19041.5794 (WinBuild.160101.0800) Description: WMI Commandline Utility Product: Microsoft? Windows? Operating System Company: Microsoft Corporation OriginalFileName: wmic.exe CommandLine: ""C:\Windows\System32\Wbem\WMIC.exe"" process list brief CurrentDirectory: C:\Windows\system32\ User: DESKTOP-EJG8QJC\Emil Jinu LogonGuid: {3a35410f-6604-6928-9de6-200000000000} LogonId: 0x20E69D TerminalSessionId: 1 IntegrityLevel: High Hashes: MD5=EBE8CE528A79B5CC0782E8DFDA250600,SHA256=DA603FA720AB43AA6D4D36AA9FDB828DAB9645523EABAAC209AF6451D5B4D757,IMPHASH=527C7C66CDD13D72D793BCA3A417BCBE ParentProcessGuid: {3a35410f-8dd3-6928-e507-000000000b00} ParentProcessId: 4396 ParentImage: C:\Windows\System32\WindowsPowerShell\v1.0\powershell.exe ParentCommandLine: ""C:\Windows\System32\WindowsPowerShell\v1.0\powershell.exe"" ParentUser: DESKTOP-EJG8QJC\Emil Jinu",1
Registry value set: RuleName: - EventType: SetValue UtcTime: 2025-11-27 17:27:54.136 ProcessGuid: {3a35410f-8a19-6928-2907-000000000b00} ProcessId: 3984 Image: C:\Users\Emil Jinu\AppData\Local\Microsoft\OneDrive\OneDrive.exe TargetObject: HKU\S-1-5-21-3351607045-2108423416-1727308141-1001_Classes\Directory\Background\shellex\ContextMenuHandlers\ FileSyncEx\(Default) Details: {CB3D0F55-BC2C-4C1A-85ED-23ED75B5106B} User: DESKTOP-EJG8QJC\Emil Jinu,0
Network connection detected: RuleName: - UtcTime: 2025-11-27 18:03:31.319 ProcessGuid: {3a35410f-923f-6928-c80f-000000000b00} ProcessId: 15028 Image: C:\Windows\System32\wbem\WMIC.exe User: DESKTOP-EJG8QJC\Emil Jinu Protocol: udp Initiated: true SourceIsIpv6: false SourceIp: 10.0.2.15 SourceHostname: DESKTOP-EJG8QJC SourcePort: 56368 SourcePortName: - DestinationIsIpv6: false DestinationIp: 1.0.0.1 DestinationHostname: one.one.one.one DestinationPort: 53 DestinationPortName: domain,1
"Process Create: RuleName: - UtcTime: 2025-11-27 18:06:40.809 ProcessGuid: {3a35410f-9330-6928-2d15-000000000b00} ProcessId: 10456 Image: C:\Windows\System32\tasklist.exe FileVersion: 10.0.19041.1 (WinBuild.160101.0800) Description: Lists the current running tasks Product: Microsoft? Windows? Operating System Company: Microsoft Corporation OriginalFileName: tasklist.exe CommandLine: ""C:\Windows\system32\tasklist.exe"" CurrentDirectory: C:\Windows\system32\ User: DESKTOP-EJG8QJC\Emil Jinu LogonGuid: {3a35410f-6604-6928-9de6-200000000000} LogonId: 0x20E69D TerminalSessionId: 1 IntegrityLevel: High Hashes: MD5=D0A49A170E13D7F6AEBBEFED9DF88AAA,SHA256=BE7241A74FE9A9D30E0631E41533A362B21C8F7AAE3E5B6AD319CC15C024EC3F,IMPHASH=4C8D21C644C980DB3FF94E27BAD14C18 ParentProcessGuid: {3a35410f-8dd3-6928-e507-000000000b00} ParentProcessId: 4396 ParentImage: C:\Windows\System32\WindowsPowerShell\v1.0\powershell.exe ParentCommandLine: ""C:\Windows\System32\WindowsPowerShell\v1.0\powershell.exe"" ParentUser: DESKTOP-EJG8QJC\Emil Jinu",1
Registry value set: RuleName: T1122 EventType: SetValue UtcTime: 2025-11-27 17:27:42.256 ProcessGuid: {3a35410f-8a0d-6928-1907-000000000b00} ProcessId: 4580 Image: C:\Users\Emil Jinu\AppData\Local\Microsoft\OneDrive\OneDrive.exe TargetObject: HKU\S-1-5-21-3351607045-2108423416-1727308141-1001_Classes\WOW6432Node\CLSID\{1BF42E4C-4AF4-4CFD-A1A0-CF2960B8F63E}\InprocServer32\(Default) Details: C:\Users\Emil Jinu\AppData\Local\Microsoft\OneDrive\25.209.1026.0002\i386\FileSyncShell.dll User: DESKTOP-EJG8QJC\Emil Jinu,0
"Process Create: RuleName: - UtcTime: 2025-11-27 18:10:47.432 ProcessGuid: {3a35410f-9427-6928-0717-000000000b00} ProcessId: 14636 Image: C:\Windows\System32\WindowsPowerShell\v1.0\powershell.exe FileVersion: 10.0.19041.3996 (WinBuild.160101.0800) Description: Windows PowerShell Product: Microsoft? Windows? Operating System Company: Microsoft Corporation OriginalFileName: PowerShell.EXE CommandLine: ""C:\Windows\System32\WindowsPowerShell\v1.0\powershell.exe"" -EncodedCommand VwByAGkAdABlAC0ATwB1AHQAcAB1AHQAIAAnAEUAMwA4ACcA CurrentDirectory: C:\Users\Emil Jinu\ User: DESKTOP-EJG8QJC\Emil Jinu LogonGuid: {3a35410f-6604-6928-c9e6-200000000000} LogonId: 0x20E6C9 TerminalSessionId: 1 IntegrityLevel: Medium Hashes: MD5=2E5A8590CF6848968FC23DE3FA1E25F1,SHA256=9785001B0DCF755EDDB8AF294A373C0B87B2498660F724E76C4D53F9C217C7A3,IMPHASH=3D08F4848535206D772DE145804FF4B6 ParentProcessGuid: {3a35410f-93eb-6928-6715-000000000b00} ParentProcessId: 6344 ParentImage: C:\Windows\System32\WindowsPowerShell\v1.0\powershell.exe ParentCommandLine: ""C:\Windows\System32\WindowsPowerShell\v1.0\powershell.exe"" ParentUser: DESKTOP-EJG8QJC\Emil Jinu",1
"Process Create: RuleName: - UtcTime: 2025-11-27 18:05:28.884 ProcessGuid: {3a35410f-92e8-6928-0514-000000000b00} ProcessId: 17352 Image: C:\Windows\System32\bitsadmin.exe FileVersion: 7.8.19041.1 (WinBuild.160101.0800) Description: BITS administration utility Product: Microsoft? Windows? Operating System Company: Microsoft Corporation OriginalFileName: bitsadmin.exe CommandLine: ""C:\Windows\system32\bitsadmin.exe"" /resume job39 CurrentDirectory: C:\Windows\system32\ User: DESKTOP-EJG8QJC\Emil Jinu LogonGuid: {3a35410f-6604-6928-9de6-200000000000} LogonId: 0x20E69D TerminalSessionId: 1 IntegrityLevel: High Hashes: MD5=01AAB62D5799F75B0D69EB29C1CA6855,SHA256=739B2DD012EA183895CC01116906F339C9AA1C0BAABF6F22C8E59E25A0C12917,IMPHASH=774033454EB79213B09F788FC004A02D ParentProcessGuid: {3a35410f-8dd3-6928-e507-000000000b00} ParentProcessId: 4396 ParentImage: C:\Windows\System32\WindowsPowerShell\v1.0\powershell.exe ParentCommandLine: ""C:\Windows\System32\WindowsPowerShell\v1.0\powershell.exe"" ParentUser: DESKTOP-EJG8QJC\Emil Jinu",1
Registry value set: RuleName: T1122 EventType: SetValue UtcTime: 2025-11-27 17:30:20.362 ProcessGuid: {3a35410f-8aab-6928-6707-000000000b00} ProcessId: 1236 Image: C:\Users\Emil Jinu\AppData\Local\Microsoft\OneDrive\OneDrive.exe TargetObject: HKU\S-1-5-21-3351607045-2108423416-1727308141-1001_Classes\CLSID\{5AB7172C-9C11-405C-8DD5-AF20F3606282}\InprocServer32\(Default) Details: C:\Users\Emil Jinu\AppData\Local\Microsoft\OneDrive\25.209.1026.0002\FileSyncShell64.dll User: DESKTOP-EJG8QJC\Emil Jinu,0
"Process Create: RuleName: - UtcTime: 2025-11-27 18:04:50.338 ProcessGuid: {3a35410f-92c2-6928-d712-000000000b00} ProcessId: 14480 Image: C:\Windows\System32\WindowsPowerShell\v1.0\powershell.exe FileVersion: 10.0.19041.3996 (WinBuild.160101.0800) Description: Windows PowerShell Product: Microsoft? Windows? Operating System Company: Microsoft Corporation OriginalFileName: PowerShell.EXE CommandLine: ""C:\Windows\System32\WindowsPowerShell\v1.0\powershell.exe"" -EncodedCommand VwByAGkAdABlAC0ATwB1AHQAcAB1AHQAIAAnAHMAdQBzAHAAaQBjAGkAbwB1AHMAXwBlAHYAZQBuAHQAXwAyADUAJwA= CurrentDirectory: C:\Windows\system32\ User: DESKTOP-EJG8QJC\Emil Jinu LogonGuid: {3a35410f-6604-6928-9de6-200000000000} LogonId: 0x20E69D TerminalSessionId: 1 IntegrityLevel: High Hashes: MD5=2E5A8590CF6848968FC23DE3FA1E25F1,SHA256=9785001B0DCF755EDDB8AF294A373C0B87B2498660F724E76C4D53F9C217C7A3,IMPHASH=3D08F4848535206D772DE145804FF4B6 ParentProcessGuid: {3a35410f-8dd3-6928-e507-000000000b00} ParentProcessId: 4396 ParentImage: C:\Windows\System32\WindowsPowerShell\v1.0\powershell.exe ParentCommandLine: ""C:\Windows\System32\WindowsPowerShell\v1.0\powershell.exe"" ParentUser: DESKTOP-EJG8QJC\Emil Jinu",1
"Process Create: RuleName: - UtcTime: 2025-11-27 17:59:24.506 ProcessGuid: {3a35410f-917c-6928-330c-000000000b00} ProcessId: 9488 Image: C:\Windows\System32\certutil.exe FileVersion: 10.0.19041.5794 (WinBuild.160101.0800) Description: CertUtil.exe Product: Microsoft? Windows? Operating System Company: Microsoft Corporation OriginalFileName: CertUtil.exe CommandLine: ""C:\Windows\system32\certutil.exe"" -hashfile C:\Windows\win.ini SHA256 CurrentDirectory: C:\Windows\system32\ User: DESKTOP-EJG8QJC\Emil Jinu LogonGuid: {3a35410f-6604-6928-9de6-200000000000} LogonId: 0x20E69D TerminalSessionId: 1 IntegrityLevel: High Hashes: MD5=E6384AD54B07F9783135586C71F82D1C,SHA256=FD1670B43E2D9188B12B233780BF043C5A90A67A2C6E3FCDC564A5C246531BC2,IMPHASH=5AFC8346D5AFF4A4862E8A7C91042465 ParentProcessGuid: {3a35410f-8dd3-6928-e507-000000000b00} ParentProcessId: 4396 ParentImage: C:\Windows\System32\WindowsPowerShell\v1.0\powershell.exe ParentCommandLine: ""C:\Windows\System32\WindowsPowerShell\v1.0\powershell.exe"" ParentUser: DESKTOP-EJG8QJC\Emil Jinu",1
"Process Create: RuleName: - UtcTime: 2025-11-27 18:05:03.643 ProcessGuid: {3a35410f-92cf-6928-4213-000000000b00} ProcessId: 11036 Image: C:\Windows\System32\bitsadmin.exe FileVersion: 7.8.19041.1 (WinBuild.160101.0800) Description: BITS administration utility Product: Microsoft? Windows? Operating System Company: Microsoft Corporation OriginalFileName: bitsadmin.exe CommandLine: ""C:\Windows\system32\bitsadmin.exe"" /resume job30 CurrentDirectory: C:\Windows\system32\ User: DESKTOP-EJG8QJC\Emil Jinu LogonGuid: {3a35410f-6604-6928-9de6-200000000000} LogonId: 0x20E69D TerminalSessionId: 1 IntegrityLevel: High Hashes: MD5=01AAB62D5799F75B0D69EB29C1CA6855,SHA256=739B2DD012EA183895CC01116906F339C9AA1C0BAABF6F22C8E59E25A0C12917,IMPHASH=774033454EB79213B09F788FC004A02D ParentProcessGuid: {3a35410f-8dd3-6928-e507-000000000b00} ParentProcessId: 4396 ParentImage: C:\Windows\System32\WindowsPowerShell\v1.0\powershell.exe ParentCommandLine: ""C:\Windows\System32\WindowsPowerShell\v1.0\powershell.exe"" ParentUser: DESKTOP-EJG8QJC\Emil Jinu",1
Registry value set: RuleName: T1122 EventType: SetValue UtcTime: 2025-11-27 17:27:42.245 ProcessGuid: {3a35410f-8a0d-6928-1907-000000000b00} ProcessId: 4580 Image: C:\Users\Emil Jinu\AppData\Local\Microsoft\OneDrive\OneDrive.exe TargetObject: HKU\S-1-5-21-3351607045-2108423416-1727308141-1001_Classes\WOW6432Node\CLSID\{BBACC218-34EA-4666-9D7A-C78F2274A524}\InprocServer32\(Default) Details: C:\Users\Emil Jinu\AppData\Local\Microsoft\OneDrive\25.209.1026.0002\i386\FileSyncShell.dll User: DESKTOP-EJG8QJC\Emil Jinu,0
Registry value set: RuleName: InvDB-Pub EventType: SetValue UtcTime: 2025-11-27 16:04:35.065 ProcessGuid: {3a35410f-656a-6928-3e00-000000000b00} ProcessId: 2740 Image: C:\Windows\System32\svchost.exe TargetObject: \REGISTRY\A\{9309e89c-9321-cf1a-3889-0090faa6586f}\Root\InventoryApplicationFile\defrag.exe|ebd85d04fc6a26d\Publisher Details: microsoft corp. User: NT AUTHORITY\SYSTEM,0
File created: RuleName: - UtcTime: 2025-11-27 17:57:16.344 ProcessGuid: {3a35410f-90f7-6928-3709-000000000b00} ProcessId: 8692 Image: C:\Windows\System32\WindowsPowerShell\v1.0\powershell.exe TargetFilename: C:\Users\Emil Jinu\AppData\Local\Temp\__PSScriptPolicyTest_50ts10tp.wan.ps1 CreationUtcTime: 2025-11-27 17:57:16.344 User: DESKTOP-EJG8QJC\Emil Jinu,1
File created: RuleName: - UtcTime: 2025-11-27 17:58:34.817 ProcessGuid: {3a35410f-9149-6928-1c0b-000000000b00} ProcessId: 10768 Image: C:\Windows\System32\WindowsPowerShell\v1.0\powershell.exe TargetFilename: C:\Users\Emil Jinu\AppData\Local\Temp\__PSScriptPolicyTest_3k4s02yw.s1m.ps1 CreationUtcTime: 2025-11-27 17:58:34.817 User: DESKTOP-EJG8QJC\Emil Jinu,1
File created: RuleName: - UtcTime: 2025-11-27 17:46:18.379 ProcessGuid: {3a35410f-8e6a-6928-0308-000000000b00} ProcessId: 12236 Image: C:\Windows\System32\WindowsPowerShell\v1.0\powershell.exe TargetFilename: C:\Users\Emil Jinu\AppData\Local\Temp\__PSScriptPolicyTest_3c1dlbl5.pup.ps1 CreationUtcTime: 2025-11-27 17:46:18.379 User: DESKTOP-EJG8QJC\Emil Jinu,1
"Process Create: RuleName: - UtcTime: 2025-11-27 16:51:19.516 ProcessGuid: {3a35410f-8187-6928-8405-000000000b00} ProcessId: 2488 Image: C:\Program Files\BraveSoftware\Brave-Browser\Application\brave.exe FileVersion: 142.1.84.141 Description: Brave Browser Product: Brave Browser Company: Brave Software, Inc. OriginalFileName: brave.exe CommandLine: ""C:\Program Files\BraveSoftware\Brave-Browser\Application\brave.exe"" --type=utility --utility-sub-type=unzip.mojom.Unzipper --lang=en-US --service-sandbox-type=service --metrics-shmem-handle=6596,i,10665194808232427637,13800694684387999650,524288 --field-trial-handle=2072,i,14525826334230641121,9305465035905981201,262144 --variations-seed-version=main@69c2005032bb14f803911c3458ab063c42bfa450 --trace-process-track-uuid=3190709001304541078 --mojo-platform-channel-handle=6608 /prefetch:8 CurrentDirectory: C:\Program Files\BraveSoftware\Brave-Browser\Application\142.1.84.141\ User: DESKTOP-EJG8QJC\Emil Jinu LogonGuid: {3a35410f-6604-6928-c9e6-200000000000} LogonId: 0x20E6C9 TerminalSessionId: 1 IntegrityLevel: Low Hashes: MD5=D4E095946579C449803E47CFA028475E,SHA256=234A39FA17CC44BD8F5610B61997B7C69B289BC664A4D6B0AD8141ECC6685D2D,IMPHASH=3E82AE93B8102462DDA81604AF164E8E ParentProcessGuid: {3a35410f-8184-6928-7305-000000000b00} ParentProcessId: 13880 ParentImage: C:\Program Files\BraveSoftware\Brave-Browser\Application\brave.exe ParentCommandLine: ""C:\Program Files\BraveSoftware\Brave-Browser\Application\brave.exe"" ParentUser: DESKTOP-EJG8QJC\Emil Jinu",0
Registry value set: RuleName: - EventType: SetValue UtcTime: 2025-11-27 17:30:23.432 ProcessGuid: {3a35410f-8aae-6928-6e07-000000000b00} ProcessId: 13496 Image: C:\Users\Emil Jinu\AppData\Local\Microsoft\OneDrive\OneDrive.exe TargetObject: HKU\S-1-5-21-3351607045-2108423416-1727308141-1001_Classes\lnkfile\shellex\ContextMenuHandlers\ FileSyncEx\(Default) Details: {CB3D0F55-BC2C-4C1A-85ED-23ED75B5106B} User: DESKTOP-EJG8QJC\Emil Jinu,0
"Process Create: RuleName: - UtcTime: 2025-11-27 15:03:59.817 ProcessGuid: {3a35410f-685f-6928-4c02-000000000b00} ProcessId: 9808 Image: C:\Program Files\BraveSoftware\Brave-Browser\Application\brave.exe FileVersion: 142.1.84.141 Description: Brave Browser Product: Brave Browser Company: Brave Software, Inc. OriginalFileName: brave.exe CommandLine: ""C:\Program Files\BraveSoftware\Brave-Browser\Application\brave.exe"" --type=utility --utility-sub-type=video_capture.mojom.VideoCaptureService --lang=en-US --service-sandbox-type=none --metrics-shmem-handle=6140,i,9366349410805407056,15306125984218242769,524288 --field-trial-handle=2088,i,15737328150160352450,12922077001648796216,262144 --variations-seed-version=main@69c2005032bb14f803911c3458ab063c42bfa450 --trace-process-track-uuid=3190708999430457380 --mojo-platform-channel-handle=4328 /prefetch:8 CurrentDirectory: C:\Program Files\BraveSoftware\Brave-Browser\Application\142.1.84.141\ User: DESKTOP-EJG8QJC\Emil Jinu LogonGuid: {3a35410f-6604-6928-c9e6-200000000000} LogonId: 0x20E6C9 TerminalSessionId: 1 IntegrityLevel: Medium Hashes: MD5=D4E095946579C449803E47CFA028475E,SHA256=234A39FA17CC44BD8F5610B61997B7C69B289BC664A4D6B0AD8141ECC6685D2D,IMPHASH=3E82AE93B8102462DDA81604AF164E8E ParentProcessGuid: {3a35410f-684a-6928-3802-000000000b00} ParentProcessId: 1712 ParentImage: C:\Program Files\BraveSoftware\Brave-Browser\Application\brave.exe ParentCommandLine: ""C:\Program Files\BraveSoftware\Brave-Browser\Application\brave.exe"" ParentUser: DESKTOP-EJG8QJC\Emil Jinu",0
"Process Create: RuleName: - UtcTime: 2025-11-27 17:58:25.044 ProcessGuid: {3a35410f-9141-6928-cd0a-000000000b00} ProcessId: 12280 Image: C:\Windows\System32\cmd.exe FileVersion: 10.0.19041.4355 (WinBuild.160101.0800) Description: Windows Command Processor Product: Microsoft? Windows? Operating System Company: Microsoft Corporation OriginalFileName: Cmd.Exe CommandLine: ""C:\Windows\system32\cmd.exe"" /c echo proc 49 & timeout /t 1 >nul CurrentDirectory: C:\Windows\system32\ User: DESKTOP-EJG8QJC\Emil Jinu LogonGuid: {3a35410f-6604-6928-9de6-200000000000} LogonId: 0x20E69D TerminalSessionId: 1 IntegrityLevel: High Hashes: MD5=2B40C98ED0F7A1D3B091A3E8353132DC,SHA256=BADF4752413CB0CBDC03FB95820CA167F0CDC63B597CCDB5EF43111180E088B0,IMPHASH=272245E2988E1E430500B852C4FB5E18 ParentProcessGuid: {3a35410f-8dd3-6928-e507-000000000b00} ParentProcessId: 4396 ParentImage: C:\Windows\System32\WindowsPowerShell\v1.0\powershell.exe ParentCommandLine: ""C:\Windows\System32\WindowsPowerShell\v1.0\powershell.exe"" ParentUser: DESKTOP-EJG8QJC\Emil Jinu",1
"Process Create: RuleName: - UtcTime: 2025-11-27 18:02:24.649 ProcessGuid: {3a35410f-9230-6928-8a0f-000000000b00} ProcessId: 14584 Image: C:\Windows\System32\cmd.exe FileVersion: 10.0.19041.4355 (WinBuild.160101.0800) Description: Windows Command Processor Product: Microsoft? Windows? Operating System Company: Microsoft Corporation OriginalFileName: Cmd.Exe CommandLine: ""C:\Windows\system32\cmd.exe"" /c echo proc 159 & timeout /t 1 >nul CurrentDirectory: C:\Windows\system32\ User: DESKTOP-EJG8QJC\Emil Jinu LogonGuid: {3a35410f-6604-6928-9de6-200000000000} LogonId: 0x20E69D TerminalSessionId: 1 IntegrityLevel: High Hashes: MD5=2B40C98ED0F7A1D3B091A3E8353132DC,SHA256=BADF4752413CB0CBDC03FB95820CA167F0CDC63B597CCDB5EF43111180E088B0,IMPHASH=272245E2988E1E430500B852C4FB5E18 ParentProcessGuid: {3a35410f-8dd3-6928-e507-000000000b00} ParentProcessId: 4396 ParentImage: C:\Windows\System32\WindowsPowerShell\v1.0\powershell.exe ParentCommandLine: ""C:\Windows\System32\WindowsPowerShell\v1.0\powershell.exe"" ParentUser: DESKTOP-EJG8QJC\Emil Jinu",1
File created: RuleName: - UtcTime: 2025-11-27 17:57:10.541 ProcessGuid: {3a35410f-90f2-6928-1d09-000000000b00} ProcessId: 8876 Image: C:\Windows\System32\WindowsPowerShell\v1.0\powershell.exe TargetFilename: C:\Users\Emil Jinu\AppData\Local\Temp\__PSScriptPolicyTest_dshrnur0.pme.ps1 CreationUtcTime: 2025-11-27 17:57:10.541 User: DESKTOP-EJG8QJC\Emil Jinu,1
"Process Create: RuleName: - UtcTime: 2025-11-27 18:00:00.474 ProcessGuid: {3a35410f-91a0-6928-cd0c-000000000b00} ProcessId: 13732 Image: C:\Windows\System32\timeout.exe FileVersion: 10.0.19041.1 (WinBuild.160101.0800) Description: timeout - pauses command processing Product: Microsoft? Windows? Operating System Company: Microsoft Corporation OriginalFileName: timeout.exe CommandLine: timeout /t 1 CurrentDirectory: C:\Windows\system32\ User: DESKTOP-EJG8QJC\Emil Jinu LogonGuid: {3a35410f-6604-6928-9de6-200000000000} LogonId: 0x20E69D TerminalSessionId: 1 IntegrityLevel: High Hashes: MD5=100065E21CFBBDE57CBA2838921F84D6,SHA256=C8C350FAB1130644536DB6A84F605791367308B995079AD494D46A8C617C21D6,IMPHASH=0C91A5CE0FB26F4C5CE39E340F43873B ParentProcessGuid: {3a35410f-919c-6928-bc0c-000000000b00} ParentProcessId: 2076 ParentImage: C:\Windows\System32\cmd.exe ParentCommandLine: ""C:\Windows\system32\cmd.exe"" /c echo proc 94 & timeout /t 1 >nul ParentUser: DESKTOP-EJG8QJC\Emil Jinu",1
Dns query: RuleName: - UtcTime: 2025-11-27 15:00:11.586 ProcessGuid: {3a35410f-6782-6928-fd01-000000000b00} ProcessId: 1780 QueryName: wpad QueryStatus: 123 QueryResults: - Image: C:\Program Files (x86)\Microsoft\Edge\Application\msedge.exe User: DESKTOP-EJG8QJC\Emil Jinu,0
"Process Create: RuleName: - UtcTime: 2025-11-27 15:10:57.959 ProcessGuid: {3a35410f-6a01-6928-c302-000000000b00} ProcessId: 2268 Image: C:\Windows\System32\AppHostRegistrationVerifier.exe FileVersion: 10.0.19041.4355 (WinBuild.160101.0800) Description: App Uri Handlers Registration Verifier Product: Microsoft? Windows? Operating System Company: Microsoft Corporation OriginalFileName: AppHostNameRegistrationVerifier.exe CommandLine: ""C:\Windows\system32\AppHostRegistrationVerifier.exe"" CurrentDirectory: C:\Windows\system32\ User: DESKTOP-EJG8QJC\Emil Jinu LogonGuid: {3a35410f-6604-6928-c9e6-200000000000} LogonId: 0x20E6C9 TerminalSessionId: 1 IntegrityLevel: Medium Hashes: MD5=825BBDBE835887CEDA7936680B948903,SHA256=B4A5ACEF4BAAA25C730B2D8CF67879C2C229076036BE637A003C9AF4AC6DACEF,IMPHASH=BC98DE83C852774D36E8A23873E33A68 ParentProcessGuid: {3a35410f-6568-6928-2400-000000000b00} ParentProcessId: 1532 ParentImage: C:\Windows\System32\svchost.exe ParentCommandLine: C:\Windows\system32\svchost.exe -k netsvcs -p -s Schedule ParentUser: NT AUTHORITY\SYSTEM",0
File created: RuleName: - UtcTime: 2025-11-27 17:46:02.103 ProcessGuid: {3a35410f-8e59-6928-fd07-000000000b00} ProcessId: 6528 Image: C:\Windows\System32\WindowsPowerShell\v1.0\powershell.exe TargetFilename: C:\Users\Emil Jinu\AppData\Local\Temp\__PSScriptPolicyTest_pwn4n1yf.ebs.ps1 CreationUtcTime: 2025-11-27 17:46:02.095 User: DESKTOP-EJG8QJC\Emil Jinu,1
Network connection detected: RuleName: Usermode UtcTime: 2025-11-27 15:32:54.628 ProcessGuid: {3a35410f-6f23-6928-fc03-000000000b00} ProcessId: 12668 Image: C:\Users\Emil Jinu\AppData\Local\Programs\Microsoft VS Code\Code.exe User: DESKTOP-EJG8QJC\Emil Jinu Protocol: udp Initiated: true SourceIsIpv6: false SourceIp: 10.0.2.15 SourceHostname: DESKTOP-EJG8QJC SourcePort: 53544 SourcePortName: - DestinationIsIpv6: false DestinationIp: 1.1.1.1 DestinationHostname: one.one.one.one DestinationPort: 53 DestinationPortName: domain,0
"Process Create: RuleName: - UtcTime: 2025-11-27 18:10:05.943 ProcessGuid: {3a35410f-93fd-6928-a115-000000000b00} ProcessId: 16484 Image: C:\Windows\System32\certutil.exe FileVersion: 10.0.19041.5794 (WinBuild.160101.0800) Description: CertUtil.exe Product: Microsoft? Windows? Operating System Company: Microsoft Corporation OriginalFileName: CertUtil.exe CommandLine: ""C:\Windows\system32\certutil.exe"" -hashfile C:\Windows\win.ini SHA256 CurrentDirectory: C:\Users\Emil Jinu\ User: DESKTOP-EJG8QJC\Emil Jinu LogonGuid: {3a35410f-6604-6928-c9e6-200000000000} LogonId: 0x20E6C9 TerminalSessionId: 1 IntegrityLevel: Medium Hashes: MD5=E6384AD54B07F9783135586C71F82D1C,SHA256=FD1670B43E2D9188B12B233780BF043C5A90A67A2C6E3FCDC564A5C246531BC2,IMPHASH=5AFC8346D5AFF4A4862E8A7C91042465 ParentProcessGuid: {3a35410f-93eb-6928-6715-000000000b00} ParentProcessId: 6344 ParentImage: C:\Windows\System32\WindowsPowerShell\v1.0\powershell.exe ParentCommandLine: ""C:\Windows\System32\WindowsPowerShell\v1.0\powershell.exe"" ParentUser: DESKTOP-EJG8QJC\Emil Jinu",1
"Process Create: RuleName: - UtcTime: 2025-11-27 17:47:53.816 ProcessGuid: {3a35410f-8ec9-6928-2d08-000000000b00} ProcessId: 11144 Image: C:\Windows\System32\WindowsPowerShell\v1.0\powershell.exe FileVersion: 10.0.19041.3996 (WinBuild.160101.0800) Description: Windows PowerShell Product: Microsoft? Windows? Operating System Company: Microsoft Corporation OriginalFileName: PowerShell.EXE CommandLine: ""C:\Windows\System32\WindowsPowerShell\v1.0\powershell.exe"" -Command ""Write-Output 'Test 69'"" CurrentDirectory: C:\Windows\system32\ User: DESKTOP-EJG8QJC\Emil Jinu LogonGuid: {3a35410f-6604-6928-9de6-200000000000} LogonId: 0x20E69D TerminalSessionId: 1 IntegrityLevel: High Hashes: MD5=2E5A8590CF6848968FC23DE3FA1E25F1,SHA256=9785001B0DCF755EDDB8AF294A373C0B87B2498660F724E76C4D53F9C217C7A3,IMPHASH=3D08F4848535206D772DE145804FF4B6 ParentProcessGuid: {3a35410f-8dd3-6928-e507-000000000b00} ParentProcessId: 4396 ParentImage: C:\Windows\System32\WindowsPowerShell\v1.0\powershell.exe ParentCommandLine: ""C:\Windows\System32\WindowsPowerShell\v1.0\powershell.exe"" ParentUser: DESKTOP-EJG8QJC\Emil Jinu",1
Network connection detected: RuleName: - UtcTime: 2025-11-27 17:56:04.437 ProcessGuid: {3a35410f-8dd3-6928-e507-000000000b00} ProcessId: 4396 Image: C:\Windows\System32\WindowsPowerShell\v1.0\powershell.exe User: DESKTOP-EJG8QJC\Emil Jinu Protocol: tcp Initiated: true SourceIsIpv6: false SourceIp: 10.0.2.15 SourceHostname: DESKTOP-EJG8QJC SourcePort: 57000 SourcePortName: - DestinationIsIpv6: false DestinationIp: 8.8.8.8 DestinationHostname: dns.google DestinationPort: 443 DestinationPortName: https,1
"Process Create: RuleName: - UtcTime: 2025-11-27 15:52:50.889 ProcessGuid: {3a35410f-73d2-6928-d304-000000000b00} ProcessId: 2368 Image: C:\Windows\System32\control.exe FileVersion: 10.0.19041.5794 (WinBuild.160101.0800) Description: Windows Control Panel Product: Microsoft? Windows? Operating System Company: Microsoft Corporation OriginalFileName: CONTROL.EXE CommandLine: ""C:\Windows\system32\control.exe"" CurrentDirectory: C:\Users\Emil Jinu\ User: DESKTOP-EJG8QJC\Emil Jinu LogonGuid: {3a35410f-6604-6928-c9e6-200000000000} LogonId: 0x20E6C9 TerminalSessionId: 1 IntegrityLevel: Medium Hashes: MD5=E68215C54014ECA2AC19723D1105D000,SHA256=3945957BC15C3DBA3398B619125E74B1C8D756A4699B1ABC71241657D55E9D84,IMPHASH=ED7ECF5DCE55D515F7FE036FCAEBFF1A ParentProcessGuid: {3a35410f-717b-6928-7704-000000000b00} ParentProcessId: 9908 ParentImage: C:\Windows\System32\WindowsPowerShell\v1.0\powershell.exe ParentCommandLine: ""C:\Windows\System32\WindowsPowerShell\v1.0\powershell.exe"" ParentUser: DESKTOP-EJG8QJC\Emil Jinu",0
"Process Create: RuleName: - UtcTime: 2025-11-27 18:00:58.139 ProcessGuid: {3a35410f-91da-6928-f50d-000000000b00} ProcessId: 3180 Image: C:\Windows\System32\wbem\WMIC.exe FileVersion: 10.0.19041.5794 (WinBuild.160101.0800) Description: WMI Commandline Utility Product: Microsoft? Windows? Operating System Company: Microsoft Corporation OriginalFileName: wmic.exe CommandLine: ""C:\Windows\System32\Wbem\WMIC.exe"" process list brief CurrentDirectory: C:\Windows\system32\ User: DESKTOP-EJG8QJC\Emil Jinu LogonGuid: {3a35410f-6604-6928-9de6-200000000000} LogonId: 0x20E69D TerminalSessionId: 1 IntegrityLevel: High Hashes: MD5=EBE8CE528A79B5CC0782E8DFDA250600,SHA256=DA603FA720AB43AA6D4D36AA9FDB828DAB9645523EABAAC209AF6451D5B4D757,IMPHASH=527C7C66CDD13D72D793BCA3A417BCBE ParentProcessGuid: {3a35410f-8dd3-6928-e507-000000000b00} ParentProcessId: 4396 ParentImage: C:\Windows\System32\WindowsPowerShell\v1.0\powershell.exe ParentCommandLine: ""C:\Windows\System32\WindowsPowerShell\v1.0\powershell.exe"" ParentUser: DESKTOP-EJG8QJC\Emil Jinu",1
"Process Create: RuleName: - UtcTime: 2025-11-27 15:21:13.218 ProcessGuid: {3a35410f-6c69-6928-4203-000000000b00} ProcessId: 10312 Image: C:\Program Files\BraveSoftware\Brave-Browser\Application\brave.exe FileVersion: 142.1.84.141 Description: Brave Browser Product: Brave Browser Company: Brave Software, Inc. OriginalFileName: brave.exe CommandLine: ""C:\Program Files\BraveSoftware\Brave-Browser\Application\brave.exe"" --type=renderer --enable-distillability-service --origin-trial-public-key=bYUKPJoPnCxeNvu72j4EmPuK7tr1PAC7SHh8ld9Mw3E=,fMS4mpO6buLQ/QMd+zJmxzty/VQ6B1EUZqoCU04zoRU= --video-capture-use-gpu-memory-buffer --lang=en-US --device-scale-factor=1 --num-raster-threads=2 --enable-main-frame-before-activation --renderer-client-id=9 --time-ticks-at-unix-epoch=-1764255024576640 --launch-time-ticks=1848462550 --metrics-shmem-handle=4216,i,10456421256669357122,17719908087558124269,2097152 --field-trial-handle=2032,i,10575456092711899972,12465767475701037241,262144 --variations-seed-version=main@69c2005032bb14f803911c3458ab063c42bfa450 --trace-process-track-uuid=3190708994745248135 --mojo-platform-channel-handle=4228 /prefetch:1 CurrentDirectory: C:\Program Files\BraveSoftware\Brave-Browser\Application\142.1.84.141\ User: DESKTOP-EJG8QJC\Emil Jinu LogonGuid: {3a35410f-6604-6928-c9e6-200000000000} LogonId: 0x20E6C9 TerminalSessionId: 1 IntegrityLevel: Low Hashes: MD5=D4E095946579C449803E47CFA028475E,SHA256=234A39FA17CC44BD8F5610B61997B7C69B289BC664A4D6B0AD8141ECC6685D2D,IMPHASH=3E82AE93B8102462DDA81604AF164E8E ParentProcessGuid: {3a35410f-6c67-6928-3a03-000000000b00} ParentProcessId: 9348 ParentImage: C:\Program Files\BraveSoftware\Brave-Browser\Application\brave.exe ParentCommandLine: ""C:\Program Files\BraveSoftware\Brave-Browser\Application\brave.exe"" ParentUser: DESKTOP-EJG8QJC\Emil Jinu",0
"Process Create: RuleName: - UtcTime: 2025-11-27 18:05:21.172 ProcessGuid: {3a35410f-92e1-6928-c813-000000000b00} ProcessId: 16476 Image: C:\Windows\System32\bitsadmin.exe FileVersion: 7.8.19041.1 (WinBuild.160101.0800) Description: BITS administration utility Product: Microsoft? Windows? Operating System Company: Microsoft Corporation OriginalFileName: bitsadmin.exe CommandLine: ""C:\Windows\system32\bitsadmin.exe"" /complete job36 CurrentDirectory: C:\Windows\system32\ User: DESKTOP-EJG8QJC\Emil Jinu LogonGuid: {3a35410f-6604-6928-9de6-200000000000} LogonId: 0x20E69D TerminalSessionId: 1 IntegrityLevel: High Hashes: MD5=01AAB62D5799F75B0D69EB29C1CA6855,SHA256=739B2DD012EA183895CC01116906F339C9AA1C0BAABF6F22C8E59E25A0C12917,IMPHASH=774033454EB79213B09F788FC004A02D ParentProcessGuid: {3a35410f-8dd3-6928-e507-000000000b00} ParentProcessId: 4396 ParentImage: C:\Windows\System32\WindowsPowerShell\v1.0\powershell.exe ParentCommandLine: ""C:\Windows\System32\WindowsPowerShell\v1.0\powershell.exe"" ParentUser: DESKTOP-EJG8QJC\Emil Jinu",1
