Dns query: RuleName: - UtcTime: 2025-11-27 15:03:33.370 ProcessGuid: {3a35410f-684b-6928-3b02-000000000b00} ProcessId: 7552 QueryName: wpad QueryStatus: 123 QueryResults: - Image: C:\Program Files\BraveSoftware\Brave-Browser\Application\brave.exe User: DESKTOP-EJG8QJC\Emil Jinu,0
Dns query: RuleName: - UtcTime: 2025-11-27 17:14:46.841 ProcessGuid: {3a35410f-81a2-6928-9d05-000000000b00} ProcessId: 11660 QueryName: external-preview.redd.it QueryStatus: 0 QueryResults: type: 5 dualstack.reddit.map.fastly.net;151.101.193.140;151.101.1.140;151.101.65.140;151.101.129.140; Image: C:\Program Files\BraveSoftware\Brave-Browser\Application\brave.exe User: DESKTOP-EJG8QJC\Emil Jinu,0
Registry value set: RuleName: T1122 EventType: SetValue UtcTime: 2025-11-27 17:30:38.605 ProcessGuid: {3a35410f-8abe-6928-8007-000000000b00} ProcessId: 14856 Image: C:\Users\Emil Jinu\AppData\Local\Microsoft\OneDrive\OneDrive.exe TargetObject: HKU\S-1-5-21-3351607045-2108423416-1727308141-1001_Classes\WOW6432Node\CLSID\{20894375-46AE-46E2-BAFD-CB38975CDCE6}\InprocServer32\(Default) Details: C:\Users\Emil Jinu\AppData\Local\Microsoft\OneDrive\25.209.1026.0002\i386\FileSyncShell.dll User: DESKTOP-EJG8QJC\Emil Jinu,0
Dns query: RuleName: - UtcTime: 2025-11-27 15:01:02.951 ProcessGuid: {3a35410f-67ab-6928-0b02-000000000b00} ProcessId: 9116 QueryName: da.xboxservices.com QueryStatus: 0 QueryResults: type: 5 afd-xbs-prod-bphaegcjdpbpbdan.b02.azurefd.net;type: 5 mr-b02.tm-azurefd.net;type: 5 shed.dual-low.part-0030.t-0009.t-msedge.net;type: 5 part-0030.t-0009.t-msedge.net;2620:1ec:bdf::58;2620:1ec:46::58;::ffff:13.107.246.68;::ffff:13.107.213.68; Image: C:\Program Files\WindowsApps\Microsoft.WindowsStore_22510.1401.2.0_x64__8wekyb3d8bbwe\WinStore.App.exe User: DESKTOP-EJG8QJC\Emil Jinu,0
Network connection detected: RuleName: - UtcTime: 2025-11-27 18:03:15.228 ProcessGuid: {3a35410f-923f-6928-c80f-000000000b00} ProcessId: 15028 Image: C:\Windows\System32\wbem\WMIC.exe User: DESKTOP-EJG8QJC\Emil Jinu Protocol: udp Initiated: true SourceIsIpv6: false SourceIp: 10.0.2.15 SourceHostname: DESKTOP-EJG8QJC SourcePort: 55151 SourcePortName: - DestinationIsIpv6: false DestinationIp: 1.1.1.1 DestinationHostname: one.one.one.one DestinationPort: 53 DestinationPortName: domain,1
"Process Create: RuleName: - UtcTime: 2025-11-27 18:10:35.231 ProcessGuid: {3a35410f-941b-6928-8b16-000000000b00} ProcessId: 5532 Image: C:\Windows\System32\wbem\WMIC.exe FileVersion: 10.0.19041.5794 (WinBuild.160101.0800) Description: WMI Commandline Utility Product: Microsoft? Windows? Operating System Company: Microsoft Corporation OriginalFileName: wmic.exe CommandLine: ""C:\Windows\System32\Wbem\WMIC.exe"" process list brief CurrentDirectory: C:\Users\Emil Jinu\ User: DESKTOP-EJG8QJC\Emil Jinu LogonGuid: {3a35410f-6604-6928-c9e6-200000000000} LogonId: 0x20E6C9 TerminalSessionId: 1 IntegrityLevel: Medium Hashes: MD5=EBE8CE528A79B5CC0782E8DFDA250600,SHA256=DA603FA720AB43AA6D4D36AA9FDB828DAB9645523EABAAC209AF6451D5B4D757,IMPHASH=527C7C66CDD13D72D793BCA3A417BCBE ParentProcessGuid: {3a35410f-93eb-6928-6715-000000000b00} ParentProcessId: 6344 ParentImage: C:\Windows\System32\WindowsPowerShell\v1.0\powershell.exe ParentCommandLine: ""C:\Windows\System32\WindowsPowerShell\v1.0\powershell.exe"" ParentUser: DESKTOP-EJG8QJC\Emil Jinu",1
"Registry value set: RuleName: T1042 EventType: SetValue UtcTime: 2025-11-27 17:27:58.417 ProcessGuid: {3a35410f-8a1d-6928-3007-000000000b00} ProcessId: 1048 Image: C:\Users\Emil Jinu\AppData\Local\Microsoft\OneDrive\OneDrive.exe TargetObject: HKU\S-1-5-21-3351607045-2108423416-1727308141-1001_Classes\grvopen\shell\open\command\(Default) Details: ""C:\Users\Emil Jinu\AppData\Local\Microsoft\OneDrive\OneDrive.exe"" /url:""Incorrect function."" User: DESKTOP-EJG8QJC\Emil Jinu",0
Registry value set: RuleName: T1122 EventType: SetValue UtcTime: 2025-11-27 17:28:02.930 ProcessGuid: {3a35410f-8a22-6928-3707-000000000b00} ProcessId: 11032 Image: C:\Users\Emil Jinu\AppData\Local\Microsoft\OneDrive\OneDrive.exe TargetObject: HKU\S-1-5-21-3351607045-2108423416-1727308141-1001_Classes\WOW6432Node\CLSID\{BBACC218-34EA-4666-9D7A-C78F2274A524}\InprocServer32\(Default) Details: C:\Users\Emil Jinu\AppData\Local\Microsoft\OneDrive\25.209.1026.0002\i386\FileSyncShell.dll User: DESKTOP-EJG8QJC\Emil Jinu,0
Registry value set: RuleName: T1122 EventType: SetValue UtcTime: 2025-11-27 17:19:30.944 ProcessGuid: {3a35410f-8822-6928-a306-000000000b00} ProcessId: 12180 Image: C:\Users\Emil Jinu\AppData\Local\Microsoft\OneDrive\OneDrive.exe TargetObject: HKU\S-1-5-21-3351607045-2108423416-1727308141-1001_Classes\WOW6432Node\CLSID\{CB3D0F55-BC2C-4C1A-85ED-23ED75B5106B}\InprocServer32\(Default) Details: C:\Users\Emil Jinu\AppData\Local\Microsoft\OneDrive\25.209.1026.0002\i386\FileSyncShell.dll User: DESKTOP-EJG8QJC\Emil Jinu,0
Network connection detected: RuleName: - UtcTime: 2025-11-27 17:56:11.474 ProcessGuid: {3a35410f-8dd3-6928-e507-000000000b00} ProcessId: 4396 Image: C:\Windows\System32\WindowsPowerShell\v1.0\powershell.exe User: DESKTOP-EJG8QJC\Emil Jinu Protocol: tcp Initiated: true SourceIsIpv6: false SourceIp: 10.0.2.15 SourceHostname: DESKTOP-EJG8QJC SourcePort: 57004 SourcePortName: - DestinationIsIpv6: false DestinationIp: 8.8.8.8 DestinationHostname: dns.google DestinationPort: 443 DestinationPortName: https,1
"Process Create: RuleName: - UtcTime: 2025-11-27 18:10:41.541 ProcessGuid: {3a35410f-9421-6928-bf16-000000000b00} ProcessId: 6388 Image: C:\Windows\System32\WindowsPowerShell\v1.0\powershell.exe FileVersion: 10.0.19041.3996 (WinBuild.160101.0800) Description: Windows PowerShell Product: Microsoft? Windows? Operating System Company: Microsoft Corporation OriginalFileName: PowerShell.EXE CommandLine: ""C:\Windows\System32\WindowsPowerShell\v1.0\powershell.exe"" -NoProfile -ExecutionPolicy Bypass -Command Write-Output 'PS 32'; Start-Sleep -Seconds 1 CurrentDirectory: C:\Users\Emil Jinu\ User: DESKTOP-EJG8QJC\Emil Jinu LogonGuid: {3a35410f-6604-6928-c9e6-200000000000} LogonId: 0x20E6C9 TerminalSessionId: 1 IntegrityLevel: Medium Hashes: MD5=2E5A8590CF6848968FC23DE3FA1E25F1,SHA256=9785001B0DCF755EDDB8AF294A373C0B87B2498660F724E76C4D53F9C217C7A3,IMPHASH=3D08F4848535206D772DE145804FF4B6 ParentProcessGuid: {3a35410f-93eb-6928-6715-000000000b00} ParentProcessId: 6344 ParentImage: C:\Windows\System32\WindowsPowerShell\v1.0\powershell.exe ParentCommandLine: ""C:\Windows\System32\WindowsPowerShell\v1.0\powershell.exe"" ParentUser: DESKTOP-EJG8QJC\Emil Jinu",1
"Process Create: RuleName: - UtcTime: 2025-11-27 17:58:02.521 ProcessGuid: {3a35410f-912a-6928-260a-000000000b00} ProcessId: 4184 Image: C:\Windows\System32\WindowsPowerShell\v1.0\powershell.exe FileVersion: 10.0.19041.3996 (WinBuild.160101.0800) Description: Windows PowerShell Product: Microsoft? Windows? Operating System Company: Microsoft Corporation OriginalFileName: PowerShell.EXE CommandLine: ""C:\Windows\System32\WindowsPowerShell\v1.0\powershell.exe"" -EncodedCommand VwByAGkAdABlAC0ATwB1AHQAcAB1AHQAIAAnAEUAMwAzACcA CurrentDirectory: C:\Windows\system32\ User: DESKTOP-EJG8QJC\Emil Jinu LogonGuid: {3a35410f-6604-6928-9de6-200000000000} LogonId: 0x20E69D TerminalSessionId: 1 IntegrityLevel: High Hashes: MD5=2E5A8590CF6848968FC23DE3FA1E25F1,SHA256=9785001B0DCF755EDDB8AF294A373C0B87B2498660F724E76C4D53F9C217C7A3,IMPHASH=3D08F4848535206D772DE145804FF4B6 ParentProcessGuid: {3a35410f-8dd3-6928-e507-000000000b00} ParentProcessId: 4396 ParentImage: C:\Windows\System32\WindowsPowerShell\v1.0\powershell.exe ParentCommandLine: ""C:\Windows\System32\WindowsPowerShell\v1.0\powershell.exe"" ParentUser: DESKTOP-EJG8QJC\Emil Jinu",1
"Process Create: RuleName: - UtcTime: 2025-11-27 18:10:21.455 ProcessGuid: {3a35410f-940d-6928-3e16-000000000b00} ProcessId: 16104 Image: C:\Windows\System32\wbem\WMIC.exe FileVersion: 10.0.19041.5794 (WinBuild.160101.0800) Description: WMI Commandline Utility Product: Microsoft? Windows? Operating System Company: Microsoft Corporation OriginalFileName: wmic.exe CommandLine: ""C:\Windows\System32\Wbem\WMIC.exe"" process list brief CurrentDirectory: C:\Users\Emil Jinu\ User: DESKTOP-EJG8QJC\Emil Jinu LogonGuid: {3a35410f-6604-6928-c9e6-200000000000} LogonId: 0x20E6C9 TerminalSessionId: 1 IntegrityLevel: Medium Hashes: MD5=EBE8CE528A79B5CC0782E8DFDA250600,SHA256=DA603FA720AB43AA6D4D36AA9FDB828DAB9645523EABAAC209AF6451D5B4D757,IMPHASH=527C7C66CDD13D72D793BCA3A417BCBE ParentProcessGuid: {3a35410f-93eb-6928-6715-000000000b00} ParentProcessId: 6344 ParentImage: C:\Windows\System32\WindowsPowerShell\v1.0\powershell.exe ParentCommandLine: ""C:\Windows\System32\WindowsPowerShell\v1.0\powershell.exe"" ParentUser: DESKTOP-EJG8QJC\Emil Jinu",1
"Process Create: RuleName: - UtcTime: 2025-11-27 18:06:34.082 ProcessGuid: {3a35410f-932a-6928-fd14-000000000b00} ProcessId: 13032 Image: C:\Program Files\BraveSoftware\Brave-Browser\Application\brave.exe FileVersion: 142.1.84.141 Description: Brave Browser Product: Brave Browser Company: Brave Software, Inc. OriginalFileName: brave.exe CommandLine: ""C:\Program Files\BraveSoftware\Brave-Browser\Application\brave.exe"" --disable-domain-reliability --enable-dom-distiller --enable-distillability-service --origin-trial-public-key=bYUKPJoPnCxeNvu72j4EmPuK7tr1PAC7SHh8ld9Mw3E=,fMS4mpO6buLQ/QMd+zJmxzty/VQ6B1EUZqoCU04zoRU= --lso-url=https://no-thanks.invalid --variations-server-url=https://variations.brave.com/seed --variations-insecure-server-url=https://variations.brave.com/seed --flag-switches-begin --flag-switches-end --component-updater=url-source=https://go-updater.brave.com/extensions --do-not-de-elevate --single-argument http://malicious.test/38 CurrentDirectory: C:\Windows\system32\ User: DESKTOP-EJG8QJC\Emil Jinu LogonGuid: {3a35410f-6604-6928-c9e6-200000000000} LogonId: 0x20E6C9 TerminalSessionId: 1 IntegrityLevel: Medium Hashes: MD5=D4E095946579C449803E47CFA028475E,SHA256=234A39FA17CC44BD8F5610B61997B7C69B289BC664A4D6B0AD8141ECC6685D2D,IMPHASH=3E82AE93B8102462DDA81604AF164E8E ParentProcessGuid: {3a35410f-92e6-6928-f713-000000000b00} ParentProcessId: 16484 ParentImage: C:\Program Files\BraveSoftware\Brave-Browser\Application\brave.exe ParentCommandLine: ""C:\Program Files\BraveSoftware\Brave-Browser\Application\brave.exe"" --single-argument http://malicious.test/38 ParentUser: DESKTOP-EJG8QJC\Emil Jinu",1
Registry value set: RuleName: InvDB-Path EventType: SetValue UtcTime: 2025-11-27 17:37:49.126 ProcessGuid: {3a35410f-656a-6928-3e00-000000000b00} ProcessId: 2740 Image: C:\Windows\System32\svchost.exe TargetObject: \REGISTRY\A\{9309e89c-9321-cf1a-3889-0090faa6586f}\Root\InventoryApplicationFile\strange_app.exe|c7a12a5c072dd124\LowerCaseLongPath Details: c:\windows\temp\strange_app.exe User: NT AUTHORITY\SYSTEM,1
File created: RuleName: - UtcTime: 2025-11-27 18:03:16.472 ProcessGuid: {3a35410f-9261-6928-3f10-000000000b00} ProcessId: 13936 Image: C:\Windows\System32\WindowsPowerShell\v1.0\powershell.exe TargetFilename: C:\Users\Emil Jinu\AppData\Local\Temp\__PSScriptPolicyTest_wy0q5cs2.4ix.ps1 CreationUtcTime: 2025-11-27 18:03:16.472 User: DESKTOP-EJG8QJC\Emil Jinu,1
Dns query: RuleName: - UtcTime: 2025-11-27 15:05:44.823 ProcessGuid: {3a35410f-684b-6928-3b02-000000000b00} ProcessId: 7552 QueryName: yt3.ggpht.com QueryStatus: 0 QueryResults: 142.251.223.225;142.250.77.129;142.251.43.193;142.251.223.1;142.251.223.161;142.250.205.97;142.250.183.161;142.250.183.129;142.250.205.33;172.217.24.1;172.217.24.129;142.251.43.65;142.251.43.129;142.250.66.1;142.251.222.161;142.250.77.97; Image: C:\Program Files\BraveSoftware\Brave-Browser\Application\brave.exe User: DESKTOP-EJG8QJC\Emil Jinu,0
File created: RuleName: - UtcTime: 2025-11-27 17:50:45.708 ProcessGuid: {3a35410f-8f75-6928-9308-000000000b00} ProcessId: 7772 Image: C:\Windows\System32\WindowsPowerShell\v1.0\powershell.exe TargetFilename: C:\Users\Emil Jinu\AppData\Local\Temp\__PSScriptPolicyTest_om5qpit2.tdu.ps1 CreationUtcTime: 2025-11-27 17:50:45.708 User: DESKTOP-EJG8QJC\Emil Jinu,1
File created: RuleName: - UtcTime: 2025-11-27 17:58:50.015 ProcessGuid: {3a35410f-9157-6928-860b-000000000b00} ProcessId: 4300 Image: C:\Windows\System32\WindowsPowerShell\v1.0\powershell.exe TargetFilename: C:\Users\Emil Jinu\AppData\Local\Temp\__PSScriptPolicyTest_uj3if1uw.qpd.ps1 CreationUtcTime: 2025-11-27 17:58:50.015 User: DESKTOP-EJG8QJC\Emil Jinu,1
"Process Create: RuleName: - UtcTime: 2025-11-27 17:17:51.190 ProcessGuid: {3a35410f-87bf-6928-8d06-000000000b00} ProcessId: 2684 Image: C:\Program Files\BraveSoftware\Brave-Browser\Application\brave.exe FileVersion: 142.1.84.141 Description: Brave Browser Product: Brave Browser Company: Brave Software, Inc. OriginalFileName: brave.exe CommandLine: ""C:\Program Files\BraveSoftware\Brave-Browser\Application\brave.exe"" --type=utility --utility-sub-type=patch.mojom.FilePatcher --lang=en-US --service-sandbox-type=service --metrics-shmem-handle=6312,i,5163087884101978602,1606859627230120323,524288 --field-trial-handle=2180,i,14415661657746549739,14912213405061520595,262144 --variations-seed-version=main@69c2005032bb14f803911c3458ab063c42bfa450 --trace-process-track-uuid=3190708999430457380 --mojo-platform-channel-handle=6324 /prefetch:8 CurrentDirectory: C:\Program Files\BraveSoftware\Brave-Browser\Application\142.1.84.141\ User: DESKTOP-EJG8QJC\Emil Jinu LogonGuid: {3a35410f-6604-6928-c9e6-200000000000} LogonId: 0x20E6C9 TerminalSessionId: 1 IntegrityLevel: Low Hashes: MD5=D4E095946579C449803E47CFA028475E,SHA256=234A39FA17CC44BD8F5610B61997B7C69B289BC664A4D6B0AD8141ECC6685D2D,IMPHASH=3E82AE93B8102462DDA81604AF164E8E ParentProcessGuid: {3a35410f-87b9-6928-7a06-000000000b00} ParentProcessId: 5944 ParentImage: C:\Program Files\BraveSoftware\Brave-Browser\Application\brave.exe ParentCommandLine: ""C:\Program Files\BraveSoftware\Brave-Browser\Application\brave.exe"" --single-argument C:\Users\Emil Jinu\Documents\jkjnj.pdf ParentUser: DESKTOP-EJG8QJC\Emil Jinu",0
"Process Create: RuleName: - UtcTime: 2025-11-27 16:51:45.730 ProcessGuid: {3a35410f-81a1-6928-9b05-000000000b00} ProcessId: 11508 Image: C:\Program Files\BraveSoftware\Brave-Browser\Application\brave.exe FileVersion: 142.1.84.141 Description: Brave Browser Product: Brave Browser Company: Brave Software, Inc. OriginalFileName: brave.exe CommandLine: ""C:\Program Files\BraveSoftware\Brave-Browser\Application\brave.exe"" --type=crashpad-handler ""--user-data-dir=C:\Users\Emil Jinu\AppData\Local\BraveSoftware\Brave-Browser\User Data"" /prefetch:4 --monitor-self-annotation=ptype=crashpad-handler ""--database=C:\Users\Emil Jinu\AppData\Local\BraveSoftware\Brave-Browser\User Data\Crashpad"" ""--metrics-dir=C:\Users\Emil Jinu\AppData\Local\BraveSoftware\Brave-Browser\User Data"" --url=https://cr.brave.com --annotation=plat=Win64 --annotation=prod=Brave --annotation=ver=142.1.84.141 --initial-client-data=0x120,0x124,0x128,0x104,0x12c,0x7ffd94685a28,0x7ffd94685a34,0x7ffd94685a40 CurrentDirectory: C:\Program Files\BraveSoftware\Brave-Browser\Application\ User: DESKTOP-EJG8QJC\Emil Jinu LogonGuid: {3a35410f-6604-6928-c9e6-200000000000} LogonId: 0x20E6C9 TerminalSessionId: 1 IntegrityLevel: Medium Hashes: MD5=D4E095946579C449803E47CFA028475E,SHA256=234A39FA17CC44BD8F5610B61997B7C69B289BC664A4D6B0AD8141ECC6685D2D,IMPHASH=3E82AE93B8102462DDA81604AF164E8E ParentProcessGuid: {3a35410f-81a1-6928-9a05-000000000b00} ParentProcessId: 6772 ParentImage: C:\Program Files\BraveSoftware\Brave-Browser\Application\brave.exe ParentCommandLine: ""C:\Program Files\BraveSoftware\Brave-Browser\Application\brave.exe"" ParentUser: DESKTOP-EJG8QJC\Emil Jinu",0
"Process Create: RuleName: - UtcTime: 2025-11-27 17:59:41.184 ProcessGuid: {3a35410f-918d-6928-7b0c-000000000b00} ProcessId: 11200 Image: C:\Windows\System32\cmd.exe FileVersion: 10.0.19041.4355 (WinBuild.160101.0800) Description: Windows Command Processor Product: Microsoft? Windows? Operating System Company: Microsoft Corporation OriginalFileName: Cmd.Exe CommandLine: ""C:\Windows\system32\cmd.exe"" /c echo proc 88 & timeout /t 1 >nul CurrentDirectory: C:\Windows\system32\ User: DESKTOP-EJG8QJC\Emil Jinu LogonGuid: {3a35410f-6604-6928-9de6-200000000000} LogonId: 0x20E69D TerminalSessionId: 1 IntegrityLevel: High Hashes: MD5=2B40C98ED0F7A1D3B091A3E8353132DC,SHA256=BADF4752413CB0CBDC03FB95820CA167F0CDC63B597CCDB5EF43111180E088B0,IMPHASH=272245E2988E1E430500B852C4FB5E18 ParentProcessGuid: {3a35410f-8dd3-6928-e507-000000000b00} ParentProcessId: 4396 ParentImage: C:\Windows\System32\WindowsPowerShell\v1.0\powershell.exe ParentCommandLine: ""C:\Windows\System32\WindowsPowerShell\v1.0\powershell.exe"" ParentUser: DESKTOP-EJG8QJC\Emil Jinu",1
"Registry value set: RuleName: T1042 EventType: SetValue UtcTime: 2025-11-27 15:30:00.087 ProcessGuid: {3a35410f-6e77-6928-be03-000000000b00} ProcessId: 7188 Image: C:\Users\Emil Jinu\AppData\Local\Microsoft\OneDrive\OneDrive.exe TargetObject: HKU\S-1-5-21-3351607045-2108423416-1727308141-1001_Classes\grvopen\shell\open\command\(Default) Details: ""C:\Users\Emil Jinu\AppData\Local\Microsoft\OneDrive\OneDrive.exe"" /url:""Incorrect function."" User: DESKTOP-EJG8QJC\Emil Jinu",0
"Process Create: RuleName: - UtcTime: 2025-11-27 15:48:52.338 ProcessGuid: {3a35410f-72e4-6928-a504-000000000b00} ProcessId: 5200 Image: C:\Windows\System32\notepad.exe FileVersion: 10.0.19041.5794 (WinBuild.160101.0800) Description: Notepad Product: Microsoft? Windows? Operating System Company: Microsoft Corporation OriginalFileName: NOTEPAD.EXE CommandLine: ""notepad.exe"" CurrentDirectory: C:\Windows\system32\ User: DESKTOP-EJG8QJC\Emil Jinu LogonGuid: {3a35410f-6604-6928-c9e6-200000000000} LogonId: 0x20E6C9 TerminalSessionId: 1 IntegrityLevel: Medium Hashes: MD5=6F51BCABF1B2B34AD7E670AEE6DA451F,SHA256=DA5807BB0997CC6B5132950EC87EDA2B33B1AC4533CF1F7A22A6F3B576ED7C5B,IMPHASH=09ED737A03DB7295BF734A9953F6EB5E ParentProcessGuid: {3a35410f-6568-6928-2400-000000000b00} ParentProcessId: 1532 ParentImage: C:\Windows\System32\svchost.exe ParentCommandLine: C:\Windows\system32\svchost.exe -k netsvcs -p -s Schedule ParentUser: NT AUTHORITY\SYSTEM",0
"Process Create: RuleName: - UtcTime: 2025-11-27 18:00:15.864 ProcessGuid: {3a35410f-91af-6928-090d-000000000b00} ProcessId: 7672 Image: C:\Windows\System32\cmd.exe FileVersion: 10.0.19041.4355 (WinBuild.160101.0800) Description: Windows Command Processor Product: Microsoft? Windows? Operating System Company: Microsoft Corporation OriginalFileName: Cmd.Exe CommandLine: ""C:\Windows\system32\cmd.exe"" /c echo proc 101 & timeout /t 1 >nul CurrentDirectory: C:\Windows\system32\ User: DESKTOP-EJG8QJC\Emil Jinu LogonGuid: {3a35410f-6604-6928-9de6-200000000000} LogonId: 0x20E69D TerminalSessionId: 1 IntegrityLevel: High Hashes: MD5=2B40C98ED0F7A1D3B091A3E8353132DC,SHA256=BADF4752413CB0CBDC03FB95820CA167F0CDC63B597CCDB5EF43111180E088B0,IMPHASH=272245E2988E1E430500B852C4FB5E18 ParentProcessGuid: {3a35410f-8dd3-6928-e507-000000000b00} ParentProcessId: 4396 ParentImage: C:\Windows\System32\WindowsPowerShell\v1.0\powershell.exe ParentCommandLine: ""C:\Windows\System32\WindowsPowerShell\v1.0\powershell.exe"" ParentUser: DESKTOP-EJG8QJC\Emil Jinu",1
File created: RuleName: DLL UtcTime: 2025-11-27 15:17:00.548 ProcessGuid: {3a35410f-656d-6928-5500-000000000b00} ProcessId: 720 Image: C:\Windows\system32\svchost.exe TargetFilename: C:\Program Files\WindowsApps\Microsoft.WindowsAppRuntime.1.2_2000.802.31.0_x64__8wekyb3d8bbwe\Microsoft.ui.xaml.resources.19h1.dll CreationUtcTime: 2025-11-27 15:17:00.548 User: NT AUTHORITY\SYSTEM,0
"Process Create: RuleName: - UtcTime: 2025-11-27 18:10:33.092 ProcessGuid: {3a35410f-9419-6928-8616-000000000b00} ProcessId: 5024 Image: C:\Windows\System32\timeout.exe FileVersion: 10.0.19041.1 (WinBuild.160101.0800) Description: timeout - pauses command processing Product: Microsoft? Windows? Operating System Company: Microsoft Corporation OriginalFileName: timeout.exe CommandLine: timeout /t 1 CurrentDirectory: C:\Users\Emil Jinu\ User: DESKTOP-EJG8QJC\Emil Jinu LogonGuid: {3a35410f-6604-6928-c9e6-200000000000} LogonId: 0x20E6C9 TerminalSessionId: 1 IntegrityLevel: Medium Hashes: MD5=100065E21CFBBDE57CBA2838921F84D6,SHA256=C8C350FAB1130644536DB6A84F605791367308B995079AD494D46A8C617C21D6,IMPHASH=0C91A5CE0FB26F4C5CE39E340F43873B ParentProcessGuid: {3a35410f-9418-6928-7c16-000000000b00} ParentProcessId: 12316 ParentImage: C:\Windows\System32\cmd.exe ParentCommandLine: ""C:\Windows\system32\cmd.exe"" /c echo proc 26 & timeout /t 1 >nul ParentUser: DESKTOP-EJG8QJC\Emil Jinu",1
"Process Create: RuleName: - UtcTime: 2025-11-27 17:57:34.919 ProcessGuid: {3a35410f-910e-6928-9409-000000000b00} ProcessId: 3644 Image: C:\Windows\System32\certutil.exe FileVersion: 10.0.19041.5794 (WinBuild.160101.0800) Description: CertUtil.exe Product: Microsoft? Windows? Operating System Company: Microsoft Corporation OriginalFileName: CertUtil.exe CommandLine: ""C:\Windows\system32\certutil.exe"" -hashfile C:\Windows\win.ini SHA256 CurrentDirectory: C:\Windows\system32\ User: DESKTOP-EJG8QJC\Emil Jinu LogonGuid: {3a35410f-6604-6928-9de6-200000000000} LogonId: 0x20E69D TerminalSessionId: 1 IntegrityLevel: High Hashes: MD5=E6384AD54B07F9783135586C71F82D1C,SHA256=FD1670B43E2D9188B12B233780BF043C5A90A67A2C6E3FCDC564A5C246531BC2,IMPHASH=5AFC8346D5AFF4A4862E8A7C91042465 ParentProcessGuid: {3a35410f-8dd3-6928-e507-000000000b00} ParentProcessId: 4396 ParentImage: C:\Windows\System32\WindowsPowerShell\v1.0\powershell.exe ParentCommandLine: ""C:\Windows\System32\WindowsPowerShell\v1.0\powershell.exe"" ParentUser: DESKTOP-EJG8QJC\Emil Jinu",1
File created: RuleName: DLL UtcTime: 2025-11-27 15:28:42.347 ProcessGuid: {3a35410f-656d-6928-5500-000000000b00} ProcessId: 720 Image: C:\Windows\system32\svchost.exe TargetFilename: C:\Program Files\WindowsApps\Microsoft.OutlookForWindows_1.2025.1111.100_x64__8wekyb3d8bbwe\olknh.dll CreationUtcTime: 2025-11-27 15:28:42.347 User: NT AUTHORITY\SYSTEM,0
File created: RuleName: - UtcTime: 2025-11-27 17:49:40.534 ProcessGuid: {3a35410f-8f34-6928-7808-000000000b00} ProcessId: 1776 Image: C:\Windows\System32\WindowsPowerShell\v1.0\powershell.exe TargetFilename: C:\Users\Emil Jinu\AppData\Local\Temp\__PSScriptPolicyTest_oezp2lbk.apk.ps1 CreationUtcTime: 2025-11-27 17:49:40.534 User: DESKTOP-EJG8QJC\Emil Jinu,1
"Process Create: RuleName: - UtcTime: 2025-11-27 17:19:24.123 ProcessGuid: {3a35410f-881c-6928-a106-000000000b00} ProcessId: 14632 Image: C:\Program Files (x86)\Microsoft\EdgeWebView\Application\142.0.3595.94\msedgewebview2.exe FileVersion: 142.0.3595.94 Description: Microsoft Edge WebView2 Product: Microsoft Edge WebView2 Company: Microsoft Corporation OriginalFileName: msedgewebview2.exe CommandLine: ""C:\Program Files (x86)\Microsoft\EdgeWebView\Application\142.0.3595.94\msedgewebview2.exe"" --type=utility --utility-sub-type=storage.mojom.StorageService --lang=en-US --service-sandbox-type=service --noerrdialogs --user-data-dir=""C:\Users\Emil Jinu\AppData\Local\Microsoft\OneDrive\EBWebView"" --webview-exe-name=OneDrive.exe --webview-exe-version=25.209.1026.0002 --embedded-browser-webview=1 --embedded-browser-webview-dpi-awareness=1 --startup-read-main-dll --metrics-shmem-handle=2412,i,17377490625761328551,5848767029055182709,524288 --field-trial-handle=1908,i,2828060785182575060,11647986510811050607,262144 --enable-features=ForceSWDCompWhenDCompFallbackRequired,LocalNetworkAccessForFencedFrameNavigationsWarningOnly,LocalNetworkAccessForNavigationsWarningOnly,LocalNetworkAccessForSubframeNavigationsWarningOnly,LocalNetworkAccessForWorkersWarningOnly,msAggressiveCacheTrimming,msCustomDataPartition,msWebView2NoTabForScreenShare,msWindowsTaskManager --disable-features=BackForwardCache,BackgroundTabLoadingFromPerformanceManager,CloseOmniboxPopupOnInactiveAreaClick,CollectAVProductsInfo,CollectCodeIntegrityInfo,DeferSpeculativeRFHCreation,EnableHangWatcher,FilterAdsOnAbusiveSites,GetWifiProtocol,LoginDetection,MediaFoundationCameraUsageMonitoring,PreconnectToSearch,PreloadingEagerHeuristics,SafetyHub,SegmentationPlatform,ServiceWorkerAutoPreload,SpareRendererForSitePerProcess,Ukm,WebPayments,msAITrackerClassification,msAbydosForWindowlessWV2,msAffirmVirtualCard,msAllowChromeWebstore,msAllowMSAPrtSSOForNonMSAProfile,msApplicationGuard,msAskBeforeClosingMultipleTabs,msAutoToggleAADPrtSSOForNonAADProfile,msAutofillEdgeServiceRequest,msAutofillEnableEdgeSuggestions,msAutomaticTabFreeze,msBrowserSettingsSupported,msCoarseGeolocationService,msDataProtection,msDesktopMode,msDesktopRewards,msDisableVariationsSeedFetchThrottling,msEEProactiveHistory,msETFOffstoreExtensionFileDataCollection,msETFPasswordTheftDNRActionSignals,msEdgeAdPlatformUI,msEdgeAddWebCapturetoCollections,msEdgeAutofillShowDeployedPassword,msEdgeCaptureSelectionInPDF,msEdgeCloudConfigService,msEdgeCloudConfigServiceV2,msEdgeCohorts,msEdgeCollectionsPrismExperiment1,msEdgeCollectionsPrismOverallMigration,msEdgeComposeNext,msEdgeEnableNurturingFramework,msEdgeEnclavePrefsBasic,msEdgeEnclavePrefsNotification,msEdgeFaviconService,msEdgeHJTelemetry,msEdgeHubAppSkype,msEdgeImageEditorUI,msEdgeLinkDoctor,msEdgeMouseGestureDefaultEnabled,msEdgeMouseGestureSupported,msEdgeNewDeviceFre,msEdgeOnRampFRE,msEdgeOnRampImport,msEdgePDFCMHighlightUX,msEdgePasswordIris,msEdgePasswordIrisSaveBubble,msEdgePasswordStrengthCheck,msEdgePinpointFramework,msEdgeProngPersonalization,msEdgeReadingView,msEdgeRose,msEdgeScreenshotUI,msEdgeSendTabToSelf,msEdgeSettingsImport,msEdgeSettingsImportV2,msEdgeShoppingPersistentStorage,msEdgeShoppingUI,msEdgeSmartFind,msEdgeSuperDragDefaultEnabled,msEdgeSuperDragDropSupported,msEdgeTranslate,msEdgeUpdatesMoreMenuPill,msEdgeWebCapture,msEdgeWebCaptureUniformExperience,msEdgeWebContentFilteringFeedback,msEdgeWorkSearchBanner,msEnableCustomJobMemoryLimitsOnXbox,msEnableMIPForPDF,msEnablePdfUpsell,msEnableThirdPartyScanning,msEnableWebSignInCta,msEnableWebToBrowserSignIn,msEndpointDlp,msEnhancedTrackingPreventionEnabled,msEntityExtraction,msExtensionTelemetryFramework,msExternalTaskManager,msFileSystemAccessDirectoryIterationBlocklistCheck,msForceBrowserSignIn,msForeignSessionsPage,msGeolocationAccessService,msGeolocationOSLocationPermissionFallback,msGeolocationSQMService,msGeolocationService,msGrowthInfraLaunchSourceLogging,msGuidedSwitchAllowed,msHubPinPersist,msImplicitSignin,msIrm,msIrmv2,msKlarnaVirtualCard,msLlmConsumerDlpPurview,msLoadStatistics,msLogIsEdgePinnedToTaskbarOnLaunch,msMIPCrossTenantPdfViewSupport,msMdatpWebSiteDlp,msNotificationPermissionForPWA,msNumberOfSitesToPin,msNurturingGlobalSitePinningOnCloseModal,msNurturingSitePinningCITopSites,msNurturingSitePinningWithWindowsConsent,msOnHoverSearchInSidebar,msOpenOfficeDocumentsInWebViewer,msPageInteractionRestrictionRevoke,msPasswordBreachDetection,msPdfAnnotationsVisibility,msPdfDataRecovery,msPdfDigitalSignatureRead,msPdfFreeText,msPdfFreeTextForCJK,msPdfHighlightMode,msPdfInking,msPdfKeyphraseSupport,msPdfOOUI,msPdfPopupMarkerRenderer,msPdfShare,msPdfSharedLibrary,msPdfTextNote,msPdfTextNoteMoreMenu,msPdfThumbnailCache,msPdfUnderside,msPdfViewRestore,msPersonalizationUMA,msPriceComparison,msPromptDefaultHandlerForPDF,msReactiveSearch,msReadAloud,msReadAloudPdf,msRedirectToShoreline,msRevokeExtensions,msSaasDlp,msShoppingTrigger,msShorelineSearch,msShorelineSearchFindOnPageWebUI,msShowOfflineGameEntrance,msShowReadAloudIconInAddressBar,msShowUXForAADPrtSSOForNonAADProfile,msSitePinningWithoutUi,msSuspendMessageForNewSessionWhenHavingPendingNavigation,msSyncEdgeCollections,msTabResourceStats,msTokenizationAutofillInlineEnabled,msTouchMode,msTriggeringSignalGenerator,msUserUnderstanding,msVideoSuperResolutionUI,msWalletBuyNow,msWalletCheckout,msWalletDiagnosticDataLogger,msWalletHubEntry,msWalletHubIntlP3,msWalletPartialCard,msWalletPasswordCategorization,msWalletPasswordCategorizationPlatformExpansion,msWalletTokenizationCardMetadata,msWalletTokenizedAutofill,msWebAssist,msWebAssistHistorySearchService,msWebOOUI,msWindowsUserActivities,msZipPayVirtualCard --variations-seed-version --trace-process-track-uuid=3190708990060038890 --mojo-platform-channel-handle=2428 /prefetch:8 CurrentDirectory: C:\Program Files (x86)\Microsoft\EdgeWebView\Application\142.0.3595.94\ User: DESKTOP-EJG8QJC\Emil Jinu LogonGuid: {3a35410f-6604-6928-c9e6-200000000000} LogonId: 0x20E6C9 TerminalSessionId: 1 IntegrityLevel: Low Hashes: MD5=AB9D05DB45C4F5ACB48984012D529A8C,SHA256=A8DC2D7B26405E4B5173B3516C4E2758699212C2BF29D10F494767ACE06689A9,IMPHASH=4C2A67DEB457B8BF9F317820EE11E05D ParentProcessGuid: {3a35410f-881b-6928-9d06-000000000b00} ParentProcessId: 11772 ParentImage: C:\Program Files (x86)\Microsoft\EdgeWebView\Application\142.0.3595.94\msedgewebview2.exe ParentCommandLine: ""C:\Program Files (x86)\Microsoft\EdgeWebView\Application\142.0.3595.94\msedgewebview2.exe"" --embedded-browser-webview=1 --webview-exe-name=OneDrive.exe --webview-exe-version=25.209.1026.0002 --user-data-dir=""C:\Users\Emil Jinu\AppData\Local\Microsoft\OneDrive\EBWebView"" --noerrdialogs --embedded-browser-webview-dpi-awareness=1 --disable-features=msEnhancedTrackingPreventionEnabled --mojo-named-platform-channel-pipe=9588.9932.967994542741209836 ParentUser: DESKTOP-EJG8QJC\Emil Jinu",0
"Process Create: RuleName: - UtcTime: 2025-11-27 16:52:17.519 ProcessGuid: {3a35410f-81c1-6928-a505-000000000b00} ProcessId: 8136 Image: C:\Windows\System32\notepad.exe FileVersion: 10.0.19041.5794 (WinBuild.160101.0800) Description: Notepad Product: Microsoft? Windows? Operating System Company: Microsoft Corporation OriginalFileName: NOTEPAD.EXE CommandLine: ""C:\Windows\system32\notepad.exe"" CurrentDirectory: C:\Users\Emil Jinu\ User: DESKTOP-EJG8QJC\Emil Jinu LogonGuid: {3a35410f-6604-6928-c9e6-200000000000} LogonId: 0x20E6C9 TerminalSessionId: 1 IntegrityLevel: Medium Hashes: MD5=6F51BCABF1B2B34AD7E670AEE6DA451F,SHA256=DA5807BB0997CC6B5132950EC87EDA2B33B1AC4533CF1F7A22A6F3B576ED7C5B,IMPHASH=09ED737A03DB7295BF734A9953F6EB5E ParentProcessGuid: {3a35410f-717b-6928-7704-000000000b00} ParentProcessId: 9908 ParentImage: C:\Windows\System32\WindowsPowerShell\v1.0\powershell.exe ParentCommandLine: ""C:\Windows\System32\WindowsPowerShell\v1.0\powershell.exe"" ParentUser: DESKTOP-EJG8QJC\Emil Jinu",0
"Process Create: RuleName: - UtcTime: 2025-11-27 18:02:23.599 ProcessGuid: {3a35410f-922f-6928-860f-000000000b00} ProcessId: 9828 Image: C:\Windows\System32\certutil.exe FileVersion: 10.0.19041.5794 (WinBuild.160101.0800) Description: CertUtil.exe Product: Microsoft? Windows? Operating System Company: Microsoft Corporation OriginalFileName: CertUtil.exe CommandLine: ""C:\Windows\system32\certutil.exe"" -hashfile C:\Windows\win.ini SHA256 CurrentDirectory: C:\Windows\system32\ User: DESKTOP-EJG8QJC\Emil Jinu LogonGuid: {3a35410f-6604-6928-9de6-200000000000} LogonId: 0x20E69D TerminalSessionId: 1 IntegrityLevel: High Hashes: MD5=E6384AD54B07F9783135586C71F82D1C,SHA256=FD1670B43E2D9188B12B233780BF043C5A90A67A2C6E3FCDC564A5C246531BC2,IMPHASH=5AFC8346D5AFF4A4862E8A7C91042465 ParentProcessGuid: {3a35410f-8dd3-6928-e507-000000000b00} ParentProcessId: 4396 ParentImage: C:\Windows\System32\WindowsPowerShell\v1.0\powershell.exe ParentCommandLine: ""C:\Windows\System32\WindowsPowerShell\v1.0\powershell.exe"" ParentUser: DESKTOP-EJG8QJC\Emil Jinu",1
File created: RuleName: - UtcTime: 2025-11-27 18:10:18.221 ProcessGuid: {3a35410f-9407-6928-1616-000000000b00} ProcessId: 17292 Image: C:\Windows\System32\WindowsPowerShell\v1.0\powershell.exe TargetFilename: C:\Users\Emil Jinu\AppData\Local\Temp\__PSScriptPolicyTest_xlapecsd.w1q.ps1 CreationUtcTime: 2025-11-27 18:10:18.221 User: DESKTOP-EJG8QJC\Emil Jinu,1
"Process Create: RuleName: - UtcTime: 2025-11-27 18:00:33.712 ProcessGuid: {3a35410f-91c1-6928-680d-000000000b00} ProcessId: 11540 Image: C:\Windows\System32\certutil.exe FileVersion: 10.0.19041.5794 (WinBuild.160101.0800) Description: CertUtil.exe Product: Microsoft? Windows? Operating System Company: Microsoft Corporation OriginalFileName: CertUtil.exe CommandLine: ""C:\Windows\system32\certutil.exe"" -hashfile C:\Windows\win.ini SHA256 CurrentDirectory: C:\Windows\system32\ User: DESKTOP-EJG8QJC\Emil Jinu LogonGuid: {3a35410f-6604-6928-9de6-200000000000} LogonId: 0x20E69D TerminalSessionId: 1 IntegrityLevel: High Hashes: MD5=E6384AD54B07F9783135586C71F82D1C,SHA256=FD1670B43E2D9188B12B233780BF043C5A90A67A2C6E3FCDC564A5C246531BC2,IMPHASH=5AFC8346D5AFF4A4862E8A7C91042465 ParentProcessGuid: {3a35410f-8dd3-6928-e507-000000000b00} ParentProcessId: 4396 ParentImage: C:\Windows\System32\WindowsPowerShell\v1.0\powershell.exe ParentCommandLine: ""C:\Windows\System32\WindowsPowerShell\v1.0\powershell.exe"" ParentUser: DESKTOP-EJG8QJC\Emil Jinu",1
"Process Create: RuleName: - UtcTime: 2025-11-27 15:04:16.054 ProcessGuid: {3a35410f-6870-6928-5002-000000000b00} ProcessId: 5196 Image: C:\Program Files\BraveSoftware\Brave-Browser\Application\brave.exe FileVersion: 142.1.84.141 Description: Brave Browser Product: Brave Browser Company: Brave Software, Inc. OriginalFileName: brave.exe CommandLine: ""C:\Program Files\BraveSoftware\Brave-Browser\Application\brave.exe"" --type=renderer --enable-distillability-service --origin-trial-public-key=bYUKPJoPnCxeNvu72j4EmPuK7tr1PAC7SHh8ld9Mw3E=,fMS4mpO6buLQ/QMd+zJmxzty/VQ6B1EUZqoCU04zoRU= --disable-gpu-compositing --video-capture-use-gpu-memory-buffer --lang=en-US --device-scale-factor=1 --num-raster-threads=2 --enable-main-frame-before-activation --renderer-client-id=19 --time-ticks-at-unix-epoch=-1764255074148427 --launch-time-ticks=777802256 --metrics-shmem-handle=6788,i,11360404887947819207,7107678830659221462,2097152 --field-trial-handle=2088,i,15737328150160352450,12922077001648796216,262144 --variations-seed-version=main@69c2005032bb14f803911c3458ab063c42bfa450 --trace-process-track-uuid=3190709004115666625 --mojo-platform-channel-handle=6368 /prefetch:1 CurrentDirectory: C:\Program Files\BraveSoftware\Brave-Browser\Application\142.1.84.141\ User: DESKTOP-EJG8QJC\Emil Jinu LogonGuid: {3a35410f-6604-6928-c9e6-200000000000} LogonId: 0x20E6C9 TerminalSessionId: 1 IntegrityLevel: Low Hashes: MD5=D4E095946579C449803E47CFA028475E,SHA256=234A39FA17CC44BD8F5610B61997B7C69B289BC664A4D6B0AD8141ECC6685D2D,IMPHASH=3E82AE93B8102462DDA81604AF164E8E ParentProcessGuid: {3a35410f-684a-6928-3802-000000000b00} ParentProcessId: 1712 ParentImage: C:\Program Files\BraveSoftware\Brave-Browser\Application\brave.exe ParentCommandLine: ""C:\Program Files\BraveSoftware\Brave-Browser\Application\brave.exe"" ParentUser: DESKTOP-EJG8QJC\Emil Jinu",0
File created: RuleName: - UtcTime: 2025-11-27 18:10:28.409 ProcessGuid: {3a35410f-9411-6928-5d16-000000000b00} ProcessId: 8312 Image: C:\Windows\System32\WindowsPowerShell\v1.0\powershell.exe TargetFilename: C:\Users\Emil Jinu\AppData\Local\Temp\__PSScriptPolicyTest_ihbthvtd.egm.ps1 CreationUtcTime: 2025-11-27 18:10:28.409 User: DESKTOP-EJG8QJC\Emil Jinu,1
"Process Create: RuleName: - UtcTime: 2025-11-27 17:51:47.653 ProcessGuid: {3a35410f-8fb3-6928-af08-000000000b00} ProcessId: 8596 Image: C:\Windows\System32\WindowsPowerShell\v1.0\powershell.exe FileVersion: 10.0.19041.3996 (WinBuild.160101.0800) Description: Windows PowerShell Product: Microsoft? Windows? Operating System Company: Microsoft Corporation OriginalFileName: PowerShell.EXE CommandLine: ""C:\Windows\System32\WindowsPowerShell\v1.0\powershell.exe"" -Command ""Write-Output 'Test 198'"" CurrentDirectory: C:\Windows\system32\ User: DESKTOP-EJG8QJC\Emil Jinu LogonGuid: {3a35410f-6604-6928-9de6-200000000000} LogonId: 0x20E69D TerminalSessionId: 1 IntegrityLevel: High Hashes: MD5=2E5A8590CF6848968FC23DE3FA1E25F1,SHA256=9785001B0DCF755EDDB8AF294A373C0B87B2498660F724E76C4D53F9C217C7A3,IMPHASH=3D08F4848535206D772DE145804FF4B6 ParentProcessGuid: {3a35410f-8dd3-6928-e507-000000000b00} ParentProcessId: 4396 ParentImage: C:\Windows\System32\WindowsPowerShell\v1.0\powershell.exe ParentCommandLine: ""C:\Windows\System32\WindowsPowerShell\v1.0\powershell.exe"" ParentUser: DESKTOP-EJG8QJC\Emil Jinu",1
"Process Create: RuleName: - UtcTime: 2025-11-27 18:06:19.783 ProcessGuid: {3a35410f-931b-6928-9c14-000000000b00} ProcessId: 16568 Image: C:\Windows\System32\net.exe FileVersion: 10.0.19041.1 (WinBuild.160101.0800) Description: Net Command Product: Microsoft? Windows? Operating System Company: Microsoft Corporation OriginalFileName: net.exe CommandLine: ""C:\Windows\system32\net.exe"" user CurrentDirectory: C:\Windows\system32\ User: DESKTOP-EJG8QJC\Emil Jinu LogonGuid: {3a35410f-6604-6928-9de6-200000000000} LogonId: 0x20E69D TerminalSessionId: 1 IntegrityLevel: High Hashes: MD5=0BD94A338EEA5A4E1F2830AE326E6D19,SHA256=9F376759BCBCD705F726460FC4A7E2B07F310F52BAA73CAAAAA124FDDBDF993E,IMPHASH=57F0C47AE2A1A2C06C8B987372AB0B07 ParentProcessGuid: {3a35410f-8dd3-6928-e507-000000000b00} ParentProcessId: 4396 ParentImage: C:\Windows\System32\WindowsPowerShell\v1.0\powershell.exe ParentCommandLine: ""C:\Windows\System32\WindowsPowerShell\v1.0\powershell.exe"" ParentUser: DESKTOP-EJG8QJC\Emil Jinu",1
"Process Create: RuleName: - UtcTime: 2025-11-27 18:10:35.240 ProcessGuid: {3a35410f-941b-6928-8c16-000000000b00} ProcessId: 14000 Image: C:\Windows\System32\certutil.exe FileVersion: 10.0.19041.5794 (WinBuild.160101.0800) Description: CertUtil.exe Product: Microsoft? Windows? Operating System Company: Microsoft Corporation OriginalFileName: CertUtil.exe CommandLine: ""C:\Windows\system32\certutil.exe"" -hashfile C:\Windows\win.ini SHA256 CurrentDirectory: C:\Users\Emil Jinu\ User: DESKTOP-EJG8QJC\Emil Jinu LogonGuid: {3a35410f-6604-6928-c9e6-200000000000} LogonId: 0x20E6C9 TerminalSessionId: 1 IntegrityLevel: Medium Hashes: MD5=E6384AD54B07F9783135586C71F82D1C,SHA256=FD1670B43E2D9188B12B233780BF043C5A90A67A2C6E3FCDC564A5C246531BC2,IMPHASH=5AFC8346D5AFF4A4862E8A7C91042465 ParentProcessGuid: {3a35410f-93eb-6928-6715-000000000b00} ParentProcessId: 6344 ParentImage: C:\Windows\System32\WindowsPowerShell\v1.0\powershell.exe ParentCommandLine: ""C:\Windows\System32\WindowsPowerShell\v1.0\powershell.exe"" ParentUser: DESKTOP-EJG8QJC\Emil Jinu",1
Registry value set: RuleName: T1122 EventType: SetValue UtcTime: 2025-11-27 17:19:56.016 ProcessGuid: {3a35410f-883b-6928-bf06-000000000b00} ProcessId: 3732 Image: C:\Users\Emil Jinu\AppData\Local\Microsoft\OneDrive\OneDrive.exe TargetObject: HKU\S-1-5-21-3351607045-2108423416-1727308141-1001_Classes\CLSID\{1BF42E4C-4AF4-4CFD-A1A0-CF2960B8F63E}\InprocServer32\(Default) Details: C:\Users\Emil Jinu\AppData\Local\Microsoft\OneDrive\25.209.1026.0002\FileSyncShell64.dll User: DESKTOP-EJG8QJC\Emil Jinu,0
"Process Create: RuleName: - UtcTime: 2025-11-27 16:50:03.599 ProcessGuid: {3a35410f-813b-6928-5c05-000000000b00} ProcessId: 4736 Image: C:\Windows\System32\notepad.exe FileVersion: 10.0.19041.5794 (WinBuild.160101.0800) Description: Notepad Product: Microsoft? Windows? Operating System Company: Microsoft Corporation OriginalFileName: NOTEPAD.EXE CommandLine: ""C:\Windows\system32\notepad.exe"" CurrentDirectory: C:\Users\Emil Jinu\ User: DESKTOP-EJG8QJC\Emil Jinu LogonGuid: {3a35410f-6604-6928-c9e6-200000000000} LogonId: 0x20E6C9 TerminalSessionId: 1 IntegrityLevel: Medium Hashes: MD5=6F51BCABF1B2B34AD7E670AEE6DA451F,SHA256=DA5807BB0997CC6B5132950EC87EDA2B33B1AC4533CF1F7A22A6F3B576ED7C5B,IMPHASH=09ED737A03DB7295BF734A9953F6EB5E ParentProcessGuid: {3a35410f-717b-6928-7704-000000000b00} ParentProcessId: 9908 ParentImage: C:\Windows\System32\WindowsPowerShell\v1.0\powershell.exe ParentCommandLine: ""C:\Windows\System32\WindowsPowerShell\v1.0\powershell.exe"" ParentUser: DESKTOP-EJG8QJC\Emil Jinu",0
"Process Create: RuleName: - UtcTime: 2025-11-27 18:04:46.916 ProcessGuid: {3a35410f-92be-6928-c212-000000000b00} ProcessId: 13036 Image: C:\Program Files\BraveSoftware\Brave-Browser\Application\brave.exe FileVersion: 142.1.84.141 Description: Brave Browser Product: Brave Browser Company: Brave Software, Inc. OriginalFileName: brave.exe CommandLine: ""C:\Program Files\BraveSoftware\Brave-Browser\Application\brave.exe"" --type=renderer --enable-distillability-service --origin-trial-public-key=bYUKPJoPnCxeNvu72j4EmPuK7tr1PAC7SHh8ld9Mw3E=,fMS4mpO6buLQ/QMd+zJmxzty/VQ6B1EUZqoCU04zoRU= --disable-gpu-compositing --video-capture-use-gpu-memory-buffer --lang=en-US --device-scale-factor=1 --num-raster-threads=2 --enable-main-frame-before-activation --renderer-client-id=37 --time-ticks-at-unix-epoch=-1764255096121325 --launch-time-ticks=11580822964 --metrics-shmem-handle=9220,i,12234623449664815388,14027883312456005345,2097152 --field-trial-handle=2116,i,4317584078096433513,18029839939329323353,262144 --variations-seed-version=main@69c2005032bb14f803911c3458ab063c42bfa450 --trace-process-track-uuid=3190709020982419907 --mojo-platform-channel-handle=8376 /prefetch:1 CurrentDirectory: C:\Program Files\BraveSoftware\Brave-Browser\Application\142.1.84.141\ User: DESKTOP-EJG8QJC\Emil Jinu LogonGuid: {3a35410f-6604-6928-c9e6-200000000000} LogonId: 0x20E6C9 TerminalSessionId: 1 IntegrityLevel: Low Hashes: MD5=D4E095946579C449803E47CFA028475E,SHA256=234A39FA17CC44BD8F5610B61997B7C69B289BC664A4D6B0AD8141ECC6685D2D,IMPHASH=3E82AE93B8102462DDA81604AF164E8E ParentProcessGuid: {3a35410f-927d-6928-c610-000000000b00} ParentProcessId: 11048 ParentImage: C:\Program Files\BraveSoftware\Brave-Browser\Application\brave.exe ParentCommandLine: ""C:\Program Files\BraveSoftware\Brave-Browser\Application\brave.exe"" --disable-domain-reliability --enable-dom-distiller --enable-distillability-service --origin-trial-public-key=bYUKPJoPnCxeNvu72j4EmPuK7tr1PAC7SHh8ld9Mw3E=,fMS4mpO6buLQ/QMd+zJmxzty/VQ6B1EUZqoCU04zoRU= --lso-url=https://no-thanks.invalid --variations-server-url=https://variations.brave.com/seed --variations-insecure-server-url=https://variations.brave.com/seed --flag-switches-begin --flag-switches-end --component-updater=url-source=https://go-updater.brave.com/extensions --do-not-de-elevate --single-argument http://malicious.test/1 ParentUser: DESKTOP-EJG8QJC\Emil Jinu",1
"Process Create: RuleName: - UtcTime: 2025-11-27 18:10:45.626 ProcessGuid: {3a35410f-9425-6928-f316-000000000b00} ProcessId: 11524 Image: C:\Windows\System32\cmd.exe FileVersion: 10.0.19041.4355 (WinBuild.160101.0800) Description: Windows Command Processor Product: Microsoft? Windows? Operating System Company: Microsoft Corporation OriginalFileName: Cmd.Exe CommandLine: ""C:\Windows\system32\cmd.exe"" /c echo proc 37 & timeout /t 1 >nul CurrentDirectory: C:\Users\Emil Jinu\ User: DESKTOP-EJG8QJC\Emil Jinu LogonGuid: {3a35410f-6604-6928-c9e6-200000000000} LogonId: 0x20E6C9 TerminalSessionId: 1 IntegrityLevel: Medium Hashes: MD5=2B40C98ED0F7A1D3B091A3E8353132DC,SHA256=BADF4752413CB0CBDC03FB95820CA167F0CDC63B597CCDB5EF43111180E088B0,IMPHASH=272245E2988E1E430500B852C4FB5E18 ParentProcessGuid: {3a35410f-93eb-6928-6715-000000000b00} ParentProcessId: 6344 ParentImage: C:\Windows\System32\WindowsPowerShell\v1.0\powershell.exe ParentCommandLine: ""C:\Windows\System32\WindowsPowerShell\v1.0\powershell.exe"" ParentUser: DESKTOP-EJG8QJC\Emil Jinu",1
Registry value set: RuleName: InvDB-DriverVer EventType: SetValue UtcTime: 2025-11-27 15:04:43.179 ProcessGuid: {3a35410f-658e-6928-7600-000000000b00} ProcessId: 2560 Image: C:\Windows\system32\svchost.exe TargetObject: \REGISTRY\A\{9309e89c-9321-cf1a-3889-0090faa6586f}\Root\InventoryDevicePnp\swd/msrras/ms_sstpminiport\DriverVerVersion Details: 10.0.19041.1 User: NT AUTHORITY\SYSTEM,0
"Process Create: RuleName: - UtcTime: 2025-11-27 18:00:32.903 ProcessGuid: {3a35410f-91c0-6928-610d-000000000b00} ProcessId: 2140 Image: C:\Windows\System32\timeout.exe FileVersion: 10.0.19041.1 (WinBuild.160101.0800) Description: timeout - pauses command processing Product: Microsoft? Windows? Operating System Company: Microsoft Corporation OriginalFileName: timeout.exe CommandLine: timeout /t 1 CurrentDirectory: C:\Windows\system32\ User: DESKTOP-EJG8QJC\Emil Jinu LogonGuid: {3a35410f-6604-6928-9de6-200000000000} LogonId: 0x20E69D TerminalSessionId: 1 IntegrityLevel: High Hashes: MD5=100065E21CFBBDE57CBA2838921F84D6,SHA256=C8C350FAB1130644536DB6A84F605791367308B995079AD494D46A8C617C21D6,IMPHASH=0C91A5CE0FB26F4C5CE39E340F43873B ParentProcessGuid: {3a35410f-91be-6928-560d-000000000b00} ParentProcessId: 14668 ParentImage: C:\Windows\System32\cmd.exe ParentCommandLine: ""C:\Windows\system32\cmd.exe"" /c echo proc 108 & timeout /t 1 >nul ParentUser: DESKTOP-EJG8QJC\Emil Jinu",1
"Process Create: RuleName: - UtcTime: 2025-11-27 18:10:09.976 ProcessGuid: {3a35410f-9401-6928-dd15-000000000b00} ProcessId: 17804 Image: C:\Windows\System32\WindowsPowerShell\v1.0\powershell.exe FileVersion: 10.0.19041.3996 (WinBuild.160101.0800) Description: Windows PowerShell Product: Microsoft? Windows? Operating System Company: Microsoft Corporation OriginalFileName: PowerShell.EXE CommandLine: ""C:\Windows\System32\WindowsPowerShell\v1.0\powershell.exe"" -EncodedCommand VwByAGkAdABlAC0ATwB1AHQAcAB1AHQAIAAnAEUAMQAxACcA CurrentDirectory: C:\Users\Emil Jinu\ User: DESKTOP-EJG8QJC\Emil Jinu LogonGuid: {3a35410f-6604-6928-c9e6-200000000000} LogonId: 0x20E6C9 TerminalSessionId: 1 IntegrityLevel: Medium Hashes: MD5=2E5A8590CF6848968FC23DE3FA1E25F1,SHA256=9785001B0DCF755EDDB8AF294A373C0B87B2498660F724E76C4D53F9C217C7A3,IMPHASH=3D08F4848535206D772DE145804FF4B6 ParentProcessGuid: {3a35410f-93eb-6928-6715-000000000b00} ParentProcessId: 6344 ParentImage: C:\Windows\System32\WindowsPowerShell\v1.0\powershell.exe ParentCommandLine: ""C:\Windows\System32\WindowsPowerShell\v1.0\powershell.exe"" ParentUser: DESKTOP-EJG8QJC\Emil Jinu",1
File created: RuleName: - UtcTime: 2025-11-27 17:57:06.408 ProcessGuid: {3a35410f-90ef-6928-0709-000000000b00} ProcessId: 9632 Image: C:\Windows\System32\WindowsPowerShell\v1.0\powershell.exe TargetFilename: C:\Users\Emil Jinu\AppData\Local\Temp\__PSScriptPolicyTest_azawd0rf.evc.ps1 CreationUtcTime: 2025-11-27 17:57:06.408 User: DESKTOP-EJG8QJC\Emil Jinu,1
Registry value set: RuleName: T1122 EventType: SetValue UtcTime: 2025-11-27 15:30:00.028 ProcessGuid: {3a35410f-6e76-6928-bd03-000000000b00} ProcessId: 8168 Image: C:\Users\Emil Jinu\AppData\Local\Microsoft\OneDrive\OneDrive.exe TargetObject: HKU\S-1-5-21-3351607045-2108423416-1727308141-1001_Classes\WOW6432Node\CLSID\{5AB7172C-9C11-405C-8DD5-AF20F3606282}\InprocServer32\(Default) Details: C:\Users\Emil Jinu\AppData\Local\Microsoft\OneDrive\25.209.1026.0002\i386\FileSyncShell.dll User: DESKTOP-EJG8QJC\Emil Jinu,0
"Process Create: RuleName: - UtcTime: 2025-11-27 17:58:10.004 ProcessGuid: {3a35410f-9132-6928-570a-000000000b00} ProcessId: 12544 Image: C:\Windows\System32\WindowsPowerShell\v1.0\powershell.exe FileVersion: 10.0.19041.3996 (WinBuild.160101.0800) Description: Windows PowerShell Product: Microsoft? Windows? Operating System Company: Microsoft Corporation OriginalFileName: PowerShell.EXE CommandLine: ""C:\Windows\System32\WindowsPowerShell\v1.0\powershell.exe"" -NoProfile -ExecutionPolicy Bypass -Command Write-Output 'PS 38'; Start-Sleep -Seconds 1 CurrentDirectory: C:\Windows\system32\ User: DESKTOP-EJG8QJC\Emil Jinu LogonGuid: {3a35410f-6604-6928-9de6-200000000000} LogonId: 0x20E69D TerminalSessionId: 1 IntegrityLevel: High Hashes: MD5=2E5A8590CF6848968FC23DE3FA1E25F1,SHA256=9785001B0DCF755EDDB8AF294A373C0B87B2498660F724E76C4D53F9C217C7A3,IMPHASH=3D08F4848535206D772DE145804FF4B6 ParentProcessGuid: {3a35410f-8dd3-6928-e507-000000000b00} ParentProcessId: 4396 ParentImage: C:\Windows\System32\WindowsPowerShell\v1.0\powershell.exe ParentCommandLine: ""C:\Windows\System32\WindowsPowerShell\v1.0\powershell.exe"" ParentUser: DESKTOP-EJG8QJC\Emil Jinu",1
File created: RuleName: DLL UtcTime: 2025-11-27 15:34:45.289 ProcessGuid: {3a35410f-6ddc-6928-9503-000000000b00} ProcessId: 2712 Image: C:\Program Files (x86)\Microsoft\EdgeWebView\Application\142.0.3595.94\msedgewebview2.exe TargetFilename: C:\Users\EMILJI~1\AppData\Local\Temp\chrome_Unpacker_BeginUnzipping2712_1505406706\Microsoft.CognitiveServices.Speech.core.dll CreationUtcTime: 2025-11-27 15:34:45.289 User: DESKTOP-EJG8QJC\Emil Jinu,0
"Process Create: RuleName: - UtcTime: 2025-11-27 15:03:39.553 ProcessGuid: {3a35410f-684b-6928-3b02-000000000b00} ProcessId: 7552 Image: C:\Program Files\BraveSoftware\Brave-Browser\Application\brave.exe FileVersion: 142.1.84.141 Description: Brave Browser Product: Brave Browser Company: Brave Software, Inc. OriginalFileName: brave.exe CommandLine: ""C:\Program Files\BraveSoftware\Brave-Browser\Application\brave.exe"" --type=utility --utility-sub-type=network.mojom.NetworkService --lang=en-US --service-sandbox-type=none --start-stack-profiler --metrics-shmem-handle=2284,i,1779944443227805480,3686934853126412037,524288 --field-trial-handle=2088,i,15737328150160352450,12922077001648796216,262144 --variations-seed-version=main@69c2005032bb14f803911c3458ab063c42bfa450 --trace-process-track-uuid=3190708989122997041 --mojo-platform-channel-handle=2288 /prefetch:3 CurrentDirectory: C:\Program Files\BraveSoftware\Brave-Browser\Application\142.1.84.141\ User: DESKTOP-EJG8QJC\Emil Jinu LogonGuid: {3a35410f-6604-6928-c9e6-200000000000} LogonId: 0x20E6C9 TerminalSessionId: 1 IntegrityLevel: Medium Hashes: MD5=D4E095946579C449803E47CFA028475E,SHA256=234A39FA17CC44BD8F5610B61997B7C69B289BC664A4D6B0AD8141ECC6685D2D,IMPHASH=3E82AE93B8102462DDA81604AF164E8E ParentProcessGuid: {3a35410f-684a-6928-3802-000000000b00} ParentProcessId: 1712 ParentImage: C:\Program Files\BraveSoftware\Brave-Browser\Application\brave.exe ParentCommandLine: ""C:\Program Files\BraveSoftware\Brave-Browser\Application\brave.exe"" ParentUser: DESKTOP-EJG8QJC\Emil Jinu",0
Registry value set: RuleName: - EventType: SetValue UtcTime: 2025-11-27 17:20:06.664 ProcessGuid: {3a35410f-8846-6928-cd06-000000000b00} ProcessId: 10516 Image: C:\Users\Emil Jinu\AppData\Local\Microsoft\OneDrive\OneDrive.exe TargetObject: HKU\S-1-5-21-3351607045-2108423416-1727308141-1001_Classes\lnkfile\shellex\ContextMenuHandlers\ FileSyncEx\(Default) Details: {CB3D0F55-BC2C-4C1A-85ED-23ED75B5106B} User: DESKTOP-EJG8QJC\Emil Jinu,0
