"Process Create: RuleName: - UtcTime: 2025-11-27 17:45:56.153 ProcessGuid: {3a35410f-8e54-6928-fb07-000000000b00} ProcessId: 10652 Image: C:\Windows\System32\WindowsPowerShell\v1.0\powershell.exe FileVersion: 10.0.19041.3996 (WinBuild.160101.0800) Description: Windows PowerShell Product: Microsoft? Windows? Operating System Company: Microsoft Corporation OriginalFileName: PowerShell.EXE CommandLine: ""C:\Windows\System32\WindowsPowerShell\v1.0\powershell.exe"" -Command ""Write-Output 'Test 20'"" CurrentDirectory: C:\Windows\system32\ User: DESKTOP-EJG8QJC\Emil Jinu LogonGuid: {3a35410f-6604-6928-9de6-200000000000} LogonId: 0x20E69D TerminalSessionId: 1 IntegrityLevel: High Hashes: MD5=2E5A8590CF6848968FC23DE3FA1E25F1,SHA256=9785001B0DCF755EDDB8AF294A373C0B87B2498660F724E76C4D53F9C217C7A3,IMPHASH=3D08F4848535206D772DE145804FF4B6 ParentProcessGuid: {3a35410f-8dd3-6928-e507-000000000b00} ParentProcessId: 4396 ParentImage: C:\Windows\System32\WindowsPowerShell\v1.0\powershell.exe ParentCommandLine: ""C:\Windows\System32\WindowsPowerShell\v1.0\powershell.exe"" ParentUser: DESKTOP-EJG8QJC\Emil Jinu",1
"Process Create: RuleName: - UtcTime: 2025-11-27 17:59:52.102 ProcessGuid: {3a35410f-9198-6928-ac0c-000000000b00} ProcessId: 408 Image: C:\Windows\System32\timeout.exe FileVersion: 10.0.19041.1 (WinBuild.160101.0800) Description: timeout - pauses command processing Product: Microsoft? Windows? Operating System Company: Microsoft Corporation OriginalFileName: timeout.exe CommandLine: timeout /t 1 CurrentDirectory: C:\Windows\system32\ User: DESKTOP-EJG8QJC\Emil Jinu LogonGuid: {3a35410f-6604-6928-9de6-200000000000} LogonId: 0x20E69D TerminalSessionId: 1 IntegrityLevel: High Hashes: MD5=100065E21CFBBDE57CBA2838921F84D6,SHA256=C8C350FAB1130644536DB6A84F605791367308B995079AD494D46A8C617C21D6,IMPHASH=0C91A5CE0FB26F4C5CE39E340F43873B ParentProcessGuid: {3a35410f-9194-6928-9b0c-000000000b00} ParentProcessId: 2364 ParentImage: C:\Windows\System32\cmd.exe ParentCommandLine: ""C:\Windows\system32\cmd.exe"" /c echo proc 91 & timeout /t 1 >nul ParentUser: DESKTOP-EJG8QJC\Emil Jinu",1
"Process Create: RuleName: - UtcTime: 2025-11-27 16:57:15.400 ProcessGuid: {3a35410f-82eb-6928-f405-000000000b00} ProcessId: 6344 Image: C:\Windows\System32\consent.exe FileVersion: 10.0.19041.5794 (WinBuild.160101.0800) Description: Consent UI for administrative applications Product: Microsoft? Windows? Operating System Company: Microsoft Corporation OriginalFileName: consent.exe CommandLine: consent.exe 9416 468 000001F8EAC42AE0 CurrentDirectory: C:\Windows\system32\ User: NT AUTHORITY\SYSTEM LogonGuid: {3a35410f-6567-6928-e703-000000000000} LogonId: 0x3E7 TerminalSessionId: 1 IntegrityLevel: System Hashes: MD5=5D630C63F6F31700676E856B5FF47B26,SHA256=7084382B4C73176AF091FD5082C64F9ACE71E19B7BE31A08CA357F427E4DC2E9,IMPHASH=7001337914CFB426620F508E54CDF72F ParentProcessGuid: {3a35410f-6618-6928-5b01-000000000b00} ParentProcessId: 9416 ParentImage: C:\Windows\System32\svchost.exe ParentCommandLine: C:\Windows\system32\svchost.exe -k netsvcs -p -s Appinfo ParentUser: NT AUTHORITY\SYSTEM",0
File created: RuleName: - UtcTime: 2025-11-27 17:49:01.043 ProcessGuid: {3a35410f-8f0c-6928-6208-000000000b00} ProcessId: 13916 Image: C:\Windows\System32\WindowsPowerShell\v1.0\powershell.exe TargetFilename: C:\Users\Emil Jinu\AppData\Local\Temp\__PSScriptPolicyTest_5t5dszmm.pea.ps1 CreationUtcTime: 2025-11-27 17:49:01.043 User: DESKTOP-EJG8QJC\Emil Jinu,1
"Registry value set: RuleName: T1060,RunKey EventType: SetValue UtcTime: 2025-11-27 15:00:14.929 ProcessGuid: {3a35410f-6766-6928-ea01-000000000b00} ProcessId: 8204 Image: C:\Program Files (x86)\Microsoft\Edge\Application\msedge.exe TargetObject: HKU\S-1-5-21-3351607045-2108423416-1727308141-1001\SOFTWARE\Microsoft\Windows\CurrentVersion\Run\MicrosoftEdgeAutoLaunch_6292A2F6BF3E9F54EAFEC5C21A7730CB Details: ""C:\Program Files (x86)\Microsoft\Edge\Application\msedge.exe"" --no-startup-window --win-session-start User: DESKTOP-EJG8QJC\Emil Jinu",0
"Process Create: RuleName: - UtcTime: 2025-11-27 15:05:01.861 ProcessGuid: {3a35410f-689d-6928-6f02-000000000b00} ProcessId: 6056 Image: C:\Windows\System32\taskhostw.exe FileVersion: 10.0.19041.5794 (WinBuild.160101.0800) Description: Host Process for Windows Tasks Product: Microsoft? Windows? Operating System Company: Microsoft Corporation OriginalFileName: taskhostw.exe CommandLine: taskhostw.exe network CurrentDirectory: C:\Windows\system32\ User: NT AUTHORITY\NETWORK SERVICE LogonGuid: {3a35410f-6567-6928-e403-000000000000} LogonId: 0x3E4 TerminalSessionId: 0 IntegrityLevel: System Hashes: MD5=D71630DA4364F89F36B47581D4162639,SHA256=4D84D1DB6C572DA841307B814CCF26478429D3A29F304755CE1BAF110E639F64,IMPHASH=3A0C6863CDE566AF997DB2DEFFF9D924 ParentProcessGuid: {3a35410f-6568-6928-2400-000000000b00} ParentProcessId: 1532 ParentImage: C:\Windows\System32\svchost.exe ParentCommandLine: C:\Windows\system32\svchost.exe -k netsvcs -p -s Schedule ParentUser: NT AUTHORITY\SYSTEM",0
Registry value set: RuleName: InvDB-Ver EventType: SetValue UtcTime: 2025-11-27 16:04:35.065 ProcessGuid: {3a35410f-656a-6928-3e00-000000000b00} ProcessId: 2740 Image: C:\Windows\System32\svchost.exe TargetObject: \REGISTRY\A\{9309e89c-9321-cf1a-3889-0090faa6586f}\Root\InventoryApplicationFile\defrag.exe|ebd85d04fc6a26d\BinProductVersion Details: 10.0.19041.3636 User: NT AUTHORITY\SYSTEM,0
File created: RuleName: - UtcTime: 2025-11-27 17:48:13.311 ProcessGuid: {3a35410f-8edd-6928-3a08-000000000b00} ProcessId: 10588 Image: C:\Windows\System32\WindowsPowerShell\v1.0\powershell.exe TargetFilename: C:\Users\Emil Jinu\AppData\Local\Temp\__PSScriptPolicyTest_ovbo5xfb.gau.ps1 CreationUtcTime: 2025-11-27 17:48:13.311 User: DESKTOP-EJG8QJC\Emil Jinu,1
"Process Create: RuleName: - UtcTime: 2025-11-27 17:59:19.913 ProcessGuid: {3a35410f-9177-6928-1b0c-000000000b00} ProcessId: 8032 Image: C:\Windows\System32\wbem\WMIC.exe FileVersion: 10.0.19041.5794 (WinBuild.160101.0800) Description: WMI Commandline Utility Product: Microsoft? Windows? Operating System Company: Microsoft Corporation OriginalFileName: wmic.exe CommandLine: ""C:\Windows\System32\Wbem\WMIC.exe"" process list brief CurrentDirectory: C:\Windows\system32\ User: DESKTOP-EJG8QJC\Emil Jinu LogonGuid: {3a35410f-6604-6928-9de6-200000000000} LogonId: 0x20E69D TerminalSessionId: 1 IntegrityLevel: High Hashes: MD5=EBE8CE528A79B5CC0782E8DFDA250600,SHA256=DA603FA720AB43AA6D4D36AA9FDB828DAB9645523EABAAC209AF6451D5B4D757,IMPHASH=527C7C66CDD13D72D793BCA3A417BCBE ParentProcessGuid: {3a35410f-8dd3-6928-e507-000000000b00} ParentProcessId: 4396 ParentImage: C:\Windows\System32\WindowsPowerShell\v1.0\powershell.exe ParentCommandLine: ""C:\Windows\System32\WindowsPowerShell\v1.0\powershell.exe"" ParentUser: DESKTOP-EJG8QJC\Emil Jinu",1
"Process Create: RuleName: - UtcTime: 2025-11-27 17:59:00.428 ProcessGuid: {3a35410f-9164-6928-c70b-000000000b00} ProcessId: 11492 Image: C:\Windows\System32\WindowsPowerShell\v1.0\powershell.exe FileVersion: 10.0.19041.3996 (WinBuild.160101.0800) Description: Windows PowerShell Product: Microsoft? Windows? Operating System Company: Microsoft Corporation OriginalFileName: PowerShell.EXE CommandLine: ""C:\Windows\System32\WindowsPowerShell\v1.0\powershell.exe"" -EncodedCommand VwByAGkAdABlAC0ATwB1AHQAcAB1AHQAIAAnAEUANwAxACcA CurrentDirectory: C:\Windows\system32\ User: DESKTOP-EJG8QJC\Emil Jinu LogonGuid: {3a35410f-6604-6928-9de6-200000000000} LogonId: 0x20E69D TerminalSessionId: 1 IntegrityLevel: High Hashes: MD5=2E5A8590CF6848968FC23DE3FA1E25F1,SHA256=9785001B0DCF755EDDB8AF294A373C0B87B2498660F724E76C4D53F9C217C7A3,IMPHASH=3D08F4848535206D772DE145804FF4B6 ParentProcessGuid: {3a35410f-8dd3-6928-e507-000000000b00} ParentProcessId: 4396 ParentImage: C:\Windows\System32\WindowsPowerShell\v1.0\powershell.exe ParentCommandLine: ""C:\Windows\System32\WindowsPowerShell\v1.0\powershell.exe"" ParentUser: DESKTOP-EJG8QJC\Emil Jinu",1
"Process Create: RuleName: - UtcTime: 2025-11-27 18:00:57.668 ProcessGuid: {3a35410f-91d9-6928-f10d-000000000b00} ProcessId: 9724 Image: C:\Windows\System32\cmd.exe FileVersion: 10.0.19041.4355 (WinBuild.160101.0800) Description: Windows Command Processor Product: Microsoft? Windows? Operating System Company: Microsoft Corporation OriginalFileName: Cmd.Exe CommandLine: ""C:\Windows\system32\cmd.exe"" /c echo proc 122 & timeout /t 1 >nul CurrentDirectory: C:\Windows\system32\ User: DESKTOP-EJG8QJC\Emil Jinu LogonGuid: {3a35410f-6604-6928-9de6-200000000000} LogonId: 0x20E69D TerminalSessionId: 1 IntegrityLevel: High Hashes: MD5=2B40C98ED0F7A1D3B091A3E8353132DC,SHA256=BADF4752413CB0CBDC03FB95820CA167F0CDC63B597CCDB5EF43111180E088B0,IMPHASH=272245E2988E1E430500B852C4FB5E18 ParentProcessGuid: {3a35410f-8dd3-6928-e507-000000000b00} ParentProcessId: 4396 ParentImage: C:\Windows\System32\WindowsPowerShell\v1.0\powershell.exe ParentCommandLine: ""C:\Windows\System32\WindowsPowerShell\v1.0\powershell.exe"" ParentUser: DESKTOP-EJG8QJC\Emil Jinu",1
"Process Create: RuleName: - UtcTime: 2025-11-27 17:25:09.670 ProcessGuid: {3a35410f-8975-6928-0907-000000000b00} ProcessId: 12348 Image: C:\Program Files (x86)\Windows Media Player\wmplayer.exe FileVersion: 12.0.19041.3636 (WinBuild.160101.0800) Description: Windows Media Player Product: Microsoft? Windows? Operating System Company: Microsoft Corporation OriginalFileName: wmplayer.exe CommandLine: ""C:\Program Files (x86)\Windows Media Player\wmplayer.exe"" C:\Windows\Media\chimes.wav CurrentDirectory: C:\Users\Emil Jinu\ User: DESKTOP-EJG8QJC\Emil Jinu LogonGuid: {3a35410f-6604-6928-c9e6-200000000000} LogonId: 0x20E6C9 TerminalSessionId: 1 IntegrityLevel: Medium Hashes: MD5=AB48E42633B738E114DB94CD99E919B7,SHA256=407E3AAE5E533719998055A1A949AB2EC6224EA42918A000596225E30C8D2BF8,IMPHASH=4C7D471D886B447BB6DF2D2962D0414C ParentProcessGuid: {3a35410f-8909-6928-0207-000000000b00} ParentProcessId: 14160 ParentImage: C:\Windows\System32\WindowsPowerShell\v1.0\powershell.exe ParentCommandLine: ""C:\Windows\System32\WindowsPowerShell\v1.0\powershell.exe"" ParentUser: DESKTOP-EJG8QJC\Emil Jinu",0
"Process Create: RuleName: - UtcTime: 2025-11-27 18:03:52.366 ProcessGuid: {3a35410f-9288-6928-3111-000000000b00} ProcessId: 5184 Image: C:\Windows\System32\rundll32.exe FileVersion: 10.0.19041.5794 (WinBuild.160101.0800) Description: Windows host process (Rundll32) Product: Microsoft? Windows? Operating System Company: Microsoft Corporation OriginalFileName: RUNDLL32.EXE CommandLine: ""C:\Windows\system32\rundll32.exe"" url.dll,FileProtocolHandler http://malicious.test/7 CurrentDirectory: C:\Windows\system32\ User: DESKTOP-EJG8QJC\Emil Jinu LogonGuid: {3a35410f-6604-6928-9de6-200000000000} LogonId: 0x20E69D TerminalSessionId: 1 IntegrityLevel: High Hashes: MD5=5A43032AEBD51583832EF3E96F5C81DA,SHA256=076592CA1957F8F357CC201F0015072C612F5770AD7DE85F87F254253C754DD7,IMPHASH=F207A867D6098266EE63A3CA677EB0FF ParentProcessGuid: {3a35410f-8dd3-6928-e507-000000000b00} ParentProcessId: 4396 ParentImage: C:\Windows\System32\WindowsPowerShell\v1.0\powershell.exe ParentCommandLine: ""C:\Windows\System32\WindowsPowerShell\v1.0\powershell.exe"" ParentUser: DESKTOP-EJG8QJC\Emil Jinu",1
"Process Create: RuleName: - UtcTime: 2025-11-27 18:05:08.847 ProcessGuid: {3a35410f-92d4-6928-7113-000000000b00} ProcessId: 16036 Image: C:\Windows\System32\bitsadmin.exe FileVersion: 7.8.19041.1 (WinBuild.160101.0800) Description: BITS administration utility Product: Microsoft? Windows? Operating System Company: Microsoft Corporation OriginalFileName: bitsadmin.exe CommandLine: ""C:\Windows\system32\bitsadmin.exe"" /complete job32 CurrentDirectory: C:\Windows\system32\ User: DESKTOP-EJG8QJC\Emil Jinu LogonGuid: {3a35410f-6604-6928-9de6-200000000000} LogonId: 0x20E69D TerminalSessionId: 1 IntegrityLevel: High Hashes: MD5=01AAB62D5799F75B0D69EB29C1CA6855,SHA256=739B2DD012EA183895CC01116906F339C9AA1C0BAABF6F22C8E59E25A0C12917,IMPHASH=774033454EB79213B09F788FC004A02D ParentProcessGuid: {3a35410f-8dd3-6928-e507-000000000b00} ParentProcessId: 4396 ParentImage: C:\Windows\System32\WindowsPowerShell\v1.0\powershell.exe ParentCommandLine: ""C:\Windows\System32\WindowsPowerShell\v1.0\powershell.exe"" ParentUser: DESKTOP-EJG8QJC\Emil Jinu",1
"Process Create: RuleName: - UtcTime: 2025-11-27 18:02:49.435 ProcessGuid: {3a35410f-9249-6928-ed0f-000000000b00} ProcessId: 7796 Image: C:\Windows\System32\WindowsPowerShell\v1.0\powershell.exe FileVersion: 10.0.19041.3996 (WinBuild.160101.0800) Description: Windows PowerShell Product: Microsoft? Windows? Operating System Company: Microsoft Corporation OriginalFileName: PowerShell.EXE CommandLine: ""C:\Windows\System32\WindowsPowerShell\v1.0\powershell.exe"" -EncodedCommand VwByAGkAdABlAC0ATwB1AHQAcAB1AHQAIAAnAEUAMQA2ADcAJwA= CurrentDirectory: C:\Windows\system32\ User: DESKTOP-EJG8QJC\Emil Jinu LogonGuid: {3a35410f-6604-6928-9de6-200000000000} LogonId: 0x20E69D TerminalSessionId: 1 IntegrityLevel: High Hashes: MD5=2E5A8590CF6848968FC23DE3FA1E25F1,SHA256=9785001B0DCF755EDDB8AF294A373C0B87B2498660F724E76C4D53F9C217C7A3,IMPHASH=3D08F4848535206D772DE145804FF4B6 ParentProcessGuid: {3a35410f-8dd3-6928-e507-000000000b00} ParentProcessId: 4396 ParentImage: C:\Windows\System32\WindowsPowerShell\v1.0\powershell.exe ParentCommandLine: ""C:\Windows\System32\WindowsPowerShell\v1.0\powershell.exe"" ParentUser: DESKTOP-EJG8QJC\Emil Jinu",1
"Process Create: RuleName: - UtcTime: 2025-11-27 15:08:40.659 ProcessGuid: {3a35410f-6978-6928-9502-000000000b00} ProcessId: 5368 Image: C:\Windows\System32\svchost.exe FileVersion: 10.0.19041.5794 (WinBuild.160101.0800) Description: Host Process for Windows Services Product: Microsoft? Windows? Operating System Company: Microsoft Corporation OriginalFileName: svchost.exe CommandLine: C:\Windows\system32\svchost.exe -k DevicesFlow -s ConsentUxUserSvc CurrentDirectory: C:\Windows\system32\ User: DESKTOP-EJG8QJC\Emil Jinu LogonGuid: {3a35410f-6604-6928-c9e6-200000000000} LogonId: 0x20E6C9 TerminalSessionId: 1 IntegrityLevel: Medium Hashes: MD5=3D1034D6ED3DAED60816A25C561E8C83,SHA256=B0B36BFF7AE4057F687D839CD4B3D81159AB646F1EE1B22106A927E93DECBB61,IMPHASH=F9BBD96FAE53B7A31264A703CAFA0666 ParentProcessGuid: {3a35410f-6567-6928-0b00-000000000b00} ParentProcessId: 708 ParentImage: C:\Windows\System32\services.exe ParentCommandLine: C:\Windows\system32\services.exe ParentUser: NT AUTHORITY\SYSTEM",0
Registry value set: RuleName: T1122 EventType: SetValue UtcTime: 2025-11-27 15:30:00.063 ProcessGuid: {3a35410f-6e77-6928-be03-000000000b00} ProcessId: 7188 Image: C:\Users\Emil Jinu\AppData\Local\Microsoft\OneDrive\OneDrive.exe TargetObject: HKU\S-1-5-21-3351607045-2108423416-1727308141-1001_Classes\WOW6432Node\CLSID\{4410DC33-BC7C-496B-AA84-4AEA3EEE75F7}\InProcServer32\(Default) Details: C:\Users\Emil Jinu\AppData\Local\Microsoft\OneDrive\25.209.1026.0002\i386\FileCoAuthLib.dll User: DESKTOP-EJG8QJC\Emil Jinu,0
"Process Create: RuleName: - UtcTime: 2025-11-27 17:57:46.631 ProcessGuid: {3a35410f-911a-6928-d009-000000000b00} ProcessId: 8896 Image: C:\Windows\System32\cmd.exe FileVersion: 10.0.19041.4355 (WinBuild.160101.0800) Description: Windows Command Processor Product: Microsoft? Windows? Operating System Company: Microsoft Corporation OriginalFileName: Cmd.Exe CommandLine: ""C:\Windows\system32\cmd.exe"" /c echo proc 26 & timeout /t 1 >nul CurrentDirectory: C:\Windows\system32\ User: DESKTOP-EJG8QJC\Emil Jinu LogonGuid: {3a35410f-6604-6928-9de6-200000000000} LogonId: 0x20E69D TerminalSessionId: 1 IntegrityLevel: High Hashes: MD5=2B40C98ED0F7A1D3B091A3E8353132DC,SHA256=BADF4752413CB0CBDC03FB95820CA167F0CDC63B597CCDB5EF43111180E088B0,IMPHASH=272245E2988E1E430500B852C4FB5E18 ParentProcessGuid: {3a35410f-8dd3-6928-e507-000000000b00} ParentProcessId: 4396 ParentImage: C:\Windows\System32\WindowsPowerShell\v1.0\powershell.exe ParentCommandLine: ""C:\Windows\System32\WindowsPowerShell\v1.0\powershell.exe"" ParentUser: DESKTOP-EJG8QJC\Emil Jinu",1
File created: RuleName: - UtcTime: 2025-11-27 18:03:26.610 ProcessGuid: {3a35410f-926a-6928-6610-000000000b00} ProcessId: 1040 Image: C:\Windows\System32\WindowsPowerShell\v1.0\powershell.exe TargetFilename: C:\Users\Emil Jinu\AppData\Local\Temp\__PSScriptPolicyTest_frwl1omo.0mi.ps1 CreationUtcTime: 2025-11-27 18:03:26.610 User: DESKTOP-EJG8QJC\Emil Jinu,1
"Process Create: RuleName: - UtcTime: 2025-11-27 15:03:44.540 ProcessGuid: {3a35410f-6850-6928-4202-000000000b00} ProcessId: 9128 Image: C:\Program Files\BraveSoftware\Brave-Browser\Application\brave.exe FileVersion: 142.1.84.141 Description: Brave Browser Product: Brave Browser Company: Brave Software, Inc. OriginalFileName: brave.exe CommandLine: ""C:\Program Files\BraveSoftware\Brave-Browser\Application\brave.exe"" --type=utility --utility-sub-type=chrome.mojom.ProcessorMetrics --lang=en-US --service-sandbox-type=none --metrics-shmem-handle=5340,i,16866254667418776646,1468099971359446155,524288 --field-trial-handle=2088,i,15737328150160352450,12922077001648796216,262144 --variations-seed-version=main@69c2005032bb14f803911c3458ab063c42bfa450 --trace-process-track-uuid=3190708995682289984 --mojo-platform-channel-handle=5488 /prefetch:8 CurrentDirectory: C:\Program Files\BraveSoftware\Brave-Browser\Application\142.1.84.141\ User: DESKTOP-EJG8QJC\Emil Jinu LogonGuid: {3a35410f-6604-6928-c9e6-200000000000} LogonId: 0x20E6C9 TerminalSessionId: 1 IntegrityLevel: Medium Hashes: MD5=D4E095946579C449803E47CFA028475E,SHA256=234A39FA17CC44BD8F5610B61997B7C69B289BC664A4D6B0AD8141ECC6685D2D,IMPHASH=3E82AE93B8102462DDA81604AF164E8E ParentProcessGuid: {3a35410f-684a-6928-3802-000000000b00} ParentProcessId: 1712 ParentImage: C:\Program Files\BraveSoftware\Brave-Browser\Application\brave.exe ParentCommandLine: ""C:\Program Files\BraveSoftware\Brave-Browser\Application\brave.exe"" ParentUser: DESKTOP-EJG8QJC\Emil Jinu",0
File created: RuleName: - UtcTime: 2025-11-27 17:58:48.774 ProcessGuid: {3a35410f-9154-6928-7a0b-000000000b00} ProcessId: 10040 Image: C:\Windows\System32\WindowsPowerShell\v1.0\powershell.exe TargetFilename: C:\Users\Emil Jinu\AppData\Local\Temp\__PSScriptPolicyTest_w2oufdtt.ap4.ps1 CreationUtcTime: 2025-11-27 17:58:48.774 User: DESKTOP-EJG8QJC\Emil Jinu,1
"Process Create: RuleName: - UtcTime: 2025-11-27 17:51:33.425 ProcessGuid: {3a35410f-8fa5-6928-a708-000000000b00} ProcessId: 11248 Image: C:\Windows\System32\WindowsPowerShell\v1.0\powershell.exe FileVersion: 10.0.19041.3996 (WinBuild.160101.0800) Description: Windows PowerShell Product: Microsoft? Windows? Operating System Company: Microsoft Corporation OriginalFileName: PowerShell.EXE CommandLine: ""C:\Windows\System32\WindowsPowerShell\v1.0\powershell.exe"" -Command ""Write-Output 'Test 190'"" CurrentDirectory: C:\Windows\system32\ User: DESKTOP-EJG8QJC\Emil Jinu LogonGuid: {3a35410f-6604-6928-9de6-200000000000} LogonId: 0x20E69D TerminalSessionId: 1 IntegrityLevel: High Hashes: MD5=2E5A8590CF6848968FC23DE3FA1E25F1,SHA256=9785001B0DCF755EDDB8AF294A373C0B87B2498660F724E76C4D53F9C217C7A3,IMPHASH=3D08F4848535206D772DE145804FF4B6 ParentProcessGuid: {3a35410f-8dd3-6928-e507-000000000b00} ParentProcessId: 4396 ParentImage: C:\Windows\System32\WindowsPowerShell\v1.0\powershell.exe ParentCommandLine: ""C:\Windows\System32\WindowsPowerShell\v1.0\powershell.exe"" ParentUser: DESKTOP-EJG8QJC\Emil Jinu",1
Registry value set: RuleName: T1122 EventType: SetValue UtcTime: 2025-11-27 17:30:21.695 ProcessGuid: {3a35410f-8aad-6928-6d07-000000000b00} ProcessId: 668 Image: C:\Users\Emil Jinu\AppData\Local\Microsoft\OneDrive\OneDrive.exe TargetObject: HKU\S-1-5-21-3351607045-2108423416-1727308141-1001_Classes\CLSID\{F241C880-6982-4CE5-8CF7-7085BA96DA5A}\InprocServer32\(Default) Details: C:\Users\Emil Jinu\AppData\Local\Microsoft\OneDrive\25.209.1026.0002\FileSyncShell64.dll User: DESKTOP-EJG8QJC\Emil Jinu,0
"Process Create: RuleName: - UtcTime: 2025-11-27 17:51:20.481 ProcessGuid: {3a35410f-8f98-6928-a108-000000000b00} ProcessId: 724 Image: C:\Windows\System32\WindowsPowerShell\v1.0\powershell.exe FileVersion: 10.0.19041.3996 (WinBuild.160101.0800) Description: Windows PowerShell Product: Microsoft? Windows? Operating System Company: Microsoft Corporation OriginalFileName: PowerShell.EXE CommandLine: ""C:\Windows\System32\WindowsPowerShell\v1.0\powershell.exe"" -Command ""Write-Output 'Test 184'"" CurrentDirectory: C:\Windows\system32\ User: DESKTOP-EJG8QJC\Emil Jinu LogonGuid: {3a35410f-6604-6928-9de6-200000000000} LogonId: 0x20E69D TerminalSessionId: 1 IntegrityLevel: High Hashes: MD5=2E5A8590CF6848968FC23DE3FA1E25F1,SHA256=9785001B0DCF755EDDB8AF294A373C0B87B2498660F724E76C4D53F9C217C7A3,IMPHASH=3D08F4848535206D772DE145804FF4B6 ParentProcessGuid: {3a35410f-8dd3-6928-e507-000000000b00} ParentProcessId: 4396 ParentImage: C:\Windows\System32\WindowsPowerShell\v1.0\powershell.exe ParentCommandLine: ""C:\Windows\System32\WindowsPowerShell\v1.0\powershell.exe"" ParentUser: DESKTOP-EJG8QJC\Emil Jinu",1
"Process Create: RuleName: - UtcTime: 2025-11-27 17:48:15.865 ProcessGuid: {3a35410f-8edf-6928-3c08-000000000b00} ProcessId: 14536 Image: C:\Windows\System32\WindowsPowerShell\v1.0\powershell.exe FileVersion: 10.0.19041.3996 (WinBuild.160101.0800) Description: Windows PowerShell Product: Microsoft? Windows? Operating System Company: Microsoft Corporation OriginalFileName: PowerShell.EXE CommandLine: ""C:\Windows\System32\WindowsPowerShell\v1.0\powershell.exe"" -Command ""Write-Output 'Test 84'"" CurrentDirectory: C:\Windows\system32\ User: DESKTOP-EJG8QJC\Emil Jinu LogonGuid: {3a35410f-6604-6928-9de6-200000000000} LogonId: 0x20E69D TerminalSessionId: 1 IntegrityLevel: High Hashes: MD5=2E5A8590CF6848968FC23DE3FA1E25F1,SHA256=9785001B0DCF755EDDB8AF294A373C0B87B2498660F724E76C4D53F9C217C7A3,IMPHASH=3D08F4848535206D772DE145804FF4B6 ParentProcessGuid: {3a35410f-8dd3-6928-e507-000000000b00} ParentProcessId: 4396 ParentImage: C:\Windows\System32\WindowsPowerShell\v1.0\powershell.exe ParentCommandLine: ""C:\Windows\System32\WindowsPowerShell\v1.0\powershell.exe"" ParentUser: DESKTOP-EJG8QJC\Emil Jinu",1
"Process Create: RuleName: - UtcTime: 2025-11-27 18:05:04.448 ProcessGuid: {3a35410f-92d0-6928-4d13-000000000b00} ProcessId: 5408 Image: C:\Windows\System32\mshta.exe FileVersion: 11.00.19041.5794 (WinBuild.160101.0800) Description: Microsoft (R) HTML Application host Product: Internet Explorer Company: Microsoft Corporation OriginalFileName: MSHTA.EXE CommandLine: ""C:\Windows\system32\mshta.exe"" javascript:alert('test31') CurrentDirectory: C:\Windows\system32\ User: DESKTOP-EJG8QJC\Emil Jinu LogonGuid: {3a35410f-6604-6928-9de6-200000000000} LogonId: 0x20E69D TerminalSessionId: 1 IntegrityLevel: High Hashes: MD5=B8ED3F707000C22AEE6BBF961879EA99,SHA256=F8A2FD36FDC35AA8E7E678576A2ECC5D7B3FE6383E73101508E5D7B49443D153,IMPHASH=482D661ACB78B36340AF7BEB797951EE ParentProcessGuid: {3a35410f-8dd3-6928-e507-000000000b00} ParentProcessId: 4396 ParentImage: C:\Windows\System32\WindowsPowerShell\v1.0\powershell.exe ParentCommandLine: ""C:\Windows\System32\WindowsPowerShell\v1.0\powershell.exe"" ParentUser: DESKTOP-EJG8QJC\Emil Jinu",1
Registry value set: RuleName: - EventType: SetValue UtcTime: 2025-11-27 17:20:12.746 ProcessGuid: {3a35410f-884c-6928-db06-000000000b00} ProcessId: 14740 Image: C:\Users\Emil Jinu\AppData\Local\Microsoft\OneDrive\OneDrive.exe TargetObject: HKU\S-1-5-21-3351607045-2108423416-1727308141-1001_Classes\Directory\Background\shellex\ContextMenuHandlers\ FileSyncEx\(Default) Details: {CB3D0F55-BC2C-4C1A-85ED-23ED75B5106B} User: DESKTOP-EJG8QJC\Emil Jinu,0
Registry value set: RuleName: - EventType: SetValue UtcTime: 2025-11-27 17:30:33.915 ProcessGuid: {3a35410f-8ab9-6928-7907-000000000b00} ProcessId: 10732 Image: C:\Users\Emil Jinu\AppData\Local\Microsoft\OneDrive\OneDrive.exe TargetObject: HKU\S-1-5-21-3351607045-2108423416-1727308141-1001_Classes\Directory\shellex\ContextMenuHandlers\ FileSyncEx\(Default) Details: {CB3D0F55-BC2C-4C1A-85ED-23ED75B5106B} User: DESKTOP-EJG8QJC\Emil Jinu,0
File created: RuleName: T1053 UtcTime: 2025-11-27 18:05:24.861 ProcessGuid: {3a35410f-6568-6928-2400-000000000b00} ProcessId: 1532 Image: C:\Windows\system32\svchost.exe TargetFilename: C:\Windows\System32\Tasks\FakeTask37 CreationUtcTime: 2025-11-27 18:05:24.861 User: NT AUTHORITY\SYSTEM,1
"Process Create: RuleName: - UtcTime: 2025-11-27 18:04:02.484 ProcessGuid: {3a35410f-9292-6928-a311-000000000b00} ProcessId: 5484 Image: C:\Program Files\BraveSoftware\Brave-Browser\Application\brave.exe FileVersion: 142.1.84.141 Description: Brave Browser Product: Brave Browser Company: Brave Software, Inc. OriginalFileName: brave.exe CommandLine: ""C:\Program Files\BraveSoftware\Brave-Browser\Application\brave.exe"" --type=renderer --enable-distillability-service --origin-trial-public-key=bYUKPJoPnCxeNvu72j4EmPuK7tr1PAC7SHh8ld9Mw3E=,fMS4mpO6buLQ/QMd+zJmxzty/VQ6B1EUZqoCU04zoRU= --disable-gpu-compositing --video-capture-use-gpu-memory-buffer --lang=en-US --device-scale-factor=1 --num-raster-threads=2 --enable-main-frame-before-activation --renderer-client-id=23 --time-ticks-at-unix-epoch=-1764255096121325 --launch-time-ticks=11546321916 --metrics-shmem-handle=7608,i,3250292533078756461,5569423960981239245,2097152 --field-trial-handle=2116,i,4317584078096433513,18029839939329323353,262144 --variations-seed-version=main@69c2005032bb14f803911c3458ab063c42bfa450 --trace-process-track-uuid=3190709007863834021 --mojo-platform-channel-handle=7792 /prefetch:1 CurrentDirectory: C:\Program Files\BraveSoftware\Brave-Browser\Application\142.1.84.141\ User: DESKTOP-EJG8QJC\Emil Jinu LogonGuid: {3a35410f-6604-6928-c9e6-200000000000} LogonId: 0x20E6C9 TerminalSessionId: 1 IntegrityLevel: Low Hashes: MD5=D4E095946579C449803E47CFA028475E,SHA256=234A39FA17CC44BD8F5610B61997B7C69B289BC664A4D6B0AD8141ECC6685D2D,IMPHASH=3E82AE93B8102462DDA81604AF164E8E ParentProcessGuid: {3a35410f-927d-6928-c610-000000000b00} ParentProcessId: 11048 ParentImage: C:\Program Files\BraveSoftware\Brave-Browser\Application\brave.exe ParentCommandLine: ""C:\Program Files\BraveSoftware\Brave-Browser\Application\brave.exe"" --disable-domain-reliability --enable-dom-distiller --enable-distillability-service --origin-trial-public-key=bYUKPJoPnCxeNvu72j4EmPuK7tr1PAC7SHh8ld9Mw3E=,fMS4mpO6buLQ/QMd+zJmxzty/VQ6B1EUZqoCU04zoRU= --lso-url=https://no-thanks.invalid --variations-server-url=https://variations.brave.com/seed --variations-insecure-server-url=https://variations.brave.com/seed --flag-switches-begin --flag-switches-end --component-updater=url-source=https://go-updater.brave.com/extensions --do-not-de-elevate --single-argument http://malicious.test/1 ParentUser: DESKTOP-EJG8QJC\Emil Jinu",1
Registry value set: RuleName: T1122 EventType: SetValue UtcTime: 2025-11-27 17:30:20.362 ProcessGuid: {3a35410f-8aab-6928-6707-000000000b00} ProcessId: 1236 Image: C:\Users\Emil Jinu\AppData\Local\Microsoft\OneDrive\OneDrive.exe TargetObject: HKU\S-1-5-21-3351607045-2108423416-1727308141-1001_Classes\WOW6432Node\CLSID\{20894375-46AE-46E2-BAFD-CB38975CDCE6}\InprocServer32\(Default) Details: C:\Users\Emil Jinu\AppData\Local\Microsoft\OneDrive\25.209.1026.0002\i386\FileSyncShell.dll User: DESKTOP-EJG8QJC\Emil Jinu,0
"Process Create: RuleName: - UtcTime: 2025-11-27 17:56:59.509 ProcessGuid: {3a35410f-90eb-6928-e908-000000000b00} ProcessId: 10900 Image: C:\Windows\System32\cmd.exe FileVersion: 10.0.19041.4355 (WinBuild.160101.0800) Description: Windows Command Processor Product: Microsoft? Windows? Operating System Company: Microsoft Corporation OriginalFileName: Cmd.Exe CommandLine: ""C:\Windows\system32\cmd.exe"" /c echo proc 5 & timeout /t 1 >nul CurrentDirectory: C:\Windows\system32\ User: DESKTOP-EJG8QJC\Emil Jinu LogonGuid: {3a35410f-6604-6928-9de6-200000000000} LogonId: 0x20E69D TerminalSessionId: 1 IntegrityLevel: High Hashes: MD5=2B40C98ED0F7A1D3B091A3E8353132DC,SHA256=BADF4752413CB0CBDC03FB95820CA167F0CDC63B597CCDB5EF43111180E088B0,IMPHASH=272245E2988E1E430500B852C4FB5E18 ParentProcessGuid: {3a35410f-8dd3-6928-e507-000000000b00} ParentProcessId: 4396 ParentImage: C:\Windows\System32\WindowsPowerShell\v1.0\powershell.exe ParentCommandLine: ""C:\Windows\System32\WindowsPowerShell\v1.0\powershell.exe"" ParentUser: DESKTOP-EJG8QJC\Emil Jinu",1
"Process Create: RuleName: - UtcTime: 2025-11-27 18:00:39.177 ProcessGuid: {3a35410f-91c7-6928-890d-000000000b00} ProcessId: 8816 Image: C:\Windows\System32\certutil.exe FileVersion: 10.0.19041.5794 (WinBuild.160101.0800) Description: CertUtil.exe Product: Microsoft? Windows? Operating System Company: Microsoft Corporation OriginalFileName: CertUtil.exe CommandLine: ""C:\Windows\system32\certutil.exe"" -hashfile C:\Windows\win.ini SHA256 CurrentDirectory: C:\Windows\system32\ User: DESKTOP-EJG8QJC\Emil Jinu LogonGuid: {3a35410f-6604-6928-9de6-200000000000} LogonId: 0x20E69D TerminalSessionId: 1 IntegrityLevel: High Hashes: MD5=E6384AD54B07F9783135586C71F82D1C,SHA256=FD1670B43E2D9188B12B233780BF043C5A90A67A2C6E3FCDC564A5C246531BC2,IMPHASH=5AFC8346D5AFF4A4862E8A7C91042465 ParentProcessGuid: {3a35410f-8dd3-6928-e507-000000000b00} ParentProcessId: 4396 ParentImage: C:\Windows\System32\WindowsPowerShell\v1.0\powershell.exe ParentCommandLine: ""C:\Windows\System32\WindowsPowerShell\v1.0\powershell.exe"" ParentUser: DESKTOP-EJG8QJC\Emil Jinu",1
"Process Create: RuleName: - UtcTime: 2025-11-27 18:03:44.664 ProcessGuid: {3a35410f-9280-6928-eb10-000000000b00} ProcessId: 2108 Image: C:\Program Files\BraveSoftware\Brave-Browser\Application\brave.exe FileVersion: 142.1.84.141 Description: Brave Browser Product: Brave Browser Company: Brave Software, Inc. OriginalFileName: brave.exe CommandLine: ""C:\Program Files\BraveSoftware\Brave-Browser\Application\brave.exe"" --type=renderer --enable-distillability-service --origin-trial-public-key=bYUKPJoPnCxeNvu72j4EmPuK7tr1PAC7SHh8ld9Mw3E=,fMS4mpO6buLQ/QMd+zJmxzty/VQ6B1EUZqoCU04zoRU= --disable-gpu-compositing --video-capture-use-gpu-memory-buffer --lang=en-US --device-scale-factor=1 --num-raster-threads=2 --enable-main-frame-before-activation --renderer-client-id=10 --time-ticks-at-unix-epoch=-1764255096121325 --launch-time-ticks=11528856300 --metrics-shmem-handle=5200,i,4703361758308648663,4926928853635246484,2097152 --field-trial-handle=2116,i,4317584078096433513,18029839939329323353,262144 --variations-seed-version=main@69c2005032bb14f803911c3458ab063c42bfa450 --trace-process-track-uuid=3190708995682289984 --mojo-platform-channel-handle=5240 /prefetch:1 CurrentDirectory: C:\Program Files\BraveSoftware\Brave-Browser\Application\142.1.84.141\ User: DESKTOP-EJG8QJC\Emil Jinu LogonGuid: {3a35410f-6604-6928-c9e6-200000000000} LogonId: 0x20E6C9 TerminalSessionId: 1 IntegrityLevel: Low Hashes: MD5=D4E095946579C449803E47CFA028475E,SHA256=234A39FA17CC44BD8F5610B61997B7C69B289BC664A4D6B0AD8141ECC6685D2D,IMPHASH=3E82AE93B8102462DDA81604AF164E8E ParentProcessGuid: {3a35410f-927d-6928-c610-000000000b00} ParentProcessId: 11048 ParentImage: C:\Program Files\BraveSoftware\Brave-Browser\Application\brave.exe ParentCommandLine: ""C:\Program Files\BraveSoftware\Brave-Browser\Application\brave.exe"" --disable-domain-reliability --enable-dom-distiller --enable-distillability-service --origin-trial-public-key=bYUKPJoPnCxeNvu72j4EmPuK7tr1PAC7SHh8ld9Mw3E=,fMS4mpO6buLQ/QMd+zJmxzty/VQ6B1EUZqoCU04zoRU= --lso-url=https://no-thanks.invalid --variations-server-url=https://variations.brave.com/seed --variations-insecure-server-url=https://variations.brave.com/seed --flag-switches-begin --flag-switches-end --component-updater=url-source=https://go-updater.brave.com/extensions --do-not-de-elevate --single-argument http://malicious.test/1 ParentUser: DESKTOP-EJG8QJC\Emil Jinu",1
Registry value set: RuleName: T1122 EventType: SetValue UtcTime: 2025-11-27 17:30:29.297 ProcessGuid: {3a35410f-8ab4-6928-7107-000000000b00} ProcessId: 12724 Image: C:\Users\Emil Jinu\AppData\Local\Microsoft\OneDrive\OneDrive.exe TargetObject: HKU\S-1-5-21-3351607045-2108423416-1727308141-1001_Classes\WOW6432Node\CLSID\{20894375-46AE-46E2-BAFD-CB38975CDCE6}\InprocServer32\(Default) Details: C:\Users\Emil Jinu\AppData\Local\Microsoft\OneDrive\25.209.1026.0002\i386\FileSyncShell.dll User: DESKTOP-EJG8QJC\Emil Jinu,0
"Process Create: RuleName: - UtcTime: 2025-11-27 17:02:03.472 ProcessGuid: {3a35410f-840b-6928-3506-000000000b00} ProcessId: 15116 Image: C:\Program Files (x86)\Microsoft\Edge\Application\msedge.exe FileVersion: 142.0.3595.94 Description: Microsoft Edge Product: Microsoft Edge Company: Microsoft Corporation OriginalFileName: msedge.exe CommandLine: ""C:\Program Files (x86)\Microsoft\Edge\Application\msedge.exe"" https://wikipedia.org CurrentDirectory: C:\Users\Emil Jinu\ User: DESKTOP-EJG8QJC\Emil Jinu LogonGuid: {3a35410f-6604-6928-c9e6-200000000000} LogonId: 0x20E6C9 TerminalSessionId: 1 IntegrityLevel: Medium Hashes: MD5=CC88E8CBC96E0183F15A240EC2E6D7BB,SHA256=C089768E72071ACA205E6B77C0538F58A3896CE5B0F65BA9BD38CDAE263D8A03,IMPHASH=4C2A67DEB457B8BF9F317820EE11E05D ParentProcessGuid: {3a35410f-83fb-6928-3006-000000000b00} ParentProcessId: 15084 ParentImage: C:\Windows\System32\WindowsPowerShell\v1.0\powershell.exe ParentCommandLine: ""C:\Windows\System32\WindowsPowerShell\v1.0\powershell.exe"" ParentUser: DESKTOP-EJG8QJC\Emil Jinu",0
File created: RuleName: - UtcTime: 2025-11-27 17:47:08.195 ProcessGuid: {3a35410f-8e9b-6928-1608-000000000b00} ProcessId: 6696 Image: C:\Windows\System32\WindowsPowerShell\v1.0\powershell.exe TargetFilename: C:\Users\Emil Jinu\AppData\Local\Temp\__PSScriptPolicyTest_fru4qrey.ku5.ps1 CreationUtcTime: 2025-11-27 17:47:08.195 User: DESKTOP-EJG8QJC\Emil Jinu,1
"Process Create: RuleName: - UtcTime: 2025-11-27 17:51:04.703 ProcessGuid: {3a35410f-8f88-6928-9b08-000000000b00} ProcessId: 15240 Image: C:\Windows\System32\WindowsPowerShell\v1.0\powershell.exe FileVersion: 10.0.19041.3996 (WinBuild.160101.0800) Description: Windows PowerShell Product: Microsoft? Windows? Operating System Company: Microsoft Corporation OriginalFileName: PowerShell.EXE CommandLine: ""C:\Windows\System32\WindowsPowerShell\v1.0\powershell.exe"" -Command ""Write-Output 'Test 178'"" CurrentDirectory: C:\Windows\system32\ User: DESKTOP-EJG8QJC\Emil Jinu LogonGuid: {3a35410f-6604-6928-9de6-200000000000} LogonId: 0x20E69D TerminalSessionId: 1 IntegrityLevel: High Hashes: MD5=2E5A8590CF6848968FC23DE3FA1E25F1,SHA256=9785001B0DCF755EDDB8AF294A373C0B87B2498660F724E76C4D53F9C217C7A3,IMPHASH=3D08F4848535206D772DE145804FF4B6 ParentProcessGuid: {3a35410f-8dd3-6928-e507-000000000b00} ParentProcessId: 4396 ParentImage: C:\Windows\System32\WindowsPowerShell\v1.0\powershell.exe ParentCommandLine: ""C:\Windows\System32\WindowsPowerShell\v1.0\powershell.exe"" ParentUser: DESKTOP-EJG8QJC\Emil Jinu",1
"Process Create: RuleName: - UtcTime: 2025-11-27 18:10:46.523 ProcessGuid: {3a35410f-9426-6928-ff16-000000000b00} ProcessId: 17236 Image: C:\Windows\System32\timeout.exe FileVersion: 10.0.19041.1 (WinBuild.160101.0800) Description: timeout - pauses command processing Product: Microsoft? Windows? Operating System Company: Microsoft Corporation OriginalFileName: timeout.exe CommandLine: timeout /t 1 CurrentDirectory: C:\Users\Emil Jinu\ User: DESKTOP-EJG8QJC\Emil Jinu LogonGuid: {3a35410f-6604-6928-c9e6-200000000000} LogonId: 0x20E6C9 TerminalSessionId: 1 IntegrityLevel: Medium Hashes: MD5=100065E21CFBBDE57CBA2838921F84D6,SHA256=C8C350FAB1130644536DB6A84F605791367308B995079AD494D46A8C617C21D6,IMPHASH=0C91A5CE0FB26F4C5CE39E340F43873B ParentProcessGuid: {3a35410f-9424-6928-e916-000000000b00} ParentProcessId: 15716 ParentImage: C:\Windows\System32\cmd.exe ParentCommandLine: ""C:\Windows\system32\cmd.exe"" /c echo proc 36 & timeout /t 1 >nul ParentUser: DESKTOP-EJG8QJC\Emil Jinu",1
File created: RuleName: T1053 UtcTime: 2025-11-27 18:03:40.146 ProcessGuid: {3a35410f-6568-6928-2400-000000000b00} ProcessId: 1532 Image: C:\Windows\system32\svchost.exe TargetFilename: C:\Windows\System32\Tasks\FakeTask1 CreationUtcTime: 2025-11-27 18:03:40.146 User: NT AUTHORITY\SYSTEM,1
Registry value set: RuleName: InvDB-Ver EventType: SetValue UtcTime: 2025-11-27 16:04:31.089 ProcessGuid: {3a35410f-656a-6928-3e00-000000000b00} ProcessId: 2740 Image: C:\Windows\System32\svchost.exe TargetObject: \REGISTRY\A\{9309e89c-9321-cf1a-3889-0090faa6586f}\Root\InventoryApplicationFile\ucpdmgr.exe|cf023fa141a0ffe7\BinProductVersion Details: 4.1.0.0 User: NT AUTHORITY\SYSTEM,0
"Process Create: RuleName: - UtcTime: 2025-11-27 17:57:03.237 ProcessGuid: {3a35410f-90ef-6928-0609-000000000b00} ProcessId: 11824 Image: C:\Windows\System32\timeout.exe FileVersion: 10.0.19041.1 (WinBuild.160101.0800) Description: timeout - pauses command processing Product: Microsoft? Windows? Operating System Company: Microsoft Corporation OriginalFileName: timeout.exe CommandLine: timeout /t 1 CurrentDirectory: C:\Windows\system32\ User: DESKTOP-EJG8QJC\Emil Jinu LogonGuid: {3a35410f-6604-6928-9de6-200000000000} LogonId: 0x20E69D TerminalSessionId: 1 IntegrityLevel: High Hashes: MD5=100065E21CFBBDE57CBA2838921F84D6,SHA256=C8C350FAB1130644536DB6A84F605791367308B995079AD494D46A8C617C21D6,IMPHASH=0C91A5CE0FB26F4C5CE39E340F43873B ParentProcessGuid: {3a35410f-90eb-6928-e908-000000000b00} ParentProcessId: 10900 ParentImage: C:\Windows\System32\cmd.exe ParentCommandLine: ""C:\Windows\system32\cmd.exe"" /c echo proc 5 & timeout /t 1 >nul ParentUser: DESKTOP-EJG8QJC\Emil Jinu",1
Process terminated: RuleName: - UtcTime: 2025-11-27 17:28:02.992 ProcessGuid: {3a35410f-8a22-6928-3707-000000000b00} ProcessId: 11032 Image: C:\Users\Emil Jinu\AppData\Local\Microsoft\OneDrive\OneDrive.exe User: DESKTOP-EJG8QJC\Emil Jinu,0
"Process Create: RuleName: - UtcTime: 2025-11-27 18:05:24.202 ProcessGuid: {3a35410f-92e4-6928-db13-000000000b00} ProcessId: 16712 Image: C:\Windows\System32\bitsadmin.exe FileVersion: 7.8.19041.1 (WinBuild.160101.0800) Description: BITS administration utility Product: Microsoft? Windows? Operating System Company: Microsoft Corporation OriginalFileName: bitsadmin.exe CommandLine: ""C:\Windows\system32\bitsadmin.exe"" /resume job37 CurrentDirectory: C:\Windows\system32\ User: DESKTOP-EJG8QJC\Emil Jinu LogonGuid: {3a35410f-6604-6928-9de6-200000000000} LogonId: 0x20E69D TerminalSessionId: 1 IntegrityLevel: High Hashes: MD5=01AAB62D5799F75B0D69EB29C1CA6855,SHA256=739B2DD012EA183895CC01116906F339C9AA1C0BAABF6F22C8E59E25A0C12917,IMPHASH=774033454EB79213B09F788FC004A02D ParentProcessGuid: {3a35410f-8dd3-6928-e507-000000000b00} ParentProcessId: 4396 ParentImage: C:\Windows\System32\WindowsPowerShell\v1.0\powershell.exe ParentCommandLine: ""C:\Windows\System32\WindowsPowerShell\v1.0\powershell.exe"" ParentUser: DESKTOP-EJG8QJC\Emil Jinu",1
"Process Create: RuleName: - UtcTime: 2025-11-27 17:20:10.090 ProcessGuid: {3a35410f-884a-6928-d906-000000000b00} ProcessId: 9536 Image: C:\Program Files (x86)\Microsoft\EdgeWebView\Application\142.0.3595.94\msedgewebview2.exe FileVersion: 142.0.3595.94 Description: Microsoft Edge WebView2 Product: Microsoft Edge WebView2 Company: Microsoft Corporation OriginalFileName: msedgewebview2.exe CommandLine: ""C:\Program Files (x86)\Microsoft\EdgeWebView\Application\142.0.3595.94\msedgewebview2.exe"" --type=utility --utility-sub-type=storage.mojom.StorageService --lang=en-US --service-sandbox-type=service --noerrdialogs --user-data-dir=""C:\Users\Emil Jinu\AppData\Local\Microsoft\OneDrive\EBWebView"" --webview-exe-name=OneDrive.exe --webview-exe-version=25.209.1026.0002 --embedded-browser-webview=1 --embedded-browser-webview-dpi-awareness=1 --startup-read-main-dll --metrics-shmem-handle=2388,i,7406712077817303393,16120453192476346989,524288 --field-trial-handle=1900,i,4416646186778814325,1757815664721219536,262144 --enable-features=ForceSWDCompWhenDCompFallbackRequired,LocalNetworkAccessForFencedFrameNavigationsWarningOnly,LocalNetworkAccessForNavigationsWarningOnly,LocalNetworkAccessForSubframeNavigationsWarningOnly,LocalNetworkAccessForWorkersWarningOnly,msAggressiveCacheTrimming,msCustomDataPartition,msWebView2NoTabForScreenShare,msWindowsTaskManager --disable-features=BackForwardCache,BackgroundTabLoadingFromPerformanceManager,CloseOmniboxPopupOnInactiveAreaClick,CollectAVProductsInfo,CollectCodeIntegrityInfo,DeferSpeculativeRFHCreation,EnableHangWatcher,FilterAdsOnAbusiveSites,GetWifiProtocol,LoginDetection,MediaFoundationCameraUsageMonitoring,PreconnectToSearch,PreloadingEagerHeuristics,SafetyHub,SegmentationPlatform,ServiceWorkerAutoPreload,SpareRendererForSitePerProcess,Ukm,WebPayments,msAITrackerClassification,msAbydosForWindowlessWV2,msAffirmVirtualCard,msAllowChromeWebstore,msAllowMSAPrtSSOForNonMSAProfile,msApplicationGuard,msAskBeforeClosingMultipleTabs,msAutoToggleAADPrtSSOForNonAADProfile,msAutofillEdgeServiceRequest,msAutofillEnableEdgeSuggestions,msAutomaticTabFreeze,msBrowserSettingsSupported,msCoarseGeolocationService,msDataProtection,msDesktopMode,msDesktopRewards,msDisableVariationsSeedFetchThrottling,msEEProactiveHistory,msETFOffstoreExtensionFileDataCollection,msETFPasswordTheftDNRActionSignals,msEdgeAdPlatformUI,msEdgeAddWebCapturetoCollections,msEdgeAutofillShowDeployedPassword,msEdgeCaptureSelectionInPDF,msEdgeCloudConfigService,msEdgeCloudConfigServiceV2,msEdgeCohorts,msEdgeCollectionsPrismExperiment1,msEdgeCollectionsPrismOverallMigration,msEdgeComposeNext,msEdgeEnableNurturingFramework,msEdgeEnclavePrefsBasic,msEdgeEnclavePrefsNotification,msEdgeFaviconService,msEdgeHJTelemetry,msEdgeHubAppSkype,msEdgeImageEditorUI,msEdgeLinkDoctor,msEdgeMouseGestureDefaultEnabled,msEdgeMouseGestureSupported,msEdgeNewDeviceFre,msEdgeOnRampFRE,msEdgeOnRampImport,msEdgePDFCMHighlightUX,msEdgePasswordIris,msEdgePasswordIrisSaveBubble,msEdgePasswordStrengthCheck,msEdgePinpointFramework,msEdgeProngPersonalization,msEdgeReadingView,msEdgeRose,msEdgeScreenshotUI,msEdgeSendTabToSelf,msEdgeSettingsImport,msEdgeSettingsImportV2,msEdgeShoppingPersistentStorage,msEdgeShoppingUI,msEdgeSmartFind,msEdgeSuperDragDefaultEnabled,msEdgeSuperDragDropSupported,msEdgeTranslate,msEdgeUpdatesMoreMenuPill,msEdgeWebCapture,msEdgeWebCaptureUniformExperience,msEdgeWebContentFilteringFeedback,msEdgeWorkSearchBanner,msEnableCustomJobMemoryLimitsOnXbox,msEnableMIPForPDF,msEnablePdfUpsell,msEnableThirdPartyScanning,msEnableWebSignInCta,msEnableWebToBrowserSignIn,msEndpointDlp,msEnhancedTrackingPreventionEnabled,msEntityExtraction,msExtensionTelemetryFramework,msExternalTaskManager,msFileSystemAccessDirectoryIterationBlocklistCheck,msForceBrowserSignIn,msForeignSessionsPage,msGeolocationAccessService,msGeolocationOSLocationPermissionFallback,msGeolocationSQMService,msGeolocationService,msGrowthInfraLaunchSourceLogging,msGuidedSwitchAllowed,msHubPinPersist,msImplicitSignin,msIrm,msIrmv2,msKlarnaVirtualCard,msLlmConsumerDlpPurview,msLoadStatistics,msLogIsEdgePinnedToTaskbarOnLaunch,msMIPCrossTenantPdfViewSupport,msMdatpWebSiteDlp,msNotificationPermissionForPWA,msNumberOfSitesToPin,msNurturingGlobalSitePinningOnCloseModal,msNurturingSitePinningCITopSites,msNurturingSitePinningWithWindowsConsent,msOnHoverSearchInSidebar,msOpenOfficeDocumentsInWebViewer,msPageInteractionRestrictionRevoke,msPasswordBreachDetection,msPdfAnnotationsVisibility,msPdfDataRecovery,msPdfDigitalSignatureRead,msPdfFreeText,msPdfFreeTextForCJK,msPdfHighlightMode,msPdfInking,msPdfKeyphraseSupport,msPdfOOUI,msPdfPopupMarkerRenderer,msPdfShare,msPdfSharedLibrary,msPdfTextNote,msPdfTextNoteMoreMenu,msPdfThumbnailCache,msPdfUnderside,msPdfViewRestore,msPersonalizationUMA,msPriceComparison,msPromptDefaultHandlerForPDF,msReactiveSearch,msReadAloud,msReadAloudPdf,msRedirectToShoreline,msRevokeExtensions,msSaasDlp,msShoppingTrigger,msShorelineSearch,msShorelineSearchFindOnPageWebUI,msShowOfflineGameEntrance,msShowReadAloudIconInAddressBar,msShowUXForAADPrtSSOForNonAADProfile,msSitePinningWithoutUi,msSuspendMessageForNewSessionWhenHavingPendingNavigation,msSyncEdgeCollections,msTabResourceStats,msTokenizationAutofillInlineEnabled,msTouchMode,msTriggeringSignalGenerator,msUserUnderstanding,msVideoSuperResolutionUI,msWalletBuyNow,msWalletCheckout,msWalletDiagnosticDataLogger,msWalletHubEntry,msWalletHubIntlP3,msWalletPartialCard,msWalletPasswordCategorization,msWalletPasswordCategorizationPlatformExpansion,msWalletTokenizationCardMetadata,msWalletTokenizedAutofill,msWebAssist,msWebAssistHistorySearchService,msWebOOUI,msWindowsUserActivities,msZipPayVirtualCard --variations-seed-version --trace-process-track-uuid=3190708990060038890 --mojo-platform-channel-handle=2180 /prefetch:8 CurrentDirectory: C:\Program Files (x86)\Microsoft\EdgeWebView\Application\142.0.3595.94\ User: DESKTOP-EJG8QJC\Emil Jinu LogonGuid: {3a35410f-6604-6928-c9e6-200000000000} LogonId: 0x20E6C9 TerminalSessionId: 1 IntegrityLevel: Low Hashes: MD5=AB9D05DB45C4F5ACB48984012D529A8C,SHA256=A8DC2D7B26405E4B5173B3516C4E2758699212C2BF29D10F494767ACE06689A9,IMPHASH=4C2A67DEB457B8BF9F317820EE11E05D ParentProcessGuid: {3a35410f-8849-6928-d506-000000000b00} ParentProcessId: 13556 ParentImage: C:\Program Files (x86)\Microsoft\EdgeWebView\Application\142.0.3595.94\msedgewebview2.exe ParentCommandLine: ""C:\Program Files (x86)\Microsoft\EdgeWebView\Application\142.0.3595.94\msedgewebview2.exe"" --embedded-browser-webview=1 --webview-exe-name=OneDrive.exe --webview-exe-version=25.209.1026.0002 --user-data-dir=""C:\Users\Emil Jinu\AppData\Local\Microsoft\OneDrive\EBWebView"" --noerrdialogs --embedded-browser-webview-dpi-awareness=1 --disable-features=msEnhancedTrackingPreventionEnabled --mojo-named-platform-channel-pipe=9588.9932.10825437527561191502 ParentUser: DESKTOP-EJG8QJC\Emil Jinu",0
File created: RuleName: DLL UtcTime: 2025-11-27 14:57:36.877 ProcessGuid: {3a35410f-656d-6928-5500-000000000b00} ProcessId: 720 Image: C:\Windows\system32\svchost.exe TargetFilename: C:\Program Files\WindowsApps\Microsoft.Windows.DevHome_0.2100.858.0_x64__8wekyb3d8bbwe\tr-TR\WindowsAdvancedSettings.resources.dll CreationUtcTime: 2025-11-27 14:57:36.877 User: NT AUTHORITY\SYSTEM,0
Registry value set: RuleName: T1122 EventType: SetValue UtcTime: 2025-11-27 17:30:38.614 ProcessGuid: {3a35410f-8abe-6928-8007-000000000b00} ProcessId: 14856 Image: C:\Users\Emil Jinu\AppData\Local\Microsoft\OneDrive\OneDrive.exe TargetObject: HKU\S-1-5-21-3351607045-2108423416-1727308141-1001_Classes\CLSID\{4410DC33-BC7C-496B-AA84-4AEA3EEE75F7}\InProcServer32\(Default) Details: C:\Users\Emil Jinu\AppData\Local\Microsoft\OneDrive\25.209.1026.0002\FileCoAuthLib64.dll User: DESKTOP-EJG8QJC\Emil Jinu,0
"Process Create: RuleName: - UtcTime: 2025-11-27 18:05:05.514 ProcessGuid: {3a35410f-92d1-6928-5113-000000000b00} ProcessId: 7456 Image: C:\Windows\System32\schtasks.exe FileVersion: 10.0.19041.5965 (WinBuild.160101.0800) Description: Task Scheduler Configuration Tool Product: Microsoft? Windows? Operating System Company: Microsoft Corporation OriginalFileName: schtasks.exe CommandLine: ""C:\Windows\system32\schtasks.exe"" /create /tn FakeTask31 /tr notepad.exe /sc once /st 23:59 CurrentDirectory: C:\Windows\system32\ User: DESKTOP-EJG8QJC\Emil Jinu LogonGuid: {3a35410f-6604-6928-9de6-200000000000} LogonId: 0x20E69D TerminalSessionId: 1 IntegrityLevel: High Hashes: MD5=2C400322E4F96C1FEDB0F890C7668C92,SHA256=2327E073DCF25AE03DC851EA0F3414980D3168FA959F42C5F77BE1381AE6C41D,IMPHASH=7C296BC1AA0738F0783F000C5982A642 ParentProcessGuid: {3a35410f-8dd3-6928-e507-000000000b00} ParentProcessId: 4396 ParentImage: C:\Windows\System32\WindowsPowerShell\v1.0\powershell.exe ParentCommandLine: ""C:\Windows\System32\WindowsPowerShell\v1.0\powershell.exe"" ParentUser: DESKTOP-EJG8QJC\Emil Jinu",1
Dns query: RuleName: - UtcTime: 2025-11-27 15:14:20.578 ProcessGuid: {3a35410f-6a85-6928-d802-000000000b00} ProcessId: 7696 QueryName: da.xboxservices.com QueryStatus: 0 QueryResults: type: 5 afd-xbs-prod-bphaegcjdpbpbdan.b02.azurefd.net;type: 5 mr-b02.tm-azurefd.net;type: 5 shed.dual-low.part-0030.t-0009.t-msedge.net;type: 5 part-0030.t-0009.t-msedge.net;2620:1ec:bdf::58;2620:1ec:46::58;::ffff:13.107.246.58;::ffff:13.107.213.58; Image: C:\Program Files\WindowsApps\Microsoft.WindowsStore_22510.1401.2.0_x64__8wekyb3d8bbwe\WinStore.App.exe User: DESKTOP-EJG8QJC\Emil Jinu,0
File created: RuleName: T1053 UtcTime: 2025-11-27 18:05:28.955 ProcessGuid: {3a35410f-6568-6928-2400-000000000b00} ProcessId: 1532 Image: C:\Windows\system32\svchost.exe TargetFilename: C:\Windows\System32\Tasks\FakeTask39 CreationUtcTime: 2025-11-27 18:05:28.954 User: NT AUTHORITY\SYSTEM,1
"Process Create: RuleName: - UtcTime: 2025-11-27 18:02:16.254 ProcessGuid: {3a35410f-9228-6928-640f-000000000b00} ProcessId: 4892 Image: C:\Windows\System32\timeout.exe FileVersion: 10.0.19041.1 (WinBuild.160101.0800) Description: timeout - pauses command processing Product: Microsoft? Windows? Operating System Company: Microsoft Corporation OriginalFileName: timeout.exe CommandLine: timeout /t 1 CurrentDirectory: C:\Windows\system32\ User: DESKTOP-EJG8QJC\Emil Jinu LogonGuid: {3a35410f-6604-6928-9de6-200000000000} LogonId: 0x20E69D TerminalSessionId: 1 IntegrityLevel: High Hashes: MD5=100065E21CFBBDE57CBA2838921F84D6,SHA256=C8C350FAB1130644536DB6A84F605791367308B995079AD494D46A8C617C21D6,IMPHASH=0C91A5CE0FB26F4C5CE39E340F43873B ParentProcessGuid: {3a35410f-9224-6928-530f-000000000b00} ParentProcessId: 13836 ParentImage: C:\Windows\System32\cmd.exe ParentCommandLine: ""C:\Windows\system32\cmd.exe"" /c echo proc 154 & timeout /t 1 >nul ParentUser: DESKTOP-EJG8QJC\Emil Jinu",1
Registry value set: RuleName: InvDB-Path EventType: SetValue UtcTime: 2025-11-27 18:05:36.859 ProcessGuid: {3a35410f-656a-6928-3e00-000000000b00} ProcessId: 2740 Image: C:\Windows\System32\svchost.exe TargetObject: \REGISTRY\A\{9309e89c-9321-cf1a-3889-0090faa6586f}\Root\InventoryApplicationFile\werfault.exe|6ef8f048a55d3a7f\LowerCaseLongPath Details: c:\windows\system32\werfault.exe User: NT AUTHORITY\SYSTEM,1
